spk_ver/v00/v0000	SES146	0.987934	-46.2151	-47.203
spk_ver/v00/v0001	SES002	-5.20599	-53.5854	-48.3794
spk_ver/v00/v0002	SES002	-3.47288	-51	-47.5271
spk_ver/v00/v0003	SES002	-5.81177	-55.1751	-49.3633
spk_ver/v00/v0004	SES002	0.549717	-47.5794	-48.1292
spk_ver/v00/v0005	SES002	-0.63784	-47.5042	-46.8664
spk_ver/v00/v0006	SES002	-1.04293	-48.3822	-47.3393
spk_ver/v00/v0007	SES002	-2.43271	-50.6317	-48.199
spk_ver/v00/v0008	SES146	0.937199	-46.6475	-47.5847
spk_ver/v00/v0009	SES002	-0.039566	-46.5659	-46.5263
spk_ver/v00/v0010	SES002	-0.302452	-47.7024	-47.3999
spk_ver/v00/v0011	SES002	-1.34331	-48.7959	-47.4526
spk_ver/v00/v0012	SES002	-2.54405	-49.0725	-46.5285
spk_ver/v00/v0013	SES002	-1.79779	-48.7822	-46.9844
spk_ver/v00/v0014	SES002	-0.570034	-47.056	-46.486
spk_ver/v00/v0015	SES002	-0.253605	-46.8335	-46.5799
spk_ver/v00/v0016	SES275	0.581276	-48.225	-48.8063
spk_ver/v00/v0017	SES002	0.337158	-47.0729	-47.4101
spk_ver/v00/v0018	SES002	-3.5241	-52.3884	-48.8643
spk_ver/v00/v0019	SES002	-0.26004	-46.3144	-46.0544
spk_ver/v00/v0020	SES002	-4.06012	-53.013	-48.9529
spk_ver/v00/v0021	SES002	-3.34628	-50.9158	-47.5695
spk_ver/v00/v0022	SES002	0.13538	-47.5874	-47.7227
spk_ver/v00/v0023	SES002	-2.54004	-49.0385	-46.4985
spk_ver/v00/v0024	SES002	-3.03686	-52.4396	-49.4027
spk_ver/v00/v0025	SES002	-1.99632	-48.6304	-46.6341
spk_ver/v00/v0026	SES002	-1.00922	-47.7797	-46.7705
spk_ver/v00/v0027	SES129	2.23903	-45.3121	-47.5511
spk_ver/v00/v0028	SES007	-0.0100822	-46.9856	-46.9755
spk_ver/v00/v0029	SES083	1.18026	-46.0319	-47.2121
spk_ver/v00/v0030	SES019	1.55868	-46.3226	-47.8813
spk_ver/v00/v0031	SES007	-1.46963	-49.0381	-47.5685
spk_ver/v00/v0032	SES270	1.42071	-45.863	-47.2837
spk_ver/v00/v0033	SES007	-0.34481	-47.3752	-47.0304
spk_ver/v00/v0034	SES007	-1.17654	-49.6452	-48.4687
spk_ver/v00/v0035	SES007	0.550724	-45.8246	-46.3753
spk_ver/v00/v0036	SES007	1.40506	-45.6764	-47.0814
spk_ver/v00/v0037	SES007	-1.59097	-47.938	-46.347
spk_ver/v00/v0038	SES259	2.01669	-44.5365	-46.5532
spk_ver/v00/v0039	SES007	-0.964561	-48.016	-47.0514
spk_ver/v00/v0040	SES007	-0.698036	-46.978	-46.28
spk_ver/v00/v0041	SES007	0.0244484	-47.1505	-47.175
spk_ver/v00/v0042	SES007	0.995644	-45.8584	-46.8541
spk_ver/v00/v0043	SES007	0.340275	-46.6194	-46.9597
spk_ver/v00/v0044	SES007	-0.410412	-46.3149	-45.9045
spk_ver/v00/v0045	SES007	0.516365	-46.8843	-47.4006
spk_ver/v00/v0046	SES007	0.869652	-46.2572	-47.1268
spk_ver/v00/v0047	SES172	1.13819	-46.3838	-47.5219
spk_ver/v00/v0048	SES105	1.83718	-46.5321	-48.3692
spk_ver/v00/v0049	SES007	0.792789	-45.9001	-46.6929
spk_ver/v00/v0050	SES292	0.692875	-46.789	-47.4818
spk_ver/v00/v0051	SES007	-0.316772	-47.5538	-47.237
spk_ver/v00/v0052	SES068	1.80888	-45.6362	-47.4451
spk_ver/v00/v0053	SES008	0.752609	-45.6059	-46.3585
spk_ver/v00/v0054	SES008	-4.53675	-52.9943	-48.4576
spk_ver/v00/v0055	SES008	-1.53172	-47.6049	-46.0732
spk_ver/v00/v0056	SES008	-1.86953	-49.6523	-47.7828
spk_ver/v00/v0057	SES008	-2.80985	-49.4603	-46.6504
spk_ver/v00/v0058	SES083	1.28493	-45.9506	-47.2355
spk_ver/v00/v0059	SES158	1.04861	-46.3438	-47.3924
spk_ver/v00/v0060	SES008	-0.0317497	-47.2252	-47.1934
spk_ver/v00/v0061	SES101	1.43468	-46.4849	-47.9195
spk_ver/v00/v0062	SES008	-1.03986	-48.3148	-47.275
spk_ver/v00/v0063	SES008	-0.0363159	-47.6746	-47.6383
spk_ver/v00/v0064	SES117	0.620289	-47.0859	-47.7062
spk_ver/v00/v0065	SES149	1.1644	-45.5108	-46.6752
spk_ver/v00/v0066	SES008	-0.989174	-46.9609	-45.9717
spk_ver/v00/v0067	SES008	-2.25439	-48.6829	-46.4285
spk_ver/v00/v0068	SES162	2.03076	-46.5728	-48.6036
spk_ver/v00/v0069	SES008	-2.26151	-48.9261	-46.6646
spk_ver/v00/v0070	SES008	1.49978	-45.4154	-46.9152
spk_ver/v00/v0071	SES008	-0.728729	-47.9579	-47.2292
spk_ver/v00/v0072	SES008	0.846886	-45.2398	-46.0867
spk_ver/v00/v0073	SES008	-0.27747	-46.1823	-45.9048
spk_ver/v00/v0074	SES008	-1.62654	-48.0363	-46.4097
spk_ver/v00/v0075	SES008	-2.85809	-50.8726	-48.0145
spk_ver/v00/v0076	SES167	1.36042	-45.3319	-46.6924
spk_ver/v00/v0077	SES008	0.787384	-46.0255	-46.8128
spk_ver/v00/v0078	SES177	1.65142	-45.5617	-47.2131
spk_ver/v00/v0079	SES008	0.0285034	-47.2778	-47.3063
spk_ver/v00/v0080	SES008	-0.651817	-48.5681	-47.9162
spk_ver/v00/v0081	SES008	-1.41382	-49.6406	-48.2268
spk_ver/v00/v0082	SES008	0.554035	-46.3362	-46.8902
spk_ver/v00/v0083	SES008	-2.47958	-50.684	-48.2044
spk_ver/v00/v0084	SES144	1.55434	-46.177	-47.7313
spk_ver/v00/v0085	SES008	-0.357567	-47.1852	-46.8276
spk_ver/v00/v0086	SES008	1.19822	-45.3454	-46.5436
spk_ver/v00/v0087	SES008	-0.477032	-48.517	-48.0399
spk_ver/v00/v0088	SES008	-0.884056	-48.5655	-47.6815
spk_ver/v00/v0089	SES008	0.0872536	-47.0599	-47.1472
spk_ver/v00/v0090	SES142	1.86178	-45.3925	-47.2543
spk_ver/v00/v0091	SES008	-1.52416	-48.8017	-47.2775
spk_ver/v00/v0092	SES158	1.38753	-46.2223	-47.6098
spk_ver/v00/v0093	SES014	0.240692	-46.1635	-46.4042
spk_ver/v00/v0094	SES014	-0.811058	-48.321	-47.5099
spk_ver/v00/v0095	SES014	0.705452	-45.4647	-46.1701
spk_ver/v00/v0096	SES014	0.61018	-47.1664	-47.7766
spk_ver/v00/v0097	SES014	0.00121307	-47.981	-47.9822
spk_ver/v00/v0098	SES014	0.982437	-45.5239	-46.5064
spk_ver/v00/v0099	SES014	-4.35982	-52.1705	-47.8107
spk_ver/v01/v0100	SES127	0.690281	-46.3825	-47.0728
spk_ver/v01/v0101	SES014	-1.91848	-50.3906	-48.4721
spk_ver/v01/v0102	SES014	-5.69706	-54.9043	-49.2073
spk_ver/v01/v0103	SES014	-1.56876	-48.756	-47.1872
spk_ver/v01/v0104	SES014	-3.09676	-51.175	-48.0783
spk_ver/v01/v0105	SES014	-1.23956	-48.6802	-47.4406
spk_ver/v01/v0106	SES014	0.594856	-46.9773	-47.5721
spk_ver/v01/v0107	SES014	-3.51609	-50.7864	-47.2704
spk_ver/v01/v0108	SES014	-5.60891	-54.7751	-49.1662
spk_ver/v01/v0109	SES014	-4.09661	-51.459	-47.3624
spk_ver/v01/v0110	SES014	-1.08368	-48.785	-47.7013
spk_ver/v01/v0111	SES014	0.109749	-46.4168	-46.5265
spk_ver/v01/v0112	SES014	-2.3562	-49.0547	-46.6985
spk_ver/v01/v0113	SES104	1.16175	-46.4006	-47.5624
spk_ver/v01/v0114	SES082	1.14355	-45.7999	-46.9435
spk_ver/v01/v0115	SES087	1.64059	-46.1476	-47.7882
spk_ver/v01/v0116	SES014	1.32454	-46.1781	-47.5026
spk_ver/v01/v0117	SES177	1.12105	-46.489	-47.6101
spk_ver/v01/v0118	SES014	-3.48949	-51.3209	-47.8314
spk_ver/v01/v0119	SES014	0.562244	-45.8445	-46.4067
spk_ver/v01/v0120	SES014	-5.52819	-54.7315	-49.2033
spk_ver/v01/v0121	SES146	1.11413	-46.1658	-47.2799
spk_ver/v01/v0122	SES014	1.73554	-44.2446	-45.9802
spk_ver/v01/v0123	SES014	-0.215405	-46.7078	-46.4924
spk_ver/v01/v0124	SES014	-2.90652	-51.1988	-48.2923
spk_ver/v01/v0125	SES014	-0.978966	-47.9027	-46.9237
spk_ver/v01/v0126	SES016	-0.341526	-47.4024	-47.0608
spk_ver/v01/v0127	SES016	-0.785625	-48.6198	-47.8341
spk_ver/v01/v0128	SES106	1.34053	-46.6924	-48.0329
spk_ver/v01/v0129	SES016	-0.733288	-47.351	-46.6177
spk_ver/v01/v0130	SES016	-0.398052	-48.0884	-47.6903
spk_ver/v01/v0131	SES016	-1.01699	-47.9573	-46.9403
spk_ver/v01/v0132	SES016	0.25354	-46.603	-46.8566
spk_ver/v01/v0133	SES016	-0.737522	-47.5702	-46.8327
spk_ver/v01/v0134	SES016	0.274067	-45.6181	-45.8922
spk_ver/v01/v0135	SES016	-0.909851	-50.4519	-49.542
spk_ver/v01/v0136	SES016	-0.265335	-48.4794	-48.2141
spk_ver/v01/v0137	SES007	2.08858	-46.3047	-48.3933
spk_ver/v01/v0138	SES016	0.633766	-46.4068	-47.0406
spk_ver/v01/v0139	SES016	0.721996	-45.8787	-46.6007
spk_ver/v01/v0140	SES016	1.2366	-45.6207	-46.8573
spk_ver/v01/v0141	SES016	-4.09013	-53.3405	-49.2503
spk_ver/v01/v0142	SES016	-0.924545	-47.9915	-47.067
spk_ver/v01/v0143	SES016	-1.73252	-49.0204	-47.2878
spk_ver/v01/v0144	SES016	-0.00101471	-47.2435	-47.2425
spk_ver/v01/v0145	SES016	-0.740139	-48.6411	-47.901
spk_ver/v01/v0146	SES016	0.535385	-46.4874	-47.0228
spk_ver/v01/v0147	SES016	0.210854	-45.9486	-46.1594
spk_ver/v01/v0148	SES127	1.2729	-45.9857	-47.2586
spk_ver/v01/v0149	SES016	-0.955727	-47.6097	-46.654
spk_ver/v01/v0150	SES016	-0.0508881	-46.6856	-46.6347
spk_ver/v01/v0151	SES147	0.47039	-48.0735	-48.5439
spk_ver/v01/v0152	SES016	0.831982	-46.578	-47.41
spk_ver/v01/v0153	SES104	1.38166	-45.5403	-46.9219
spk_ver/v01/v0154	SES016	-0.22443	-48.0417	-47.8172
spk_ver/v01/v0155	SES016	-0.0819931	-47.193	-47.111
spk_ver/v01/v0156	SES019	0.266045	-47.105	-47.371
spk_ver/v01/v0157	SES019	-0.953945	-47.2913	-46.3374
spk_ver/v01/v0158	SES019	0.0159988	-46.7804	-46.7964
spk_ver/v01/v0159	SES007	1.19955	-46.7137	-47.9132
spk_ver/v01/v0160	SES019	-0.448868	-46.8784	-46.4296
spk_ver/v01/v0161	SES019	-0.400486	-48.2553	-47.8548
spk_ver/v01/v0162	SES019	-1.87681	-48.9574	-47.0806
spk_ver/v01/v0163	SES189	2.18463	-48.5732	-50.7578
spk_ver/v01/v0164	SES019	-0.548382	-47.1819	-46.6335
spk_ver/v01/v0165	SES019	-0.620224	-48.0232	-47.4029
spk_ver/v01/v0166	SES019	-1.28091	-48.3947	-47.1138
spk_ver/v01/v0167	SES019	-2.58764	-50.2078	-47.6202
spk_ver/v01/v0168	SES019	-0.38047	-47.901	-47.5205
spk_ver/v01/v0169	SES019	-1.05416	-48.8849	-47.8307
spk_ver/v01/v0170	SES270	0.988239	-46.1315	-47.1197
spk_ver/v01/v0171	SES019	-0.29924	-47.0498	-46.7505
spk_ver/v01/v0172	SES019	-2.43711	-49.7025	-47.2654
spk_ver/v01/v0173	SES206	1.03289	-46.8326	-47.8655
spk_ver/v01/v0174	SES019	0.0551834	-47.9605	-48.0157
spk_ver/v01/v0175	SES014	1.65556	-45.3286	-46.9841
spk_ver/v01/v0176	SES019	-1.78898	-48.7307	-46.9417
spk_ver/v01/v0177	SES120	1.64149	-46.3899	-48.0314
spk_ver/v01/v0178	SES019	-0.149818	-47.62	-47.4702
spk_ver/v01/v0179	SES019	-2.24749	-48.0992	-45.8517
spk_ver/v01/v0180	SES175	1.36277	-46.3213	-47.6841
spk_ver/v01/v0181	SES019	-3.07387	-51.1867	-48.1128
spk_ver/v01/v0182	SES019	-1.87248	-48.3098	-46.4373
spk_ver/v01/v0183	SES029	-1.41305	-47.9322	-46.5192
spk_ver/v01/v0184	SES029	-0.447128	-47.9739	-47.5268
spk_ver/v01/v0185	SES029	-0.840721	-47.852	-47.0113
spk_ver/v01/v0186	SES068	1.83744	-45.7746	-47.6121
spk_ver/v01/v0187	SES029	-0.911045	-47.5962	-46.6851
spk_ver/v01/v0188	SES029	-0.147392	-45.787	-45.6396
spk_ver/v01/v0189	SES149	1.62602	-44.8557	-46.4817
spk_ver/v01/v0190	SES029	-0.919559	-47.4404	-46.5208
spk_ver/v01/v0191	SES029	-0.741489	-48.1889	-47.4474
spk_ver/v01/v0192	SES183	1.75434	-45.5884	-47.3427
spk_ver/v01/v0193	SES029	0.902485	-46.8572	-47.7597
spk_ver/v01/v0194	SES016	1.31192	-45.7622	-47.0742
spk_ver/v01/v0195	SES029	0.0766335	-46.8392	-46.9159
spk_ver/v01/v0196	SES029	0.182243	-47.176	-47.3583
spk_ver/v01/v0197	SES029	-0.599579	-47.3051	-46.7056
spk_ver/v01/v0198	SES146	1.43443	-46.4795	-47.9139
spk_ver/v01/v0199	SES029	-0.618214	-48.5751	-47.9569
spk_ver/v02/v0200	SES029	-1.1746	-47.6686	-46.494
spk_ver/v02/v0201	SES068	1.81454	-45.7153	-47.5298
spk_ver/v02/v0202	SES148	1.53575	-46.0777	-47.6135
spk_ver/v02/v0203	SES029	-1.23341	-47.3549	-46.1215
spk_ver/v02/v0204	SES029	0.542118	-46.349	-46.8912
spk_ver/v02/v0205	SES060	1.82863	-45.5646	-47.3933
spk_ver/v02/v0206	SES127	1.39954	-45.8504	-47.2499
spk_ver/v02/v0207	SES029	-0.862431	-48.354	-47.4915
spk_ver/v02/v0208	SES048	1.53959	-47.0767	-48.6162
spk_ver/v02/v0209	SES029	-0.307178	-46.1392	-45.8321
spk_ver/v02/v0210	SES029	-1.89354	-48.2962	-46.4026
spk_ver/v02/v0211	SES029	-0.126713	-46.8778	-46.7511
spk_ver/v02/v0212	SES042	-6.04211	-53.1847	-47.1426
spk_ver/v02/v0213	SES085	1.65189	-46.7628	-48.4147
spk_ver/v02/v0214	SES206	1.68938	-45.8785	-47.5678
spk_ver/v02/v0215	SES144	0.942493	-46.2122	-47.1547
spk_ver/v02/v0216	SES042	-1.02123	-47.7716	-46.7504
spk_ver/v02/v0217	SES042	-0.913998	-50.2766	-49.3626
spk_ver/v02/v0218	SES042	0.558666	-46.357	-46.9157
spk_ver/v02/v0219	SES206	0.763493	-46.1674	-46.9309
spk_ver/v02/v0220	SES019	1.61552	-46.6113	-48.2268
spk_ver/v02/v0221	SES007	1.20694	-46.2607	-47.4677
spk_ver/v02/v0222	SES042	-3.65134	-52.1678	-48.5165
spk_ver/v02/v0223	SES147	0.354332	-47.5556	-47.9099
spk_ver/v02/v0224	SES105	1.80641	-46.8269	-48.6333
spk_ver/v02/v0225	SES042	0.0188065	-46.3031	-46.3219
spk_ver/v02/v0226	SES275	0.529392	-46.7459	-47.2753
spk_ver/v02/v0227	SES042	-0.64978	-47.3417	-46.6919
spk_ver/v02/v0228	SES042	-1.18005	-47.4126	-46.2326
spk_ver/v02/v0229	SES042	-5.96878	-52.9331	-46.9643
spk_ver/v02/v0230	SES085	2.33088	-44.7188	-47.0497
spk_ver/v02/v0231	SES014	2.16845	-44.3456	-46.514
spk_ver/v02/v0232	SES042	-0.0414848	-46.5345	-46.493
spk_ver/v02/v0233	SES048	-2.12031	-48.5966	-46.4762
spk_ver/v02/v0234	SES048	-4.28064	-54.2558	-49.9752
spk_ver/v02/v0235	SES029	0.94949	-46.6394	-47.5888
spk_ver/v02/v0236	SES048	-1.48233	-48.2513	-46.769
spk_ver/v02/v0237	SES048	-1.09333	-48.5901	-47.4968
spk_ver/v02/v0238	SES048	-0.894043	-47.9255	-47.0314
spk_ver/v02/v0239	SES060	2.30112	-45.2449	-47.546
spk_ver/v02/v0240	SES048	-3.23603	-51.2965	-48.0605
spk_ver/v02/v0241	SES048	-4.06762	-51.8636	-47.796
spk_ver/v02/v0242	SES189	4.41422	-48.5387	-52.9529
spk_ver/v02/v0243	SES162	1.21207	-47.0973	-48.3094
spk_ver/v02/v0244	SES048	-1.53811	-47.6921	-46.1539
spk_ver/v02/v0245	SES048	-0.951427	-47.0832	-46.1318
spk_ver/v02/v0246	SES048	-0.639999	-47.4886	-46.8486
spk_ver/v02/v0247	SES048	-1.48453	-50.196	-48.7115
spk_ver/v02/v0248	SES226	1.3929	-45.9009	-47.2938
spk_ver/v02/v0249	SES048	-2.36721	-49.0162	-46.649
spk_ver/v02/v0250	SES048	-0.330196	-47.9241	-47.5939
spk_ver/v02/v0251	SES048	-2.57076	-49.9287	-47.3579
spk_ver/v02/v0252	SES060	-2.47012	-50.5073	-48.0372
spk_ver/v02/v0253	SES060	-1.57149	-48.5305	-46.959
spk_ver/v02/v0254	SES259	1.95861	-44.3154	-46.274
spk_ver/v02/v0255	SES060	-0.851418	-49.9895	-49.1381
spk_ver/v02/v0256	SES202	1.52716	-46.9446	-48.4717
spk_ver/v02/v0257	SES148	1.35021	-45.8425	-47.1927
spk_ver/v02/v0258	SES060	-3.76437	-53.0672	-49.3028
spk_ver/v02/v0259	SES060	0.235531	-46.0826	-46.3181
spk_ver/v02/v0260	SES060	0.176392	-47.5771	-47.7535
spk_ver/v02/v0261	SES099	1.85125	-46.1188	-47.97
spk_ver/v02/v0262	SES060	-0.503212	-48.0478	-47.5446
spk_ver/v02/v0263	SES060	0.287251	-46.5867	-46.8739
spk_ver/v02/v0264	SES292	1.17006	-46.5047	-47.6747
spk_ver/v02/v0265	SES060	0.891361	-46.0959	-46.9872
spk_ver/v02/v0266	SES060	-1.95699	-50.0704	-48.1134
spk_ver/v02/v0267	SES060	-2.18859	-50.1955	-48.0069
spk_ver/v02/v0268	SES060	-3.14531	-50.5001	-47.3548
spk_ver/v02/v0269	SES127	1.18169	-46.1211	-47.3028
spk_ver/v02/v0270	SES060	-0.847141	-48.7889	-47.9418
spk_ver/v02/v0271	SES060	0.0077095	-46.7399	-46.7476
spk_ver/v02/v0272	SES060	-1.92392	-49.2154	-47.2915
spk_ver/v02/v0273	SES087	1.24601	-46.0462	-47.2922
spk_ver/v02/v0274	SES146	1.56311	-45.8636	-47.4267
spk_ver/v02/v0275	SES060	-2.84357	-50.013	-47.1694
spk_ver/v02/v0276	SES002	1.53054	-46.0961	-47.6266
spk_ver/v02/v0277	SES060	0.458748	-45.8674	-46.3261
spk_ver/v02/v0278	SES060	-0.995567	-48.2325	-47.2369
spk_ver/v02/v0279	SES060	-1.48668	-47.8752	-46.3885
spk_ver/v02/v0280	SES129	2.33641	-44.9131	-47.2495
spk_ver/v02/v0281	SES162	1.87388	-46.2	-48.0739
spk_ver/v02/v0282	SES060	-0.729233	-47.1993	-46.4701
spk_ver/v02/v0283	SES060	0.408516	-46.916	-47.3245
spk_ver/v02/v0284	SES062	-0.303932	-48.098	-47.794
spk_ver/v02/v0285	SES062	-0.609669	-48.4018	-47.7921
spk_ver/v02/v0286	SES120	0.652477	-46.8416	-47.4941
spk_ver/v02/v0287	SES062	-3.02086	-49.9286	-46.9078
spk_ver/v02/v0288	SES062	-0.915142	-48.1713	-47.2561
spk_ver/v02/v0289	SES062	-1.48347	-47.2546	-45.7711
spk_ver/v02/v0290	SES062	-0.551003	-46.5945	-46.0435
spk_ver/v02/v0291	SES275	0.549026	-47.0184	-47.5674
spk_ver/v02/v0292	SES062	-1.27669	-49.0465	-47.7698
spk_ver/v02/v0293	SES062	-1.9825	-48.9157	-46.9332
spk_ver/v02/v0294	SES062	-0.345692	-46.8211	-46.4755
spk_ver/v02/v0295	SES062	0.143425	-47.8426	-47.986
spk_ver/v02/v0296	SES062	-1.0919	-47.9078	-46.8159
spk_ver/v02/v0297	SES062	-0.892029	-49.3141	-48.4221
spk_ver/v02/v0298	SES062	-1.15354	-48.7273	-47.5738
spk_ver/v02/v0299	SES062	0.452175	-46.6007	-47.0529
spk_ver/v03/v0300	SES062	-2.66407	-50.4868	-47.8227
spk_ver/v03/v0301	SES062	0.131222	-45.7028	-45.834
spk_ver/v03/v0302	SES172	1.11873	-45.7708	-46.8895
spk_ver/v03/v0303	SES062	0.269329	-46.3969	-46.6663
spk_ver/v03/v0304	SES062	-0.131104	-46.97	-46.8389
spk_ver/v03/v0305	SES062	-0.686867	-48.0417	-47.3549
spk_ver/v03/v0306	SES062	-2.42333	-51.4473	-49.0239
spk_ver/v03/v0307	SES062	-0.578648	-47.5656	-46.987
spk_ver/v03/v0308	SES062	-2.57907	-50.8273	-48.2482
spk_ver/v03/v0309	SES062	-1.85765	-49.3853	-47.5277
spk_ver/v03/v0310	SES125	1.02421	-45.2524	-46.2766
spk_ver/v03/v0311	SES062	-0.707226	-47.3997	-46.6925
spk_ver/v03/v0312	SES062	-1.98856	-50.5246	-48.536
spk_ver/v03/v0313	SES062	-1.49288	-49.3455	-47.8527
spk_ver/v03/v0314	SES068	-0.488907	-47.7221	-47.2332
spk_ver/v03/v0315	SES068	-1.49041	-47.5627	-46.0723
spk_ver/v03/v0316	SES068	-2.5326	-51.6208	-49.0882
spk_ver/v03/v0317	SES068	-0.976486	-48.4217	-47.4453
spk_ver/v03/v0318	SES068	-1.58569	-48.2776	-46.6919
spk_ver/v03/v0319	SES068	-2.7082	-50.8	-48.0918
spk_ver/v03/v0320	SES068	0.57991	-45.8355	-46.4154
spk_ver/v03/v0321	SES068	0.924301	-46.0465	-46.9708
spk_ver/v03/v0322	SES068	0.376431	-46.5001	-46.8766
spk_ver/v03/v0323	SES068	-0.582882	-47.9568	-47.3739
spk_ver/v03/v0324	SES144	1.00957	-47.5129	-48.5224
spk_ver/v03/v0325	SES068	-0.358917	-47.7555	-47.3965
spk_ver/v03/v0326	SES068	1.31721	-44.208	-45.5252
spk_ver/v03/v0327	SES068	-1.16897	-47.6185	-46.4495
spk_ver/v03/v0328	SES068	-0.184269	-48.5193	-48.3351
spk_ver/v03/v0329	SES068	0.45908	-46.5089	-46.968
spk_ver/v03/v0330	SES180	0.916233	-47.3835	-48.2997
spk_ver/v03/v0331	SES068	0.58939	-46.204	-46.7934
spk_ver/v03/v0332	SES275	0.960243	-46.7024	-47.6627
spk_ver/v03/v0333	SES062	1.49191	-45.6584	-47.1504
spk_ver/v03/v0334	SES270	1.8493	-45.7964	-47.6457
spk_ver/v03/v0335	SES068	-1.53146	-49.6032	-48.0717
spk_ver/v03/v0336	SES068	0.640507	-45.7264	-46.3669
spk_ver/v03/v0337	SES068	-1.30915	-48.8727	-47.5636
spk_ver/v03/v0338	SES068	-0.739868	-47.8757	-47.1358
spk_ver/v03/v0339	SES068	1.07742	-46.1999	-47.2774
spk_ver/v03/v0340	SES068	-2.30294	-49.8484	-47.5455
spk_ver/v03/v0341	SES016	1.62539	-45.6459	-47.2713
spk_ver/v03/v0342	SES068	-1.96058	-48.9053	-46.9448
spk_ver/v03/v0343	SES068	0.241238	-46.021	-46.2622
spk_ver/v03/v0344	SES125	1.04903	-45.7566	-46.8056
spk_ver/v03/v0345	SES187	1.19135	-46.5532	-47.7446
spk_ver/v03/v0346	SES068	0.247234	-47.3486	-47.5959
spk_ver/v03/v0347	SES143	1.59676	-45.4878	-47.0846
spk_ver/v03/v0348	SES292	1.21485	-46.1209	-47.3358
spk_ver/v03/v0349	SES082	0.186306	-47.9497	-48.136
spk_ver/v03/v0350	SES101	1.32194	-45.818	-47.1399
spk_ver/v03/v0351	SES082	0.771866	-46.7306	-47.5025
spk_ver/v03/v0352	SES082	1.03865	-47.0866	-48.1252
spk_ver/v03/v0353	SES082	0.856979	-46.6451	-47.502
spk_ver/v03/v0354	SES082	-3.25577	-50.9555	-47.6997
spk_ver/v03/v0355	SES083	1.66989	-45.5246	-47.1945
spk_ver/v03/v0356	SES082	-0.116505	-47.9728	-47.8563
spk_ver/v03/v0357	SES082	-2.1342	-49.5538	-47.4196
spk_ver/v03/v0358	SES082	1.06392	-46.4373	-47.5012
spk_ver/v03/v0359	SES117	0.78104	-47.7479	-48.529
spk_ver/v03/v0360	SES082	-1.15184	-47.4576	-46.3058
spk_ver/v03/v0361	SES082	0.591488	-46.2274	-46.8189
spk_ver/v03/v0362	SES007	1.60147	-46.2936	-47.8951
spk_ver/v03/v0363	SES082	-0.784241	-47.4326	-46.6484
spk_ver/v03/v0364	SES019	1.25573	-46.7547	-48.0104
spk_ver/v03/v0365	SES082	1.10868	-46.8346	-47.9433
spk_ver/v03/v0366	SES226	1.4903	-46.2435	-47.7338
spk_ver/v03/v0367	SES167	1.90464	-44.7224	-46.627
spk_ver/v03/v0368	SES082	0.178474	-46.5847	-46.7632
spk_ver/v03/v0369	SES042	2.76299	-44.4041	-47.1671
spk_ver/v03/v0370	SES042	2.24468	-45.2564	-47.5011
spk_ver/v03/v0371	SES082	-0.494415	-48.1344	-47.64
spk_ver/v03/v0372	SES082	0.161716	-46.627	-46.7887
spk_ver/v03/v0373	SES082	-0.779636	-47.2917	-46.512
spk_ver/v03/v0374	SES083	0.777096	-45.4769	-46.2539
spk_ver/v03/v0375	SES292	0.915302	-46.2078	-47.1231
spk_ver/v03/v0376	SES083	-0.874172	-47.7978	-46.9236
spk_ver/v03/v0377	SES083	-0.831444	-48.506	-47.6746
spk_ver/v03/v0378	SES083	-0.526947	-48.107	-47.5801
spk_ver/v03/v0379	SES083	0.662132	-47.2212	-47.8834
spk_ver/v03/v0380	SES083	-1.5517	-49.711	-48.1593
spk_ver/v03/v0381	SES083	-0.981724	-46.5385	-45.5568
spk_ver/v03/v0382	SES148	0.119366	-48.3049	-48.4242
spk_ver/v03/v0383	SES083	1.28994	-44.9975	-46.2874
spk_ver/v03/v0384	SES226	1.97655	-45.8651	-47.8416
spk_ver/v03/v0385	SES226	1.8542	-45.5652	-47.4194
spk_ver/v03/v0386	SES087	1.61428	-45.9728	-47.5871
spk_ver/v03/v0387	SES029	1.20809	-46.1348	-47.3429
spk_ver/v03/v0388	SES147	0.675457	-47.4628	-48.1383
spk_ver/v03/v0389	SES083	-1.67466	-48.8811	-47.2065
spk_ver/v03/v0390	SES189	0.808464	-48.4688	-49.2773
spk_ver/v03/v0391	SES083	0.75687	-46.4196	-47.1765
spk_ver/v03/v0392	SES083	1.43715	-45.3349	-46.772
spk_ver/v03/v0393	SES083	0.145088	-46.5934	-46.7385
spk_ver/v03/v0394	SES083	0.249805	-47.1322	-47.382
spk_ver/v03/v0395	SES083	0.52293	-46.1798	-46.7028
spk_ver/v03/v0396	SES014	1.92606	-44.2451	-46.1712
spk_ver/v03/v0397	SES085	0.836514	-45.6244	-46.4609
spk_ver/v03/v0398	SES085	1.14126	-45.2084	-46.3497
spk_ver/v03/v0399	SES085	-0.888386	-47.8799	-46.9915
spk_ver/v04/v0400	SES106	1.7582	-45.6263	-47.3845
spk_ver/v04/v0401	SES085	-0.741947	-47.6802	-46.9383
spk_ver/v04/v0402	SES085	-1.59658	-50.0292	-48.4326
spk_ver/v04/v0403	SES085	0.88343	-45.1779	-46.0613
spk_ver/v04/v0404	SES180	1.36106	-45.3856	-46.7467
spk_ver/v04/v0405	SES129	2.3166	-44.92	-47.2366
spk_ver/v04/v0406	SES085	-1.8574	-49.2401	-47.3827
spk_ver/v04/v0407	SES146	0.768024	-46.3089	-47.0769
spk_ver/v04/v0408	SES085	1.3124	-45.4438	-46.7562
spk_ver/v04/v0409	SES085	-1.15942	-47.1595	-46.0001
spk_ver/v04/v0410	SES085	-2.21367	-49.1872	-46.9735
spk_ver/v04/v0411	SES292	1.20409	-46.4551	-47.6592
spk_ver/v04/v0412	SES085	1.12445	-45.5579	-46.6823
spk_ver/v04/v0413	SES125	1.21854	-45.188	-46.4065
spk_ver/v04/v0414	SES085	-2.22421	-50.3921	-48.1679
spk_ver/v04/v0415	SES085	0.42498	-47.0569	-47.4819
spk_ver/v04/v0416	SES085	-0.0709305	-46.9823	-46.9114
spk_ver/v04/v0417	SES062	1.58204	-45.2262	-46.8082
spk_ver/v04/v0418	SES060	2.09643	-45.5523	-47.6487
spk_ver/v04/v0419	SES085	0.0271492	-47.378	-47.4052
spk_ver/v04/v0420	SES085	-1.01188	-48.1019	-47.09
spk_ver/v04/v0421	SES085	-2.2328	-50.1524	-47.9196
spk_ver/v04/v0422	SES085	-0.164303	-47.5027	-47.3384
spk_ver/v04/v0423	SES085	-1.1353	-48.5431	-47.4078
spk_ver/v04/v0424	SES085	-1.17731	-48.3353	-47.158
spk_ver/v04/v0425	SES183	1.229	-46.8271	-48.0561
spk_ver/v04/v0426	SES085	-1.64804	-48.233	-46.585
spk_ver/v04/v0427	SES087	0.189487	-46.9231	-47.1126
spk_ver/v04/v0428	SES162	1.20977	-46.3691	-47.5789
spk_ver/v04/v0429	SES087	0.650841	-45.8873	-46.5381
spk_ver/v04/v0430	SES087	-1.375	-48.1037	-46.7287
spk_ver/v04/v0431	SES087	-2.82748	-49.8798	-47.0523
spk_ver/v04/v0432	SES087	0.622631	-47.2191	-47.8418
spk_ver/v04/v0433	SES087	-1.77076	-48.4653	-46.6946
spk_ver/v04/v0434	SES142	2.23313	-44.6755	-46.9086
spk_ver/v04/v0435	SES087	-2.28602	-49.7961	-47.5101
spk_ver/v04/v0436	SES099	1.27996	-46.3409	-47.6209
spk_ver/v04/v0437	SES087	0.120251	-46.0877	-46.208
spk_ver/v04/v0438	SES087	-1.44308	-48.8484	-47.4053
spk_ver/v04/v0439	SES087	0.516506	-45.9937	-46.5102
spk_ver/v04/v0440	SES087	-0.557964	-47.2799	-46.7219
spk_ver/v04/v0441	SES087	-3.02129	-50.2245	-47.2032
spk_ver/v04/v0442	SES187	1.83141	-47.1534	-48.9848
spk_ver/v04/v0443	SES172	2.11286	-46.4101	-48.523
spk_ver/v04/v0444	SES087	-0.356155	-47.0867	-46.7305
spk_ver/v04/v0445	SES087	-0.0378151	-46.0054	-45.9676
spk_ver/v04/v0446	SES087	0.862156	-45.8476	-46.7097
spk_ver/v04/v0447	SES087	0.522953	-45.8783	-46.4013
spk_ver/v04/v0448	SES106	1.19441	-46.4643	-47.6587
spk_ver/v04/v0449	SES146	1.38509	-46.5494	-47.9345
spk_ver/v04/v0450	SES087	-2.46284	-49.4587	-46.9958
spk_ver/v04/v0451	SES087	0.0577774	-46.9201	-46.9779
spk_ver/v04/v0452	SES007	1.84378	-46.0367	-47.8805
spk_ver/v04/v0453	SES087	0.405399	-46.737	-47.1424
spk_ver/v04/v0454	SES087	-1.65722	-49.0137	-47.3565
spk_ver/v04/v0455	SES180	0.868687	-46.0088	-46.8775
spk_ver/v04/v0456	SES099	-0.945057	-48.6475	-47.7025
spk_ver/v04/v0457	SES042	1.8037	-45.2247	-47.0284
spk_ver/v04/v0458	SES099	0.220276	-46.8492	-47.0695
spk_ver/v04/v0459	SES099	-4.04357	-51.6709	-47.6273
spk_ver/v04/v0460	SES099	-2.33605	-49.8063	-47.4703
spk_ver/v04/v0461	SES099	0.0122757	-46.3606	-46.3729
spk_ver/v04/v0462	SES082	2.00558	-45.6445	-47.6501
spk_ver/v04/v0463	SES099	0.367851	-46.575	-46.9429
spk_ver/v04/v0464	SES099	1.17102	-45.7763	-46.9473
spk_ver/v04/v0465	SES099	-3.47944	-49.7036	-46.2242
spk_ver/v04/v0466	SES099	0.61768	-46.4549	-47.0726
spk_ver/v04/v0467	SES099	0.664898	-46.3739	-47.0388
spk_ver/v04/v0468	SES129	2.0493	-45.5209	-47.5702
spk_ver/v04/v0469	SES101	1.6931	-46.3762	-48.0693
spk_ver/v04/v0470	SES099	-2.09467	-50.5003	-48.4056
spk_ver/v04/v0471	SES172	1.69128	-46.5019	-48.1932
spk_ver/v04/v0472	SES099	0.880901	-46.5876	-47.4685
spk_ver/v04/v0473	SES270	2.05768	-45.7822	-47.8399
spk_ver/v04/v0474	SES099	-1.20933	-47.1522	-45.9429
spk_ver/v04/v0475	SES099	-1.26318	-47.6713	-46.4081
spk_ver/v04/v0476	SES099	-1.77395	-49.6308	-47.8568
spk_ver/v04/v0477	SES002	1.1081	-45.8672	-46.9753
spk_ver/v04/v0478	SES099	0.9809	-46.0067	-46.9876
spk_ver/v04/v0479	SES007	0.770061	-48.0409	-48.811
spk_ver/v04/v0480	SES101	-0.00230408	-46.8189	-46.8166
spk_ver/v04/v0481	SES101	-2.21346	-50.7932	-48.5797
spk_ver/v04/v0482	SES175	1.32288	-46.4393	-47.7622
spk_ver/v04/v0483	SES101	0.988838	-45.9324	-46.9212
spk_ver/v04/v0484	SES101	-0.529762	-46.2625	-45.7327
spk_ver/v04/v0485	SES101	-1.32768	-49.9639	-48.6362
spk_ver/v04/v0486	SES101	-0.116783	-48.953	-48.8362
spk_ver/v04/v0487	SES101	-1.34243	-49.7117	-48.3693
spk_ver/v04/v0488	SES101	-0.721745	-48.251	-47.5293
spk_ver/v04/v0489	SES147	0.529842	-47.0863	-47.6162
spk_ver/v04/v0490	SES085	1.5242	-47.2254	-48.7496
spk_ver/v04/v0491	SES101	0.493382	-48.1227	-48.6161
spk_ver/v04/v0492	SES101	-1.83007	-49.6645	-47.8344
spk_ver/v04/v0493	SES101	0.00978851	-46.4421	-46.4519
spk_ver/v04/v0494	SES101	-1.13599	-48.0446	-46.9086
spk_ver/v04/v0495	SES101	1.03092	-45.4236	-46.4545
spk_ver/v04/v0496	SES101	-0.542171	-47.6721	-47.1299
spk_ver/v04/v0497	SES014	1.40627	-44.6582	-46.0644
spk_ver/v04/v0498	SES101	-0.505104	-47.5162	-47.0111
spk_ver/v04/v0499	SES101	0.592205	-45.5933	-46.1855
spk_ver/v05/v0500	SES085	1.48192	-45.8258	-47.3077
spk_ver/v05/v0501	SES101	-0.316711	-47.8185	-47.5018
spk_ver/v05/v0502	SES275	0.578766	-46.7982	-47.3769
spk_ver/v05/v0503	SES117	0.571613	-47.0273	-47.599
spk_ver/v05/v0504	SES101	-1.01927	-47.2674	-46.2482
spk_ver/v05/v0505	SES101	0.182526	-46.1299	-46.3124
spk_ver/v05/v0506	SES101	-0.347164	-47.2791	-46.9319
spk_ver/v05/v0507	SES048	1.6964	-45.4436	-47.14
spk_ver/v05/v0508	SES117	0.632336	-47.692	-48.3244
spk_ver/v05/v0509	SES202	2.76554	-45.1161	-47.8817
spk_ver/v05/v0510	SES104	-0.0228462	-47.6667	-47.6439
spk_ver/v05/v0511	SES008	-0.206749	-48.5354	-48.3286
spk_ver/v05/v0512	SES104	0.388248	-46.7762	-47.1645
spk_ver/v05/v0513	SES104	0.526588	-45.9115	-46.4381
spk_ver/v05/v0514	SES104	-1.10686	-47.3974	-46.2906
spk_ver/v05/v0515	SES104	-3.51477	-51.7742	-48.2594
spk_ver/v05/v0516	SES104	0.671139	-47.0505	-47.7217
spk_ver/v05/v0517	SES060	2.30508	-44.8494	-47.1545
spk_ver/v05/v0518	SES104	-4.09496	-53.5662	-49.4712
spk_ver/v05/v0519	SES104	-4.1875	-52.5957	-48.4082
spk_ver/v05/v0520	SES104	0.517567	-45.8096	-46.3272
spk_ver/v05/v0521	SES008	1.90874	-44.625	-46.5337
spk_ver/v05/v0522	SES068	1.76238	-46.066	-47.8284
spk_ver/v05/v0523	SES087	1.54433	-45.3835	-46.9278
spk_ver/v05/v0524	SES104	0.494003	-46.7962	-47.2902
spk_ver/v05/v0525	SES104	0.222439	-46.917	-47.1394
spk_ver/v05/v0526	SES104	0.430462	-46.526	-46.9565
spk_ver/v05/v0527	SES083	1.87954	-45.641	-47.5205
spk_ver/v05/v0528	SES148	1.3717	-46.5361	-47.9078
spk_ver/v05/v0529	SES104	-0.433907	-47.6092	-47.1753
spk_ver/v05/v0530	SES104	-1.7495	-49.0515	-47.302
spk_ver/v05/v0531	SES125	1.35834	-45.8674	-47.2257
spk_ver/v05/v0532	SES104	-3.50353	-50.8432	-47.3396
spk_ver/v05/v0533	SES149	1.47416	-44.84	-46.3142
spk_ver/v05/v0534	SES104	-2.35677	-49.5243	-47.1675
spk_ver/v05/v0535	SES187	1.0755	-47.1759	-48.2514
spk_ver/v05/v0536	SES104	0.329288	-46.0293	-46.3586
spk_ver/v05/v0537	SES104	-0.348213	-46.8127	-46.4645
spk_ver/v05/v0538	SES167	1.81849	-45.8377	-47.6562
spk_ver/v05/v0539	SES104	-0.126816	-47.6676	-47.5407
spk_ver/v05/v0540	SES104	-2.12597	-48.1959	-46.0699
spk_ver/v05/v0541	SES183	1.76685	-47.0468	-48.8136
spk_ver/v05/v0542	SES104	1.38756	-46.7896	-48.1771
spk_ver/v05/v0543	SES104	-2.91357	-49.5973	-46.6837
spk_ver/v05/v0544	SES105	-0.877293	-48.0268	-47.1495
spk_ver/v05/v0545	SES105	-0.287373	-47.8882	-47.6009
spk_ver/v05/v0546	SES105	-0.652225	-47.9551	-47.3029
spk_ver/v05/v0547	SES105	-2.05146	-49.5274	-47.4759
spk_ver/v05/v0548	SES019	1.78802	-46.2702	-48.0582
spk_ver/v05/v0549	SES105	-0.764854	-48.1705	-47.4056
spk_ver/v05/v0550	SES105	-1.90125	-49.1445	-47.2433
spk_ver/v05/v0551	SES202	2.63311	-45.8412	-48.4743
spk_ver/v05/v0552	SES105	-0.723171	-47.7284	-47.0053
spk_ver/v05/v0553	SES105	1.10833	-46.3385	-47.4468
spk_ver/v05/v0554	SES105	0.383308	-46.0592	-46.4425
spk_ver/v05/v0555	SES105	-0.00443649	-46.9617	-46.9573
spk_ver/v05/v0556	SES082	1.04653	-46.824	-47.8705
spk_ver/v05/v0557	SES105	-1.4369	-47.8819	-46.445
spk_ver/v05/v0558	SES014	1.53419	-44.7045	-46.2387
spk_ver/v05/v0559	SES105	0.727718	-46.4547	-47.1824
spk_ver/v05/v0560	SES177	1.03231	-46.7921	-47.8244
spk_ver/v05/v0561	SES189	7.24968	-50.4732	-57.7229
spk_ver/v05/v0562	SES105	-0.985352	-48.1275	-47.1421
spk_ver/v05/v0563	SES099	1.24723	-46.7553	-48.0025
spk_ver/v05/v0564	SES105	-0.477211	-47.0103	-46.5331
spk_ver/v05/v0565	SES105	-0.91333	-48.2937	-47.3804
spk_ver/v05/v0566	SES105	-1.97562	-48.5677	-46.5921
spk_ver/v05/v0567	SES142	1.11734	-46.0307	-47.148
spk_ver/v05/v0568	SES048	2.2784	-45.1933	-47.4717
spk_ver/v05/v0569	SES105	-1.49079	-48.6115	-47.1207
spk_ver/v05/v0570	SES105	0.620445	-46.5116	-47.1321
spk_ver/v05/v0571	SES105	-2.27863	-49.9695	-47.6909
spk_ver/v05/v0572	SES105	-2.06692	-49.33	-47.2631
spk_ver/v05/v0573	SES105	-1.67525	-48.9202	-47.245
spk_ver/v05/v0574	SES105	-0.131912	-48.0783	-47.9464
spk_ver/v05/v0575	SES105	-1.00284	-48.9172	-47.9144
spk_ver/v05/v0576	SES106	-1.64	-49.5591	-47.9191
spk_ver/v05/v0577	SES106	-0.731438	-47.3143	-46.5829
spk_ver/v05/v0578	SES106	-1.8249	-49.8172	-47.9923
spk_ver/v05/v0579	SES106	-2.06076	-48.65	-46.5892
spk_ver/v05/v0580	SES106	0.124092	-46.1268	-46.2509
spk_ver/v05/v0581	SES106	-1.96175	-50.9733	-49.0116
spk_ver/v05/v0582	SES106	0.342113	-48.3095	-48.6516
spk_ver/v05/v0583	SES106	0.558086	-47.0579	-47.616
spk_ver/v05/v0584	SES106	-2.5833	-50.1802	-47.5969
spk_ver/v05/v0585	SES106	-0.152863	-48.554	-48.4011
spk_ver/v05/v0586	SES106	-1.37237	-48.4207	-47.0484
spk_ver/v05/v0587	SES106	-1.27784	-48.6825	-47.4047
spk_ver/v05/v0588	SES106	-1.19391	-48.4093	-47.2154
spk_ver/v05/v0589	SES106	-2.12516	-49.1109	-46.9857
spk_ver/v05/v0590	SES082	1.15541	-46.5778	-47.7332
spk_ver/v05/v0591	SES180	0.504593	-47.0701	-47.5747
spk_ver/v05/v0592	SES106	0.387733	-47.3326	-47.7204
spk_ver/v05/v0593	SES106	-3.6212	-51.8474	-48.2262
spk_ver/v05/v0594	SES292	1.42287	-45.763	-47.1859
spk_ver/v05/v0595	SES106	-0.134071	-46.7325	-46.5984
spk_ver/v05/v0596	SES106	-1.76498	-50.0006	-48.2356
spk_ver/v05/v0597	SES106	-1.23572	-48.4154	-47.1797
spk_ver/v05/v0598	SES042	2.70617	-45.2522	-47.9584
spk_ver/v05/v0599	SES106	-2.02872	-49.4078	-47.3791
spk_ver/v06/v0600	SES106	1.09958	-47.2073	-48.3069
spk_ver/v06/v0601	SES106	0.198109	-47.6505	-47.8486
spk_ver/v06/v0602	SES106	-1.01414	-47.2303	-46.2161
spk_ver/v06/v0603	SES106	-2.06103	-49.022	-46.9609
spk_ver/v06/v0604	SES106	-1.29364	-48.219	-46.9253
spk_ver/v06/v0605	SES106	-1.25352	-48.9685	-47.715
spk_ver/v06/v0606	SES048	2.35313	-44.8769	-47.2301
spk_ver/v06/v0607	SES167	2.2109	-44.3253	-46.5362
spk_ver/v06/v0608	SES106	-0.976437	-48.8379	-47.8614
spk_ver/v06/v0609	SES143	0.773117	-47.0195	-47.7926
spk_ver/v06/v0610	SES106	-2.57877	-52.9234	-50.3446
spk_ver/v06/v0611	SES106	-0.923477	-47.8634	-46.94
spk_ver/v06/v0612	SES106	-3.9325	-52.41	-48.4776
spk_ver/v06/v0613	SES117	-0.229836	-47.836	-47.6062
spk_ver/v06/v0614	SES117	-1.82502	-48.5027	-46.6777
spk_ver/v06/v0615	SES117	-0.544922	-47.8019	-47.257
spk_ver/v06/v0616	SES106	1.33562	-45.349	-46.6846
spk_ver/v06/v0617	SES142	1.65228	-46.0712	-47.7235
spk_ver/v06/v0618	SES048	2.17651	-44.8599	-47.0364
spk_ver/v06/v0619	SES175	1.52066	-46.4633	-47.984
spk_ver/v06/v0620	SES180	1.0107	-45.7861	-46.7968
spk_ver/v06/v0621	SES117	0.372829	-48.4225	-48.7953
spk_ver/v06/v0622	SES029	0.469963	-47.5403	-48.0103
spk_ver/v06/v0623	SES117	0.0164032	-47.3723	-47.3887
spk_ver/v06/v0624	SES117	-1.6228	-48.6281	-47.0053
spk_ver/v06/v0625	SES117	-0.463779	-49.8291	-49.3653
spk_ver/v06/v0626	SES106	1.33019	-46.0879	-47.4181
spk_ver/v06/v0627	SES226	1.72355	-45.1786	-46.9021
spk_ver/v06/v0628	SES117	0.830513	-47.2712	-48.1017
spk_ver/v06/v0629	SES117	-0.959148	-45.5483	-44.5891
spk_ver/v06/v0630	SES117	-1.51133	-48.4772	-46.9659
spk_ver/v06/v0631	SES117	-1.71429	-49.3287	-47.6144
spk_ver/v06/v0632	SES117	-0.544998	-47.6357	-47.0907
spk_ver/v06/v0633	SES099	1.74203	-46.152	-47.894
spk_ver/v06/v0634	SES105	1.76616	-46.9654	-48.7315
spk_ver/v06/v0635	SES167	1.04805	-46.4305	-47.4786
spk_ver/v06/v0636	SES117	0.273033	-45.8757	-46.1487
spk_ver/v06/v0637	SES202	1.77995	-46.6274	-48.4073
spk_ver/v06/v0638	SES117	-1.63815	-48.4876	-46.8494
spk_ver/v06/v0639	SES167	1.27687	-45.5538	-46.8307
spk_ver/v06/v0640	SES117	-0.921879	-47.5211	-46.5992
spk_ver/v06/v0641	SES117	-1.12499	-47.2535	-46.1285
spk_ver/v06/v0642	SES101	1.80716	-45.4824	-47.2896
spk_ver/v06/v0643	SES068	1.79642	-45.9417	-47.7381
spk_ver/v06/v0644	SES120	-1.09258	-48.6394	-47.5468
spk_ver/v06/v0645	SES120	-0.544361	-48.2663	-47.722
spk_ver/v06/v0646	SES172	1.53192	-46.4651	-47.9971
spk_ver/v06/v0647	SES120	-0.153095	-47.2412	-47.0881
spk_ver/v06/v0648	SES120	1.34844	-45.1379	-46.4864
spk_ver/v06/v0649	SES120	0.71991	-47.8716	-48.5915
spk_ver/v06/v0650	SES087	1.36909	-46.3857	-47.7548
spk_ver/v06/v0651	SES120	0.648689	-46.8844	-47.533
spk_ver/v06/v0652	SES104	1.24622	-46.8941	-48.1403
spk_ver/v06/v0653	SES129	1.98042	-44.7141	-46.6945
spk_ver/v06/v0654	SES120	-0.322224	-48.3061	-47.9839
spk_ver/v06/v0655	SES120	-0.0253601	-47.5277	-47.5024
spk_ver/v06/v0656	SES120	0.006073	-46.6784	-46.6845
spk_ver/v06/v0657	SES147	0.58643	-47.2814	-47.8678
spk_ver/v06/v0658	SES120	0.756069	-47.4486	-48.2047
spk_ver/v06/v0659	SES120	0.276417	-46.1428	-46.4192
spk_ver/v06/v0660	SES120	0.564404	-45.7406	-46.305
spk_ver/v06/v0661	SES120	-0.500713	-47.5656	-47.0649
spk_ver/v06/v0662	SES120	-0.646267	-46.4052	-45.7589
spk_ver/v06/v0663	SES120	-1.24822	-49.9582	-48.71
spk_ver/v06/v0664	SES147	0.402473	-47.1337	-47.5361
spk_ver/v06/v0665	SES162	1.96908	-46.113	-48.0821
spk_ver/v06/v0666	SES120	0.705784	-46.1449	-46.8507
spk_ver/v06/v0667	SES120	-0.268066	-46.9859	-46.7178
spk_ver/v06/v0668	SES120	1.62787	-45.5914	-47.2193
spk_ver/v06/v0669	SES142	2.84334	-44.6962	-47.5396
spk_ver/v06/v0670	SES106	1.36681	-45.9888	-47.3556
spk_ver/v06/v0671	SES183	2.48508	-46.0711	-48.5562
spk_ver/v06/v0672	SES120	0.0682907	-47.7253	-47.7936
spk_ver/v06/v0673	SES029	1.28833	-47.1927	-48.481
spk_ver/v06/v0674	SES120	-0.187454	-46.3878	-46.2003
spk_ver/v06/v0675	SES008	1.97887	-45.7484	-47.7273
spk_ver/v06/v0676	SES125	-3.92788	-52.7544	-48.8265
spk_ver/v06/v0677	SES143	1.17287	-46.4144	-47.5872
spk_ver/v06/v0678	SES125	-3.37351	-51.1049	-47.7314
spk_ver/v06/v0679	SES162	1.47409	-45.9462	-47.4202
spk_ver/v06/v0680	SES125	-1.23076	-47.0972	-45.8665
spk_ver/v06/v0681	SES125	-0.223656	-47.3895	-47.1659
spk_ver/v06/v0682	SES125	-1.79095	-48.1789	-46.388
spk_ver/v06/v0683	SES226	1.93457	-45.8623	-47.7968
spk_ver/v06/v0684	SES125	-2.09462	-49.3074	-47.2128
spk_ver/v06/v0685	SES125	-3.41153	-50.7966	-47.385
spk_ver/v06/v0686	SES120	1.34599	-45.4942	-46.8402
spk_ver/v06/v0687	SES125	-1.64646	-49.5079	-47.8614
spk_ver/v06/v0688	SES158	1.37396	-46.2042	-47.5782
spk_ver/v06/v0689	SES125	-1.65472	-48.131	-46.4763
spk_ver/v06/v0690	SES105	1.79484	-46.6429	-48.4377
spk_ver/v06/v0691	SES125	0.195904	-47.8436	-48.0395
spk_ver/v06/v0692	SES125	-0.911636	-47.2079	-46.2963
spk_ver/v06/v0693	SES180	1.19272	-45.6956	-46.8883
spk_ver/v06/v0694	SES125	-5.65055	-55.2638	-49.6132
spk_ver/v06/v0695	SES125	-1.06104	-47.6579	-46.5968
spk_ver/v06/v0696	SES125	-3.8649	-50.9602	-47.0953
spk_ver/v06/v0697	SES125	-4.93792	-53.5872	-48.6493
spk_ver/v06/v0698	SES083	1.20907	-46.8221	-48.0312
spk_ver/v06/v0699	SES125	-2.59725	-49.8232	-47.226
spk_ver/v07/v0700	SES014	0.768391	-45.7432	-46.5116
spk_ver/v07/v0701	SES125	-1.41817	-47.2984	-45.8803
spk_ver/v07/v0702	SES127	0.236309	-46.6069	-46.8432
spk_ver/v07/v0703	SES127	-0.0117645	-47.3465	-47.3347
spk_ver/v07/v0704	SES206	1.49864	-46.349	-47.8476
spk_ver/v07/v0705	SES127	-0.0741539	-47.902	-47.8278
spk_ver/v07/v0706	SES127	-0.453255	-48.9298	-48.4765
spk_ver/v07/v0707	SES127	-1.46332	-48.3908	-46.9275
spk_ver/v07/v0708	SES275	0.496067	-46.9946	-47.4907
spk_ver/v07/v0709	SES127	-0.406544	-46.948	-46.5414
spk_ver/v07/v0710	SES105	1.27877	-46.8461	-48.1249
spk_ver/v07/v0711	SES127	-1.20878	-48.7892	-47.5804
spk_ver/v07/v0712	SES127	0.0212059	-47.2539	-47.2751
spk_ver/v07/v0713	SES127	-0.129623	-47.3289	-47.1993
spk_ver/v07/v0714	SES019	1.59222	-46.8215	-48.4137
spk_ver/v07/v0715	SES127	-1.31227	-49.9452	-48.6329
spk_ver/v07/v0716	SES148	1.64154	-45.9552	-47.5967
spk_ver/v07/v0717	SES162	1.36649	-45.9477	-47.3142
spk_ver/v07/v0718	SES189	1.58376	-49.4412	-51.0249
spk_ver/v07/v0719	SES149	1.67989	-44.8584	-46.5383
spk_ver/v07/v0720	SES175	1.85027	-46.4856	-48.3358
spk_ver/v07/v0721	SES127	-1.2504	-48.0525	-46.8021
spk_ver/v07/v0722	SES127	-0.375751	-46.9182	-46.5424
spk_ver/v07/v0723	SES127	0.0347786	-47.5258	-47.5605
spk_ver/v07/v0724	SES127	-0.83588	-49.8181	-48.9822
spk_ver/v07/v0725	SES127	-0.177776	-48.0421	-47.8644
spk_ver/v07/v0726	SES259	2.07225	-44.3827	-46.455
spk_ver/v07/v0727	SES127	-0.853584	-47.8038	-46.9502
spk_ver/v07/v0728	SES127	1.16477	-44.6181	-45.7829
spk_ver/v07/v0729	SES127	-1.66286	-49.1239	-47.4611
spk_ver/v07/v0730	SES127	-0.571732	-48.3304	-47.7586
spk_ver/v07/v0731	SES129	0.501774	-45.6835	-46.1853
spk_ver/v07/v0732	SES129	-1.47612	-48.8983	-47.4221
spk_ver/v07/v0733	SES129	-2.85862	-51.4174	-48.5588
spk_ver/v07/v0734	SES129	-6.53876	-57.9886	-51.4498
spk_ver/v07/v0735	SES183	2.01928	-46.0137	-48.033
spk_ver/v07/v0736	SES129	-1.65234	-49.009	-47.3566
spk_ver/v07/v0737	SES129	-1.49222	-48.0464	-46.5542
spk_ver/v07/v0738	SES129	-2.10053	-49.9747	-47.8742
spk_ver/v07/v0739	SES129	-3.2267	-50.8059	-47.5792
spk_ver/v07/v0740	SES167	0.268913	-46.3356	-46.6045
spk_ver/v07/v0741	SES129	-1.99757	-49.5991	-47.6015
spk_ver/v07/v0742	SES129	-0.79821	-46.6143	-45.8161
spk_ver/v07/v0743	SES129	-0.480522	-46.7415	-46.261
spk_ver/v07/v0744	SES129	-5.38583	-53.9697	-48.5839
spk_ver/v07/v0745	SES180	1.08413	-45.9659	-47.05
spk_ver/v07/v0746	SES129	0.219711	-46.476	-46.6957
spk_ver/v07/v0747	SES292	1.35218	-45.8339	-47.186
spk_ver/v07/v0748	SES202	1.80247	-46.3716	-48.1741
spk_ver/v07/v0749	SES270	0.836666	-46.1752	-47.0119
spk_ver/v07/v0750	SES129	-0.538193	-46.6134	-46.0752
spk_ver/v07/v0751	SES129	-1.22458	-47.6885	-46.464
spk_ver/v07/v0752	SES060	0.994289	-47.2442	-48.2385
spk_ver/v07/v0753	SES129	-3.53202	-51.2209	-47.6888
spk_ver/v07/v0754	SES129	-8.84875	-60.3012	-51.4524
spk_ver/v07/v0755	SES129	-1.68197	-48.5499	-46.868
spk_ver/v07/v0756	SES175	1.80894	-46.3994	-48.2083
spk_ver/v07/v0757	SES129	-2.08278	-49.1357	-47.0529
spk_ver/v07/v0758	SES129	-2.03684	-49.6257	-47.5888
spk_ver/v07/v0759	SES129	-0.780327	-47.404	-46.6237
spk_ver/v07/v0760	SES129	-1.43536	-47.9855	-46.5501
spk_ver/v07/v0761	SES129	-0.888351	-46.7785	-45.8902
spk_ver/v07/v0762	SES172	1.13834	-47.173	-48.3113
spk_ver/v07/v0763	SES129	-1.46505	-48.9922	-47.5271
spk_ver/v07/v0764	SES129	-2.32983	-49.9239	-47.5941
spk_ver/v07/v0765	SES175	1.80207	-46.8959	-48.698
spk_ver/v07/v0766	SES129	-1.40232	-48.3717	-46.9694
spk_ver/v07/v0767	SES129	-1.65679	-49.3922	-47.7355
spk_ver/v07/v0768	SES042	2.29997	-44.9857	-47.2857
spk_ver/v07/v0769	SES099	1.91391	-46.253	-48.167
spk_ver/v07/v0770	SES142	-1.84509	-49.3857	-47.5406
spk_ver/v07/v0771	SES142	-1.8543	-48.0188	-46.1645
spk_ver/v07/v0772	SES101	1.19926	-46.2667	-47.466
spk_ver/v07/v0773	SES142	-2.91919	-51.1354	-48.2162
spk_ver/v07/v0774	SES142	-1.76315	-49.9074	-48.1443
spk_ver/v07/v0775	SES142	-1.15823	-47.53	-46.3718
spk_ver/v07/v0776	SES142	0.0620079	-46.6499	-46.7119
spk_ver/v07/v0777	SES142	-0.019165	-48.3761	-48.3569
spk_ver/v07/v0778	SES142	-0.0827637	-48.002	-47.9192
spk_ver/v07/v0779	SES142	-4.24765	-52.1972	-47.9496
spk_ver/v07/v0780	SES142	-1.53666	-48.8108	-47.2742
spk_ver/v07/v0781	SES142	-2.64152	-50.5312	-47.8897
spk_ver/v07/v0782	SES101	1.65333	-46.5622	-48.2155
spk_ver/v07/v0783	SES142	-1.94674	-48.4524	-46.5057
spk_ver/v07/v0784	SES187	1.65968	-46.7531	-48.4128
spk_ver/v07/v0785	SES143	0.903564	-46.3117	-47.2152
spk_ver/v07/v0786	SES142	-0.347904	-49.3593	-49.0113
spk_ver/v07/v0787	SES144	1.01752	-46.3559	-47.3734
spk_ver/v07/v0788	SES275	0.556557	-46.7382	-47.2948
spk_ver/v07/v0789	SES142	-0.741821	-47.7024	-46.9606
spk_ver/v07/v0790	SES099	1.68399	-45.3481	-47.032
spk_ver/v07/v0791	SES142	-3.10421	-50.9896	-47.8854
spk_ver/v07/v0792	SES142	-1.10696	-46.8721	-45.7651
spk_ver/v07/v0793	SES142	-2.08253	-49.5211	-47.4385
spk_ver/v07/v0794	SES014	1.55178	-44.6593	-46.2111
spk_ver/v07/v0795	SES142	-1.77526	-48.9251	-47.1498
spk_ver/v07/v0796	SES142	-0.458984	-48.0734	-47.6144
spk_ver/v07/v0797	SES143	0.901943	-45.3699	-46.2718
spk_ver/v07/v0798	SES206	1.03587	-46.029	-47.0648
spk_ver/v07/v0799	SES143	-1.44289	-48.8546	-47.4117
spk_ver/v08/v0800	SES143	0.984463	-46.7397	-47.7242
spk_ver/v08/v0801	SES143	1.15693	-45.3393	-46.4962
spk_ver/v08/v0802	SES143	-0.0870094	-46.6566	-46.5696
spk_ver/v08/v0803	SES143	-0.572758	-47.2205	-46.6477
spk_ver/v08/v0804	SES143	-1.1101	-48.1743	-47.0642
spk_ver/v08/v0805	SES143	-0.868843	-47.3813	-46.5124
spk_ver/v08/v0806	SES143	-1.22202	-48.7814	-47.5594
spk_ver/v08/v0807	SES177	1.78123	-45.892	-47.6733
spk_ver/v08/v0808	SES149	1.30946	-45.0263	-46.3357
spk_ver/v08/v0809	SES143	-2.11807	-48.9418	-46.8238
spk_ver/v08/v0810	SES158	1.85244	-46.2538	-48.1063
spk_ver/v08/v0811	SES143	-0.902626	-49.2335	-48.3309
spk_ver/v08/v0812	SES062	1.48547	-45.3503	-46.8358
spk_ver/v08/v0813	SES259	1.39056	-45.3453	-46.7359
spk_ver/v08/v0814	SES143	-1.71486	-48.4067	-46.6919
spk_ver/v08/v0815	SES143	-1.43269	-48.2297	-46.797
spk_ver/v08/v0816	SES143	0.545033	-46.6211	-47.1661
spk_ver/v08/v0817	SES144	1.06373	-46.9496	-48.0133
spk_ver/v08/v0818	SES143	0.550846	-47.8505	-48.4013
spk_ver/v08/v0819	SES143	-0.521839	-47.8827	-47.3609
spk_ver/v08/v0820	SES143	0.801895	-45.6077	-46.4096
spk_ver/v08/v0821	SES143	0.710331	-47.769	-48.4794
spk_ver/v08/v0822	SES143	-0.939499	-47.3665	-46.427
spk_ver/v08/v0823	SES104	1.3967	-45.7314	-47.1281
spk_ver/v08/v0824	SES143	0.512741	-47.8121	-48.3248
spk_ver/v08/v0825	SES143	-0.499138	-47.512	-47.0129
spk_ver/v08/v0826	SES144	-1.55621	-48.2814	-46.7252
spk_ver/v08/v0827	SES144	-0.0613518	-47.3436	-47.2823
spk_ver/v08/v0828	SES144	0.865139	-45.8851	-46.7503
spk_ver/v08/v0829	SES172	1.42146	-46.9139	-48.3354
spk_ver/v08/v0830	SES144	0.579735	-46.7345	-47.3143
spk_ver/v08/v0831	SES183	1.99665	-47.3749	-49.3716
spk_ver/v08/v0832	SES144	-1.62769	-49.0253	-47.3976
spk_ver/v08/v0833	SES144	-1.6896	-48.9593	-47.2697
spk_ver/v08/v0834	SES144	-0.185898	-46.8284	-46.6425
spk_ver/v08/v0835	SES144	-0.572704	-48.9004	-48.3277
spk_ver/v08/v0836	SES144	-0.292503	-46.9714	-46.6788
spk_ver/v08/v0837	SES144	-0.869473	-47.2752	-46.4058
spk_ver/v08/v0838	SES144	-1.71974	-49.1246	-47.4049
spk_ver/v08/v0839	SES085	1.67923	-46.1644	-47.8437
spk_ver/v08/v0840	SES144	0.665169	-48.0877	-48.7529
spk_ver/v08/v0841	SES144	-1.92789	-49.6955	-47.7676
spk_ver/v08/v0842	SES144	-0.990223	-48.3847	-47.3945
spk_ver/v08/v0843	SES144	0.58094	-46.2983	-46.8792
spk_ver/v08/v0844	SES144	-0.967262	-47.2234	-46.2562
spk_ver/v08/v0845	SES144	-1.57188	-47.4672	-45.8953
spk_ver/v08/v0846	SES104	1.3592	-46.3001	-47.6593
spk_ver/v08/v0847	SES144	0.0328293	-48.5918	-48.6246
spk_ver/v08/v0848	SES144	0.175228	-48.058	-48.2333
spk_ver/v08/v0849	SES144	-1.91545	-49.3933	-47.4778
spk_ver/v08/v0850	SES144	-1.2949	-47.5974	-46.3025
spk_ver/v08/v0851	SES144	-0.65876	-46.8615	-46.2028
spk_ver/v08/v0852	SES144	0.400543	-45.7558	-46.1563
spk_ver/v08/v0853	SES144	-1.2229	-48.7098	-47.4869
spk_ver/v08/v0854	SES144	0.403946	-47.3855	-47.7895
spk_ver/v08/v0855	SES144	0.567017	-45.78	-46.3471
spk_ver/v08/v0856	SES082	0.623058	-47.9062	-48.5292
spk_ver/v08/v0857	SES142	2.33996	-45.0815	-47.4215
spk_ver/v08/v0858	SES144	0.539845	-48.0524	-48.5923
spk_ver/v08/v0859	SES144	0.129829	-47.7112	-47.841
spk_ver/v08/v0860	SES146	-1.01754	-48.5275	-47.5099
spk_ver/v08/v0861	SES146	-0.782372	-48.1992	-47.4168
spk_ver/v08/v0862	SES146	-1.26211	-48.3241	-47.062
spk_ver/v08/v0863	SES146	-0.681049	-48.9745	-48.2935
spk_ver/v08/v0864	SES146	-0.865795	-47.4478	-46.582
spk_ver/v08/v0865	SES008	2.72551	-44.4327	-47.1582
spk_ver/v08/v0866	SES142	1.43048	-45.4235	-46.854
spk_ver/v08/v0867	SES146	-1.03131	-46.9388	-45.9075
spk_ver/v08/v0868	SES082	1.85835	-45.4117	-47.2701
spk_ver/v08/v0869	SES146	0.0215454	-46.3165	-46.338
spk_ver/v08/v0870	SES146	-0.906506	-48.1509	-47.2444
spk_ver/v08/v0871	SES146	-0.46608	-48.4485	-47.9825
spk_ver/v08/v0872	SES146	-1.59945	-49.6485	-48.049
spk_ver/v08/v0873	SES082	1.50914	-45.4412	-46.9504
spk_ver/v08/v0874	SES146	-1.14105	-47.6858	-46.5448
spk_ver/v08/v0875	SES144	0.740799	-46.9615	-47.7023
spk_ver/v08/v0876	SES146	-0.732681	-45.5475	-44.8148
spk_ver/v08/v0877	SES146	-0.762825	-47.6699	-46.9071
spk_ver/v08/v0878	SES146	0.127369	-46.7745	-46.9019
spk_ver/v08/v0879	SES146	-0.533527	-47.6348	-47.1013
spk_ver/v08/v0880	SES146	-0.23772	-47.2848	-47.0471
spk_ver/v08/v0881	SES143	0.937099	-46.0155	-46.9526
spk_ver/v08/v0882	SES146	-0.458397	-46.9362	-46.4778
spk_ver/v08/v0883	SES147	-1.04731	-47.9385	-46.8912
spk_ver/v08/v0884	SES147	-0.226917	-47.294	-47.067
spk_ver/v08/v0885	SES016	1.22022	-46.2366	-47.4568
spk_ver/v08/v0886	SES147	0.101631	-47.7625	-47.8641
spk_ver/v08/v0887	SES147	-0.822727	-48.1563	-47.3335
spk_ver/v08/v0888	SES147	-0.727077	-48.0033	-47.2762
spk_ver/v08/v0889	SES019	1.07592	-46.5355	-47.6114
spk_ver/v08/v0890	SES147	-1.12262	-49.7144	-48.5918
spk_ver/v08/v0891	SES147	-1.38033	-48.3951	-47.0148
spk_ver/v08/v0892	SES147	-0.447556	-48.7444	-48.2968
spk_ver/v08/v0893	SES270	1.35524	-47.0576	-48.4129
spk_ver/v08/v0894	SES029	1.67564	-46.7332	-48.4088
spk_ver/v08/v0895	SES147	-0.582672	-49.4356	-48.8529
spk_ver/v08/v0896	SES117	0.276382	-47.6409	-47.9173
spk_ver/v08/v0897	SES183	1.90408	-47.0612	-48.9652
spk_ver/v08/v0898	SES147	-0.609356	-47.4291	-46.8197
spk_ver/v08/v0899	SES147	-0.906227	-50.1486	-49.2424
spk_ver/v09/v0900	SES087	1.46079	-46.1022	-47.563
spk_ver/v09/v0901	SES147	-1.53807	-49.4844	-47.9463
spk_ver/v09/v0902	SES147	-0.656998	-47.2822	-46.6252
spk_ver/v09/v0903	SES147	-0.531693	-48.0416	-47.5099
spk_ver/v09/v0904	SES147	-0.176655	-46.3828	-46.2062
spk_ver/v09/v0905	SES143	1.12635	-46.5848	-47.7112
spk_ver/v09/v0906	SES149	1.01945	-45.3813	-46.4007
spk_ver/v09/v0907	SES148	0.930267	-45.9046	-46.8349
spk_ver/v09/v0908	SES148	1.68007	-46.0919	-47.7719
spk_ver/v09/v0909	SES106	1.35775	-46.8826	-48.2404
spk_ver/v09/v0910	SES148	-0.736031	-49.6056	-48.8695
spk_ver/v09/v0911	SES148	-0.3433	-47.6568	-47.3135
spk_ver/v09/v0912	SES142	1.23797	-46.4211	-47.659
spk_ver/v09/v0913	SES148	-1.76017	-49.0783	-47.3181
spk_ver/v09/v0914	SES148	-0.50824	-47.5621	-47.0539
spk_ver/v09/v0915	SES148	-1.53547	-51.0116	-49.4762
spk_ver/v09/v0916	SES148	-1.09339	-49.4007	-48.3073
spk_ver/v09/v0917	SES148	1.58812	-46.5599	-48.148
spk_ver/v09/v0918	SES148	1.23737	-44.8685	-46.1059
spk_ver/v09/v0919	SES270	1.33589	-46.707	-48.0429
spk_ver/v09/v0920	SES148	0.00260544	-45.8297	-45.8323
spk_ver/v09/v0921	SES148	-0.902164	-47.5587	-46.6565
spk_ver/v09/v0922	SES129	2.20771	-44.5037	-46.7114
spk_ver/v09/v0923	SES117	0.173862	-46.4625	-46.6364
spk_ver/v09/v0924	SES042	2.44882	-44.8384	-47.2872
spk_ver/v09/v0925	SES148	-2.57257	-49.9294	-47.3568
spk_ver/v09/v0926	SES148	-1.42146	-50.5357	-49.1142
spk_ver/v09/v0927	SES144	1.11366	-46.3272	-47.4408
spk_ver/v09/v0928	SES007	1.10878	-47.4976	-48.6064
spk_ver/v09/v0929	SES148	0.265881	-46.6333	-46.8992
spk_ver/v09/v0930	SES148	0.796009	-46.0405	-46.8365
spk_ver/v09/v0931	SES148	-0.861645	-47.921	-47.0594
spk_ver/v09/v0932	SES202	1.58344	-45.9918	-47.5752
spk_ver/v09/v0933	SES148	0.963196	-45.8894	-46.8526
spk_ver/v09/v0934	SES148	-1.41665	-47.8497	-46.433
spk_ver/v09/v0935	SES060	2.47299	-44.9033	-47.3763
spk_ver/v09/v0936	SES060	2.39236	-45.7176	-48.1099
spk_ver/v09/v0937	SES148	0.753838	-46.5649	-47.3187
spk_ver/v09/v0938	SES148	-0.777378	-46.948	-46.1706
spk_ver/v09/v0939	SES148	-0.365376	-46.5127	-46.1473
spk_ver/v09/v0940	SES148	-0.203777	-46.3331	-46.1293
spk_ver/v09/v0941	SES149	-0.279778	-47.5062	-47.2264
spk_ver/v09/v0942	SES149	-0.151649	-47.0117	-46.8601
spk_ver/v09/v0943	SES149	-1.14737	-49.2569	-48.1096
spk_ver/v09/v0944	SES149	0.144592	-46.4702	-46.6148
spk_ver/v09/v0945	SES105	1.7872	-45.9002	-47.6874
spk_ver/v09/v0946	SES149	-0.381283	-47.3652	-46.984
spk_ver/v09/v0947	SES149	-1.35523	-49.553	-48.1977
spk_ver/v09/v0948	SES149	-0.199936	-47.2454	-47.0455
spk_ver/v09/v0949	SES149	1.29045	-44.8713	-46.1618
spk_ver/v09/v0950	SES226	1.90377	-45.4634	-47.3671
spk_ver/v09/v0951	SES149	-0.549046	-48.3381	-47.7891
spk_ver/v09/v0952	SES149	-0.657181	-48.4449	-47.7877
spk_ver/v09/v0953	SES062	2.08268	-45.4179	-47.5006
spk_ver/v09/v0954	SES149	-1.60475	-48.5966	-46.9918
spk_ver/v09/v0955	SES048	1.80942	-45.1772	-46.9866
spk_ver/v09/v0956	SES158	1.0026	-45.6826	-46.6852
spk_ver/v09/v0957	SES158	-1.338	-48.5289	-47.1909
spk_ver/v09/v0958	SES158	0.675446	-45.7688	-46.4443
spk_ver/v09/v0959	SES158	0.0742035	-46.5607	-46.6349
spk_ver/v09/v0960	SES158	-1.25531	-49.2902	-48.0349
spk_ver/v09/v0961	SES147	1.18715	-47.53	-48.7172
spk_ver/v09/v0962	SES158	-3.16437	-52.2033	-49.0389
spk_ver/v09/v0963	SES292	1.33101	-46.2233	-47.5543
spk_ver/v09/v0964	SES060	1.85259	-45.1417	-46.9943
spk_ver/v09/v0965	SES002	1.07283	-46.5236	-47.5964
spk_ver/v09/v0966	SES149	1.56209	-44.6468	-46.2089
spk_ver/v09/v0967	SES158	-1.43013	-50.8748	-49.4446
spk_ver/v09/v0968	SES158	-0.4687	-47.1051	-46.6364
spk_ver/v09/v0969	SES275	0.401825	-48.4749	-48.8767
spk_ver/v09/v0970	SES158	-0.867073	-47.9104	-47.0433
spk_ver/v09/v0971	SES158	-1.03675	-48.3381	-47.3014
spk_ver/v09/v0972	SES002	1.51628	-45.5004	-47.0166
spk_ver/v09/v0973	SES158	-0.889931	-48.2503	-47.3604
spk_ver/v09/v0974	SES202	1.8663	-45.9812	-47.8475
spk_ver/v09/v0975	SES158	-2.62909	-50.5429	-47.9138
spk_ver/v09/v0976	SES158	0.185429	-45.7892	-45.9747
spk_ver/v09/v0977	SES162	0.546902	-47.1392	-47.6861
spk_ver/v09/v0978	SES162	-2.87555	-51.0025	-48.127
spk_ver/v09/v0979	SES162	-2.82554	-49.8002	-46.9746
spk_ver/v09/v0980	SES162	0.517345	-47.9668	-48.4842
spk_ver/v09/v0981	SES162	-0.638	-47.6634	-47.0254
spk_ver/v09/v0982	SES259	2.20869	-44.7911	-46.9997
spk_ver/v09/v0983	SES162	-1.83074	-50.2013	-48.3706
spk_ver/v09/v0984	SES162	0.400101	-46.2911	-46.6912
spk_ver/v09/v0985	SES162	0.819122	-46.2317	-47.0508
spk_ver/v09/v0986	SES062	1.67956	-45.1029	-46.7825
spk_ver/v09/v0987	SES162	0.754616	-47.0801	-47.8347
spk_ver/v09/v0988	SES162	-1.39923	-47.9798	-46.5806
spk_ver/v09/v0989	SES162	-1.60878	-49.4414	-47.8326
spk_ver/v09/v0990	SES162	-1.85061	-47.2907	-45.4401
spk_ver/v09/v0991	SES087	1.19488	-46.2907	-47.4856
spk_ver/v09/v0992	SES120	0.800991	-46.8454	-47.6463
spk_ver/v09/v0993	SES162	-1.55632	-48.0769	-46.5206
spk_ver/v09/v0994	SES162	0.51152	-46.3084	-46.82
spk_ver/v09/v0995	SES162	-1.35444	-47.5543	-46.1999
spk_ver/v09/v0996	SES162	0.521255	-45.7093	-46.2305
spk_ver/v09/v0997	SES162	-2.12748	-49.403	-47.2755
spk_ver/v09/v0998	SES162	-0.47044	-49.0324	-48.562
spk_ver/v09/v0999	SES162	0.694252	-45.9198	-46.614
spk_ver/v10/v1000	SES162	-1.13026	-48.1674	-47.0372
spk_ver/v10/v1001	SES148	2.09172	-46.5966	-48.6884
spk_ver/v10/v1002	SES162	1.16143	-46.4303	-47.5918
spk_ver/v10/v1003	SES162	-0.184765	-48.0907	-47.9059
spk_ver/v10/v1004	SES162	0.0237732	-48.0092	-48.033
spk_ver/v10/v1005	SES162	-1.82257	-49.4118	-47.5893
spk_ver/v10/v1006	SES162	-1.90391	-47.7907	-45.8867
spk_ver/v10/v1007	SES162	0.665787	-48.1196	-48.7854
spk_ver/v10/v1008	SES162	-2.65166	-50.5853	-47.9336
spk_ver/v10/v1009	SES162	-1.54404	-49.1087	-47.5646
spk_ver/v10/v1010	SES167	-1.5821	-47.9564	-46.3743
spk_ver/v10/v1011	SES167	0.771915	-45.737	-46.5089
spk_ver/v10/v1012	SES167	-0.279228	-47.754	-47.4748
spk_ver/v10/v1013	SES167	-3.06377	-50.5102	-47.4464
spk_ver/v10/v1014	SES167	0.0621986	-46.4319	-46.4941
spk_ver/v10/v1015	SES167	0.0873222	-46.6499	-46.7372
spk_ver/v10/v1016	SES167	0.0472107	-48.1339	-48.1811
spk_ver/v10/v1017	SES167	0.225952	-47.4326	-47.6586
spk_ver/v10/v1018	SES167	-0.815422	-47.733	-46.9176
spk_ver/v10/v1019	SES167	-0.41507	-47.3595	-46.9444
spk_ver/v10/v1020	SES167	-3.55499	-51.2175	-47.6625
spk_ver/v10/v1021	SES167	-0.368145	-49.584	-49.2159
spk_ver/v10/v1022	SES167	-2.28811	-49.8381	-47.55
spk_ver/v10/v1023	SES167	-2.68879	-49.3993	-46.7105
spk_ver/v10/v1024	SES167	-2.52155	-51.0245	-48.5029
spk_ver/v10/v1025	SES167	0.204166	-46.6458	-46.85
spk_ver/v10/v1026	SES167	-0.255699	-48.0412	-47.7855
spk_ver/v10/v1027	SES167	0.227345	-46.8512	-47.0785
spk_ver/v10/v1028	SES167	-2.85363	-49.779	-46.9254
spk_ver/v10/v1029	SES167	-1.96965	-49.6743	-47.7047
spk_ver/v10/v1030	SES167	-0.871471	-47.121	-46.2496
spk_ver/v10/v1031	SES167	-3.40972	-50.1915	-46.7818
spk_ver/v10/v1032	SES167	-2.15832	-48.0808	-45.9225
spk_ver/v10/v1033	SES167	-3.19463	-49.6727	-46.4781
spk_ver/v10/v1034	SES002	1.59569	-45.0074	-46.6031
spk_ver/v10/v1035	SES167	-0.0807457	-47.2606	-47.1798
spk_ver/v10/v1036	SES083	1.62667	-46.2736	-47.9002
spk_ver/v10/v1037	SES167	-0.569679	-48.5748	-48.0051
spk_ver/v10/v1038	SES167	-2.03399	-51.2636	-49.2296
spk_ver/v10/v1039	SES167	-0.762981	-48.9413	-48.1783
spk_ver/v10/v1040	SES167	-3.21125	-50.6576	-47.4463
spk_ver/v10/v1041	SES167	0.0738678	-47.6211	-47.695
spk_ver/v10/v1042	SES087	1.33449	-46.2615	-47.596
spk_ver/v10/v1043	SES029	1.24336	-46.8107	-48.0541
spk_ver/v10/v1044	SES206	1.11327	-46.1045	-47.2178
spk_ver/v10/v1045	SES172	-1.12814	-48.9952	-47.8671
spk_ver/v10/v1046	SES172	1.87212	-45.8917	-47.7638
spk_ver/v10/v1047	SES172	1.18695	-46.0153	-47.2022
spk_ver/v10/v1048	SES259	2.06137	-44.9203	-46.9816
spk_ver/v10/v1049	SES172	-0.942173	-47.4854	-46.5432
spk_ver/v10/v1050	SES120	1.12041	-46.8669	-47.9873
spk_ver/v10/v1051	SES172	0.320381	-46.7552	-47.0756
spk_ver/v10/v1052	SES172	-0.954735	-49.2055	-48.2508
spk_ver/v10/v1053	SES172	-1.54655	-48.157	-46.6105
spk_ver/v10/v1054	SES172	-0.235214	-47.2024	-46.9672
spk_ver/v10/v1055	SES189	2.94685	-49.3521	-52.2989
spk_ver/v10/v1056	SES172	-1.04044	-47.7301	-46.6897
spk_ver/v10/v1057	SES172	0.36853	-46.9296	-47.2981
spk_ver/v10/v1058	SES172	-0.529083	-48.5424	-48.0134
spk_ver/v10/v1059	SES172	0.203213	-46.9178	-47.121
spk_ver/v10/v1060	SES029	1.57895	-45.6701	-47.249
spk_ver/v10/v1061	SES175	-2.61679	-50.4635	-47.8467
spk_ver/v10/v1062	SES187	0.986931	-46.1022	-47.0891
spk_ver/v10/v1063	SES019	1.72427	-46.88	-48.6043
spk_ver/v10/v1064	SES175	-1.83049	-48.7779	-46.9474
spk_ver/v10/v1065	SES175	-1.96564	-50.1644	-48.1987
spk_ver/v10/v1066	SES175	-2.56024	-50.8859	-48.3256
spk_ver/v10/v1067	SES175	0.160343	-47.834	-47.9944
spk_ver/v10/v1068	SES175	-0.799915	-48.1105	-47.3105
spk_ver/v10/v1069	SES016	1.30436	-45.6546	-46.9589
spk_ver/v10/v1070	SES175	-0.109451	-48.7063	-48.5969
spk_ver/v10/v1071	SES175	0.154884	-46.1075	-46.2624
spk_ver/v10/v1072	SES175	-2.55237	-49.4031	-46.8508
spk_ver/v10/v1073	SES029	0.877415	-47.2163	-48.0937
spk_ver/v10/v1074	SES175	-1.37272	-47.8922	-46.5195
spk_ver/v10/v1075	SES175	-0.0839844	-46.0563	-45.9723
spk_ver/v10/v1076	SES175	0.840561	-45.4464	-46.287
spk_ver/v10/v1077	SES175	-1.51527	-48.2497	-46.7344
spk_ver/v10/v1078	SES127	1.36611	-45.2645	-46.6306
spk_ver/v10/v1079	SES175	-0.71413	-47.27	-46.5559
spk_ver/v10/v1080	SES175	0.0877304	-47.7134	-47.8011
spk_ver/v10/v1081	SES175	-1.30693	-49.135	-47.8281
spk_ver/v10/v1082	SES175	-1.2206	-47.1525	-45.9319
spk_ver/v10/v1083	SES007	1.7513	-46.4532	-48.2045
spk_ver/v10/v1084	SES068	2.21692	-45.3204	-47.5373
spk_ver/v10/v1085	SES008	1.5524	-45.421	-46.9734
spk_ver/v10/v1086	SES175	1.09795	-45.1536	-46.2516
spk_ver/v10/v1087	SES175	-1.40762	-47.9434	-46.5358
spk_ver/v10/v1088	SES008	2.10905	-45.4071	-47.5161
spk_ver/v10/v1089	SES177	0.651512	-45.8261	-46.4776
spk_ver/v10/v1090	SES177	-0.436695	-46.9485	-46.5118
spk_ver/v10/v1091	SES177	-1.36705	-49.5269	-48.1598
spk_ver/v10/v1092	SES177	0.745033	-47.0382	-47.7832
spk_ver/v10/v1093	SES177	-1.53706	-48.7939	-47.2568
spk_ver/v10/v1094	SES002	1.49274	-45.6457	-47.1384
spk_ver/v10/v1095	SES104	1.50884	-45.8391	-47.348
spk_ver/v10/v1096	SES177	0.923874	-46.3615	-47.2854
spk_ver/v10/v1097	SES177	-0.813492	-48.8613	-48.0478
spk_ver/v10/v1098	SES177	-0.808556	-46.1359	-45.3273
spk_ver/v10/v1099	SES177	0.961628	-45.4985	-46.4601
spk_ver/v11/v1100	SES177	-0.151737	-47.761	-47.6093
spk_ver/v11/v1101	SES085	1.46609	-46.6532	-48.1193
spk_ver/v11/v1102	SES187	1.32825	-47.1291	-48.4573
spk_ver/v11/v1103	SES177	-0.526825	-48.0886	-47.5618
spk_ver/v11/v1104	SES177	1.64657	-45.4167	-47.0633
spk_ver/v11/v1105	SES177	1.43031	-45.0819	-46.5122
spk_ver/v11/v1106	SES177	-0.025135	-46.222	-46.1969
spk_ver/v11/v1107	SES177	1.14919	-46.0173	-47.1665
spk_ver/v11/v1108	SES177	0.495529	-46.9496	-47.4451
spk_ver/v11/v1109	SES125	1.08218	-45.8513	-46.9335
spk_ver/v11/v1110	SES177	-0.72319	-47.3089	-46.5857
spk_ver/v11/v1111	SES177	0.398762	-46.6295	-47.0283
spk_ver/v11/v1112	SES177	0.174015	-46.6768	-46.8508
spk_ver/v11/v1113	SES177	-1.51746	-48.4634	-46.946
spk_ver/v11/v1114	SES177	-0.247536	-48.5674	-48.3199
spk_ver/v11/v1115	SES177	-0.753811	-48.5901	-47.8363
spk_ver/v11/v1116	SES085	1.8376	-45.389	-47.2266
spk_ver/v11/v1117	SES147	0.676983	-46.9901	-47.667
spk_ver/v11/v1118	SES177	0.383163	-46.3717	-46.7549
spk_ver/v11/v1119	SES177	-0.83757	-46.9002	-46.0626
spk_ver/v11/v1120	SES180	-2.04124	-49.4026	-47.3614
spk_ver/v11/v1121	SES189	2.19807	-49.0486	-51.2466
spk_ver/v11/v1122	SES117	1.45056	-49.2958	-50.7464
spk_ver/v11/v1123	SES129	2.29634	-44.5728	-46.8692
spk_ver/v11/v1124	SES180	-0.307003	-47.5182	-47.2112
spk_ver/v11/v1125	SES180	1.08473	-45.8642	-46.9489
spk_ver/v11/v1126	SES180	0.47121	-46.6318	-47.103
spk_ver/v11/v1127	SES180	0.623428	-47.1493	-47.7727
spk_ver/v11/v1128	SES016	0.71059	-46.7873	-47.4979
spk_ver/v11/v1129	SES158	1.97961	-45.5462	-47.5259
spk_ver/v11/v1130	SES180	-0.454174	-47.7155	-47.2613
spk_ver/v11/v1131	SES180	-0.854301	-47.0919	-46.2376
spk_ver/v11/v1132	SES180	-0.201866	-47.0783	-46.8764
spk_ver/v11/v1133	SES180	-0.681484	-46.9194	-46.238
spk_ver/v11/v1134	SES180	-0.246826	-47.1941	-46.9472
spk_ver/v11/v1135	SES180	0.951733	-45.5965	-46.5482
spk_ver/v11/v1136	SES180	-2.39993	-51.1384	-48.7385
spk_ver/v11/v1137	SES148	1.34863	-46.0025	-47.3512
spk_ver/v11/v1138	SES104	1.30462	-44.9745	-46.2792
spk_ver/v11/v1139	SES180	-0.879833	-48.3687	-47.4888
spk_ver/v11/v1140	SES083	1.80443	-45.7842	-47.5886
spk_ver/v11/v1141	SES180	-1.48113	-48.5031	-47.022
spk_ver/v11/v1142	SES180	0.0985985	-47.4353	-47.5339
spk_ver/v11/v1143	SES180	-0.693218	-49.6309	-48.9376
spk_ver/v11/v1144	SES099	1.32932	-46.9309	-48.2603
spk_ver/v11/v1145	SES180	-0.071228	-47.4143	-47.3431
spk_ver/v11/v1146	SES183	-1.78188	-48.2494	-46.4675
spk_ver/v11/v1147	SES183	0.86784	-46.3659	-47.2337
spk_ver/v11/v1148	SES183	-3.79723	-51.52	-47.7227
spk_ver/v11/v1149	SES183	-3.2484	-50.5492	-47.3008
spk_ver/v11/v1150	SES183	-2.9417	-50.3748	-47.4331
spk_ver/v11/v1151	SES082	1.74554	-45.8867	-47.6323
spk_ver/v11/v1152	SES183	0.0517731	-48.8473	-48.8991
spk_ver/v11/v1153	SES183	-0.202618	-47.2291	-47.0264
spk_ver/v11/v1154	SES002	1.52527	-45.1562	-46.6815
spk_ver/v11/v1155	SES183	-1.13684	-47.6875	-46.5506
spk_ver/v11/v1156	SES183	-3.77822	-50.9951	-47.2168
spk_ver/v11/v1157	SES183	-1.84568	-46.884	-45.0383
spk_ver/v11/v1158	SES183	1.33778	-45.649	-46.9868
spk_ver/v11/v1159	SES183	-1.6786	-48.0404	-46.3618
spk_ver/v11/v1160	SES183	-1.15073	-48.94	-47.7893
spk_ver/v11/v1161	SES183	-2.29617	-49.7037	-47.4075
spk_ver/v11/v1162	SES105	1.82235	-46.3062	-48.1285
spk_ver/v11/v1163	SES183	-3.17702	-49.9402	-46.7632
spk_ver/v11/v1164	SES259	2.18332	-44.8538	-47.0371
spk_ver/v11/v1165	SES183	-1.59394	-47.7762	-46.1822
spk_ver/v11/v1166	SES183	-2.04892	-49.1212	-47.0723
spk_ver/v11/v1167	SES183	-0.864113	-47.2818	-46.4177
spk_ver/v11/v1168	SES183	-0.331989	-46.4687	-46.1367
spk_ver/v11/v1169	SES183	-2.87572	-49.5049	-46.6292
spk_ver/v11/v1170	SES183	-0.608727	-47.7269	-47.1181
spk_ver/v11/v1171	SES183	-3.82969	-52.3482	-48.5185
spk_ver/v11/v1172	SES187	-0.536613	-47.749	-47.2124
spk_ver/v11/v1173	SES019	1.62989	-47.2486	-48.8784
spk_ver/v11/v1174	SES187	-1.64913	-49.9406	-48.2915
spk_ver/v11/v1175	SES187	0.246395	-48.2436	-48.49
spk_ver/v11/v1176	SES083	1.81412	-45.4349	-47.249
spk_ver/v11/v1177	SES187	-2.44628	-50.4474	-48.0011
spk_ver/v11/v1178	SES187	-0.919899	-47.6002	-46.6803
spk_ver/v11/v1179	SES187	-0.00381851	-47.7591	-47.7553
spk_ver/v11/v1180	SES187	1.21008	-46.2809	-47.491
spk_ver/v11/v1181	SES187	-1.50432	-48.4817	-46.9774
spk_ver/v11/v1182	SES187	0.698956	-45.9364	-46.6354
spk_ver/v11/v1183	SES187	-0.66658	-47.8719	-47.2053
spk_ver/v11/v1184	SES187	1.46986	-45.5574	-47.0273
spk_ver/v11/v1185	SES127	1.2738	-45.9736	-47.2474
spk_ver/v11/v1186	SES187	0.582211	-45.6269	-46.2091
spk_ver/v11/v1187	SES187	0.576038	-46.0416	-46.6176
spk_ver/v11/v1188	SES187	-0.087719	-48.2649	-48.1772
spk_ver/v11/v1189	SES042	2.029	-44.9376	-46.9666
spk_ver/v11/v1190	SES187	1.09861	-46.1284	-47.227
spk_ver/v11/v1191	SES187	-1.73757	-49.4532	-47.7156
spk_ver/v11/v1192	SES187	-0.901119	-48.451	-47.5499
spk_ver/v11/v1193	SES183	1.93898	-46.7926	-48.7316
spk_ver/v11/v1194	SES187	0.662197	-47.461	-48.1232
spk_ver/v11/v1195	SES187	-1.55617	-48.7093	-47.1531
spk_ver/v11/v1196	SES146	1.45799	-46.6837	-48.1417
spk_ver/v11/v1197	SES189	-0.954906	-46.8526	-45.8977
spk_ver/v11/v1198	SES175	1.32807	-46.8939	-48.2219
spk_ver/v11/v1199	SES189	-1.20623	-48.2557	-47.0495
spk_ver/v12/v1200	SES189	-1.4559	-47.9984	-46.5424
spk_ver/v12/v1201	SES177	1.5231	-45.6663	-47.1894
spk_ver/v12/v1202	SES189	-0.6381	-48.0401	-47.402
spk_ver/v12/v1203	SES143	1.05863	-46.7293	-47.7879
spk_ver/v12/v1204	SES189	-1.36633	-47.4234	-46.0571
spk_ver/v12/v1205	SES189	-1.59549	-48.3415	-46.746
spk_ver/v12/v1206	SES189	-1.72031	-50.168	-48.4477
spk_ver/v12/v1207	SES189	-2.33575	-48.2011	-45.8653
spk_ver/v12/v1208	SES189	-2.06665	-48.5486	-46.4819
spk_ver/v12/v1209	SES189	-0.891228	-48.6984	-47.8071
spk_ver/v12/v1210	SES189	1.05478	-47.7884	-48.8432
spk_ver/v12/v1211	SES062	1.73036	-44.9293	-46.6597
spk_ver/v12/v1212	SES189	-1.20819	-48.2362	-47.0281
spk_ver/v12/v1213	SES048	1.98257	-45.2544	-47.2369
spk_ver/v12/v1214	SES042	2.22961	-44.4093	-46.6389
spk_ver/v12/v1215	SES008	2.57568	-44.4008	-46.9764
spk_ver/v12/v1216	SES202	-0.455647	-47.0233	-46.5677
spk_ver/v12/v1217	SES202	-0.65472	-48.4653	-47.8106
spk_ver/v12/v1218	SES085	2.56795	-44.4349	-47.0029
spk_ver/v12/v1219	SES202	0.115013	-46.2481	-46.3631
spk_ver/v12/v1220	SES202	-1.14494	-46.7987	-45.6538
spk_ver/v12/v1221	SES202	0.792526	-47.3223	-48.1149
spk_ver/v12/v1222	SES202	-3.45387	-51.3083	-47.8544
spk_ver/v12/v1223	SES158	1.40929	-45.9788	-47.3881
spk_ver/v12/v1224	SES202	0.334393	-47.779	-48.1134
spk_ver/v12/v1225	SES202	-1.84032	-49.1209	-47.2806
spk_ver/v12/v1226	SES202	-2.46777	-48.1787	-45.711
spk_ver/v12/v1227	SES202	-1.43548	-48.4955	-47.06
spk_ver/v12/v1228	SES177	1.38496	-46.4268	-47.8118
spk_ver/v12/v1229	SES202	-2.06905	-48.4702	-46.4012
spk_ver/v12/v1230	SES202	0.539558	-46.4054	-46.945
spk_ver/v12/v1231	SES202	-2.24489	-49.3516	-47.1067
spk_ver/v12/v1232	SES202	-0.119953	-50.4534	-50.3334
spk_ver/v12/v1233	SES206	1.52957	-45.1261	-46.6557
spk_ver/v12/v1234	SES202	-1.90559	-49.7478	-47.8423
spk_ver/v12/v1235	SES202	0.384655	-46.7173	-47.102
spk_ver/v12/v1236	SES125	1.39019	-45.8807	-47.2708
spk_ver/v12/v1237	SES127	1.38194	-45.7332	-47.1151
spk_ver/v12/v1238	SES202	2.37842	-45.5915	-47.9699
spk_ver/v12/v1239	SES167	1.60564	-45.2021	-46.8078
spk_ver/v12/v1240	SES206	-3.98789	-53.0552	-49.0673
spk_ver/v12/v1241	SES206	-3.60059	-51.5817	-47.9811
spk_ver/v12/v1242	SES206	0.556095	-45.9167	-46.4728
spk_ver/v12/v1243	SES206	-0.560501	-48.0258	-47.4653
spk_ver/v12/v1244	SES259	1.67871	-45.6606	-47.3393
spk_ver/v12/v1245	SES206	-0.178886	-46.5758	-46.3969
spk_ver/v12/v1246	SES206	-0.197174	-46.9969	-46.7997
spk_ver/v12/v1247	SES206	1.08463	-46.0703	-47.155
spk_ver/v12/v1248	SES206	-4.26762	-53.3138	-49.0461
spk_ver/v12/v1249	SES270	1.22688	-46.793	-48.0199
spk_ver/v12/v1250	SES206	-2.33687	-49.7491	-47.4122
spk_ver/v12/v1251	SES206	-0.921818	-46.6908	-45.769
spk_ver/v12/v1252	SES206	-0.486858	-46.9028	-46.4159
spk_ver/v12/v1253	SES206	0.703972	-46.1864	-46.8903
spk_ver/v12/v1254	SES206	1.17617	-46.4322	-47.6084
spk_ver/v12/v1255	SES125	1.06361	-45.7933	-46.8569
spk_ver/v12/v1256	SES206	-3.39791	-51.016	-47.6181
spk_ver/v12/v1257	SES206	-1.64753	-47.4568	-45.8093
spk_ver/v12/v1258	SES206	-0.0931549	-47.7162	-47.623
spk_ver/v12/v1259	SES206	-2.86399	-50.0244	-47.1604
spk_ver/v12/v1260	SES206	-4.34557	-53.5816	-49.2361
spk_ver/v12/v1261	SES206	-2.67593	-49.1301	-46.4542
spk_ver/v12/v1262	SES206	-2.86229	-50.7012	-47.8389
spk_ver/v12/v1263	SES206	-0.673428	-47.6592	-46.9858
spk_ver/v12/v1264	SES149	1.68529	-45.2134	-46.8987
spk_ver/v12/v1265	SES206	0.563057	-47.6588	-48.2218
spk_ver/v12/v1266	SES206	-4.62159	-53.9831	-49.3615
spk_ver/v12/v1267	SES206	1.05009	-47.529	-48.5791
spk_ver/v12/v1268	SES206	-0.166161	-47.6835	-47.5174
spk_ver/v12/v1269	SES206	-4.38084	-54.601	-50.2201
spk_ver/v12/v1270	SES206	-5.26092	-55.7059	-50.445
spk_ver/v12/v1271	SES226	-3.60322	-53.1699	-49.5667
spk_ver/v12/v1272	SES226	0.833073	-45.6541	-46.4872
spk_ver/v12/v1273	SES226	-2.1635	-48.9538	-46.7903
spk_ver/v12/v1274	SES226	-2.39237	-49.2197	-46.8273
spk_ver/v12/v1275	SES226	0.577911	-46.1971	-46.775
spk_ver/v12/v1276	SES226	-1.60454	-48.9453	-47.3408
spk_ver/v12/v1277	SES226	0.431911	-46.3944	-46.8263
spk_ver/v12/v1278	SES226	0.775242	-46.7966	-47.5718
spk_ver/v12/v1279	SES226	-1.18642	-47.5413	-46.3549
spk_ver/v12/v1280	SES226	0.409	-46.0817	-46.4907
spk_ver/v12/v1281	SES226	-0.464996	-47.3784	-46.9134
spk_ver/v12/v1282	SES226	-0.16888	-47.0184	-46.8495
spk_ver/v12/v1283	SES143	1.35136	-46.295	-47.6464
spk_ver/v12/v1284	SES226	0.693844	-46.4749	-47.1688
spk_ver/v12/v1285	SES226	-0.105133	-47.1092	-47.0041
spk_ver/v12/v1286	SES226	0.395016	-46.7425	-47.1375
spk_ver/v12/v1287	SES226	0.454773	-46.531	-46.9858
spk_ver/v12/v1288	SES226	-2.12265	-48.6583	-46.5357
spk_ver/v12/v1289	SES104	1.77038	-45.6828	-47.4532
spk_ver/v12/v1290	SES008	1.91072	-46.1225	-48.0332
spk_ver/v12/v1291	SES226	0.55299	-46.2233	-46.7763
spk_ver/v12/v1292	SES259	-1.36256	-49.5933	-48.2308
spk_ver/v12/v1293	SES062	1.85089	-45.1045	-46.9554
spk_ver/v12/v1294	SES099	0.812187	-47.342	-48.1542
spk_ver/v12/v1295	SES158	0.955437	-47.4059	-48.3613
spk_ver/v12/v1296	SES259	-1.54548	-48.2073	-46.6618
spk_ver/v12/v1297	SES259	-2.02444	-48.0796	-46.0552
spk_ver/v12/v1298	SES259	0.210377	-47.0044	-47.2148
spk_ver/v12/v1299	SES259	-0.655079	-48.6552	-48.0001
spk_ver/v13/v1300	SES120	1.27473	-46.4894	-47.7642
spk_ver/v13/v1301	SES259	-3.17859	-50.7865	-47.6079
spk_ver/v13/v1302	SES259	-3.72469	-51.5109	-47.7862
spk_ver/v13/v1303	SES129	1.54625	-45.7738	-47.3201
spk_ver/v13/v1304	SES259	-0.996346	-47.9186	-46.9223
spk_ver/v13/v1305	SES259	-2.21788	-48.947	-46.7291
spk_ver/v13/v1306	SES106	0.979916	-46.0624	-47.0423
spk_ver/v13/v1307	SES259	-0.990505	-48.0811	-47.0906
spk_ver/v13/v1308	SES259	0.183212	-46.9435	-47.1267
spk_ver/v13/v1309	SES259	-2.76442	-49.4752	-46.7108
spk_ver/v13/v1310	SES259	-1.51055	-48.1501	-46.6396
spk_ver/v13/v1311	SES259	-1.34636	-49.1431	-47.7968
spk_ver/v13/v1312	SES259	0.455025	-45.5345	-45.9895
spk_ver/v13/v1313	SES144	0.871559	-46.0238	-46.8954
spk_ver/v13/v1314	SES259	-2.34675	-49.8472	-47.5004
spk_ver/v13/v1315	SES162	2.18455	-45.9518	-48.1364
spk_ver/v13/v1316	SES206	1.3442	-45.8517	-47.1959
spk_ver/v13/v1317	SES175	1.01548	-46.6821	-47.6976
spk_ver/v13/v1318	SES259	-2.76886	-50.9281	-48.1592
spk_ver/v13/v1319	SES259	-3.35566	-51.7563	-48.4006
spk_ver/v13/v1320	SES270	1.36678	-45.8269	-47.1936
spk_ver/v13/v1321	SES101	1.25878	-46.5236	-47.7824
spk_ver/v13/v1322	SES177	1.55699	-45.5808	-47.1378
spk_ver/v13/v1323	SES127	1.28509	-45.0447	-46.3298
spk_ver/v13/v1324	SES270	-0.951653	-48.6187	-47.667
spk_ver/v13/v1325	SES062	2.04911	-45.2553	-47.3044
spk_ver/v13/v1326	SES270	1.63401	-46.4498	-48.0838
spk_ver/v13/v1327	SES120	0.477032	-47.2718	-47.7488
spk_ver/v13/v1328	SES270	-0.863003	-47.7166	-46.8536
spk_ver/v13/v1329	SES270	-1.02412	-46.7308	-45.7067
spk_ver/v13/v1330	SES270	1.08601	-46.532	-47.618
spk_ver/v13/v1331	SES270	-0.76099	-47.2241	-46.4631
spk_ver/v13/v1332	SES270	0.484539	-46.1008	-46.5853
spk_ver/v13/v1333	SES270	-0.663998	-47.4704	-46.8064
spk_ver/v13/v1334	SES270	-0.1441	-46.7958	-46.6517
spk_ver/v13/v1335	SES270	1.44718	-45.715	-47.1622
spk_ver/v13/v1336	SES270	0.244675	-46.4255	-46.6702
spk_ver/v13/v1337	SES016	1.55492	-46.1595	-47.7144
spk_ver/v13/v1338	SES270	-0.950581	-47.6984	-46.7478
spk_ver/v13/v1339	SES002	1.69301	-45.2623	-46.9553
spk_ver/v13/v1340	SES105	2.21829	-46.4541	-48.6724
spk_ver/v13/v1341	SES275	-0.559982	-47.6346	-47.0746
spk_ver/v13/v1342	SES187	1.50735	-47.7563	-49.2636
spk_ver/v13/v1343	SES275	-0.611507	-48.5585	-47.947
spk_ver/v13/v1344	SES275	-0.504581	-47.7875	-47.2829
spk_ver/v13/v1345	SES275	-0.146286	-47.3207	-47.1744
spk_ver/v13/v1346	SES275	-0.829872	-48.4706	-47.6407
spk_ver/v13/v1347	SES275	-0.789684	-48.3653	-47.5756
spk_ver/v13/v1348	SES180	0.598763	-46.0032	-46.6019
spk_ver/v13/v1349	SES275	-0.80489	-49.4928	-48.6879
spk_ver/v13/v1350	SES275	0.110256	-45.1271	-45.2374
spk_ver/v13/v1351	SES275	-1.38778	-52.3685	-50.9807
spk_ver/v13/v1352	SES275	-0.130611	-46.1296	-45.999
spk_ver/v13/v1353	SES275	-0.29052	-48.0598	-47.7693
spk_ver/v13/v1354	SES189	3.18013	-48.5224	-51.7025
spk_ver/v13/v1355	SES068	2.14656	-45.0177	-47.1643
spk_ver/v13/v1356	SES275	-0.19405	-48.6694	-48.4754
spk_ver/v13/v1357	SES048	2.10155	-45.5705	-47.672
spk_ver/v13/v1358	SES226	1.51894	-45.5246	-47.0435
spk_ver/v13/v1359	SES016	0.674217	-46.0269	-46.7011
spk_ver/v13/v1360	SES275	-0.328083	-48.5905	-48.2624
spk_ver/v13/v1361	SES068	2.46418	-44.9199	-47.3841
spk_ver/v13/v1362	SES275	-0.662548	-47.9552	-47.2927
spk_ver/v13/v1363	SES275	-0.552517	-46.8721	-46.3196
spk_ver/v13/v1364	SES275	-1.04747	-49.4656	-48.4181
spk_ver/v13/v1365	SES275	-0.829681	-48.8517	-48.0221
spk_ver/v13/v1366	SES187	1.45588	-46.6314	-48.0873
spk_ver/v13/v1367	SES275	-0.464031	-49.0785	-48.6144
spk_ver/v13/v1368	SES125	0.971962	-45.7763	-46.7483
spk_ver/v13/v1369	SES275	-0.0198936	-46.9718	-46.9519
spk_ver/v13/v1370	SES292	-0.126381	-46.8797	-46.7533
spk_ver/v13/v1371	SES292	-0.227753	-46.922	-46.6942
spk_ver/v13/v1372	SES292	-0.131924	-48.528	-48.396
spk_ver/v13/v1373	SES292	-0.323265	-46.8484	-46.5251
spk_ver/v13/v1374	SES101	1.25576	-46.6348	-47.8906
spk_ver/v13/v1375	SES292	-0.348473	-49.0933	-48.7448
spk_ver/v13/v1376	SES292	-0.0587387	-46.4614	-46.4027
spk_ver/v13/v1377	SES292	-2.24437	-52.3625	-50.1181
spk_ver/v13/v1378	SES292	0.980915	-45.9505	-46.9314
spk_ver/v13/v1379	SES292	-0.114174	-46.4924	-46.3782
spk_ver/v13/v1380	SES292	0.221195	-46.3801	-46.6013
spk_ver/v13/v1381	SES292	0.134453	-45.8662	-46.0006
spk_ver/v13/v1382	SES292	-1.27148	-48.0607	-46.7893
spk_ver/v13/v1383	SES292	-0.344692	-46.9861	-46.6414
spk_ver/v13/v1384	SES292	-0.374432	-47.2655	-46.8911
spk_ver/v13/v1385	SES292	-0.248787	-46.7509	-46.5021
spk_ver/v13/v1386	SES292	-0.228786	-47.5652	-47.3364
spk_ver/v13/v1387	SES158	1.52772	-46.8439	-48.3716
spk_ver/v13/v1388	SES292	0.831676	-45.75	-46.5817
spk_ver/v13/v1389	SES292	0.706799	-45.5866	-46.2934
spk_ver/v13/v1390	SES292	-0.558144	-47.0369	-46.4788
spk_ver/v13/v1391	SES292	-0.322449	-48.2127	-47.8903
spk_ver/v13/v1392	SES292	-0.942558	-47.8946	-46.9521
spk_ver/v13/v1393	SES292	-0.235954	-47.2698	-47.0338
spk_ver/v13/v1394	SES292	-2.6857	-51.8254	-49.1397
spk_ver/v13/v1395	SES292	-0.219643	-46.6506	-46.4309
spk_ver/v13/v1396	SES117	0.76067	-47.3277	-48.0883
spk_ver/v13/v1397	SES292	-0.441872	-46.7466	-46.3047
spk_ver/v13/v1398	SES292	-0.903805	-48.9901	-48.0863
spk_ver/v13/v1399	SES292	-0.192799	-45.8316	-45.6388
