spk_ver/v00/v0000	SES146	0.88278	-11.0617	-11.9445
spk_ver/v00/v0001	SES002	-0.923209	-15.5106	-14.5874
spk_ver/v00/v0002	SES002	-0.397955	-8.95378	-8.55583
spk_ver/v00/v0003	SES002	-1.12083	-12.8283	-11.7075
spk_ver/v00/v0004	SES002	-0.830615	-12.4286	-11.598
spk_ver/v00/v0005	SES002	-1.24443	-12.8175	-11.5731
spk_ver/v00/v0006	SES002	-1.02498	-14.3503	-13.3253
spk_ver/v00/v0007	SES002	-1.70119	-17.0811	-15.3799
spk_ver/v00/v0008	SES146	0.305004	-12.1748	-12.4798
spk_ver/v00/v0009	SES002	-0.0857048	-13.1755	-13.0898
spk_ver/v00/v0010	SES002	-0.662023	-14.4898	-13.8278
spk_ver/v00/v0011	SES002	0.367675	-14.8171	-15.1848
spk_ver/v00/v0012	SES002	-0.541769	-11.0429	-10.5012
spk_ver/v00/v0013	SES002	-0.419806	-14.5738	-14.154
spk_ver/v00/v0014	SES002	0.724178	-17.8468	-18.571
spk_ver/v00/v0015	SES002	-0.0949421	-15.9454	-15.8504
spk_ver/v00/v0016	SES275	0.844111	-11.0455	-11.8896
spk_ver/v00/v0017	SES002	0.465122	-18.1596	-18.6247
spk_ver/v00/v0018	SES002	-1.67483	-17.5697	-15.8949
spk_ver/v00/v0019	SES002	0.00894642	-10.7631	-10.772
spk_ver/v00/v0020	SES002	-1.34484	-14.3	-12.9552
spk_ver/v00/v0021	SES002	-0.695265	-13.4708	-12.7756
spk_ver/v00/v0022	SES002	-0.305326	-13.1301	-12.8247
spk_ver/v00/v0023	SES002	-0.701399	-9.65856	-8.95716
spk_ver/v00/v0024	SES002	-1.92313	-14.8345	-12.9113
spk_ver/v00/v0025	SES002	-0.673329	-12.048	-11.3747
spk_ver/v00/v0026	SES002	-0.478321	-8.2421	-7.76377
spk_ver/v00/v0027	SES129	0.919756	-10.3641	-11.2839
spk_ver/v00/v0028	SES007	-1.37274	-13.889	-12.5162
spk_ver/v00/v0029	SES083	0.157088	-11.3551	-11.5122
spk_ver/v00/v0030	SES019	1.0952	-12.6627	-13.7579
spk_ver/v00/v0031	SES007	-1.25674	-10.0928	-8.83609
spk_ver/v00/v0032	SES270	1.91223	-11.8256	-13.7379
spk_ver/v00/v0033	SES007	-0.953591	-12.6769	-11.7233
spk_ver/v00/v0034	SES007	-0.762667	-12.8392	-12.0765
spk_ver/v00/v0035	SES007	-0.103984	-9.53351	-9.42953
spk_ver/v00/v0036	SES007	0.222197	-9.89008	-10.1123
spk_ver/v00/v0037	SES007	-2.12651	-15.6847	-13.5582
spk_ver/v00/v0038	SES259	1.26915	-10.3805	-11.6497
spk_ver/v00/v0039	SES007	-3.05558	-11.8225	-8.76696
spk_ver/v00/v0040	SES007	-2.45579	-12.6325	-10.1768
spk_ver/v00/v0041	SES007	0.452239	-11.7945	-12.2467
spk_ver/v00/v0042	SES007	-1.14683	-10.8878	-9.74095
spk_ver/v00/v0043	SES007	-0.0314407	-9.87228	-9.84084
spk_ver/v00/v0044	SES007	-1.00762	-10.8	-9.79233
spk_ver/v00/v0045	SES007	-0.606103	-11.9611	-11.355
spk_ver/v00/v0046	SES007	-0.374378	-12.9414	-12.5671
spk_ver/v00/v0047	SES172	-0.0651007	-11.8878	-11.8227
spk_ver/v00/v0048	SES105	0.766534	-10.7196	-11.4861
spk_ver/v00/v0049	SES007	-0.995353	-12.1461	-11.1507
spk_ver/v00/v0050	SES292	0.204801	-10.7483	-10.9531
spk_ver/v00/v0051	SES007	0.0685606	-11.8611	-11.9297
spk_ver/v00/v0052	SES068	0.0413866	-12.6131	-12.6545
spk_ver/v00/v0053	SES008	-0.0595446	-10.1668	-10.1073
spk_ver/v00/v0054	SES008	-0.429625	-13.957	-13.5273
spk_ver/v00/v0055	SES008	0.773507	-10.7667	-11.5403
spk_ver/v00/v0056	SES008	-1.75243	-17.2453	-15.4929
spk_ver/v00/v0057	SES008	-1.86301	-15.9146	-14.0515
spk_ver/v00/v0058	SES083	0.518461	-12.4476	-12.9661
spk_ver/v00/v0059	SES158	1.85823	-17.2655	-19.1237
spk_ver/v00/v0060	SES008	-2.36116	-18.2281	-15.8669
spk_ver/v00/v0061	SES101	0.68192	-10.1473	-10.8292
spk_ver/v00/v0062	SES008	-1.0017	-13.1949	-12.1932
spk_ver/v00/v0063	SES008	-0.492099	-13.0068	-12.5147
spk_ver/v00/v0064	SES117	0.107013	-10.8648	-10.9718
spk_ver/v00/v0065	SES149	0.139868	-12.2107	-12.3506
spk_ver/v00/v0066	SES008	1.71819	-11.8055	-13.5237
spk_ver/v00/v0067	SES008	-1.68103	-16.3169	-14.6359
spk_ver/v00/v0068	SES162	0.43321	-13.4351	-13.8683
spk_ver/v00/v0069	SES008	1.11877	-10.9067	-12.0255
spk_ver/v00/v0070	SES008	0.143034	-13.5958	-13.7389
spk_ver/v00/v0071	SES008	-0.204781	-12.3637	-12.1589
spk_ver/v00/v0072	SES008	0.968492	-7.40479	-8.37329
spk_ver/v00/v0073	SES008	0.313826	-10.3319	-10.6457
spk_ver/v00/v0074	SES008	-3.4239	-20.4675	-17.0436
spk_ver/v00/v0075	SES008	-2.46144	-16.5692	-14.1078
spk_ver/v00/v0076	SES167	2.09732	-4.53814	-6.63547
spk_ver/v00/v0077	SES008	0.647738	-8.84483	-9.49257
spk_ver/v00/v0078	SES177	0.715158	-10.2187	-10.9339
spk_ver/v00/v0079	SES008	0.0469131	-11.3423	-11.3892
spk_ver/v00/v0080	SES008	-0.948846	-12.8149	-11.866
spk_ver/v00/v0081	SES008	-1.4437	-13.5081	-12.0644
spk_ver/v00/v0082	SES008	-1.63751	-15.9579	-14.3204
spk_ver/v00/v0083	SES008	-2.62826	-18.2412	-15.6129
spk_ver/v00/v0084	SES144	0.675508	-8.91192	-9.58743
spk_ver/v00/v0085	SES008	0.0212936	-12.3633	-12.3846
spk_ver/v00/v0086	SES008	0.60364	-6.36374	-6.96738
spk_ver/v00/v0087	SES008	-1.86792	-14.1966	-12.3287
spk_ver/v00/v0088	SES008	-0.060564	-12.1295	-12.0689
spk_ver/v00/v0089	SES008	-0.0969305	-11.369	-11.2721
spk_ver/v00/v0090	SES142	0.194559	-15.2256	-15.4202
spk_ver/v00/v0091	SES008	-4.11452	-21.1283	-17.0138
spk_ver/v00/v0092	SES158	0.951046	-17.9566	-18.9076
spk_ver/v00/v0093	SES014	0.137999	-13.539	-13.677
spk_ver/v00/v0094	SES014	-0.698895	-14.6491	-13.9502
spk_ver/v00/v0095	SES014	0.381829	-13.5782	-13.9601
spk_ver/v00/v0096	SES014	-3.43149	-18.9683	-15.5368
spk_ver/v00/v0097	SES014	-0.278357	-14.7474	-14.4691
spk_ver/v00/v0098	SES014	-1.1165	-9.67063	-8.55414
spk_ver/v00/v0099	SES014	-0.526983	-12.5024	-11.9754
spk_ver/v01/v0100	SES127	0.29896	-8.63046	-8.92942
spk_ver/v01/v0101	SES014	-3.01723	-20.2843	-17.2671
spk_ver/v01/v0102	SES014	-2.02445	-17.8492	-15.8248
spk_ver/v01/v0103	SES014	-1.47276	-15.5991	-14.1263
spk_ver/v01/v0104	SES014	-2.37863	-17.5607	-15.182
spk_ver/v01/v0105	SES014	-0.221143	-10.198	-9.97686
spk_ver/v01/v0106	SES014	-0.720531	-15.365	-14.6445
spk_ver/v01/v0107	SES014	0.109274	-13.3291	-13.4384
spk_ver/v01/v0108	SES014	-2.14952	-18.3497	-16.2001
spk_ver/v01/v0109	SES014	0.015707	-10.1274	-10.1431
spk_ver/v01/v0110	SES014	-0.701797	-10.0058	-9.30401
spk_ver/v01/v0111	SES014	-0.264373	-10.0167	-9.75229
spk_ver/v01/v0112	SES014	-0.789186	-14.3134	-13.5242
spk_ver/v01/v0113	SES104	-4.22099	-20.4037	-16.1827
spk_ver/v01/v0114	SES082	0.289337	-12.6008	-12.8902
spk_ver/v01/v0115	SES087	1.22848	-9.18713	-10.4156
spk_ver/v01/v0116	SES014	-0.887724	-13.7498	-12.8621
spk_ver/v01/v0117	SES177	0.452236	-12.2158	-12.6681
spk_ver/v01/v0118	SES014	-0.379643	-9.99951	-9.61987
spk_ver/v01/v0119	SES014	-0.82479	-13.392	-12.5672
spk_ver/v01/v0120	SES014	-1.39681	-15.0149	-13.618
spk_ver/v01/v0121	SES146	0.43222	-11.1769	-11.6091
spk_ver/v01/v0122	SES014	1.43267	-9.51726	-10.9499
spk_ver/v01/v0123	SES014	0.545403	-9.64203	-10.1874
spk_ver/v01/v0124	SES014	-2.10566	-14.8478	-12.7421
spk_ver/v01/v0125	SES014	-0.654426	-15.2172	-14.5628
spk_ver/v01/v0126	SES016	0.990465	-10.2973	-11.2877
spk_ver/v01/v0127	SES016	-0.575424	-15.1536	-14.5782
spk_ver/v01/v0128	SES106	1.07495	-12.9324	-14.0074
spk_ver/v01/v0129	SES016	-0.499607	-13.124	-12.6244
spk_ver/v01/v0130	SES016	-0.0674925	-9.75032	-9.68283
spk_ver/v01/v0131	SES016	-0.960276	-11.1799	-10.2196
spk_ver/v01/v0132	SES016	-0.770986	-13.2271	-12.4561
spk_ver/v01/v0133	SES016	0.0821028	-14.9293	-15.0114
spk_ver/v01/v0134	SES016	-0.0241499	-9.6926	-9.66845
spk_ver/v01/v0135	SES016	-0.46617	-13.8241	-13.358
spk_ver/v01/v0136	SES016	-0.5882	-9.90701	-9.31881
spk_ver/v01/v0137	SES007	0.52355	-14.4011	-14.9247
spk_ver/v01/v0138	SES016	-0.0289793	-11.2488	-11.2198
spk_ver/v01/v0139	SES016	0.000318527	-11.3253	-11.3256
spk_ver/v01/v0140	SES016	0.484944	-11.992	-12.477
spk_ver/v01/v0141	SES016	-0.921722	-12.1369	-11.2152
spk_ver/v01/v0142	SES016	-0.490854	-11.6556	-11.1647
spk_ver/v01/v0143	SES016	-0.923188	-10.4502	-9.527
spk_ver/v01/v0144	SES016	-0.390499	-10.6258	-10.2353
spk_ver/v01/v0145	SES016	-1.06793	-18.6967	-17.6288
spk_ver/v01/v0146	SES016	-0.821444	-8.28527	-7.46383
spk_ver/v01/v0147	SES016	0.488835	-10.9555	-11.4443
spk_ver/v01/v0148	SES127	0.615477	-10.7724	-11.3879
spk_ver/v01/v0149	SES016	-1.36862	-17.4952	-16.1266
spk_ver/v01/v0150	SES016	0.0273943	-10.0128	-10.0402
spk_ver/v01/v0151	SES147	0.719985	-11.2326	-11.9526
spk_ver/v01/v0152	SES016	-0.627397	-10.3668	-9.7394
spk_ver/v01/v0153	SES104	-6.15876	-15.4649	-9.30617
spk_ver/v01/v0154	SES016	-0.0108976	-14.4537	-14.4428
spk_ver/v01/v0155	SES016	-0.392765	-13.1918	-12.799
spk_ver/v01/v0156	SES019	-1.32171	-10.3679	-9.04618
spk_ver/v01/v0157	SES019	-1.44962	-12.3013	-10.8516
spk_ver/v01/v0158	SES019	0.269402	-11.4196	-11.689
spk_ver/v01/v0159	SES007	0.601348	-13.6838	-14.2851
spk_ver/v01/v0160	SES019	-1.6072	-11.409	-9.80179
spk_ver/v01/v0161	SES019	-2.88677	-19.2379	-16.3512
spk_ver/v01/v0162	SES019	-2.01658	-14.5521	-12.5355
spk_ver/v01/v0163	SES189	1.39118	-12.4701	-13.8613
spk_ver/v01/v0164	SES019	-1.61526	-11.5409	-9.92566
spk_ver/v01/v0165	SES019	1.9764	-17.358	-19.3344
spk_ver/v01/v0166	SES019	-1.72489	-10.353	-8.62808
spk_ver/v01/v0167	SES019	-1.24027	-11.0631	-9.82279
spk_ver/v01/v0168	SES019	-0.976892	-10.64	-9.66315
spk_ver/v01/v0169	SES019	-4.77895	-24.2625	-19.4836
spk_ver/v01/v0170	SES270	0.668364	-10.9285	-11.5969
spk_ver/v01/v0171	SES019	-1.48378	-13.122	-11.6382
spk_ver/v01/v0172	SES019	-1.11354	-11.0518	-9.93831
spk_ver/v01/v0173	SES206	0.531563	-14.9771	-15.5086
spk_ver/v01/v0174	SES019	-0.465839	-18.3705	-17.9047
spk_ver/v01/v0175	SES014	1.32546	-8.54345	-9.8689
spk_ver/v01/v0176	SES019	-1.27921	-15.7089	-14.4297
spk_ver/v01/v0177	SES120	0.999326	-13.9272	-14.9265
spk_ver/v01/v0178	SES019	0.340052	-13.7568	-14.0969
spk_ver/v01/v0179	SES019	-0.629421	-11.3413	-10.7119
spk_ver/v01/v0180	SES175	0.470117	-12.4807	-12.9508
spk_ver/v01/v0181	SES019	-1.55029	-14.7389	-13.1886
spk_ver/v01/v0182	SES019	-0.701098	-13.4612	-12.7601
spk_ver/v01/v0183	SES029	-0.154281	-14.4153	-14.2611
spk_ver/v01/v0184	SES029	-1.7916	-17.0639	-15.2723
spk_ver/v01/v0185	SES029	-1.13472	-15.1352	-14.0005
spk_ver/v01/v0186	SES068	0.561794	-12.3743	-12.9361
spk_ver/v01/v0187	SES029	-0.928583	-12.6024	-11.6738
spk_ver/v01/v0188	SES029	-0.182643	-9.02271	-8.84007
spk_ver/v01/v0189	SES149	0.428479	-10.0279	-10.4563
spk_ver/v01/v0190	SES029	0.339626	-8.02473	-8.36436
spk_ver/v01/v0191	SES029	-0.179542	-11.9176	-11.7381
spk_ver/v01/v0192	SES183	0.535613	-10.9359	-11.4715
spk_ver/v01/v0193	SES029	-0.827439	-15.7897	-14.9622
spk_ver/v01/v0194	SES016	0.525839	-12.3311	-12.8569
spk_ver/v01/v0195	SES029	-0.205805	-11.7518	-11.546
spk_ver/v01/v0196	SES029	-0.39548	-15.3391	-14.9436
spk_ver/v01/v0197	SES029	-1.77056	-14.5524	-12.7819
spk_ver/v01/v0198	SES146	0.769197	-12.7739	-13.5431
spk_ver/v01/v0199	SES029	-1.33308	-14.2005	-12.8674
spk_ver/v02/v0200	SES029	0.441974	-12.7045	-13.1465
spk_ver/v02/v0201	SES068	0.0656748	-10.3763	-10.442
spk_ver/v02/v0202	SES148	1.04191	-8.78529	-9.8272
spk_ver/v02/v0203	SES029	-0.469326	-14.1722	-13.7029
spk_ver/v02/v0204	SES029	0.0942926	-11.6539	-11.7481
spk_ver/v02/v0205	SES060	0.000839233	-10.5856	-10.5864
spk_ver/v02/v0206	SES127	0.748716	-12.6301	-13.3788
spk_ver/v02/v0207	SES029	-2.47432	-21.3207	-18.8464
spk_ver/v02/v0208	SES048	0.509343	-10.2376	-10.7469
spk_ver/v02/v0209	SES029	-0.166117	-11.043	-10.8769
spk_ver/v02/v0210	SES029	-0.335299	-13.1584	-12.8231
spk_ver/v02/v0211	SES029	-0.803643	-13.4877	-12.684
spk_ver/v02/v0212	SES042	-3.94346	-15.1972	-11.2537
spk_ver/v02/v0213	SES085	0.435247	-12.21	-12.6452
spk_ver/v02/v0214	SES206	1.39186	-13.885	-15.2768
spk_ver/v02/v0215	SES144	0.546217	-10.9407	-11.4869
spk_ver/v02/v0216	SES042	-2.66875	-14.7561	-12.0874
spk_ver/v02/v0217	SES042	-1.17042	-20.0338	-18.8634
spk_ver/v02/v0218	SES042	-2.94015	-13.5043	-10.5642
spk_ver/v02/v0219	SES206	0.436742	-13.0724	-13.5092
spk_ver/v02/v0220	SES019	2.46501	-13.9958	-16.4608
spk_ver/v02/v0221	SES007	0.476748	-12.9397	-13.4164
spk_ver/v02/v0222	SES042	-2.91481	-14.1931	-11.2782
spk_ver/v02/v0223	SES147	0.616542	-11.4291	-12.0456
spk_ver/v02/v0224	SES105	1.40618	-9.21615	-10.6223
spk_ver/v02/v0225	SES042	-1.61329	-12.5041	-10.8908
spk_ver/v02/v0226	SES275	0.135014	-12.1161	-12.2511
spk_ver/v02/v0227	SES042	-2.02628	-16.0391	-14.0128
spk_ver/v02/v0228	SES042	-2.53232	-14.3024	-11.7701
spk_ver/v02/v0229	SES042	-2.51477	-15.0592	-12.5444
spk_ver/v02/v0230	SES085	0.554655	-8.55529	-9.10995
spk_ver/v02/v0231	SES014	0.496717	-11.5332	-12.0299
spk_ver/v02/v0232	SES042	-0.270703	-14.9187	-14.648
spk_ver/v02/v0233	SES048	-1.18372	-11.6226	-10.4388
spk_ver/v02/v0234	SES048	-0.830534	-13.2294	-12.3988
spk_ver/v02/v0235	SES029	-0.160028	-13.0663	-12.9062
spk_ver/v02/v0236	SES048	-1.16764	-11.0387	-9.87109
spk_ver/v02/v0237	SES048	-0.207323	-13.0053	-12.7979
spk_ver/v02/v0238	SES048	-0.764636	-12.1617	-11.3971
spk_ver/v02/v0239	SES060	0.0428209	-11.4562	-11.4991
spk_ver/v02/v0240	SES048	-1.28851	-13.6699	-12.3814
spk_ver/v02/v0241	SES048	-0.662314	-11.4163	-10.754
spk_ver/v02/v0242	SES189	0.924441	-11.3703	-12.2948
spk_ver/v02/v0243	SES162	0.359223	-12.9963	-13.3556
spk_ver/v02/v0244	SES048	-2.26538	-12.4579	-10.1926
spk_ver/v02/v0245	SES048	-0.662004	-12.1858	-11.5238
spk_ver/v02/v0246	SES048	-0.387606	-12.6911	-12.3035
spk_ver/v02/v0247	SES048	-1.0025	-17.3204	-16.3179
spk_ver/v02/v0248	SES226	1.10425	-11.1697	-12.274
spk_ver/v02/v0249	SES048	-1.1561	-9.84067	-8.68457
spk_ver/v02/v0250	SES048	-1.34406	-13.8033	-12.4592
spk_ver/v02/v0251	SES048	-3.28097	-15.4188	-12.1379
spk_ver/v02/v0252	SES060	-0.354842	-10.1335	-9.7787
spk_ver/v02/v0253	SES060	-1.01537	-10.8269	-9.81157
spk_ver/v02/v0254	SES259	0.836904	-11.7428	-12.5797
spk_ver/v02/v0255	SES060	-0.513968	-14.0432	-13.5292
spk_ver/v02/v0256	SES202	1.15275	-11.3702	-12.5229
spk_ver/v02/v0257	SES148	1.32771	-8.94662	-10.2743
spk_ver/v02/v0258	SES060	-1.93097	-11.3227	-9.39168
spk_ver/v02/v0259	SES060	-0.845229	-10.8452	-9.99994
spk_ver/v02/v0260	SES060	-0.745977	-13.1865	-12.4405
spk_ver/v02/v0261	SES099	1.07941	-7.59879	-8.6782
spk_ver/v02/v0262	SES060	-0.165251	-12.3095	-12.1442
spk_ver/v02/v0263	SES060	-0.929063	-10.9641	-10.035
spk_ver/v02/v0264	SES292	0.224524	-11.8788	-12.1034
spk_ver/v02/v0265	SES060	-0.84021	-15.2506	-14.4104
spk_ver/v02/v0266	SES060	-1.53098	-15.839	-14.308
spk_ver/v02/v0267	SES060	-2.29433	-10.8553	-8.56095
spk_ver/v02/v0268	SES060	-1.85421	-11.0511	-9.19689
spk_ver/v02/v0269	SES127	0.903762	-7.3777	-8.28146
spk_ver/v02/v0270	SES060	-0.52764	-13.2233	-12.6956
spk_ver/v02/v0271	SES060	0.123512	-14.8176	-14.9412
spk_ver/v02/v0272	SES060	-0.752257	-12.0552	-11.303
spk_ver/v02/v0273	SES087	0.256835	-11.4631	-11.72
spk_ver/v02/v0274	SES146	0.989414	-10.259	-11.2484
spk_ver/v02/v0275	SES060	-1.80323	-12.2569	-10.4537
spk_ver/v02/v0276	SES002	0.416678	-11.0384	-11.4551
spk_ver/v02/v0277	SES060	-0.43337	-11.9806	-11.5472
spk_ver/v02/v0278	SES060	-0.739256	-14.6303	-13.891
spk_ver/v02/v0279	SES060	-0.706709	-18.3557	-17.649
spk_ver/v02/v0280	SES129	1.56295	-8.48014	-10.0431
spk_ver/v02/v0281	SES162	0.989161	-11.4991	-12.4883
spk_ver/v02/v0282	SES060	-0.465871	-11.6954	-11.2296
spk_ver/v02/v0283	SES060	-0.258479	-12.22	-11.9616
spk_ver/v02/v0284	SES062	-1.40964	-16.2843	-14.8747
spk_ver/v02/v0285	SES062	-0.61209	-12.1474	-11.5354
spk_ver/v02/v0286	SES120	0.0761356	-16.5545	-16.6307
spk_ver/v02/v0287	SES062	0.0182414	-7.90381	-7.92205
spk_ver/v02/v0288	SES062	-6.14108	-27.1705	-21.0295
spk_ver/v02/v0289	SES062	0.722869	-8.65947	-9.38234
spk_ver/v02/v0290	SES062	-0.0833035	-12.0759	-11.9926
spk_ver/v02/v0291	SES275	0.366903	-10.1565	-10.5234
spk_ver/v02/v0292	SES062	0.577061	-10.8939	-11.4709
spk_ver/v02/v0293	SES062	0.282088	-11.5441	-11.8262
spk_ver/v02/v0294	SES062	-0.055378	-10.4574	-10.402
spk_ver/v02/v0295	SES062	-1.89754	-15.2805	-13.383
spk_ver/v02/v0296	SES062	-0.822131	-13.5779	-12.7557
spk_ver/v02/v0297	SES062	-1.52265	-15.2538	-13.7311
spk_ver/v02/v0298	SES062	-0.475794	-11.9679	-11.4921
spk_ver/v02/v0299	SES062	-0.449072	-12.8091	-12.36
spk_ver/v03/v0300	SES062	-0.225801	-14.1084	-13.8826
spk_ver/v03/v0301	SES062	0.521823	-7.24197	-7.76379
spk_ver/v03/v0302	SES172	0.0498219	-9.4686	-9.51842
spk_ver/v03/v0303	SES062	-1.86233	-15.7287	-13.8664
spk_ver/v03/v0304	SES062	-2.902	-23.4856	-20.5836
spk_ver/v03/v0305	SES062	0.10917	-11.5691	-11.6783
spk_ver/v03/v0306	SES062	0.273129	-11.8102	-12.0833
spk_ver/v03/v0307	SES062	0.377046	-9.86195	-10.239
spk_ver/v03/v0308	SES062	-1.44214	-16.4896	-15.0474
spk_ver/v03/v0309	SES062	0.0372829	-8.54667	-8.58395
spk_ver/v03/v0310	SES125	0.457623	-8.814	-9.27162
spk_ver/v03/v0311	SES062	0.0147228	-11.6127	-11.6274
spk_ver/v03/v0312	SES062	-3.53566	-19.9295	-16.3938
spk_ver/v03/v0313	SES062	-1.557	-16.1223	-14.5653
spk_ver/v03/v0314	SES068	0.0870657	-10.0699	-10.157
spk_ver/v03/v0315	SES068	0.0917025	-6.836	-6.9277
spk_ver/v03/v0316	SES068	-0.172676	-15.2089	-15.0362
spk_ver/v03/v0317	SES068	0.230243	-12.5112	-12.7415
spk_ver/v03/v0318	SES068	-0.542843	-11.3004	-10.7575
spk_ver/v03/v0319	SES068	-4.00743	-23.3708	-19.3634
spk_ver/v03/v0320	SES068	-0.224113	-10.018	-9.79385
spk_ver/v03/v0321	SES068	0.169099	-12.3004	-12.4695
spk_ver/v03/v0322	SES068	0.00581837	-10.9254	-10.9312
spk_ver/v03/v0323	SES068	-0.413538	-15.7293	-15.3157
spk_ver/v03/v0324	SES144	0.460316	-11.8414	-12.3017
spk_ver/v03/v0325	SES068	0.457686	-10.9324	-11.39
spk_ver/v03/v0326	SES068	0.511709	-9.72079	-10.2325
spk_ver/v03/v0327	SES068	-0.343771	-11.831	-11.4872
spk_ver/v03/v0328	SES068	-2.28236	-17.1867	-14.9043
spk_ver/v03/v0329	SES068	-0.159215	-11.2527	-11.0935
spk_ver/v03/v0330	SES180	0.396583	-11.409	-11.8056
spk_ver/v03/v0331	SES068	0.135923	-12.6235	-12.7594
spk_ver/v03/v0332	SES275	0.195034	-11.3667	-11.5617
spk_ver/v03/v0333	SES062	0.582026	-10.015	-10.597
spk_ver/v03/v0334	SES270	0.67966	-14.5455	-15.2251
spk_ver/v03/v0335	SES068	-2.61059	-15.5035	-12.8929
spk_ver/v03/v0336	SES068	0.589669	-9.83249	-10.4222
spk_ver/v03/v0337	SES068	0.0659895	-14.4465	-14.5125
spk_ver/v03/v0338	SES068	-0.184703	-10.7801	-10.5954
spk_ver/v03/v0339	SES068	0.281017	-12.3689	-12.65
spk_ver/v03/v0340	SES068	0.264419	-13.3639	-13.6283
spk_ver/v03/v0341	SES016	0.784107	-10.7987	-11.5828
spk_ver/v03/v0342	SES068	-0.667938	-12.9079	-12.24
spk_ver/v03/v0343	SES068	0.228166	-9.49162	-9.71979
spk_ver/v03/v0344	SES125	0.425852	-11.5965	-12.0224
spk_ver/v03/v0345	SES187	0.255455	-13.9172	-14.1726
spk_ver/v03/v0346	SES068	-0.411053	-14.9695	-14.5584
spk_ver/v03/v0347	SES143	0.800675	-10.3252	-11.1259
spk_ver/v03/v0348	SES292	0.427383	-10.4627	-10.8901
spk_ver/v03/v0349	SES082	-0.00961971	-10.9785	-10.9689
spk_ver/v03/v0350	SES101	0.94388	-10.4665	-11.4104
spk_ver/v03/v0351	SES082	0.371914	-17.0705	-17.4424
spk_ver/v03/v0352	SES082	-0.00465393	-22.1004	-22.0957
spk_ver/v03/v0353	SES082	-0.0866489	-16.3698	-16.2832
spk_ver/v03/v0354	SES082	-1.54876	-12.4834	-10.9347
spk_ver/v03/v0355	SES083	0.594043	-12.9439	-13.538
spk_ver/v03/v0356	SES082	-0.0788898	-11.1426	-11.0637
spk_ver/v03/v0357	SES082	-3.69759	-13.3811	-9.68353
spk_ver/v03/v0358	SES082	0.450327	-11.7765	-12.2268
spk_ver/v03/v0359	SES117	0.416319	-13.5434	-13.9597
spk_ver/v03/v0360	SES082	-2.12605	-12.7891	-10.663
spk_ver/v03/v0361	SES082	-0.902317	-20.013	-19.1107
spk_ver/v03/v0362	SES007	0.694092	-11.7245	-12.4185
spk_ver/v03/v0363	SES082	-0.222895	-10.9425	-10.7196
spk_ver/v03/v0364	SES019	1.00218	-14.586	-15.5882
spk_ver/v03/v0365	SES082	-0.81183	-16.8103	-15.9985
spk_ver/v03/v0366	SES226	-0.469361	-13.3246	-12.8552
spk_ver/v03/v0367	SES167	2.16176	-7.31165	-9.47341
spk_ver/v03/v0368	SES082	-0.262851	-8.73515	-8.4723
spk_ver/v03/v0369	SES042	3.04728	-19.1854	-22.2326
spk_ver/v03/v0370	SES042	4.90249	-20.8109	-25.7134
spk_ver/v03/v0371	SES082	-0.33864	-14.8849	-14.5463
spk_ver/v03/v0372	SES082	-0.241558	-17.8234	-17.5819
spk_ver/v03/v0373	SES082	-0.333167	-13.3976	-13.0644
spk_ver/v03/v0374	SES083	-0.00896454	-12.3969	-12.388
spk_ver/v03/v0375	SES292	0.271792	-11.2916	-11.5634
spk_ver/v03/v0376	SES083	-0.480143	-10.3335	-9.85335
spk_ver/v03/v0377	SES083	-0.69599	-17.9759	-17.2799
spk_ver/v03/v0378	SES083	0.390915	-13.3777	-13.7686
spk_ver/v03/v0379	SES083	0.197445	-12.7101	-12.9075
spk_ver/v03/v0380	SES083	-0.394745	-12.5899	-12.1952
spk_ver/v03/v0381	SES083	-2.34548	-12.3952	-10.0497
spk_ver/v03/v0382	SES148	-0.818701	-12.3227	-11.504
spk_ver/v03/v0383	SES083	-0.679276	-9.1973	-8.51802
spk_ver/v03/v0384	SES226	1.36524	-9.27877	-10.644
spk_ver/v03/v0385	SES226	0.827394	-10.5932	-11.4206
spk_ver/v03/v0386	SES087	1.65402	-10.2857	-11.9398
spk_ver/v03/v0387	SES029	0.274994	-13.2099	-13.4849
spk_ver/v03/v0388	SES147	0.190689	-12.5094	-12.7001
spk_ver/v03/v0389	SES083	-0.219873	-11.7734	-11.5535
spk_ver/v03/v0390	SES189	1.29584	-13.6717	-14.9676
spk_ver/v03/v0391	SES083	-0.0787439	-12.0903	-12.0116
spk_ver/v03/v0392	SES083	0.28278	-9.3064	-9.58918
spk_ver/v03/v0393	SES083	-1.42182	-12.8597	-11.4379
spk_ver/v03/v0394	SES083	0.0490627	-12.2649	-12.314
spk_ver/v03/v0395	SES083	-1.27459	-13.4966	-12.222
spk_ver/v03/v0396	SES014	0.826931	-9.94248	-10.7694
spk_ver/v03/v0397	SES085	0.109892	-12.4231	-12.533
spk_ver/v03/v0398	SES085	-0.324031	-9.99237	-9.66834
spk_ver/v03/v0399	SES085	-0.473747	-11.0246	-10.5508
spk_ver/v04/v0400	SES106	0.458766	-7.8068	-8.26557
spk_ver/v04/v0401	SES085	-0.849684	-13.6345	-12.7848
spk_ver/v04/v0402	SES085	-3.90955	-23.9262	-20.0166
spk_ver/v04/v0403	SES085	1.11944	-8.67986	-9.7993
spk_ver/v04/v0404	SES180	0.892619	-10.3156	-11.2082
spk_ver/v04/v0405	SES129	0.825708	-6.19156	-7.01727
spk_ver/v04/v0406	SES085	-0.574356	-9.9718	-9.39744
spk_ver/v04/v0407	SES146	0.329404	-12.0747	-12.4041
spk_ver/v04/v0408	SES085	0.763312	-9.44385	-10.2072
spk_ver/v04/v0409	SES085	0.372987	-10.432	-10.805
spk_ver/v04/v0410	SES085	-0.555885	-13.8377	-13.2818
spk_ver/v04/v0411	SES292	0.202648	-13.5849	-13.7876
spk_ver/v04/v0412	SES085	-0.654214	-14.2087	-13.5545
spk_ver/v04/v0413	SES125	0.0686674	-11.7769	-11.8456
spk_ver/v04/v0414	SES085	-0.031538	-14.2843	-14.2528
spk_ver/v04/v0415	SES085	-0.330241	-11.8199	-11.4896
spk_ver/v04/v0416	SES085	-0.632342	-10.0659	-9.43359
spk_ver/v04/v0417	SES062	0.746153	-8.35241	-9.09856
spk_ver/v04/v0418	SES060	0.538484	-14.2217	-14.7602
spk_ver/v04/v0419	SES085	-0.025815	-13.7261	-13.7003
spk_ver/v04/v0420	SES085	-2.7728	-20.9276	-18.1548
spk_ver/v04/v0421	SES085	-1.7351	-16.1034	-14.3683
spk_ver/v04/v0422	SES085	-0.226336	-11.5984	-11.372
spk_ver/v04/v0423	SES085	-0.410422	-11.8168	-11.4064
spk_ver/v04/v0424	SES085	-1.39303	-14.9607	-13.5676
spk_ver/v04/v0425	SES183	0.175219	-11.8396	-12.0149
spk_ver/v04/v0426	SES085	-0.794505	-12.4489	-11.6544
spk_ver/v04/v0427	SES087	-0.61756	-11.6341	-11.0166
spk_ver/v04/v0428	SES162	0.615932	-9.24715	-9.86308
spk_ver/v04/v0429	SES087	0.445417	-8.67898	-9.1244
spk_ver/v04/v0430	SES087	-3.02954	-14.56	-11.5304
spk_ver/v04/v0431	SES087	-1.51468	-11.7736	-10.2589
spk_ver/v04/v0432	SES087	-0.596785	-12.354	-11.7572
spk_ver/v04/v0433	SES087	-1.28982	-12.2279	-10.9381
spk_ver/v04/v0434	SES142	0.440334	-16.3543	-16.7946
spk_ver/v04/v0435	SES087	-2.09768	-14.7227	-12.625
spk_ver/v04/v0436	SES099	0.850735	-9.65379	-10.5045
spk_ver/v04/v0437	SES087	-0.712037	-9.1252	-8.41316
spk_ver/v04/v0438	SES087	-2.35842	-13.6629	-11.3045
spk_ver/v04/v0439	SES087	-3.89776	-17.668	-13.7703
spk_ver/v04/v0440	SES087	-1.22306	-13.0084	-11.7853
spk_ver/v04/v0441	SES087	-2.853	-14.5583	-11.7053
spk_ver/v04/v0442	SES187	0.0943365	-14.7238	-14.8182
spk_ver/v04/v0443	SES172	0.666443	-11.73	-12.3965
spk_ver/v04/v0444	SES087	-0.827141	-10.4341	-9.60693
spk_ver/v04/v0445	SES087	-2.90635	-14.9416	-12.0352
spk_ver/v04/v0446	SES087	-1.23741	-12.3314	-11.0939
spk_ver/v04/v0447	SES087	0.102202	-8.26047	-8.36267
spk_ver/v04/v0448	SES106	1.29197	-15.5524	-16.8444
spk_ver/v04/v0449	SES146	0.0193834	-12.9724	-12.9918
spk_ver/v04/v0450	SES087	-3.17689	-15.3976	-12.2207
spk_ver/v04/v0451	SES087	-2.95742	-16.7564	-13.799
spk_ver/v04/v0452	SES007	-0.0183163	-16.5826	-16.5643
spk_ver/v04/v0453	SES087	-1.23126	-13.1842	-11.9529
spk_ver/v04/v0454	SES087	-2.94907	-16.2014	-13.2523
spk_ver/v04/v0455	SES180	0.412913	-10.779	-11.1919
spk_ver/v04/v0456	SES099	-1.39581	-12.2454	-10.8495
spk_ver/v04/v0457	SES042	1.51938	-13.4	-14.9194
spk_ver/v04/v0458	SES099	-0.394074	-13.401	-13.0069
spk_ver/v04/v0459	SES099	-1.83791	-15.8365	-13.9986
spk_ver/v04/v0460	SES099	-1.59344	-13.298	-11.7046
spk_ver/v04/v0461	SES099	-2.54064	-12.0738	-9.53317
spk_ver/v04/v0462	SES082	0.943082	-11.5105	-12.4536
spk_ver/v04/v0463	SES099	0.831622	-12.9248	-13.7564
spk_ver/v04/v0464	SES099	1.1016	-7.92417	-9.02578
spk_ver/v04/v0465	SES099	-2.5065	-12.8865	-10.38
spk_ver/v04/v0466	SES099	-0.816022	-13.7672	-12.9512
spk_ver/v04/v0467	SES099	1.07633	-9.53415	-10.6105
spk_ver/v04/v0468	SES129	1.50033	-7.01362	-8.51395
spk_ver/v04/v0469	SES101	1.3065	-10.8791	-12.1856
spk_ver/v04/v0470	SES099	-1.83612	-15.202	-13.3659
spk_ver/v04/v0471	SES172	0.557127	-10.1897	-10.7468
spk_ver/v04/v0472	SES099	0.40347	-13.2394	-13.6429
spk_ver/v04/v0473	SES270	1.93385	-9.84401	-11.7779
spk_ver/v04/v0474	SES099	-3.53672	-15.4482	-11.9115
spk_ver/v04/v0475	SES099	0.460161	-10.3906	-10.8508
spk_ver/v04/v0476	SES099	-5.42712	-21.118	-15.6908
spk_ver/v04/v0477	SES002	0.589437	-12.6694	-13.2589
spk_ver/v04/v0478	SES099	0.748167	-11.1318	-11.88
spk_ver/v04/v0479	SES007	0.420592	-14.3137	-14.7343
spk_ver/v04/v0480	SES101	-1.60565	-13.0695	-11.4639
spk_ver/v04/v0481	SES101	-1.36392	-16.8298	-15.4659
spk_ver/v04/v0482	SES175	0.737036	-11.3876	-12.1246
spk_ver/v04/v0483	SES101	-1.23184	-11.9469	-10.7151
spk_ver/v04/v0484	SES101	-1.16505	-12.7681	-11.603
spk_ver/v04/v0485	SES101	-2.05344	-18.3891	-16.3357
spk_ver/v04/v0486	SES101	-0.0286608	-14.1919	-14.1632
spk_ver/v04/v0487	SES101	-0.22745	-11.1081	-10.8806
spk_ver/v04/v0488	SES101	-3.18356	-19.0414	-15.8578
spk_ver/v04/v0489	SES147	1.09498	-11.1032	-12.1982
spk_ver/v04/v0490	SES085	0.154878	-14.1514	-14.3062
spk_ver/v04/v0491	SES101	-0.416441	-12.0122	-11.5958
spk_ver/v04/v0492	SES101	0.173772	-10.8557	-11.0295
spk_ver/v04/v0493	SES101	-4.90993	-25.4376	-20.5277
spk_ver/v04/v0494	SES101	-2.60238	-19.2965	-16.6941
spk_ver/v04/v0495	SES101	-0.00123167	-7.30786	-7.30663
spk_ver/v04/v0496	SES101	0.268318	-8.19362	-8.46194
spk_ver/v04/v0497	SES014	1.39713	-8.02901	-9.42614
spk_ver/v04/v0498	SES101	-0.661194	-17.9104	-17.2492
spk_ver/v04/v0499	SES101	-0.365008	-11.9963	-11.6312
spk_ver/v05/v0500	SES085	0.788067	-9.65238	-10.4404
spk_ver/v05/v0501	SES101	-1.70014	-19.7867	-18.0866
spk_ver/v05/v0502	SES275	0.676374	-10.4587	-11.135
spk_ver/v05/v0503	SES117	0.424576	-11.9036	-12.3282
spk_ver/v05/v0504	SES101	-0.246142	-11.0365	-10.7903
spk_ver/v05/v0505	SES101	-2.1001	-18.3522	-16.2521
spk_ver/v05/v0506	SES101	0.232944	-10.6079	-10.8408
spk_ver/v05/v0507	SES048	0.52908	-10.7609	-11.29
spk_ver/v05/v0508	SES117	0.547618	-14.7077	-15.2553
spk_ver/v05/v0509	SES202	0.5092	-15.0526	-15.5618
spk_ver/v05/v0510	SES104	-0.498345	-14.166	-13.6676
spk_ver/v05/v0511	SES008	1.81943	-7.42247	-9.24191
spk_ver/v05/v0512	SES104	-1.63105	-13.6951	-12.0641
spk_ver/v05/v0513	SES104	-1.44685	-11.7793	-10.3325
spk_ver/v05/v0514	SES104	-2.10538	-11.7584	-9.65305
spk_ver/v05/v0515	SES104	-4.85971	-17.5106	-12.6509
spk_ver/v05/v0516	SES104	-4.66981	-12.6491	-7.97932
spk_ver/v05/v0517	SES060	0.338895	-11.0444	-11.3833
spk_ver/v05/v0518	SES104	-4.45282	-14.8326	-10.3798
spk_ver/v05/v0519	SES104	-3.5966	-17.6879	-14.0913
spk_ver/v05/v0520	SES104	-2.6038	-12.058	-9.45424
spk_ver/v05/v0521	SES008	0.849113	-8.45999	-9.30911
spk_ver/v05/v0522	SES068	0.947173	-12.4049	-13.3521
spk_ver/v05/v0523	SES087	0.933083	-7.45691	-8.38999
spk_ver/v05/v0524	SES104	-1.55348	-11.9305	-10.377
spk_ver/v05/v0525	SES104	-4.05513	-16.9348	-12.8797
spk_ver/v05/v0526	SES104	-2.71187	-13.9621	-11.2502
spk_ver/v05/v0527	SES083	0.277023	-11.9602	-12.2372
spk_ver/v05/v0528	SES148	0.578094	-9.22663	-9.80473
spk_ver/v05/v0529	SES104	-5.23493	-29.3573	-24.1224
spk_ver/v05/v0530	SES104	-3.8184	-15.3289	-11.5105
spk_ver/v05/v0531	SES125	0.893048	-14.8114	-15.7044
spk_ver/v05/v0532	SES104	-3.22847	-18.9603	-15.7318
spk_ver/v05/v0533	SES149	0.314797	-8.98388	-9.29868
spk_ver/v05/v0534	SES104	-2.79192	-14.6906	-11.8987
spk_ver/v05/v0535	SES187	0.201702	-18.5846	-18.7863
spk_ver/v05/v0536	SES104	-1.43411	-11.6138	-10.1797
spk_ver/v05/v0537	SES104	-2.44367	-13.4737	-11.0301
spk_ver/v05/v0538	SES167	2.19757	-7.30644	-9.50401
spk_ver/v05/v0539	SES104	-2.97694	-13.3234	-10.3465
spk_ver/v05/v0540	SES104	-2.28625	-13.5871	-11.3009
spk_ver/v05/v0541	SES183	0.305331	-14.4406	-14.746
spk_ver/v05/v0542	SES104	-1.14534	-18.3863	-17.241
spk_ver/v05/v0543	SES104	-4.33973	-15.6484	-11.3086
spk_ver/v05/v0544	SES105	-2.01704	-14.4733	-12.4563
spk_ver/v05/v0545	SES105	-1.50965	-18.1874	-16.6777
spk_ver/v05/v0546	SES105	-0.729677	-10.361	-9.63132
spk_ver/v05/v0547	SES105	-1.52519	-14.6413	-13.1161
spk_ver/v05/v0548	SES019	2.51236	-13.4415	-15.9538
spk_ver/v05/v0549	SES105	-1.16493	-14.7977	-13.6328
spk_ver/v05/v0550	SES105	-1.94106	-12.5663	-10.6252
spk_ver/v05/v0551	SES202	0.82078	-13.0745	-13.8952
spk_ver/v05/v0552	SES105	-2.32889	-20.5396	-18.2108
spk_ver/v05/v0553	SES105	-1.1426	-15.1494	-14.0068
spk_ver/v05/v0554	SES105	-0.607726	-8.3784	-7.77067
spk_ver/v05/v0555	SES105	-1.7179	-12.6024	-10.8845
spk_ver/v05/v0556	SES082	0.370082	-14.5477	-14.9178
spk_ver/v05/v0557	SES105	-0.522511	-12.8637	-12.3412
spk_ver/v05/v0558	SES014	1.36029	-10.2775	-11.6378
spk_ver/v05/v0559	SES105	-0.442532	-10.0504	-9.60788
spk_ver/v05/v0560	SES177	0.405032	-10.7448	-11.1498
spk_ver/v05/v0561	SES189	1.35777	-15.3451	-16.7029
spk_ver/v05/v0562	SES105	-0.886587	-17.3598	-16.4732
spk_ver/v05/v0563	SES099	0.37655	-13.1174	-13.4939
spk_ver/v05/v0564	SES105	-2.41172	-16.7387	-14.327
spk_ver/v05/v0565	SES105	-0.67831	-13.0224	-12.3441
spk_ver/v05/v0566	SES105	-3.42371	-13.9954	-10.5717
spk_ver/v05/v0567	SES142	0.461273	-11.3012	-11.7625
spk_ver/v05/v0568	SES048	-0.0311995	-10.636	-10.6048
spk_ver/v05/v0569	SES105	-0.658476	-15.5245	-14.866
spk_ver/v05/v0570	SES105	-0.653884	-12.0136	-11.3597
spk_ver/v05/v0571	SES105	-1.23633	-15.0717	-13.8354
spk_ver/v05/v0572	SES105	-0.741899	-13.2302	-12.4883
spk_ver/v05/v0573	SES105	-1.30413	-14.3181	-13.014
spk_ver/v05/v0574	SES105	1.01236	-10.0371	-11.0495
spk_ver/v05/v0575	SES105	-0.515816	-18.7501	-18.2343
spk_ver/v05/v0576	SES106	-0.75992	-16.1855	-15.4256
spk_ver/v05/v0577	SES106	-0.823684	-15.0695	-14.2458
spk_ver/v05/v0578	SES106	-0.837665	-14.5228	-13.6851
spk_ver/v05/v0579	SES106	-1.38417	-15.1924	-13.8082
spk_ver/v05/v0580	SES106	-0.461514	-9.70253	-9.24102
spk_ver/v05/v0581	SES106	-1.24472	-13.8649	-12.6202
spk_ver/v05/v0582	SES106	0.00077343	-14.0427	-14.0435
spk_ver/v05/v0583	SES106	0.0944853	-11.6698	-11.7643
spk_ver/v05/v0584	SES106	-1.58678	-12.1017	-10.5149
spk_ver/v05/v0585	SES106	2.80982	-17.4812	-20.291
spk_ver/v05/v0586	SES106	-1.17394	-14.6712	-13.4973
spk_ver/v05/v0587	SES106	-1.09628	-14.9285	-13.8322
spk_ver/v05/v0588	SES106	-0.90133	-10.4464	-9.5451
spk_ver/v05/v0589	SES106	-1.26587	-11.3279	-10.062
spk_ver/v05/v0590	SES082	-0.0162029	-11.1277	-11.1115
spk_ver/v05/v0591	SES180	0.666436	-11.253	-11.9194
spk_ver/v05/v0592	SES106	0.192714	-12.7852	-12.9779
spk_ver/v05/v0593	SES106	-1.4257	-15.3477	-13.922
spk_ver/v05/v0594	SES292	0.183	-10.1673	-10.3503
spk_ver/v05/v0595	SES106	1.22278	-25.1581	-26.3809
spk_ver/v05/v0596	SES106	-0.919279	-10.5823	-9.66298
spk_ver/v05/v0597	SES106	-1.27053	-13.6006	-12.33
spk_ver/v05/v0598	SES042	2.70034	-15.4572	-18.1575
spk_ver/v05/v0599	SES106	-2.30218	-14.2691	-11.9669
spk_ver/v06/v0600	SES106	2.20554	-17.0162	-19.2217
spk_ver/v06/v0601	SES106	0.479278	-13.502	-13.9813
spk_ver/v06/v0602	SES106	-1.31646	-11.2446	-9.92812
spk_ver/v06/v0603	SES106	-1.48902	-13.9196	-12.4306
spk_ver/v06/v0604	SES106	-1.36119	-10.1167	-8.75555
spk_ver/v06/v0605	SES106	-0.848268	-13.5195	-12.6712
spk_ver/v06/v0606	SES048	0.792119	-9.88403	-10.6762
spk_ver/v06/v0607	SES167	2.3167	-3.91899	-6.23569
spk_ver/v06/v0608	SES106	0.00784111	-13.0972	-13.105
spk_ver/v06/v0609	SES143	0.810262	-12.8831	-13.6934
spk_ver/v06/v0610	SES106	-1.35709	-16.9439	-15.5868
spk_ver/v06/v0611	SES106	-0.657841	-11.6947	-11.0369
spk_ver/v06/v0612	SES106	-1.01145	-17.3131	-16.3017
spk_ver/v06/v0613	SES117	-0.049015	-13.5077	-13.4586
spk_ver/v06/v0614	SES117	-0.39225	-11.4501	-11.0579
spk_ver/v06/v0615	SES117	-0.400074	-13.356	-12.956
spk_ver/v06/v0616	SES106	1.47309	-11.9346	-13.4077
spk_ver/v06/v0617	SES142	0.256216	-14.4208	-14.677
spk_ver/v06/v0618	SES048	0.311503	-10.6594	-10.9709
spk_ver/v06/v0619	SES175	0.807767	-13.4836	-14.2913
spk_ver/v06/v0620	SES180	0.815894	-8.64483	-9.46073
spk_ver/v06/v0621	SES117	-0.789327	-10.3894	-9.60005
spk_ver/v06/v0622	SES029	0.306567	-13.0871	-13.3937
spk_ver/v06/v0623	SES117	-0.290949	-10.8651	-10.5742
spk_ver/v06/v0624	SES117	-0.951902	-13.2089	-12.257
spk_ver/v06/v0625	SES117	-0.0590878	-11.1851	-11.1261
spk_ver/v06/v0626	SES106	0.874085	-11.0551	-11.9292
spk_ver/v06/v0627	SES226	0.109279	-12.4083	-12.5176
spk_ver/v06/v0628	SES117	0.115457	-12.1365	-12.252
spk_ver/v06/v0629	SES117	-0.405592	-7.31825	-6.91266
spk_ver/v06/v0630	SES117	-0.284345	-8.39844	-8.1141
spk_ver/v06/v0631	SES117	-1.39848	-15.3956	-13.9972
spk_ver/v06/v0632	SES117	0.0915251	-11.7658	-11.8573
spk_ver/v06/v0633	SES099	1.66337	-9.84908	-11.5124
spk_ver/v06/v0634	SES105	1.50935	-9.9996	-11.5089
spk_ver/v06/v0635	SES167	0.266041	-10.6472	-10.9133
spk_ver/v06/v0636	SES117	0.328681	-12.108	-12.4367
spk_ver/v06/v0637	SES202	0.57868	-14.1071	-14.6858
spk_ver/v06/v0638	SES117	-0.549455	-10.0952	-9.54574
spk_ver/v06/v0639	SES167	2.18478	-8.66394	-10.8487
spk_ver/v06/v0640	SES117	-0.0397644	-15.1125	-15.0727
spk_ver/v06/v0641	SES117	-0.437548	-12.7641	-12.3265
spk_ver/v06/v0642	SES101	0.766665	-9.71453	-10.4812
spk_ver/v06/v0643	SES068	0.829255	-10.5811	-11.4104
spk_ver/v06/v0644	SES120	-0.554142	-15.502	-14.9479
spk_ver/v06/v0645	SES120	1.55702	-17.456	-19.013
spk_ver/v06/v0646	SES172	0.547458	-11.9738	-12.5213
spk_ver/v06/v0647	SES120	-1.03783	-11.6396	-10.6018
spk_ver/v06/v0648	SES120	-0.184788	-10.7443	-10.5595
spk_ver/v06/v0649	SES120	0.327749	-12.4676	-12.7953
spk_ver/v06/v0650	SES087	1.99245	-10.5472	-12.5397
spk_ver/v06/v0651	SES120	-0.291529	-17.32	-17.0284
spk_ver/v06/v0652	SES104	-4.61943	-15.4968	-10.8773
spk_ver/v06/v0653	SES129	0.731853	-9.35881	-10.0907
spk_ver/v06/v0654	SES120	-0.511993	-13.0502	-12.5382
spk_ver/v06/v0655	SES120	-0.477565	-15.7664	-15.2888
spk_ver/v06/v0656	SES120	-0.8424	-11.7405	-10.8981
spk_ver/v06/v0657	SES147	0.449768	-8.67383	-9.12359
spk_ver/v06/v0658	SES120	-0.173356	-13.8374	-13.664
spk_ver/v06/v0659	SES120	-0.289618	-14.4233	-14.1336
spk_ver/v06/v0660	SES120	-0.976085	-11.8784	-10.9023
spk_ver/v06/v0661	SES120	-1.2857	-11.9462	-10.6605
spk_ver/v06/v0662	SES120	-2.00141	-11.0879	-9.08647
spk_ver/v06/v0663	SES120	-0.597013	-12.7639	-12.1669
spk_ver/v06/v0664	SES147	0.87293	-9.67511	-10.548
spk_ver/v06/v0665	SES162	0.465919	-10.9178	-11.3837
spk_ver/v06/v0666	SES120	-0.0709677	-9.68365	-9.61268
spk_ver/v06/v0667	SES120	-0.0964231	-15.217	-15.1206
spk_ver/v06/v0668	SES120	0.657986	-13.7102	-14.3681
spk_ver/v06/v0669	SES142	0.345958	-14.0659	-14.4119
spk_ver/v06/v0670	SES106	0.439363	-14.7562	-15.1956
spk_ver/v06/v0671	SES183	0.194374	-12.2453	-12.4397
spk_ver/v06/v0672	SES120	1.09875	-15.0689	-16.1677
spk_ver/v06/v0673	SES029	-0.556646	-15.0139	-14.4572
spk_ver/v06/v0674	SES120	-1.39963	-12.3873	-10.9877
spk_ver/v06/v0675	SES008	1.63012	-11.0948	-12.7249
spk_ver/v06/v0676	SES125	-3.04108	-13.5685	-10.5274
spk_ver/v06/v0677	SES143	1.07637	-9.2653	-10.3417
spk_ver/v06/v0678	SES125	-0.717817	-16.2614	-15.5436
spk_ver/v06/v0679	SES162	0.651114	-10.2692	-10.9203
spk_ver/v06/v0680	SES125	-1.15113	-12.2958	-11.1446
spk_ver/v06/v0681	SES125	-1.23244	-19.4735	-18.2411
spk_ver/v06/v0682	SES125	-0.363248	-12.1217	-11.7584
spk_ver/v06/v0683	SES226	0.468195	-12.1126	-12.5808
spk_ver/v06/v0684	SES125	-0.428075	-12.4347	-12.0066
spk_ver/v06/v0685	SES125	-1.33845	-14.6666	-13.3282
spk_ver/v06/v0686	SES120	0.779692	-9.85307	-10.6328
spk_ver/v06/v0687	SES125	-3.11213	-14.9569	-11.8447
spk_ver/v06/v0688	SES158	1.98877	-16.3592	-18.348
spk_ver/v06/v0689	SES125	-0.675186	-12.2606	-11.5854
spk_ver/v06/v0690	SES105	0.743777	-12.9422	-13.686
spk_ver/v06/v0691	SES125	-0.806456	-13.8975	-13.091
spk_ver/v06/v0692	SES125	-0.606084	-10.8043	-10.1982
spk_ver/v06/v0693	SES180	0.573843	-9.43047	-10.0043
spk_ver/v06/v0694	SES125	-1.37588	-14.8415	-13.4656
spk_ver/v06/v0695	SES125	-0.0345888	-13.6376	-13.603
spk_ver/v06/v0696	SES125	-1.89576	-15.5369	-13.6411
spk_ver/v06/v0697	SES125	-0.806513	-12.9864	-12.1799
spk_ver/v06/v0698	SES083	0.118147	-11.5692	-11.6873
spk_ver/v06/v0699	SES125	-0.0726595	-10.1213	-10.0486
spk_ver/v07/v0700	SES014	0.459697	-11.9472	-12.4069
spk_ver/v07/v0701	SES125	-1.10054	-11.7783	-10.6778
spk_ver/v07/v0702	SES127	-0.336459	-11.6548	-11.3183
spk_ver/v07/v0703	SES127	0.710061	-10.467	-11.1771
spk_ver/v07/v0704	SES206	0.593794	-11.2447	-11.8385
spk_ver/v07/v0705	SES127	-1.86023	-12.5048	-10.6446
spk_ver/v07/v0706	SES127	-0.602271	-12.9809	-12.3786
spk_ver/v07/v0707	SES127	-0.848785	-11.4078	-10.559
spk_ver/v07/v0708	SES275	0.0534992	-10.761	-10.8145
spk_ver/v07/v0709	SES127	-1.15982	-11.9191	-10.7593
spk_ver/v07/v0710	SES105	1.14849	-12.8739	-14.0224
spk_ver/v07/v0711	SES127	-2.22225	-16.0261	-13.8038
spk_ver/v07/v0712	SES127	-2.55385	-17.7052	-15.1513
spk_ver/v07/v0713	SES127	-2.182	-14.3705	-12.1885
spk_ver/v07/v0714	SES019	2.71688	-18.1907	-20.9075
spk_ver/v07/v0715	SES127	-3.07957	-18.8002	-15.7206
spk_ver/v07/v0716	SES148	0.614707	-9.36035	-9.97505
spk_ver/v07/v0717	SES162	0.942843	-8.97884	-9.92168
spk_ver/v07/v0718	SES189	1.00548	-13.6308	-14.6363
spk_ver/v07/v0719	SES149	0.451781	-9.00145	-9.45323
spk_ver/v07/v0720	SES175	1.04538	-11.4426	-12.488
spk_ver/v07/v0721	SES127	-2.32538	-12.9975	-10.6721
spk_ver/v07/v0722	SES127	-0.0358238	-14.054	-14.0182
spk_ver/v07/v0723	SES127	-3.02112	-17.182	-14.1609
spk_ver/v07/v0724	SES127	-1.86456	-13.5005	-11.6359
spk_ver/v07/v0725	SES127	-2.66257	-13.5699	-10.9073
spk_ver/v07/v0726	SES259	1.68339	-10.7626	-12.446
spk_ver/v07/v0727	SES127	-2.26906	-20.6761	-18.407
spk_ver/v07/v0728	SES127	1.78652	-9.15316	-10.9397
spk_ver/v07/v0729	SES127	-1.47576	-13.6735	-12.1978
spk_ver/v07/v0730	SES127	0.067255	-12.2584	-12.3257
spk_ver/v07/v0731	SES129	0.231039	-10.5881	-10.8191
spk_ver/v07/v0732	SES129	0.181458	-11.5143	-11.6958
spk_ver/v07/v0733	SES129	-1.36241	-13.4869	-12.1244
spk_ver/v07/v0734	SES129	-1.02046	-15.1034	-14.0829
spk_ver/v07/v0735	SES183	0.469501	-11.7879	-12.2574
spk_ver/v07/v0736	SES129	-1.67155	-13.0019	-11.3303
spk_ver/v07/v0737	SES129	-0.559747	-13.9125	-13.3527
spk_ver/v07/v0738	SES129	-1.20163	-11.7965	-10.5949
spk_ver/v07/v0739	SES129	-1.35298	-12.6055	-11.2525
spk_ver/v07/v0740	SES167	0.606696	-9.91147	-10.5182
spk_ver/v07/v0741	SES129	-0.422054	-13.3772	-12.9551
spk_ver/v07/v0742	SES129	-0.565836	-9.62412	-9.05828
spk_ver/v07/v0743	SES129	-0.151529	-12.5324	-12.3808
spk_ver/v07/v0744	SES129	-0.941819	-16.7692	-15.8274
spk_ver/v07/v0745	SES180	1.04964	-9.30567	-10.3553
spk_ver/v07/v0746	SES129	-0.538392	-13.0978	-12.5594
spk_ver/v07/v0747	SES292	0.38893	-11.7724	-12.1613
spk_ver/v07/v0748	SES202	0.979909	-13.7888	-14.7687
spk_ver/v07/v0749	SES270	0.511765	-17.654	-18.1657
spk_ver/v07/v0750	SES129	0.691717	-9.46932	-10.161
spk_ver/v07/v0751	SES129	-0.215021	-10.8697	-10.6547
spk_ver/v07/v0752	SES060	-0.197214	-13.4433	-13.2461
spk_ver/v07/v0753	SES129	-1.38472	-16.9039	-15.5191
spk_ver/v07/v0754	SES129	-1.21115	-15.7123	-14.5012
spk_ver/v07/v0755	SES129	-1.88242	-16.5353	-14.6529
spk_ver/v07/v0756	SES175	1.2423	-12.262	-13.5043
spk_ver/v07/v0757	SES129	0.431204	-11.9097	-12.3409
spk_ver/v07/v0758	SES129	-5.84141	-26.6066	-20.7652
spk_ver/v07/v0759	SES129	-2.43042	-15.7192	-13.2888
spk_ver/v07/v0760	SES129	-0.543032	-12.5573	-12.0142
spk_ver/v07/v0761	SES129	0.0305939	-9.34472	-9.37531
spk_ver/v07/v0762	SES172	0.657735	-11.1157	-11.7735
spk_ver/v07/v0763	SES129	0.127823	-9.23096	-9.35878
spk_ver/v07/v0764	SES129	-0.566382	-10.7808	-10.2144
spk_ver/v07/v0765	SES175	-0.251241	-13.2592	-13.0079
spk_ver/v07/v0766	SES129	-0.494984	-9.60157	-9.10658
spk_ver/v07/v0767	SES129	-1.07517	-14.7206	-13.6454
spk_ver/v07/v0768	SES042	1.4754	-13.9802	-15.4556
spk_ver/v07/v0769	SES099	1.54233	-11.2075	-12.7498
spk_ver/v07/v0770	SES142	-0.787063	-15.7982	-15.0112
spk_ver/v07/v0771	SES142	-0.0871315	-12.2551	-12.168
spk_ver/v07/v0772	SES101	0.951719	-8.10825	-9.05997
spk_ver/v07/v0773	SES142	-1.39869	-19.6776	-18.2789
spk_ver/v07/v0774	SES142	-1.03071	-15.6974	-14.6667
spk_ver/v07/v0775	SES142	0.13983	-12.3797	-12.5195
spk_ver/v07/v0776	SES142	-0.212469	-11.8259	-11.6135
spk_ver/v07/v0777	SES142	-1.32909	-16.3941	-15.065
spk_ver/v07/v0778	SES142	0.594052	-9.87963	-10.4737
spk_ver/v07/v0779	SES142	-1.03784	-18.2124	-17.1745
spk_ver/v07/v0780	SES142	-1.39934	-10.5669	-9.16752
spk_ver/v07/v0781	SES142	-1.60778	-12.5799	-10.9721
spk_ver/v07/v0782	SES101	0.802474	-10.3521	-11.1546
spk_ver/v07/v0783	SES142	-0.958076	-10.9405	-9.9824
spk_ver/v07/v0784	SES187	-0.0109034	-14.6749	-14.664
spk_ver/v07/v0785	SES143	-0.0497208	-11.5043	-11.4546
spk_ver/v07/v0786	SES142	-0.258252	-12.6546	-12.3963
spk_ver/v07/v0787	SES144	0.452019	-11.825	-12.2771
spk_ver/v07/v0788	SES275	-0.0247374	-10.7351	-10.7104
spk_ver/v07/v0789	SES142	-0.659412	-14.018	-13.3586
spk_ver/v07/v0790	SES099	1.42218	-8.59115	-10.0133
spk_ver/v07/v0791	SES142	-1.28726	-14.7442	-13.457
spk_ver/v07/v0792	SES142	-0.68192	-10.4621	-9.78019
spk_ver/v07/v0793	SES142	-0.483427	-10.0456	-9.56215
spk_ver/v07/v0794	SES014	1.09997	-8.70594	-9.8059
spk_ver/v07/v0795	SES142	-1.66224	-11.2322	-9.56999
spk_ver/v07/v0796	SES142	-0.574303	-17.7846	-17.2103
spk_ver/v07/v0797	SES143	0.359758	-8.72765	-9.08741
spk_ver/v07/v0798	SES206	-0.0346642	-9.22277	-9.18811
spk_ver/v07/v0799	SES143	-0.931867	-10.6189	-9.68706
spk_ver/v08/v0800	SES143	-0.0923347	-9.38046	-9.28812
spk_ver/v08/v0801	SES143	0.176879	-9.20504	-9.38192
spk_ver/v08/v0802	SES143	-0.661281	-12.7165	-12.0552
spk_ver/v08/v0803	SES143	-0.292912	-10.2747	-9.98177
spk_ver/v08/v0804	SES143	-0.351594	-8.59208	-8.24049
spk_ver/v08/v0805	SES143	0.443064	-9.48715	-9.93022
spk_ver/v08/v0806	SES143	-0.859527	-12.6594	-11.7999
spk_ver/v08/v0807	SES177	0.180281	-12.8846	-13.0649
spk_ver/v08/v0808	SES149	0.137127	-9.53218	-9.66931
spk_ver/v08/v0809	SES143	-0.978812	-12.5569	-11.5781
spk_ver/v08/v0810	SES158	0.787283	-13.8293	-14.6166
spk_ver/v08/v0811	SES143	-0.483558	-10.9643	-10.4807
spk_ver/v08/v0812	SES062	0.730442	-11.2432	-11.9736
spk_ver/v08/v0813	SES259	0.968701	-11.3025	-12.2712
spk_ver/v08/v0814	SES143	-1.20099	-15.2588	-14.0578
spk_ver/v08/v0815	SES143	-0.157426	-8.90535	-8.74793
spk_ver/v08/v0816	SES143	-0.61583	-12.1017	-11.4858
spk_ver/v08/v0817	SES144	0.397692	-11.931	-12.3287
spk_ver/v08/v0818	SES143	-0.540216	-13.2364	-12.6962
spk_ver/v08/v0819	SES143	-0.796941	-12.2879	-11.491
spk_ver/v08/v0820	SES143	-0.0532131	-10.7928	-10.7396
spk_ver/v08/v0821	SES143	0.41071	-11.614	-12.0247
spk_ver/v08/v0822	SES143	-0.12518	-9.22192	-9.09674
spk_ver/v08/v0823	SES104	-4.63294	-14.6082	-9.97525
spk_ver/v08/v0824	SES143	-2.34521	-19.6369	-17.2917
spk_ver/v08/v0825	SES143	-0.929132	-13.904	-12.9749
spk_ver/v08/v0826	SES144	-0.796901	-13.8231	-13.0262
spk_ver/v08/v0827	SES144	-0.555079	-13.2628	-12.7077
spk_ver/v08/v0828	SES144	-0.962188	-14.0408	-13.0786
spk_ver/v08/v0829	SES172	0.586047	-8.99739	-9.58344
spk_ver/v08/v0830	SES144	-0.124118	-12.23	-12.1059
spk_ver/v08/v0831	SES183	0.324371	-12.2905	-12.6149
spk_ver/v08/v0832	SES144	-1.76823	-14.0345	-12.2662
spk_ver/v08/v0833	SES144	-3.67255	-18.763	-15.0904
spk_ver/v08/v0834	SES144	-1.3847	-15.8296	-14.445
spk_ver/v08/v0835	SES144	-1.04743	-14.8844	-13.837
spk_ver/v08/v0836	SES144	-4.92665	-23.5898	-18.6632
spk_ver/v08/v0837	SES144	-0.739988	-13.4561	-12.7161
spk_ver/v08/v0838	SES144	-3.72272	-21.2701	-17.5474
spk_ver/v08/v0839	SES085	0.0512609	-10.7718	-10.823
spk_ver/v08/v0840	SES144	0.974073	-10.9659	-11.94
spk_ver/v08/v0841	SES144	-1.54984	-13.3039	-11.7541
spk_ver/v08/v0842	SES144	-1.80735	-16.964	-15.1567
spk_ver/v08/v0843	SES144	0.0317059	-9.63498	-9.66669
spk_ver/v08/v0844	SES144	-3.75129	-20.5658	-16.8145
spk_ver/v08/v0845	SES144	-1.10688	-14.2499	-13.143
spk_ver/v08/v0846	SES104	-2.97939	-16.3005	-13.3211
spk_ver/v08/v0847	SES144	-0.683136	-13.7518	-13.0686
spk_ver/v08/v0848	SES144	-0.0977716	-12.8833	-12.7856
spk_ver/v08/v0849	SES144	-0.997192	-10.9843	-9.98711
spk_ver/v08/v0850	SES144	-0.00562286	-10.4093	-10.4037
spk_ver/v08/v0851	SES144	-0.662133	-11.526	-10.8638
spk_ver/v08/v0852	SES144	0.196886	-10.6645	-10.8614
spk_ver/v08/v0853	SES144	-7.66925	-34.0793	-26.41
spk_ver/v08/v0854	SES144	-0.112417	-12.6733	-12.5609
spk_ver/v08/v0855	SES144	0.787223	-8.60893	-9.39615
spk_ver/v08/v0856	SES082	0.209993	-11.3792	-11.5892
spk_ver/v08/v0857	SES142	0.440618	-12.6227	-13.0633
spk_ver/v08/v0858	SES144	-0.0193539	-11.5763	-11.5569
spk_ver/v08/v0859	SES144	-1.50203	-14.5907	-13.0887
spk_ver/v08/v0860	SES146	-0.563629	-11.5948	-11.0312
spk_ver/v08/v0861	SES146	-0.487843	-14.8786	-14.3908
spk_ver/v08/v0862	SES146	-2.90899	-22.6732	-19.7642
spk_ver/v08/v0863	SES146	0.72916	-12.701	-13.4301
spk_ver/v08/v0864	SES146	-0.708742	-15.0154	-14.3067
spk_ver/v08/v0865	SES008	2.34621	-8.68379	-11.03
spk_ver/v08/v0866	SES142	-0.268657	-8.87348	-8.60483
spk_ver/v08/v0867	SES146	-2.99364	-12.4996	-9.50597
spk_ver/v08/v0868	SES082	0.816533	-11.6175	-12.434
spk_ver/v08/v0869	SES146	-1.07166	-10.5023	-9.43064
spk_ver/v08/v0870	SES146	-3.65306	-13.1928	-9.53973
spk_ver/v08/v0871	SES146	-0.837669	-21.2028	-20.3652
spk_ver/v08/v0872	SES146	0.767883	-12.1941	-12.962
spk_ver/v08/v0873	SES082	0.734055	-12.0663	-12.8004
spk_ver/v08/v0874	SES146	-1.22386	-13.0867	-11.8628
spk_ver/v08/v0875	SES144	0.490512	-12.6511	-13.1416
spk_ver/v08/v0876	SES146	-1.24787	-8.15424	-6.90637
spk_ver/v08/v0877	SES146	-1.52104	-11.9468	-10.4257
spk_ver/v08/v0878	SES146	-0.295959	-15.153	-14.8571
spk_ver/v08/v0879	SES146	-0.698471	-12.3151	-11.6167
spk_ver/v08/v0880	SES146	-0.676024	-15.2926	-14.6166
spk_ver/v08/v0881	SES143	1.03814	-12.1354	-13.1735
spk_ver/v08/v0882	SES146	-0.0663919	-15.2577	-15.1913
spk_ver/v08/v0883	SES147	-2.56972	-19.1902	-16.6204
spk_ver/v08/v0884	SES147	0.524392	-9.66282	-10.1872
spk_ver/v08/v0885	SES016	0.864994	-12.4086	-13.2736
spk_ver/v08/v0886	SES147	-0.399105	-11.1668	-10.7677
spk_ver/v08/v0887	SES147	-0.75137	-11.8811	-11.1297
spk_ver/v08/v0888	SES147	-0.591819	-13.8868	-13.295
spk_ver/v08/v0889	SES019	1.50785	-11.6967	-13.2045
spk_ver/v08/v0890	SES147	0.163837	-10.4806	-10.6445
spk_ver/v08/v0891	SES147	-0.179696	-10.1461	-9.96643
spk_ver/v08/v0892	SES147	0.705049	-10.7481	-11.4531
spk_ver/v08/v0893	SES270	2.33716	-9.07207	-11.4092
spk_ver/v08/v0894	SES029	0.502867	-12.7637	-13.2665
spk_ver/v08/v0895	SES147	-0.518204	-14.0182	-13.5
spk_ver/v08/v0896	SES117	-0.172037	-12.7086	-12.5366
spk_ver/v08/v0897	SES183	0.275779	-13.4184	-13.6941
spk_ver/v08/v0898	SES147	-2.40181	-16.7208	-14.319
spk_ver/v08/v0899	SES147	-0.663082	-16.3494	-15.6863
spk_ver/v09/v0900	SES087	1.53462	-9.94984	-11.4845
spk_ver/v09/v0901	SES147	-1.65956	-16.7766	-15.1171
spk_ver/v09/v0902	SES147	-0.579642	-9.72792	-9.14828
spk_ver/v09/v0903	SES147	-1.10166	-15.2536	-14.152
spk_ver/v09/v0904	SES147	-0.571314	-11.178	-10.6067
spk_ver/v09/v0905	SES143	0.647399	-12.4723	-13.1197
spk_ver/v09/v0906	SES149	0.119251	-11.1168	-11.236
spk_ver/v09/v0907	SES148	-0.278425	-11.4047	-11.1262
spk_ver/v09/v0908	SES148	-0.53548	-11.7432	-11.2077
spk_ver/v09/v0909	SES106	1.84124	-14.3817	-16.2229
spk_ver/v09/v0910	SES148	-0.325112	-12.5001	-12.175
spk_ver/v09/v0911	SES148	-0.422998	-11.2688	-10.8458
spk_ver/v09/v0912	SES142	0.259365	-11.7205	-11.9798
spk_ver/v09/v0913	SES148	0.153954	-9.26368	-9.41764
spk_ver/v09/v0914	SES148	-0.389406	-12.392	-12.0026
spk_ver/v09/v0915	SES148	-0.508528	-12.8384	-12.3299
spk_ver/v09/v0916	SES148	0.198555	-11.0577	-11.2563
spk_ver/v09/v0917	SES148	0.688398	-8.20287	-8.89127
spk_ver/v09/v0918	SES148	0.680526	-6.52177	-7.20229
spk_ver/v09/v0919	SES270	1.51633	-9.60624	-11.1226
spk_ver/v09/v0920	SES148	-0.294737	-10.703	-10.4082
spk_ver/v09/v0921	SES148	-1.81163	-15.1652	-13.3535
spk_ver/v09/v0922	SES129	0.529316	-9.00961	-9.53893
spk_ver/v09/v0923	SES117	0.394355	-12.9242	-13.3185
spk_ver/v09/v0924	SES042	3.44227	-15.2149	-18.6572
spk_ver/v09/v0925	SES148	-2.9206	-19.2615	-16.3409
spk_ver/v09/v0926	SES148	-0.415812	-14.6856	-14.2698
spk_ver/v09/v0927	SES144	0.116417	-10.9196	-11.036
spk_ver/v09/v0928	SES007	0.137138	-12.2655	-12.4026
spk_ver/v09/v0929	SES148	0.227289	-10.1393	-10.3666
spk_ver/v09/v0930	SES148	-0.162942	-12.4045	-12.2415
spk_ver/v09/v0931	SES148	-0.735348	-12.0144	-11.2791
spk_ver/v09/v0932	SES202	0.971004	-12.9534	-13.9244
spk_ver/v09/v0933	SES148	-0.194166	-9.52194	-9.32777
spk_ver/v09/v0934	SES148	-0.0232716	-8.73896	-8.71569
spk_ver/v09/v0935	SES060	0.433966	-12.5302	-12.9642
spk_ver/v09/v0936	SES060	-0.0374317	-15.9791	-15.9417
spk_ver/v09/v0937	SES148	0.208551	-9.85117	-10.0597
spk_ver/v09/v0938	SES148	-0.0960169	-13.2533	-13.1573
spk_ver/v09/v0939	SES148	-7.70061	-27.6676	-19.967
spk_ver/v09/v0940	SES148	-0.087369	-11.7229	-11.6355
spk_ver/v09/v0941	SES149	-0.0373125	-13.0515	-13.0142
spk_ver/v09/v0942	SES149	-0.419543	-10.8391	-10.4196
spk_ver/v09/v0943	SES149	-0.345361	-11.801	-11.4556
spk_ver/v09/v0944	SES149	-0.141336	-12.8719	-12.7306
spk_ver/v09/v0945	SES105	1.57178	-9.22502	-10.7968
spk_ver/v09/v0946	SES149	0.114445	-13.6377	-13.7521
spk_ver/v09/v0947	SES149	-0.148702	-12.7843	-12.6356
spk_ver/v09/v0948	SES149	-0.269294	-13.3293	-13.06
spk_ver/v09/v0949	SES149	0.185794	-8.31287	-8.49867
spk_ver/v09/v0950	SES226	0.276509	-10.0214	-10.2979
spk_ver/v09/v0951	SES149	-0.171619	-17.2092	-17.0376
spk_ver/v09/v0952	SES149	-0.347389	-14.4455	-14.0981
spk_ver/v09/v0953	SES062	0.799224	-10.102	-10.9012
spk_ver/v09/v0954	SES149	-0.576611	-14.8028	-14.2262
spk_ver/v09/v0955	SES048	0.341195	-11.0069	-11.3481
spk_ver/v09/v0956	SES158	-3.20471	-12.6638	-9.4591
spk_ver/v09/v0957	SES158	-1.84773	-16.4526	-14.6048
spk_ver/v09/v0958	SES158	0.52273	-12.0895	-12.6122
spk_ver/v09/v0959	SES158	-3.36031	-15.7843	-12.424
spk_ver/v09/v0960	SES158	-4.79773	-14.0614	-9.26367
spk_ver/v09/v0961	SES147	0.669082	-9.78538	-10.4545
spk_ver/v09/v0962	SES158	-3.06259	-15.8866	-12.824
spk_ver/v09/v0963	SES292	0.43066	-13.2343	-13.665
spk_ver/v09/v0964	SES060	0.858876	-8.55396	-9.41283
spk_ver/v09/v0965	SES002	0.54014	-14.0905	-14.6306
spk_ver/v09/v0966	SES149	0.461867	-10.6171	-11.079
spk_ver/v09/v0967	SES158	-1.97852	-15.6062	-13.6277
spk_ver/v09/v0968	SES158	-5.66244	-18.2855	-12.6231
spk_ver/v09/v0969	SES275	0.580893	-9.90602	-10.4869
spk_ver/v09/v0970	SES158	-1.77123	-13.4952	-11.7239
spk_ver/v09/v0971	SES158	-3.1757	-13.4328	-10.2571
spk_ver/v09/v0972	SES002	0.23596	-11.9147	-12.1507
spk_ver/v09/v0973	SES158	-1.50681	-16.4155	-14.9087
spk_ver/v09/v0974	SES202	0.191852	-14.17	-14.3618
spk_ver/v09/v0975	SES158	-3.2996	-16.0567	-12.7571
spk_ver/v09/v0976	SES158	-1.98103	-15.2648	-13.2838
spk_ver/v09/v0977	SES162	-0.203476	-12.379	-12.1755
spk_ver/v09/v0978	SES162	-1.26951	-19.3142	-18.0447
spk_ver/v09/v0979	SES162	-1.06398	-13.4984	-12.4344
spk_ver/v09/v0980	SES162	-0.841397	-14.0936	-13.2522
spk_ver/v09/v0981	SES162	-1.32521	-13.3997	-12.0745
spk_ver/v09/v0982	SES259	1.10459	-11.2696	-12.3742
spk_ver/v09/v0983	SES162	-2.74381	-19.7691	-17.0253
spk_ver/v09/v0984	SES162	-1.01639	-12.1245	-11.1082
spk_ver/v09/v0985	SES162	-0.362529	-14.0196	-13.657
spk_ver/v09/v0986	SES062	0.211223	-11.1913	-11.4025
spk_ver/v09/v0987	SES162	-0.248634	-14.4838	-14.2352
spk_ver/v09/v0988	SES162	-1.01574	-10.0879	-9.07214
spk_ver/v09/v0989	SES162	-1.07824	-13.2001	-12.1219
spk_ver/v09/v0990	SES162	-1.80851	-13.9078	-12.0993
spk_ver/v09/v0991	SES087	1.24764	-10.1879	-11.4355
spk_ver/v09/v0992	SES120	-0.298008	-11.1808	-10.8828
spk_ver/v09/v0993	SES162	-0.5273	-14.059	-13.5317
spk_ver/v09/v0994	SES162	-0.693437	-12.2905	-11.597
spk_ver/v09/v0995	SES162	-0.609329	-11.0812	-10.4719
spk_ver/v09/v0996	SES162	-0.364985	-10.8144	-10.4494
spk_ver/v09/v0997	SES162	-0.211659	-11.1824	-10.9707
spk_ver/v09/v0998	SES162	-0.0945454	-12.642	-12.5475
spk_ver/v09/v0999	SES162	-0.434834	-12.1458	-11.711
spk_ver/v10/v1000	SES162	-2.05379	-17.29	-15.2362
spk_ver/v10/v1001	SES148	0.709934	-10.3898	-11.0997
spk_ver/v10/v1002	SES162	0.154628	-10.9887	-11.1433
spk_ver/v10/v1003	SES162	-0.765257	-15.0228	-14.2576
spk_ver/v10/v1004	SES162	-0.751911	-14.4107	-13.6588
spk_ver/v10/v1005	SES162	-1.43213	-15.6392	-14.2071
spk_ver/v10/v1006	SES162	-0.801035	-14.1226	-13.3215
spk_ver/v10/v1007	SES162	0.102699	-14.8657	-14.9684
spk_ver/v10/v1008	SES162	-2.3122	-17.4736	-15.1614
spk_ver/v10/v1009	SES162	-3.44462	-22.0071	-18.5625
spk_ver/v10/v1010	SES167	1.44411	-10.9723	-12.4164
spk_ver/v10/v1011	SES167	0.371495	-12.2248	-12.5963
spk_ver/v10/v1012	SES167	0.0839987	-9.99643	-10.0804
spk_ver/v10/v1013	SES167	-7.29478	-26.7559	-19.4611
spk_ver/v10/v1014	SES167	0.307376	-10.2544	-10.5618
spk_ver/v10/v1015	SES167	-0.206515	-10.4919	-10.2854
spk_ver/v10/v1016	SES167	0.0351057	-12.2256	-12.2607
spk_ver/v10/v1017	SES167	-1.64005	-17.7536	-16.1135
spk_ver/v10/v1018	SES167	-1.37126	-13.9158	-12.5445
spk_ver/v10/v1019	SES167	-2.8455	-15.838	-12.9925
spk_ver/v10/v1020	SES167	-1.92255	-12.0112	-10.0887
spk_ver/v10/v1021	SES167	-0.609105	-12.2199	-11.6108
spk_ver/v10/v1022	SES167	-3.91573	-18.0805	-14.1648
spk_ver/v10/v1023	SES167	-7.78608	-26.2795	-18.4934
spk_ver/v10/v1024	SES167	-3.7279	-16.8091	-13.0812
spk_ver/v10/v1025	SES167	-0.840501	-11.5084	-10.6679
spk_ver/v10/v1026	SES167	-2.76615	-15.7571	-12.9909
spk_ver/v10/v1027	SES167	-0.405182	-10.3046	-9.89946
spk_ver/v10/v1028	SES167	-1.57223	-12.5584	-10.9861
spk_ver/v10/v1029	SES167	-1.56574	-14.7081	-13.1423
spk_ver/v10/v1030	SES167	-2.23211	-14.6301	-12.398
spk_ver/v10/v1031	SES167	-0.493257	-9.67717	-9.18391
spk_ver/v10/v1032	SES167	0.384542	-12.8662	-13.2507
spk_ver/v10/v1033	SES167	-0.113089	-9.81299	-9.6999
spk_ver/v10/v1034	SES002	0.83107	-10.0478	-10.8789
spk_ver/v10/v1035	SES167	1.2541	-8.59042	-9.84452
spk_ver/v10/v1036	SES083	0.610959	-10.2893	-10.9003
spk_ver/v10/v1037	SES167	-1.85112	-14.2633	-12.4122
spk_ver/v10/v1038	SES167	-0.683243	-10.9392	-10.256
spk_ver/v10/v1039	SES167	-2.53648	-14.0204	-11.4839
spk_ver/v10/v1040	SES167	-2.39939	-15.2668	-12.8675
spk_ver/v10/v1041	SES167	0.0319996	-9.91474	-9.94674
spk_ver/v10/v1042	SES087	0.649331	-11.5158	-12.1652
spk_ver/v10/v1043	SES029	0.145402	-11.1766	-11.322
spk_ver/v10/v1044	SES206	-0.205707	-12.1144	-11.9087
spk_ver/v10/v1045	SES172	-0.0818081	-8.45872	-8.37691
spk_ver/v10/v1046	SES172	0.382709	-11.5827	-11.9655
spk_ver/v10/v1047	SES172	-0.310583	-11.75	-11.4394
spk_ver/v10/v1048	SES259	0.749052	-12.5513	-13.3004
spk_ver/v10/v1049	SES172	-0.490503	-11.633	-11.1425
spk_ver/v10/v1050	SES120	1.08086	-15.7921	-16.873
spk_ver/v10/v1051	SES172	-2.28146	-19.9599	-17.6785
spk_ver/v10/v1052	SES172	0.312682	-7.08025	-7.39293
spk_ver/v10/v1053	SES172	-0.0965395	-12.8782	-12.7816
spk_ver/v10/v1054	SES172	0.244328	-9.18622	-9.43054
spk_ver/v10/v1055	SES189	0.515478	-12.097	-12.6125
spk_ver/v10/v1056	SES172	-0.494923	-12.3695	-11.8746
spk_ver/v10/v1057	SES172	-0.853483	-13.3849	-12.5314
spk_ver/v10/v1058	SES172	0.211573	-10.2597	-10.4713
spk_ver/v10/v1059	SES172	-1.86136	-17.8158	-15.9544
spk_ver/v10/v1060	SES029	0.467532	-8.45374	-8.92128
spk_ver/v10/v1061	SES175	-0.488379	-15.2243	-14.7359
spk_ver/v10/v1062	SES187	0.210024	-12.6873	-12.8973
spk_ver/v10/v1063	SES019	1.58499	-14.1911	-15.7761
spk_ver/v10/v1064	SES175	-0.212842	-12.4261	-12.2132
spk_ver/v10/v1065	SES175	-1.51168	-13.0101	-11.4985
spk_ver/v10/v1066	SES175	-1.58682	-16.7886	-15.2018
spk_ver/v10/v1067	SES175	-0.668839	-14.5189	-13.8501
spk_ver/v10/v1068	SES175	-0.558952	-11.5001	-10.9412
spk_ver/v10/v1069	SES016	0.895691	-10.2284	-11.1241
spk_ver/v10/v1070	SES175	-0.355678	-12.414	-12.0584
spk_ver/v10/v1071	SES175	-0.184086	-10.5581	-10.374
spk_ver/v10/v1072	SES175	-1.97109	-21.375	-19.4039
spk_ver/v10/v1073	SES029	0.620181	-11.4577	-12.0779
spk_ver/v10/v1074	SES175	-0.639513	-12.3363	-11.6968
spk_ver/v10/v1075	SES175	-0.336532	-8.79335	-8.45682
spk_ver/v10/v1076	SES175	-0.276516	-9.4991	-9.22258
spk_ver/v10/v1077	SES175	-0.994375	-12.6756	-11.6813
spk_ver/v10/v1078	SES127	0.0529795	-10.883	-10.936
spk_ver/v10/v1079	SES175	-0.442741	-8.50832	-8.06558
spk_ver/v10/v1080	SES175	-0.56932	-12.0443	-11.475
spk_ver/v10/v1081	SES175	-0.786202	-13.2256	-12.4394
spk_ver/v10/v1082	SES175	-1.21015	-18.6576	-17.4474
spk_ver/v10/v1083	SES007	0.185612	-16.3819	-16.5675
spk_ver/v10/v1084	SES068	0.459082	-10.662	-11.121
spk_ver/v10/v1085	SES008	0.449306	-9.01386	-9.46317
spk_ver/v10/v1086	SES175	-0.053237	-11.4352	-11.3819
spk_ver/v10/v1087	SES175	-0.381896	-10.9575	-10.5756
spk_ver/v10/v1088	SES008	0.963264	-8.32984	-9.2931
spk_ver/v10/v1089	SES177	0.295028	-8.9513	-9.24633
spk_ver/v10/v1090	SES177	-1.86043	-9.08659	-7.22616
spk_ver/v10/v1091	SES177	-0.837065	-12.6576	-11.8205
spk_ver/v10/v1092	SES177	0.627933	-12.5928	-13.2207
spk_ver/v10/v1093	SES177	-0.600365	-13.0995	-12.4991
spk_ver/v10/v1094	SES002	0.633443	-15.6356	-16.269
spk_ver/v10/v1095	SES104	-1.3703	-15.9447	-14.5744
spk_ver/v10/v1096	SES177	-0.100354	-12.2361	-12.1357
spk_ver/v10/v1097	SES177	-1.44143	-17.0394	-15.5979
spk_ver/v10/v1098	SES177	-1.43238	-14.185	-12.7527
spk_ver/v10/v1099	SES177	0.00943279	-10.719	-10.7284
spk_ver/v11/v1100	SES177	-1.74045	-21.1964	-19.456
spk_ver/v11/v1101	SES085	0.255307	-9.72701	-9.98232
spk_ver/v11/v1102	SES187	0.0881929	-14.1891	-14.2773
spk_ver/v11/v1103	SES177	-0.221385	-15.6759	-15.4545
spk_ver/v11/v1104	SES177	-0.139401	-13.4112	-13.2718
spk_ver/v11/v1105	SES177	-0.250465	-10.0559	-9.80538
spk_ver/v11/v1106	SES177	-0.529881	-11.6636	-11.1337
spk_ver/v11/v1107	SES177	0.0181084	-12.1091	-12.1272
spk_ver/v11/v1108	SES177	0.261434	-11.9317	-12.1931
spk_ver/v11/v1109	SES125	0.949953	-13.2285	-14.1785
spk_ver/v11/v1110	SES177	-0.761063	-10.9426	-10.1816
spk_ver/v11/v1111	SES177	-0.0188026	-12.1275	-12.1087
spk_ver/v11/v1112	SES177	-0.76916	-12.3478	-11.5786
spk_ver/v11/v1113	SES177	-0.767608	-15.6049	-14.8373
spk_ver/v11/v1114	SES177	-0.141368	-13.596	-13.4546
spk_ver/v11/v1115	SES177	-0.234245	-14.4593	-14.2251
spk_ver/v11/v1116	SES085	1.26121	-10.679	-11.9402
spk_ver/v11/v1117	SES147	0.338848	-9.73591	-10.0748
spk_ver/v11/v1118	SES177	-0.247588	-11.3103	-11.0627
spk_ver/v11/v1119	SES177	-1.08035	-11.6585	-10.5781
spk_ver/v11/v1120	SES180	-0.0684566	-13.3553	-13.2868
spk_ver/v11/v1121	SES189	0.541227	-11.9104	-12.4517
spk_ver/v11/v1122	SES117	0.17345	-14.8482	-15.0217
spk_ver/v11/v1123	SES129	2.07472	-6.82386	-8.89858
spk_ver/v11/v1124	SES180	0.0513105	-12.5333	-12.5846
spk_ver/v11/v1125	SES180	0.135127	-13.1156	-13.2507
spk_ver/v11/v1126	SES180	-0.286532	-13.6621	-13.3756
spk_ver/v11/v1127	SES180	-0.890107	-15.2368	-14.3467
spk_ver/v11/v1128	SES016	0.819839	-11.2238	-12.0436
spk_ver/v11/v1129	SES158	0.906496	-13.7115	-14.618
spk_ver/v11/v1130	SES180	0.134049	-10.6225	-10.7565
spk_ver/v11/v1131	SES180	0.169231	-8.97827	-9.14751
spk_ver/v11/v1132	SES180	0.132809	-12.3908	-12.5236
spk_ver/v11/v1133	SES180	-0.717203	-11.2026	-10.4853
spk_ver/v11/v1134	SES180	-0.372352	-12.7208	-12.3484
spk_ver/v11/v1135	SES180	1.01609	-9.60224	-10.6183
spk_ver/v11/v1136	SES180	-2.52145	-17.4971	-14.9757
spk_ver/v11/v1137	SES148	0.31768	-10.5092	-10.8269
spk_ver/v11/v1138	SES104	-0.917346	-10.0351	-9.11771
spk_ver/v11/v1139	SES180	-0.542684	-12.771	-12.2283
spk_ver/v11/v1140	SES083	0.142027	-12.0479	-12.1899
spk_ver/v11/v1141	SES180	-1.7726	-16.7569	-14.9844
spk_ver/v11/v1142	SES180	-1.89766	-15.5942	-13.6965
spk_ver/v11/v1143	SES180	-0.942861	-14.7884	-13.8455
spk_ver/v11/v1144	SES099	0.513988	-12.0935	-12.6075
spk_ver/v11/v1145	SES180	-0.937858	-15.2059	-14.268
spk_ver/v11/v1146	SES183	-0.723428	-14.7213	-13.9979
spk_ver/v11/v1147	SES183	-0.30103	-12.1233	-11.8223
spk_ver/v11/v1148	SES183	-1.71953	-9.85244	-8.13291
spk_ver/v11/v1149	SES183	-1.01454	-15.4147	-14.4001
spk_ver/v11/v1150	SES183	-0.906783	-13.6218	-12.715
spk_ver/v11/v1151	SES082	1.23935	-14.0674	-15.3068
spk_ver/v11/v1152	SES183	-0.638478	-15.564	-14.9255
spk_ver/v11/v1153	SES183	0.148007	-11.611	-11.759
spk_ver/v11/v1154	SES002	0.909023	-14.0773	-14.9863
spk_ver/v11/v1155	SES183	0.0295801	-11.9749	-12.0045
spk_ver/v11/v1156	SES183	-1.05608	-8.74767	-7.69159
spk_ver/v11/v1157	SES183	0.10398	-7.70487	-7.80885
spk_ver/v11/v1158	SES183	0.0751534	-10.2731	-10.3482
spk_ver/v11/v1159	SES183	-0.4937	-12.2198	-11.7261
spk_ver/v11/v1160	SES183	-1.15069	-12.3206	-11.1699
spk_ver/v11/v1161	SES183	-1.19946	-11.3014	-10.1019
spk_ver/v11/v1162	SES105	1.52264	-7.48599	-9.00863
spk_ver/v11/v1163	SES183	-1.85259	-20.0176	-18.165
spk_ver/v11/v1164	SES259	1.57784	-10.1736	-11.7514
spk_ver/v11/v1165	SES183	-0.292256	-13.5556	-13.2633
spk_ver/v11/v1166	SES183	-0.694437	-12.7447	-12.0503
spk_ver/v11/v1167	SES183	0.645858	-9.95225	-10.5981
spk_ver/v11/v1168	SES183	-0.542356	-11.6971	-11.1547
spk_ver/v11/v1169	SES183	-0.410685	-8.26171	-7.85102
spk_ver/v11/v1170	SES183	0.0838709	-14.1189	-14.2028
spk_ver/v11/v1171	SES183	-2.27307	-16.9302	-14.6571
spk_ver/v11/v1172	SES187	-0.307215	-11.0622	-10.755
spk_ver/v11/v1173	SES019	1.48295	-12.9422	-14.4251
spk_ver/v11/v1174	SES187	-0.296645	-13.3921	-13.0954
spk_ver/v11/v1175	SES187	-0.319438	-12.4628	-12.1434
spk_ver/v11/v1176	SES083	0.400408	-11.8378	-12.2382
spk_ver/v11/v1177	SES187	-0.401194	-11.6765	-11.2753
spk_ver/v11/v1178	SES187	-0.023057	-13.0028	-12.9797
spk_ver/v11/v1179	SES187	-0.561476	-11.603	-11.0415
spk_ver/v11/v1180	SES187	-0.0668831	-11.4725	-11.4056
spk_ver/v11/v1181	SES187	-0.200586	-10.3907	-10.1901
spk_ver/v11/v1182	SES187	-0.343605	-12.1003	-11.7567
spk_ver/v11/v1183	SES187	-0.0182638	-12.9427	-12.9245
spk_ver/v11/v1184	SES187	0.100764	-11.5968	-11.6975
spk_ver/v11/v1185	SES127	0.725986	-10.9464	-11.6723
spk_ver/v11/v1186	SES187	-0.0926075	-7.92207	-7.82947
spk_ver/v11/v1187	SES187	-0.139463	-10.2004	-10.061
spk_ver/v11/v1188	SES187	-0.00750828	-15.0028	-14.9953
spk_ver/v11/v1189	SES042	2.17644	-15.9963	-18.1727
spk_ver/v11/v1190	SES187	-0.10045	-11.1051	-11.0047
spk_ver/v11/v1191	SES187	-0.278685	-12.639	-12.3604
spk_ver/v11/v1192	SES187	-0.0382814	-13.0365	-12.9982
spk_ver/v11/v1193	SES183	0.640528	-10.5248	-11.1653
spk_ver/v11/v1194	SES187	-0.452805	-14.6894	-14.2366
spk_ver/v11/v1195	SES187	-0.0720844	-12.095	-12.0229
spk_ver/v11/v1196	SES146	0.75388	-12.5568	-13.3107
spk_ver/v11/v1197	SES189	-1.03375	-14.905	-13.8713
spk_ver/v11/v1198	SES175	0.308245	-10.8665	-11.1748
spk_ver/v11/v1199	SES189	-5.22869	-14.3314	-9.10274
spk_ver/v12/v1200	SES189	-0.920874	-11.3771	-10.4563
spk_ver/v12/v1201	SES177	0.264237	-13.0263	-13.2906
spk_ver/v12/v1202	SES189	-2.64294	-15.0859	-12.443
spk_ver/v12/v1203	SES143	0.85606	-12.2054	-13.0615
spk_ver/v12/v1204	SES189	-2.51715	-16.7245	-14.2074
spk_ver/v12/v1205	SES189	-1.25549	-14.7804	-13.5249
spk_ver/v12/v1206	SES189	0.165798	-17.0078	-17.1736
spk_ver/v12/v1207	SES189	-2.94737	-12.6789	-9.73155
spk_ver/v12/v1208	SES189	-2.63733	-15.2831	-12.6458
spk_ver/v12/v1209	SES189	-2.86529	-13.4359	-10.5706
spk_ver/v12/v1210	SES189	-1.73483	-13.2482	-11.5134
spk_ver/v12/v1211	SES062	0.939757	-9.43142	-10.3712
spk_ver/v12/v1212	SES189	-1.83195	-15.2517	-13.4198
spk_ver/v12/v1213	SES048	0.368388	-10.5522	-10.9206
spk_ver/v12/v1214	SES042	2.31467	-16.2951	-18.6098
spk_ver/v12/v1215	SES008	1.47981	-6.43676	-7.91656
spk_ver/v12/v1216	SES202	-1.07867	-14.0807	-13.002
spk_ver/v12/v1217	SES202	-0.68252	-14.679	-13.9965
spk_ver/v12/v1218	SES085	0.323933	-9.28265	-9.60658
spk_ver/v12/v1219	SES202	0.153273	-11.1673	-11.3206
spk_ver/v12/v1220	SES202	0.180631	-7.53497	-7.7156
spk_ver/v12/v1221	SES202	-0.521058	-12.1518	-11.6308
spk_ver/v12/v1222	SES202	-1.73665	-16.8885	-15.1518
spk_ver/v12/v1223	SES158	0.0440836	-13.3009	-13.345
spk_ver/v12/v1224	SES202	0.832247	-9.22643	-10.0587
spk_ver/v12/v1225	SES202	-0.113746	-11.3089	-11.1951
spk_ver/v12/v1226	SES202	1.19984	-11.2007	-12.4006
spk_ver/v12/v1227	SES202	-0.633332	-13.4146	-12.7812
spk_ver/v12/v1228	SES177	0.47565	-13.7155	-14.1911
spk_ver/v12/v1229	SES202	-0.416794	-12.353	-11.9362
spk_ver/v12/v1230	SES202	0.148284	-13.2629	-13.4112
spk_ver/v12/v1231	SES202	-0.526058	-17.9355	-17.4094
spk_ver/v12/v1232	SES202	-0.475164	-13.5036	-13.0284
spk_ver/v12/v1233	SES206	0.452607	-14.6179	-15.0705
spk_ver/v12/v1234	SES202	-1.90576	-22.0656	-20.1598
spk_ver/v12/v1235	SES202	0.227248	-12.0033	-12.2306
spk_ver/v12/v1236	SES125	1.13035	-12.8237	-13.954
spk_ver/v12/v1237	SES127	1.18494	-7.68135	-8.8663
spk_ver/v12/v1238	SES202	0.963017	-13.5403	-14.5034
spk_ver/v12/v1239	SES167	2.5301	-5.89567	-8.42577
spk_ver/v12/v1240	SES206	-1.34489	-8.29663	-6.95173
spk_ver/v12/v1241	SES206	-2.90931	-13.9943	-11.085
spk_ver/v12/v1242	SES206	0.222085	-13.9194	-14.1415
spk_ver/v12/v1243	SES206	-0.749579	-11.6482	-10.8987
spk_ver/v12/v1244	SES259	1.18584	-11.2066	-12.3925
spk_ver/v12/v1245	SES206	-0.207818	-11.8981	-11.6903
spk_ver/v12/v1246	SES206	-0.932913	-11.9777	-11.0447
spk_ver/v12/v1247	SES206	-0.360707	-9.38276	-9.02205
spk_ver/v12/v1248	SES206	-3.48421	-15.5123	-12.0281
spk_ver/v12/v1249	SES270	1.32537	-8.09549	-9.42086
spk_ver/v12/v1250	SES206	-1.19417	-14.5327	-13.3385
spk_ver/v12/v1251	SES206	-1.88608	-10.7406	-8.85451
spk_ver/v12/v1252	SES206	-0.727904	-13.5298	-12.8019
spk_ver/v12/v1253	SES206	-0.339127	-14.1569	-13.8177
spk_ver/v12/v1254	SES206	1.6957	-15.1639	-16.8596
spk_ver/v12/v1255	SES125	1.01894	-13.135	-14.154
spk_ver/v12/v1256	SES206	-1.51966	-15.0799	-13.5602
spk_ver/v12/v1257	SES206	-1.49667	-12.1106	-10.6139
spk_ver/v12/v1258	SES206	-0.249776	-15.7255	-15.4757
spk_ver/v12/v1259	SES206	-1.71929	-13.9888	-12.2695
spk_ver/v12/v1260	SES206	-1.64092	-17.4574	-15.8165
spk_ver/v12/v1261	SES206	-1.79579	-13.9045	-12.1087
spk_ver/v12/v1262	SES206	-1.86386	-13.9821	-12.1182
spk_ver/v12/v1263	SES206	-1.19243	-12.3104	-11.1179
spk_ver/v12/v1264	SES149	0.207896	-11.1424	-11.3503
spk_ver/v12/v1265	SES206	0.484493	-10.6837	-11.1682
spk_ver/v12/v1266	SES206	-1.24516	-13.8169	-12.5718
spk_ver/v12/v1267	SES206	0.895952	-14.9585	-15.8545
spk_ver/v12/v1268	SES206	-0.0505972	-13.926	-13.8755
spk_ver/v12/v1269	SES206	-1.94557	-13.985	-12.0394
spk_ver/v12/v1270	SES206	-4.35312	-17.9983	-13.6451
spk_ver/v12/v1271	SES226	-1.14501	-15.0432	-13.8982
spk_ver/v12/v1272	SES226	-1.77221	-20.564	-18.7918
spk_ver/v12/v1273	SES226	-0.22362	-13.9577	-13.734
spk_ver/v12/v1274	SES226	-1.48193	-15.4917	-14.0097
spk_ver/v12/v1275	SES226	1.15204	-12.254	-13.406
spk_ver/v12/v1276	SES226	-3.4229	-21.03	-17.6071
spk_ver/v12/v1277	SES226	0.186084	-10.1004	-10.2865
spk_ver/v12/v1278	SES226	0.259248	-12.0204	-12.2796
spk_ver/v12/v1279	SES226	-0.859508	-12.6258	-11.7663
spk_ver/v12/v1280	SES226	-0.245789	-10.5428	-10.297
spk_ver/v12/v1281	SES226	-0.287125	-15.9778	-15.6907
spk_ver/v12/v1282	SES226	-2.94196	-20.2488	-17.3069
spk_ver/v12/v1283	SES143	0.735213	-11.4477	-12.1829
spk_ver/v12/v1284	SES226	-0.812532	-9.31305	-8.50052
spk_ver/v12/v1285	SES226	-1.21284	-17.2779	-16.0651
spk_ver/v12/v1286	SES226	-0.182054	-12.7197	-12.5376
spk_ver/v12/v1287	SES226	-0.623622	-8.4167	-7.79308
spk_ver/v12/v1288	SES226	-0.124864	-9.38828	-9.26341
spk_ver/v12/v1289	SES104	-2.35616	-14.3308	-11.9746
spk_ver/v12/v1290	SES008	1.90243	-8.32162	-10.2241
spk_ver/v12/v1291	SES226	0.563014	-10.4764	-11.0395
spk_ver/v12/v1292	SES259	-0.751944	-12.8219	-12.0699
spk_ver/v12/v1293	SES062	-0.207141	-13.6804	-13.4733
spk_ver/v12/v1294	SES099	0.814202	-12.1724	-12.9866
spk_ver/v12/v1295	SES158	1.24218	-16.0254	-17.2676
spk_ver/v12/v1296	SES259	-1.7308	-13.9015	-12.1707
spk_ver/v12/v1297	SES259	-7.70263	-20.6815	-12.9788
spk_ver/v12/v1298	SES259	-0.345916	-16.1085	-15.7625
spk_ver/v12/v1299	SES259	0.638657	-13.5532	-14.1919
spk_ver/v13/v1300	SES120	0.448173	-15.9458	-16.394
spk_ver/v13/v1301	SES259	-6.13492	-19.7407	-13.6058
spk_ver/v13/v1302	SES259	-1.6171	-13.8313	-12.2142
spk_ver/v13/v1303	SES129	0.847421	-10.1312	-10.9787
spk_ver/v13/v1304	SES259	-0.70086	-14.5502	-13.8493
spk_ver/v13/v1305	SES259	-3.84921	-15.1278	-11.2786
spk_ver/v13/v1306	SES106	0.220065	-9.90931	-10.1294
spk_ver/v13/v1307	SES259	-1.54694	-13.8469	-12.2999
spk_ver/v13/v1308	SES259	-1.25494	-14.5891	-13.3342
spk_ver/v13/v1309	SES259	-1.65351	-12.6279	-10.9744
spk_ver/v13/v1310	SES259	-3.15295	-13.544	-10.3911
spk_ver/v13/v1311	SES259	0.577984	-12.7086	-13.2866
spk_ver/v13/v1312	SES259	-1.89679	-12.9822	-11.0854
spk_ver/v13/v1313	SES144	0.762309	-9.08626	-9.84857
spk_ver/v13/v1314	SES259	-2.54556	-13.1968	-10.6513
spk_ver/v13/v1315	SES162	0.752096	-12.0205	-12.7726
spk_ver/v13/v1316	SES206	0.583427	-13.7956	-14.379
spk_ver/v13/v1317	SES175	0.131869	-12.5289	-12.6608
spk_ver/v13/v1318	SES259	0.299041	-13.0491	-13.3482
spk_ver/v13/v1319	SES259	-1.31866	-13.5633	-12.2446
spk_ver/v13/v1320	SES270	-1.21633	-19.7369	-18.5206
spk_ver/v13/v1321	SES101	0.28947	-10.9015	-11.191
spk_ver/v13/v1322	SES177	0.434084	-9.8265	-10.2606
spk_ver/v13/v1323	SES127	1.14409	-7.65628	-8.80037
spk_ver/v13/v1324	SES270	-0.905507	-12.856	-11.9505
spk_ver/v13/v1325	SES062	0.167266	-12.5321	-12.6993
spk_ver/v13/v1326	SES270	0.940178	-11.2396	-12.1798
spk_ver/v13/v1327	SES120	0.159583	-10.2841	-10.4437
spk_ver/v13/v1328	SES270	-3.13211	-17.0303	-13.8982
spk_ver/v13/v1329	SES270	-1.5673	-10.9916	-9.4243
spk_ver/v13/v1330	SES270	-1.44163	-15.3814	-13.9398
spk_ver/v13/v1331	SES270	-0.823568	-9.5618	-8.73823
spk_ver/v13/v1332	SES270	-0.844772	-12.9987	-12.1539
spk_ver/v13/v1333	SES270	-1.78657	-12.0299	-10.2433
spk_ver/v13/v1334	SES270	-2.15924	-17.1235	-14.9643
spk_ver/v13/v1335	SES270	0.674398	-10.0259	-10.7003
spk_ver/v13/v1336	SES270	-0.577703	-11.951	-11.3733
spk_ver/v13/v1337	SES016	-0.204184	-14.5586	-14.3544
spk_ver/v13/v1338	SES270	-1.36723	-9.9982	-8.63097
spk_ver/v13/v1339	SES002	0.133768	-10.7077	-10.8415
spk_ver/v13/v1340	SES105	1.58584	-9.28748	-10.8733
spk_ver/v13/v1341	SES275	-0.565756	-13.8036	-13.2379
spk_ver/v13/v1342	SES187	0.175579	-14.1291	-14.3047
spk_ver/v13/v1343	SES275	-1.07474	-16.5473	-15.4726
spk_ver/v13/v1344	SES275	-0.599974	-12.4323	-11.8324
spk_ver/v13/v1345	SES275	-0.226381	-10.3592	-10.1328
spk_ver/v13/v1346	SES275	-2.31968	-21.9874	-19.6677
spk_ver/v13/v1347	SES275	-0.914515	-16.483	-15.5685
spk_ver/v13/v1348	SES180	0.770297	-9.92292	-10.6932
spk_ver/v13/v1349	SES275	-0.517473	-14.8793	-14.3618
spk_ver/v13/v1350	SES275	-0.407151	-11.8363	-11.4292
spk_ver/v13/v1351	SES275	-0.77929	-14.2708	-13.4915
spk_ver/v13/v1352	SES275	-0.594092	-10.6342	-10.0401
spk_ver/v13/v1353	SES275	-0.679525	-9.56928	-8.88976
spk_ver/v13/v1354	SES189	1.6442	-9.00007	-10.6443
spk_ver/v13/v1355	SES068	0.372808	-7.3612	-7.73401
spk_ver/v13/v1356	SES275	-0.249776	-12.3683	-12.1186
spk_ver/v13/v1357	SES048	0.479078	-13.1018	-13.5809
spk_ver/v13/v1358	SES226	0.407766	-11.9794	-12.3872
spk_ver/v13/v1359	SES016	-0.430703	-11.5305	-11.0998
spk_ver/v13/v1360	SES275	-0.974191	-16.6472	-15.673
spk_ver/v13/v1361	SES068	0.554423	-12.0031	-12.5575
spk_ver/v13/v1362	SES275	-0.351428	-13.5787	-13.2272
spk_ver/v13/v1363	SES275	-1.22	-9.72307	-8.50307
spk_ver/v13/v1364	SES275	-0.618148	-13.297	-12.6789
spk_ver/v13/v1365	SES275	-0.415297	-11.9916	-11.5763
spk_ver/v13/v1366	SES187	0.214395	-11.4862	-11.7006
spk_ver/v13/v1367	SES275	0.138647	-17.374	-17.5126
spk_ver/v13/v1368	SES125	0.348842	-10.2641	-10.6129
spk_ver/v13/v1369	SES275	-1.45905	-12.298	-10.839
spk_ver/v13/v1370	SES292	-0.527135	-11.3301	-10.803
spk_ver/v13/v1371	SES292	0.0057497	-10.4851	-10.4909
spk_ver/v13/v1372	SES292	-0.0684166	-14.3314	-14.263
spk_ver/v13/v1373	SES292	-0.49193	-11.5615	-11.0695
spk_ver/v13/v1374	SES101	0.336505	-11.8436	-12.1801
spk_ver/v13/v1375	SES292	0.0111628	-11.8523	-11.8635
spk_ver/v13/v1376	SES292	-0.495865	-9.53126	-9.0354
spk_ver/v13/v1377	SES292	-0.538169	-15.8597	-15.3215
spk_ver/v13/v1378	SES292	-0.25097	-11.9909	-11.74
spk_ver/v13/v1379	SES292	0.0457125	-9.55535	-9.60106
spk_ver/v13/v1380	SES292	-0.18946	-10.1019	-9.91243
spk_ver/v13/v1381	SES292	0.216036	-9.04549	-9.26152
spk_ver/v13/v1382	SES292	-0.680506	-14.5871	-13.9066
spk_ver/v13/v1383	SES292	0.185038	-18.8831	-19.0681
spk_ver/v13/v1384	SES292	0.0770807	-12.0554	-12.1325
spk_ver/v13/v1385	SES292	0.0294724	-13.9097	-13.9392
spk_ver/v13/v1386	SES292	0.0454569	-11.4024	-11.4479
spk_ver/v13/v1387	SES158	3.71941	-17.6635	-21.3829
spk_ver/v13/v1388	SES292	0.144609	-9.90507	-10.0497
spk_ver/v13/v1389	SES292	-0.0253544	-9.19326	-9.16791
spk_ver/v13/v1390	SES292	0.676563	-9.39757	-10.0741
spk_ver/v13/v1391	SES292	-0.366179	-14.1165	-13.7503
spk_ver/v13/v1392	SES292	-0.596036	-14.8529	-14.2569
spk_ver/v13/v1393	SES292	0.231733	-10.2635	-10.4952
spk_ver/v13/v1394	SES292	-0.530292	-12.7799	-12.2496
spk_ver/v13/v1395	SES292	-0.380942	-12.5197	-12.1388
spk_ver/v13/v1396	SES117	0.175797	-13.5081	-13.6839
spk_ver/v13/v1397	SES292	-0.290693	-9.54993	-9.25924
spk_ver/v13/v1398	SES292	-0.494436	-14.7174	-14.2229
spk_ver/v13/v1399	SES292	0.658886	-8.09636	-8.75525
