spk_ver/v00/v0000	SES146	1.11082	24.6039	23.4931
spk_ver/v00/v0001	SES002	-3.92842	18.5844	22.5129
spk_ver/v00/v0002	SES002	-4.58887	18.9434	23.5323
spk_ver/v00/v0003	SES002	-7.29457	13.3533	20.6479
spk_ver/v00/v0004	SES002	-1.88031	21.0843	22.9646
spk_ver/v00/v0005	SES002	-2.67937	20.5048	23.1842
spk_ver/v00/v0006	SES002	-0.250731	24.8727	25.1234
spk_ver/v00/v0007	SES002	-3.02791	19.1033	22.1312
spk_ver/v00/v0008	SES146	0.383125	22.9837	22.6006
spk_ver/v00/v0009	SES002	0.830814	26.804	25.9732
spk_ver/v00/v0010	SES002	-0.775751	22.9605	23.7362
spk_ver/v00/v0011	SES002	-0.700802	21.938	22.6388
spk_ver/v00/v0012	SES002	-1.15922	26.9724	28.1317
spk_ver/v00/v0013	SES002	-2.63218	23.8844	26.5166
spk_ver/v00/v0014	SES002	-0.507305	25.273	25.7803
spk_ver/v00/v0015	SES002	-0.85766	24.9073	25.765
spk_ver/v00/v0016	SES275	0.36622	23.3472	22.981
spk_ver/v00/v0017	SES002	1.36339	25.8437	24.4803
spk_ver/v00/v0018	SES002	-6.43117	14.7769	21.2081
spk_ver/v00/v0019	SES002	-1.05388	23.3584	24.4123
spk_ver/v00/v0020	SES002	-5.90373	15.7609	21.6647
spk_ver/v00/v0021	SES002	-2.99154	20.167	23.1585
spk_ver/v00/v0022	SES002	0.689041	24.6203	23.9313
spk_ver/v00/v0023	SES002	-1.8548	24.3811	26.2359
spk_ver/v00/v0024	SES002	-3.88988	18.0644	21.9543
spk_ver/v00/v0025	SES002	-4.03582	20.1969	24.2327
spk_ver/v00/v0026	SES002	-1.51724	24.4322	25.9495
spk_ver/v00/v0027	SES129	1.33503	25.608	24.2729
spk_ver/v00/v0028	SES007	-1.32241	24.6251	25.9475
spk_ver/v00/v0029	SES083	0.307217	25.9907	25.6835
spk_ver/v00/v0030	SES019	1.2323	24.7497	23.5174
spk_ver/v00/v0031	SES007	-1.78228	21.9948	23.7771
spk_ver/v00/v0032	SES270	1.55613	24.9392	23.3831
spk_ver/v00/v0033	SES007	-1.04954	23.0459	24.0955
spk_ver/v00/v0034	SES007	-1.48622	21.4012	22.8874
spk_ver/v00/v0035	SES007	-0.549496	25.5107	26.0602
spk_ver/v00/v0036	SES007	-0.998758	26.1808	27.1796
spk_ver/v00/v0037	SES007	-0.619762	24.8361	25.4559
spk_ver/v00/v0038	SES259	1.87805	28.1503	26.2722
spk_ver/v00/v0039	SES007	-1.51739	22.1488	23.6662
spk_ver/v00/v0040	SES007	-1.46747	25.312	26.7795
spk_ver/v00/v0041	SES007	-0.334743	23.8356	24.1703
spk_ver/v00/v0042	SES007	-0.77212	21.4478	22.22
spk_ver/v00/v0043	SES007	-0.81657	24.4641	25.2807
spk_ver/v00/v0044	SES007	-1.5645	26.6325	28.197
spk_ver/v00/v0045	SES007	-0.976557	24.9928	25.9694
spk_ver/v00/v0046	SES007	-0.966555	24.6555	25.6221
spk_ver/v00/v0047	SES172	0.506632	25.225	24.7184
spk_ver/v00/v0048	SES105	0.824173	25.7196	24.8954
spk_ver/v00/v0049	SES007	-0.515068	25.8	26.3151
spk_ver/v00/v0050	SES292	0.235023	24.8339	24.5989
spk_ver/v00/v0051	SES007	-1.61921	22.5769	24.1961
spk_ver/v00/v0052	SES068	0.236692	25.6929	25.4563
spk_ver/v00/v0053	SES008	-1.21477	26.6138	27.8286
spk_ver/v00/v0054	SES008	-2.61694	19.2483	21.8652
spk_ver/v00/v0055	SES008	-0.920265	24.579	25.4993
spk_ver/v00/v0056	SES008	-2.06167	22.2165	24.2781
spk_ver/v00/v0057	SES008	-1.62201	24.5184	26.1404
spk_ver/v00/v0058	SES083	0.547672	25.9433	25.3957
spk_ver/v00/v0059	SES158	1.29464	25.1339	23.8393
spk_ver/v00/v0060	SES008	-2.39048	22.3391	24.7296
spk_ver/v00/v0061	SES101	0.234724	24.9457	24.711
spk_ver/v00/v0062	SES008	-2.61981	20.3721	22.9919
spk_ver/v00/v0063	SES008	-0.746756	24.2246	24.9714
spk_ver/v00/v0064	SES117	0.955973	22.4751	21.5192
spk_ver/v00/v0065	SES149	1.39257	28.1232	26.7306
spk_ver/v00/v0066	SES008	-0.733522	25.9846	26.7181
spk_ver/v00/v0067	SES008	-1.46542	23.4284	24.8938
spk_ver/v00/v0068	SES162	0.841093	23.1342	22.2931
spk_ver/v00/v0069	SES008	-1.20093	24.2738	25.4747
spk_ver/v00/v0070	SES008	0.162224	26.0395	25.8773
spk_ver/v00/v0071	SES008	-0.959044	23.7595	24.7186
spk_ver/v00/v0072	SES008	-0.448046	26.4617	26.9097
spk_ver/v00/v0073	SES008	-0.554234	26.3692	26.9235
spk_ver/v00/v0074	SES008	-1.56061	24.1395	25.7001
spk_ver/v00/v0075	SES008	-2.60638	21.3958	24.0022
spk_ver/v00/v0076	SES167	1.38107	25.6374	24.2563
spk_ver/v00/v0077	SES008	-0.928162	25.9096	26.8377
spk_ver/v00/v0078	SES177	0.305145	25.8562	25.551
spk_ver/v00/v0079	SES008	-0.119686	23.0119	23.1316
spk_ver/v00/v0080	SES008	-2.48955	21.9664	24.4559
spk_ver/v00/v0081	SES008	-2.46766	20.8348	23.3025
spk_ver/v00/v0082	SES008	-0.844412	24.2957	25.1401
spk_ver/v00/v0083	SES008	-1.77762	19.7381	21.5158
spk_ver/v00/v0084	SES144	0.867395	24.2928	23.4254
spk_ver/v00/v0085	SES008	-1.09497	22.8676	23.9625
spk_ver/v00/v0086	SES008	-0.945345	26.3174	27.2627
spk_ver/v00/v0087	SES008	-1.96539	21.088	23.0534
spk_ver/v00/v0088	SES008	-0.845612	23.4135	24.2591
spk_ver/v00/v0089	SES008	-0.737131	22.9863	23.7234
spk_ver/v00/v0090	SES142	2.08447	23.5946	21.5101
spk_ver/v00/v0091	SES008	-1.62083	22.7403	24.3611
spk_ver/v00/v0092	SES158	0.688349	23.5515	22.8632
spk_ver/v00/v0093	SES014	-0.918343	25.9628	26.8812
spk_ver/v00/v0094	SES014	-2.34781	20.5385	22.8863
spk_ver/v00/v0095	SES014	1.09561	27.5754	26.4798
spk_ver/v00/v0096	SES014	-1.18137	22.5678	23.7492
spk_ver/v00/v0097	SES014	-0.0503998	23.6033	23.6537
spk_ver/v00/v0098	SES014	-0.154499	26.3838	26.5383
spk_ver/v00/v0099	SES014	-5.25159	18.4885	23.7401
spk_ver/v01/v0100	SES127	0.10697	24.2774	24.1705
spk_ver/v01/v0101	SES014	-4.38273	18.3672	22.7499
spk_ver/v01/v0102	SES014	-6.94728	14.0586	21.0059
spk_ver/v01/v0103	SES014	-2.82883	20.7118	23.5406
spk_ver/v01/v0104	SES014	-5.02256	17.4029	22.4254
spk_ver/v01/v0105	SES014	-2.35196	20.167	22.5189
spk_ver/v01/v0106	SES014	-0.268793	23.7524	24.0212
spk_ver/v01/v0107	SES014	-2.99004	21.0531	24.0431
spk_ver/v01/v0108	SES014	-6.30185	14.889	21.1909
spk_ver/v01/v0109	SES014	-7.26789	14.172	21.4399
spk_ver/v01/v0110	SES014	-1.51314	21.827	23.3401
spk_ver/v01/v0111	SES014	0.147089	26.0387	25.8916
spk_ver/v01/v0112	SES014	-2.45176	22.6102	25.0619
spk_ver/v01/v0113	SES104	0.990091	26.1965	25.2064
spk_ver/v01/v0114	SES082	1.32069	27.0862	25.7655
spk_ver/v01/v0115	SES087	1.37569	26.3042	24.9285
spk_ver/v01/v0116	SES014	0.347607	24.0356	23.688
spk_ver/v01/v0117	SES177	0.26042	24.4413	24.1809
spk_ver/v01/v0118	SES014	-3.29344	19.5654	22.8589
spk_ver/v01/v0119	SES014	0.3431	25.9861	25.643
spk_ver/v01/v0120	SES014	-7.03041	14.0114	21.0418
spk_ver/v01/v0121	SES146	0.319757	24.2124	23.8926
spk_ver/v01/v0122	SES014	1.69661	29.1754	27.4788
spk_ver/v01/v0123	SES014	-0.755121	25.4327	26.1878
spk_ver/v01/v0124	SES014	-3.73765	19.8312	23.5689
spk_ver/v01/v0125	SES014	-2.90407	21.8997	24.8038
spk_ver/v01/v0126	SES016	-0.846426	23.7	24.5464
spk_ver/v01/v0127	SES016	-0.864246	19.3509	20.2152
spk_ver/v01/v0128	SES106	1.79346	25.3438	23.5504
spk_ver/v01/v0129	SES016	-1.96994	23.6015	25.5715
spk_ver/v01/v0130	SES016	-1.59743	22.2738	23.8712
spk_ver/v01/v0131	SES016	-2.27779	22.166	24.4438
spk_ver/v01/v0132	SES016	-0.294514	25.6184	25.9129
spk_ver/v01/v0133	SES016	-1.26127	22.5152	23.7765
spk_ver/v01/v0134	SES016	-0.900137	25.4977	26.3978
spk_ver/v01/v0135	SES016	-1.85009	20.1582	22.0083
spk_ver/v01/v0136	SES016	-0.893396	22.3472	23.2406
spk_ver/v01/v0137	SES007	0.203781	22.6871	22.4833
spk_ver/v01/v0138	SES016	0.167709	24.4039	24.2362
spk_ver/v01/v0139	SES016	-0.664528	24.4753	25.1398
spk_ver/v01/v0140	SES016	1.52795	25.799	24.271
spk_ver/v01/v0141	SES016	-3.81882	16.7332	20.552
spk_ver/v01/v0142	SES016	-1.86263	23.089	24.9516
spk_ver/v01/v0143	SES016	-1.97692	21.2402	23.2171
spk_ver/v01/v0144	SES016	-0.959126	24.8441	25.8033
spk_ver/v01/v0145	SES016	-1.54349	22.5172	24.0607
spk_ver/v01/v0146	SES016	-1.62338	24.1979	25.8213
spk_ver/v01/v0147	SES016	0.633387	24.926	24.2926
spk_ver/v01/v0148	SES127	0.3864	24.3558	23.9694
spk_ver/v01/v0149	SES016	-1.11697	24.7595	25.8765
spk_ver/v01/v0150	SES016	-1.41286	24.2943	25.7071
spk_ver/v01/v0151	SES147	0.0540485	22.0019	21.9479
spk_ver/v01/v0152	SES016	-1.00095	22.5117	23.5127
spk_ver/v01/v0153	SES104	2.03746	28.1681	26.1307
spk_ver/v01/v0154	SES016	-0.898329	22.1495	23.0478
spk_ver/v01/v0155	SES016	-1.09135	22.5983	23.6896
spk_ver/v01/v0156	SES019	0.172653	24.1296	23.957
spk_ver/v01/v0157	SES019	-1.54807	25.4765	27.0245
spk_ver/v01/v0158	SES019	0.236506	24.73	24.4935
spk_ver/v01/v0159	SES007	-0.0982647	23.3662	23.4644
spk_ver/v01/v0160	SES019	-0.808661	24.9506	25.7593
spk_ver/v01/v0161	SES019	-0.815691	22.6174	23.4331
spk_ver/v01/v0162	SES019	-2.14493	23.8184	25.9634
spk_ver/v01/v0163	SES189	1.82673	23.5757	21.749
spk_ver/v01/v0164	SES019	-1.06786	24.8491	25.917
spk_ver/v01/v0165	SES019	0.173517	22.8531	22.6796
spk_ver/v01/v0166	SES019	-2.19608	23.7581	25.9542
spk_ver/v01/v0167	SES019	-2.32744	21.3947	23.7221
spk_ver/v01/v0168	SES019	-1.22614	21.1	22.3261
spk_ver/v01/v0169	SES019	-0.289124	22.7172	23.0063
spk_ver/v01/v0170	SES270	0.95986	25.1362	24.1763
spk_ver/v01/v0171	SES019	-0.732594	23.7784	24.511
spk_ver/v01/v0172	SES019	-2.68758	21.2056	23.8932
spk_ver/v01/v0173	SES206	0.994341	25.6341	24.6397
spk_ver/v01/v0174	SES019	0.412804	23.5509	23.1381
spk_ver/v01/v0175	SES014	1.51527	28.5715	27.0562
spk_ver/v01/v0176	SES019	-1.64293	23.7424	25.3854
spk_ver/v01/v0177	SES120	0.514696	23.5849	23.0702
spk_ver/v01/v0178	SES019	-0.0832272	23.7605	23.8437
spk_ver/v01/v0179	SES019	-1.29923	25.8076	27.1068
spk_ver/v01/v0180	SES175	0.683508	24.319	23.6355
spk_ver/v01/v0181	SES019	-1.95132	21.2428	23.1941
spk_ver/v01/v0182	SES019	-1.56667	25.2671	26.8337
spk_ver/v01/v0183	SES029	-1.71529	24.0044	25.7197
spk_ver/v01/v0184	SES029	-0.432821	23.8422	24.2751
spk_ver/v01/v0185	SES029	-0.932734	24.5344	25.4672
spk_ver/v01/v0186	SES068	0.0835476	25.2761	25.1926
spk_ver/v01/v0187	SES029	-1.95262	23.6984	25.651
spk_ver/v01/v0188	SES029	-0.749352	27.2185	27.9678
spk_ver/v01/v0189	SES149	1.66768	27.8876	26.2199
spk_ver/v01/v0190	SES029	-0.857914	26.3363	27.1942
spk_ver/v01/v0191	SES029	-0.994793	23.6244	24.6192
spk_ver/v01/v0192	SES183	0.627613	26.1055	25.4779
spk_ver/v01/v0193	SES029	0.185108	24.6018	24.4167
spk_ver/v01/v0194	SES016	1.17389	26.2479	25.074
spk_ver/v01/v0195	SES029	-1.93814	24.2158	26.154
spk_ver/v01/v0196	SES029	-0.0953655	22.352	22.4474
spk_ver/v01/v0197	SES029	-0.737612	24.7903	25.5279
spk_ver/v01/v0198	SES146	0.545755	23.0497	22.5039
spk_ver/v01/v0199	SES029	-0.846886	22.8743	23.7212
spk_ver/v02/v0200	SES029	-1.49336	24.4964	25.9897
spk_ver/v02/v0201	SES068	0.242449	25.4931	25.2507
spk_ver/v02/v0202	SES148	1.33038	25.2871	23.9567
spk_ver/v02/v0203	SES029	-1.3819	24.6118	25.9937
spk_ver/v02/v0204	SES029	-0.155806	23.4776	23.6334
spk_ver/v02/v0205	SES060	0.798056	26.7024	25.9043
spk_ver/v02/v0206	SES127	0.308842	25.1002	24.7914
spk_ver/v02/v0207	SES029	0.00143433	24.4556	24.4541
spk_ver/v02/v0208	SES048	1.57443	23.9013	22.3268
spk_ver/v02/v0209	SES029	-0.531769	24.7711	25.3028
spk_ver/v02/v0210	SES029	-2.46696	22.1962	24.6631
spk_ver/v02/v0211	SES029	-0.999992	25.967	26.967
spk_ver/v02/v0212	SES042	-4.92871	17.5646	22.4934
spk_ver/v02/v0213	SES085	0.387768	23.1512	22.7635
spk_ver/v02/v0214	SES206	1.48717	26.8284	25.3412
spk_ver/v02/v0215	SES144	0.796528	25.1607	24.3641
spk_ver/v02/v0216	SES042	-1.0794	23.684	24.7634
spk_ver/v02/v0217	SES042	-2.58894	16.0211	18.61
spk_ver/v02/v0218	SES042	0.271833	25.6033	25.3315
spk_ver/v02/v0219	SES206	0.914545	27.2289	26.3143
spk_ver/v02/v0220	SES019	1.928	25.8504	23.9224
spk_ver/v02/v0221	SES007	0.355303	24.2009	23.8456
spk_ver/v02/v0222	SES042	-4.2465	18.9786	23.2251
spk_ver/v02/v0223	SES147	0.202126	23.4354	23.2332
spk_ver/v02/v0224	SES105	0.953461	24.6276	23.6742
spk_ver/v02/v0225	SES042	-0.418692	24.9381	25.3568
spk_ver/v02/v0226	SES275	0.402075	24.5124	24.1103
spk_ver/v02/v0227	SES042	-2.14618	22.2522	24.3984
spk_ver/v02/v0228	SES042	-2.48319	23.2778	25.761
spk_ver/v02/v0229	SES042	-2.75184	23.338	26.0898
spk_ver/v02/v0230	SES085	0.981226	27.7075	26.7263
spk_ver/v02/v0231	SES014	1.55302	29.3386	27.7856
spk_ver/v02/v0232	SES042	0.147255	26.0415	25.8943
spk_ver/v02/v0233	SES048	-1.99642	24.0707	26.0672
spk_ver/v02/v0234	SES048	-2.05481	19.9614	22.0162
spk_ver/v02/v0235	SES029	-0.0913544	24.4174	24.5088
spk_ver/v02/v0236	SES048	-1.52328	24.3556	25.8789
spk_ver/v02/v0237	SES048	-1.72097	22.6548	24.3758
spk_ver/v02/v0238	SES048	-1.50772	23.3904	24.8981
spk_ver/v02/v0239	SES060	1.02055	26.6522	25.6317
spk_ver/v02/v0240	SES048	-3.06722	20.0139	23.0811
spk_ver/v02/v0241	SES048	-1.83085	21.8339	23.6647
spk_ver/v02/v0242	SES189	4.49156	22.4866	17.995
spk_ver/v02/v0243	SES162	0.440886	23.8689	23.428
spk_ver/v02/v0244	SES048	-1.65917	24.4103	26.0695
spk_ver/v02/v0245	SES048	-1.70909	22.6601	24.3692
spk_ver/v02/v0246	SES048	-1.14518	24.2829	25.4281
spk_ver/v02/v0247	SES048	-1.77428	20.2704	22.0447
spk_ver/v02/v0248	SES226	1.44617	26.7793	25.3331
spk_ver/v02/v0249	SES048	-1.09073	24.0589	25.1496
spk_ver/v02/v0250	SES048	-0.5366	23.2538	23.7904
spk_ver/v02/v0251	SES048	-1.89529	21.9833	23.8786
spk_ver/v02/v0252	SES060	-3.31367	18.3074	21.621
spk_ver/v02/v0253	SES060	-2.42128	22.2574	24.6786
spk_ver/v02/v0254	SES259	1.55845	27.6537	26.0952
spk_ver/v02/v0255	SES060	-1.55264	21.1029	22.6555
spk_ver/v02/v0256	SES202	-0.0210114	23.1874	23.2084
spk_ver/v02/v0257	SES148	0.644787	25.9187	25.274
spk_ver/v02/v0258	SES060	-3.31773	17.4216	20.7394
spk_ver/v02/v0259	SES060	0.0331497	26.591	26.5579
spk_ver/v02/v0260	SES060	-1.28883	24.0181	25.307
spk_ver/v02/v0261	SES099	1.54368	26.6219	25.0782
spk_ver/v02/v0262	SES060	-2.11028	22.3236	24.4339
spk_ver/v02/v0263	SES060	-1.20438	25.1186	26.323
spk_ver/v02/v0264	SES292	0.141888	24.5568	24.4149
spk_ver/v02/v0265	SES060	-0.23525	24.2117	24.447
spk_ver/v02/v0266	SES060	-2.05968	21.0542	23.1139
spk_ver/v02/v0267	SES060	-1.38686	22.5578	23.9447
spk_ver/v02/v0268	SES060	-2.4657	20.0418	22.5075
spk_ver/v02/v0269	SES127	1.02211	25.914	24.8919
spk_ver/v02/v0270	SES060	-1.20826	23.3097	24.5179
spk_ver/v02/v0271	SES060	0.269108	24.7028	24.4337
spk_ver/v02/v0272	SES060	-1.63693	23.2222	24.8591
spk_ver/v02/v0273	SES087	1.24067	26.48	25.2393
spk_ver/v02/v0274	SES146	1.22508	24.5271	23.302
spk_ver/v02/v0275	SES060	-1.68291	22.7116	24.3945
spk_ver/v02/v0276	SES002	1.1708	25.7424	24.5716
spk_ver/v02/v0277	SES060	-0.0714149	26.0305	26.1019
spk_ver/v02/v0278	SES060	-0.893082	22.8326	23.7256
spk_ver/v02/v0279	SES060	-1.54374	24.1013	25.645
spk_ver/v02/v0280	SES129	1.9292	27.1796	25.2504
spk_ver/v02/v0281	SES162	0.753002	24.5565	23.8035
spk_ver/v02/v0282	SES060	-1.00595	24.0257	25.0316
spk_ver/v02/v0283	SES060	-1.27893	25.0848	26.3637
spk_ver/v02/v0284	SES062	-2.48176	20.0712	22.5529
spk_ver/v02/v0285	SES062	-1.08362	23.0876	24.1712
spk_ver/v02/v0286	SES120	-0.207438	22.9458	23.1532
spk_ver/v02/v0287	SES062	-1.20457	22.5886	23.7932
spk_ver/v02/v0288	SES062	-1.47268	22.9603	24.433
spk_ver/v02/v0289	SES062	-1.03386	25.4178	26.4517
spk_ver/v02/v0290	SES062	-0.624403	23.8176	24.442
spk_ver/v02/v0291	SES275	0.509277	24.494	23.9847
spk_ver/v02/v0292	SES062	-1.13844	22.2523	23.3908
spk_ver/v02/v0293	SES062	-2.31481	19.9234	22.2382
spk_ver/v02/v0294	SES062	-1.02382	24.2492	25.2731
spk_ver/v02/v0295	SES062	-1.01143	23.9843	24.9957
spk_ver/v02/v0296	SES062	-1.67876	22.3607	24.0395
spk_ver/v02/v0297	SES062	-1.69334	22.5133	24.2067
spk_ver/v02/v0298	SES062	-0.606306	23.2615	23.8678
spk_ver/v02/v0299	SES062	-0.402796	24.783	25.1858
spk_ver/v03/v0300	SES062	-1.67058	20.5135	22.1841
spk_ver/v03/v0301	SES062	-0.834822	25.9155	26.7503
spk_ver/v03/v0302	SES172	-0.00119019	26.1589	26.1601
spk_ver/v03/v0303	SES062	-0.525873	25.4554	25.9813
spk_ver/v03/v0304	SES062	-0.704254	24.1878	24.8921
spk_ver/v03/v0305	SES062	-0.379578	24.3626	24.7422
spk_ver/v03/v0306	SES062	-2.00143	19.8684	21.8698
spk_ver/v03/v0307	SES062	-0.971912	24.2672	25.2391
spk_ver/v03/v0308	SES062	-2.39432	19.2895	21.6839
spk_ver/v03/v0309	SES062	-0.929348	21.8554	22.7847
spk_ver/v03/v0310	SES125	0.709612	27.2392	26.5296
spk_ver/v03/v0311	SES062	-0.470985	25.4352	25.9062
spk_ver/v03/v0312	SES062	-2.4033	19.8178	22.2211
spk_ver/v03/v0313	SES062	-0.838385	23.2441	24.0824
spk_ver/v03/v0314	SES068	-1.58154	23.4024	24.984
spk_ver/v03/v0315	SES068	-0.260363	26.7022	26.9625
spk_ver/v03/v0316	SES068	-2.38362	18.3081	20.6917
spk_ver/v03/v0317	SES068	-0.832247	21.1848	22.017
spk_ver/v03/v0318	SES068	-1.18646	24.8851	26.0715
spk_ver/v03/v0319	SES068	-2.00411	20.123	22.1271
spk_ver/v03/v0320	SES068	-0.294909	25.8027	26.0976
spk_ver/v03/v0321	SES068	-0.249071	23.9622	24.2113
spk_ver/v03/v0322	SES068	-0.606546	24.3393	24.9458
spk_ver/v03/v0323	SES068	-0.564039	24.287	24.851
spk_ver/v03/v0324	SES144	1.04747	22.4884	21.441
spk_ver/v03/v0325	SES068	-0.525944	23.6208	24.1467
spk_ver/v03/v0326	SES068	-0.542789	26.6639	27.2067
spk_ver/v03/v0327	SES068	0.161589	23.8465	23.6849
spk_ver/v03/v0328	SES068	-2.20018	21.5565	23.7567
spk_ver/v03/v0329	SES068	-0.794851	24.238	25.0329
spk_ver/v03/v0330	SES180	0.403461	23.7361	23.3326
spk_ver/v03/v0331	SES068	-0.0125065	24.245	24.2575
spk_ver/v03/v0332	SES275	1.11739	25.4118	24.2944
spk_ver/v03/v0333	SES062	0.975775	27.4879	26.5121
spk_ver/v03/v0334	SES270	1.33544	25.4386	24.1031
spk_ver/v03/v0335	SES068	-2.22303	20.8308	23.0539
spk_ver/v03/v0336	SES068	-0.774853	26.1763	26.9511
spk_ver/v03/v0337	SES068	-0.950628	22.9492	23.8998
spk_ver/v03/v0338	SES068	-1.70565	20.5765	22.2822
spk_ver/v03/v0339	SES068	-0.521769	24.5798	25.1015
spk_ver/v03/v0340	SES068	-1.25191	21.8111	23.063
spk_ver/v03/v0341	SES016	0.846855	26.6449	25.7981
spk_ver/v03/v0342	SES068	-0.0976734	22.6141	22.7118
spk_ver/v03/v0343	SES068	-0.959862	23.8214	24.7812
spk_ver/v03/v0344	SES125	1.35388	26.5654	25.2116
spk_ver/v03/v0345	SES187	0.663113	24.6785	24.0154
spk_ver/v03/v0346	SES068	-1.17744	23.7141	24.8915
spk_ver/v03/v0347	SES143	0.410444	24.2387	23.8282
spk_ver/v03/v0348	SES292	0.658258	25.1903	24.5321
spk_ver/v03/v0349	SES082	-1.24926	24.6394	25.8887
spk_ver/v03/v0350	SES101	0.381809	25.7901	25.4083
spk_ver/v03/v0351	SES082	1.00005	25.0019	24.0018
spk_ver/v03/v0352	SES082	0.535067	23.3234	22.7883
spk_ver/v03/v0353	SES082	-0.790264	24.8084	25.5986
spk_ver/v03/v0354	SES082	-3.97043	17.0384	21.0089
spk_ver/v03/v0355	SES083	0.334007	26.5338	26.1998
spk_ver/v03/v0356	SES082	-1.3775	22.6881	24.0656
spk_ver/v03/v0357	SES082	-1.95083	22.2333	24.1841
spk_ver/v03/v0358	SES082	0.470575	25.019	24.5484
spk_ver/v03/v0359	SES117	0.256514	20.4664	20.2099
spk_ver/v03/v0360	SES082	-2.38295	23.7338	26.1167
spk_ver/v03/v0361	SES082	-0.232796	24.9344	25.1672
spk_ver/v03/v0362	SES007	0.351782	25.2186	24.8668
spk_ver/v03/v0363	SES082	-1.02032	23.665	24.6853
spk_ver/v03/v0364	SES019	1.08332	25.4252	24.3419
spk_ver/v03/v0365	SES082	1.18567	24.8326	23.6469
spk_ver/v03/v0366	SES226	1.71582	26.0987	24.3829
spk_ver/v03/v0367	SES167	1.23849	26.8727	25.6342
spk_ver/v03/v0368	SES082	-0.973907	25.255	26.2289
spk_ver/v03/v0369	SES042	2.37795	29.7008	27.3228
spk_ver/v03/v0370	SES042	2.7998	29.1974	26.3976
spk_ver/v03/v0371	SES082	-1.52336	23.7608	25.2841
spk_ver/v03/v0372	SES082	0.511614	26.4871	25.9755
spk_ver/v03/v0373	SES082	-1.82241	22.6018	24.4242
spk_ver/v03/v0374	SES083	0.0126476	27.9617	27.9491
spk_ver/v03/v0375	SES292	0.319376	25.0174	24.6981
spk_ver/v03/v0376	SES083	-0.450796	25.8061	26.2569
spk_ver/v03/v0377	SES083	-0.592043	23.5414	24.1334
spk_ver/v03/v0378	SES083	-0.842667	22.5183	23.361
spk_ver/v03/v0379	SES083	-0.00898743	24.037	24.0459
spk_ver/v03/v0380	SES083	-1.43973	22.1622	23.6019
spk_ver/v03/v0381	SES083	-0.888805	25.7829	26.6717
spk_ver/v03/v0382	SES148	0.187229	25.894	25.7068
spk_ver/v03/v0383	SES083	-0.0701103	25.9001	25.9702
spk_ver/v03/v0384	SES226	0.885456	25.2585	24.373
spk_ver/v03/v0385	SES226	1.22761	25.8671	24.6395
spk_ver/v03/v0386	SES087	1.45875	26.0603	24.6015
spk_ver/v03/v0387	SES029	1.05543	25.3114	24.256
spk_ver/v03/v0388	SES147	0.697441	23.5327	22.8353
spk_ver/v03/v0389	SES083	-0.713898	23.1663	23.8802
spk_ver/v03/v0390	SES189	0.667416	23.2346	22.5672
spk_ver/v03/v0391	SES083	-0.150618	24.1662	24.3169
spk_ver/v03/v0392	SES083	0.117809	27.3806	27.2628
spk_ver/v03/v0393	SES083	-1.57197	23.617	25.189
spk_ver/v03/v0394	SES083	-0.565432	23.2224	23.7878
spk_ver/v03/v0395	SES083	-0.309792	24.7751	25.0849
spk_ver/v03/v0396	SES014	1.88637	30.1156	28.2292
spk_ver/v03/v0397	SES085	-0.113075	26.3314	26.4445
spk_ver/v03/v0398	SES085	-0.363323	27.161	27.5243
spk_ver/v03/v0399	SES085	-0.522806	25.1734	25.6962
spk_ver/v04/v0400	SES106	1.68032	26.7871	25.1068
spk_ver/v04/v0401	SES085	-1.18089	24.4516	25.6325
spk_ver/v04/v0402	SES085	-1.42347	20.5054	21.9288
spk_ver/v04/v0403	SES085	0.328148	26.2213	25.8931
spk_ver/v04/v0404	SES180	0.789492	25.1385	24.349
spk_ver/v04/v0405	SES129	1.16185	26.9549	25.793
spk_ver/v04/v0406	SES085	-1.9312	22.0706	24.0018
spk_ver/v04/v0407	SES146	-0.0847874	23.5638	23.6486
spk_ver/v04/v0408	SES085	0.154299	26.969	26.8147
spk_ver/v04/v0409	SES085	-0.67885	24.4145	25.0933
spk_ver/v04/v0410	SES085	-1.14437	23.6139	24.7583
spk_ver/v04/v0411	SES292	0.353367	24.3857	24.0324
spk_ver/v04/v0412	SES085	-0.0907555	27.2201	27.3109
spk_ver/v04/v0413	SES125	1.72217	27.1317	25.4095
spk_ver/v04/v0414	SES085	-0.234797	21.8786	22.1134
spk_ver/v04/v0415	SES085	-0.615108	24.8159	25.431
spk_ver/v04/v0416	SES085	-0.740641	24.4336	25.1743
spk_ver/v04/v0417	SES062	0.723188	27.5829	26.8597
spk_ver/v04/v0418	SES060	1.94919	26.7842	24.835
spk_ver/v04/v0419	SES085	0.273418	25.21	24.9366
spk_ver/v04/v0420	SES085	-1.63577	23.2132	24.849
spk_ver/v04/v0421	SES085	-1.81372	20.6885	22.5022
spk_ver/v04/v0422	SES085	-0.244349	22.8816	23.126
spk_ver/v04/v0423	SES085	-0.761488	24.1046	24.8661
spk_ver/v04/v0424	SES085	-1.51999	21.4325	22.9524
spk_ver/v04/v0425	SES183	0.592403	24.6435	24.0511
spk_ver/v04/v0426	SES085	-1.42877	23.4874	24.9162
spk_ver/v04/v0427	SES087	0.0315571	23.3939	23.3623
spk_ver/v04/v0428	SES162	0.556311	24.2486	23.6923
spk_ver/v04/v0429	SES087	0.589865	26.1916	25.6018
spk_ver/v04/v0430	SES087	-2.29716	22.2419	24.539
spk_ver/v04/v0431	SES087	-3.35444	20.4049	23.7593
spk_ver/v04/v0432	SES087	0.214367	23.944	23.7296
spk_ver/v04/v0433	SES087	-1.13448	25.0728	26.2073
spk_ver/v04/v0434	SES142	1.5454	24.1882	22.6428
spk_ver/v04/v0435	SES087	-2.17151	21.829	24.0005
spk_ver/v04/v0436	SES099	1.74467	27.0689	25.3243
spk_ver/v04/v0437	SES087	-0.0078392	26.856	26.8639
spk_ver/v04/v0438	SES087	-2.07467	23.4151	25.4898
spk_ver/v04/v0439	SES087	0.478359	26.131	25.6526
spk_ver/v04/v0440	SES087	-0.817537	25.4864	26.3039
spk_ver/v04/v0441	SES087	-2.82082	20.8504	23.6712
spk_ver/v04/v0442	SES187	1.31734	23.9151	22.5977
spk_ver/v04/v0443	SES172	1.42817	25.417	23.9889
spk_ver/v04/v0444	SES087	-0.958551	24.4514	25.4099
spk_ver/v04/v0445	SES087	-0.828989	24.3908	25.2198
spk_ver/v04/v0446	SES087	0.466959	26.2142	25.7473
spk_ver/v04/v0447	SES087	0.00539017	25.7454	25.74
spk_ver/v04/v0448	SES106	1.75004	25.2331	23.483
spk_ver/v04/v0449	SES146	0.875242	23.7421	22.8668
spk_ver/v04/v0450	SES087	-1.8225	23.2046	25.0271
spk_ver/v04/v0451	SES087	-0.490074	23.9383	24.4284
spk_ver/v04/v0452	SES007	0.541281	23.678	23.1367
spk_ver/v04/v0453	SES087	-0.179104	24.5745	24.7536
spk_ver/v04/v0454	SES087	-1.97276	21.8876	23.8604
spk_ver/v04/v0455	SES180	0.25028	24.1749	23.9247
spk_ver/v04/v0456	SES099	-3.69537	20.0749	23.7703
spk_ver/v04/v0457	SES042	1.33331	28.4833	27.15
spk_ver/v04/v0458	SES099	0.131374	24.3481	24.2167
spk_ver/v04/v0459	SES099	-2.23321	22.0602	24.2934
spk_ver/v04/v0460	SES099	-5.66047	16.1156	21.7761
spk_ver/v04/v0461	SES099	-0.168018	25.9511	26.1191
spk_ver/v04/v0462	SES082	2.18863	27.3881	25.1994
spk_ver/v04/v0463	SES099	0.635246	26.2832	25.648
spk_ver/v04/v0464	SES099	1.06362	26.6932	25.6296
spk_ver/v04/v0465	SES099	-3.32167	21.2442	24.5658
spk_ver/v04/v0466	SES099	0.323391	24.88	24.5566
spk_ver/v04/v0467	SES099	0.432238	25.2714	24.8392
spk_ver/v04/v0468	SES129	1.28217	26.973	25.6908
spk_ver/v04/v0469	SES101	0.333221	24.5373	24.2041
spk_ver/v04/v0470	SES099	-2.60089	20.7302	23.3311
spk_ver/v04/v0471	SES172	0.454844	25.0711	24.6162
spk_ver/v04/v0472	SES099	0.0787163	25.5951	25.5164
spk_ver/v04/v0473	SES270	1.53145	25.7437	24.2123
spk_ver/v04/v0474	SES099	-1.56141	25.1745	26.7359
spk_ver/v04/v0475	SES099	-0.390678	27.0746	27.4653
spk_ver/v04/v0476	SES099	-1.52199	21.4732	22.9952
spk_ver/v04/v0477	SES002	1.18513	26.3018	25.1167
spk_ver/v04/v0478	SES099	0.906046	26.3926	25.4866
spk_ver/v04/v0479	SES007	-0.486355	23.1099	23.5963
spk_ver/v04/v0480	SES101	-1.25501	24.0102	25.2653
spk_ver/v04/v0481	SES101	-1.96367	19.7517	21.7153
spk_ver/v04/v0482	SES175	0.632315	23.8989	23.2666
spk_ver/v04/v0483	SES101	-0.592587	23.5585	24.1511
spk_ver/v04/v0484	SES101	-1.07512	26.5211	27.5962
spk_ver/v04/v0485	SES101	-0.556534	21.8889	22.4454
spk_ver/v04/v0486	SES101	-0.554623	20.5799	21.1346
spk_ver/v04/v0487	SES101	-1.21354	21.5997	22.8133
spk_ver/v04/v0488	SES101	-0.955036	22.1239	23.0789
spk_ver/v04/v0489	SES147	0.579439	23.0839	22.5045
spk_ver/v04/v0490	SES085	0.200386	23.984	23.7837
spk_ver/v04/v0491	SES101	-0.978104	21.1109	22.089
spk_ver/v04/v0492	SES101	-0.772774	21.6836	22.4563
spk_ver/v04/v0493	SES101	-0.537115	26.7434	27.2805
spk_ver/v04/v0494	SES101	-1.38145	21.1508	22.5323
spk_ver/v04/v0495	SES101	-0.582405	26.5352	27.1176
spk_ver/v04/v0496	SES101	-1.08749	23.3921	24.4796
spk_ver/v04/v0497	SES014	1.52907	29.224	27.6949
spk_ver/v04/v0498	SES101	-0.417017	25.1372	25.5542
spk_ver/v04/v0499	SES101	-0.90579	26.0941	26.9999
spk_ver/v05/v0500	SES085	0.795803	26.603	25.8072
spk_ver/v05/v0501	SES101	-0.677538	23.7472	24.4247
spk_ver/v05/v0502	SES275	0.370771	24.5355	24.1647
spk_ver/v05/v0503	SES117	0.173704	21.9809	21.8072
spk_ver/v05/v0504	SES101	-1.13146	23.8248	24.9563
spk_ver/v05/v0505	SES101	-0.690285	24.3296	25.0199
spk_ver/v05/v0506	SES101	-0.477346	23.7507	24.2281
spk_ver/v05/v0507	SES048	1.0111	27.5531	26.542
spk_ver/v05/v0508	SES117	0.672668	22.0652	21.3925
spk_ver/v05/v0509	SES202	1.26882	25.2015	23.9326
spk_ver/v05/v0510	SES104	-0.822481	22.1134	22.9359
spk_ver/v05/v0511	SES008	0.735167	24.5413	23.8061
spk_ver/v05/v0512	SES104	0.462046	23.7724	23.3104
spk_ver/v05/v0513	SES104	-0.749763	25.6545	26.4043
spk_ver/v05/v0514	SES104	-1.9862	25.2643	27.2505
spk_ver/v05/v0515	SES104	-2.63009	21.3659	23.996
spk_ver/v05/v0516	SES104	-0.989885	22.6083	23.5982
spk_ver/v05/v0517	SES060	0.488214	27.8117	27.3235
spk_ver/v05/v0518	SES104	-4.81532	17.4007	22.216
spk_ver/v05/v0519	SES104	-4.13453	17.6719	21.8064
spk_ver/v05/v0520	SES104	-0.295185	27.0114	27.3066
spk_ver/v05/v0521	SES008	0.876001	27.0971	26.2211
spk_ver/v05/v0522	SES068	0.452448	24.9958	24.5433
spk_ver/v05/v0523	SES087	1.49473	27.6854	26.1907
spk_ver/v05/v0524	SES104	-0.18503	23.455	23.64
spk_ver/v05/v0525	SES104	0.309513	24.5059	24.1964
spk_ver/v05/v0526	SES104	-0.087492	24.7064	24.7939
spk_ver/v05/v0527	SES083	0.38306	25.3611	24.978
spk_ver/v05/v0528	SES148	0.95503	25.4677	24.5126
spk_ver/v05/v0529	SES104	-0.232683	24.9888	25.2215
spk_ver/v05/v0530	SES104	-3.31627	21.7439	25.0602
spk_ver/v05/v0531	SES125	1.75566	26.4946	24.739
spk_ver/v05/v0532	SES104	-3.81488	18.4606	22.2755
spk_ver/v05/v0533	SES149	1.86656	28.9934	27.1268
spk_ver/v05/v0534	SES104	-2.16959	23.3866	25.5562
spk_ver/v05/v0535	SES187	0.848095	22.8539	22.0058
spk_ver/v05/v0536	SES104	-0.0560627	25.5068	25.5629
spk_ver/v05/v0537	SES104	-0.70706	23.1617	23.8687
spk_ver/v05/v0538	SES167	1.1139	24.8518	23.7379
spk_ver/v05/v0539	SES104	0.422836	22.9507	22.5278
spk_ver/v05/v0540	SES104	-2.66577	25.3136	27.9793
spk_ver/v05/v0541	SES183	0.627676	22.6982	22.0705
spk_ver/v05/v0542	SES104	0.146626	23.8287	23.6821
spk_ver/v05/v0543	SES104	-2.85054	21.6947	24.5452
spk_ver/v05/v0544	SES105	-2.12321	20.6385	22.7617
spk_ver/v05/v0545	SES105	-1.46914	22.9968	24.4659
spk_ver/v05/v0546	SES105	-0.881491	22.9965	23.878
spk_ver/v05/v0547	SES105	-1.72363	21.6763	23.3999
spk_ver/v05/v0548	SES019	1.29669	24.9995	23.7028
spk_ver/v05/v0549	SES105	-1.17957	23.986	25.1656
spk_ver/v05/v0550	SES105	-1.38274	23.0642	24.4469
spk_ver/v05/v0551	SES202	1.93015	22.7102	20.78
spk_ver/v05/v0552	SES105	-1.69499	22.1818	23.8767
spk_ver/v05/v0553	SES105	-0.2152	25.3524	25.5676
spk_ver/v05/v0554	SES105	-0.75042	25.1814	25.9318
spk_ver/v05/v0555	SES105	-0.995047	23.657	24.6521
spk_ver/v05/v0556	SES082	1.11498	25.1065	23.9915
spk_ver/v05/v0557	SES105	-0.851103	25.4826	26.3337
spk_ver/v05/v0558	SES014	1.35134	28.0149	26.6636
spk_ver/v05/v0559	SES105	-0.637636	24.9945	25.6321
spk_ver/v05/v0560	SES177	-0.275661	24.602	24.8777
spk_ver/v05/v0561	SES189	6.15865	17.2844	11.1258
spk_ver/v05/v0562	SES105	-1.0468	22.8346	23.8814
spk_ver/v05/v0563	SES099	1.79999	23.9242	22.1242
spk_ver/v05/v0564	SES105	-0.813683	24.1001	24.9137
spk_ver/v05/v0565	SES105	-0.946262	22.7346	23.6808
spk_ver/v05/v0566	SES105	-1.55388	23.0695	24.6234
spk_ver/v05/v0567	SES142	1.08318	23.7922	22.7091
spk_ver/v05/v0568	SES048	0.742928	26.3347	25.5918
spk_ver/v05/v0569	SES105	-1.21739	24.4545	25.6719
spk_ver/v05/v0570	SES105	-0.493774	24.4807	24.9745
spk_ver/v05/v0571	SES105	-1.91496	20.2197	22.1346
spk_ver/v05/v0572	SES105	-1.56164	21.4528	23.0144
spk_ver/v05/v0573	SES105	-1.42772	22.1205	23.5483
spk_ver/v05/v0574	SES105	-0.448948	24.9051	25.354
spk_ver/v05/v0575	SES105	-1.07637	22.1482	23.2245
spk_ver/v05/v0576	SES106	-1.90972	21.204	23.1137
spk_ver/v05/v0577	SES106	-1.91429	23.0834	24.9977
spk_ver/v05/v0578	SES106	-1.62369	23.1204	24.7441
spk_ver/v05/v0579	SES106	-2.11906	22.6895	24.8085
spk_ver/v05/v0580	SES106	-0.176285	26.2998	26.4761
spk_ver/v05/v0581	SES106	-2.57718	20.7015	23.2787
spk_ver/v05/v0582	SES106	0.219372	22.8228	22.6035
spk_ver/v05/v0583	SES106	0.27562	25.1655	24.8899
spk_ver/v05/v0584	SES106	-3.43014	20.2295	23.6596
spk_ver/v05/v0585	SES106	0.138117	21.8119	21.6737
spk_ver/v05/v0586	SES106	-2.20143	21.5219	23.7233
spk_ver/v05/v0587	SES106	-1.85996	21.3311	23.191
spk_ver/v05/v0588	SES106	-1.76731	23.9204	25.6877
spk_ver/v05/v0589	SES106	-2.49893	23.3663	25.8652
spk_ver/v05/v0590	SES082	0.864225	24.6221	23.7579
spk_ver/v05/v0591	SES180	0.304333	23.4717	23.1674
spk_ver/v05/v0592	SES106	0.0495853	23.7266	23.677
spk_ver/v05/v0593	SES106	-4.08985	17.5524	21.6423
spk_ver/v05/v0594	SES292	0.288658	24.6375	24.3488
spk_ver/v05/v0595	SES106	0.349377	27.2525	26.9031
spk_ver/v05/v0596	SES106	-3.24655	19.8768	23.1233
spk_ver/v05/v0597	SES106	-2.18848	21.2642	23.4527
spk_ver/v05/v0598	SES042	2.08743	28.8802	26.7927
spk_ver/v05/v0599	SES106	-2.71754	20.9694	23.687
spk_ver/v06/v0600	SES106	1.34753	24.0954	22.7478
spk_ver/v06/v0601	SES106	0.0510139	23.549	23.498
spk_ver/v06/v0602	SES106	-0.881351	24.4091	25.2905
spk_ver/v06/v0603	SES106	-2.54914	21.0336	23.5827
spk_ver/v06/v0604	SES106	-2.51277	22.9078	25.4206
spk_ver/v06/v0605	SES106	-3.00992	18.9463	21.9562
spk_ver/v06/v0606	SES048	1.75071	27.6662	25.9155
spk_ver/v06/v0607	SES167	1.64132	26.363	24.7217
spk_ver/v06/v0608	SES106	-2.07028	22.7307	24.801
spk_ver/v06/v0609	SES143	-0.248642	23.895	24.1436
spk_ver/v06/v0610	SES106	-4.60052	14.8775	19.478
spk_ver/v06/v0611	SES106	-2.45645	21.8289	24.2853
spk_ver/v06/v0612	SES106	-3.78203	18.8513	22.6333
spk_ver/v06/v0613	SES117	-1.00505	24.3993	25.4044
spk_ver/v06/v0614	SES117	-2.59762	22.8843	25.4819
spk_ver/v06/v0615	SES117	-1.15611	22.5004	23.6565
spk_ver/v06/v0616	SES106	1.37322	28.1736	26.8004
spk_ver/v06/v0617	SES142	1.86203	22.4749	20.6129
spk_ver/v06/v0618	SES048	1.1471	27.6746	26.5275
spk_ver/v06/v0619	SES175	0.926912	24.7856	23.8587
spk_ver/v06/v0620	SES180	-0.447865	25.1821	25.63
spk_ver/v06/v0621	SES117	0.0656872	21.447	21.3813
spk_ver/v06/v0622	SES029	0.174944	24.286	24.1111
spk_ver/v06/v0623	SES117	-0.649662	24.5247	25.1744
spk_ver/v06/v0624	SES117	-2.05619	22.6322	24.6883
spk_ver/v06/v0625	SES117	-0.745178	20.1779	20.9231
spk_ver/v06/v0626	SES106	0.93783	25.9263	24.9884
spk_ver/v06/v0627	SES226	1.10695	26.6917	25.5847
spk_ver/v06/v0628	SES117	-0.0896378	23.6909	23.7805
spk_ver/v06/v0629	SES117	-2.2338	27.3531	29.5869
spk_ver/v06/v0630	SES117	-2.35612	23.2023	25.5584
spk_ver/v06/v0631	SES117	-1.74238	20.5216	22.264
spk_ver/v06/v0632	SES117	-1.38253	25.1589	26.5414
spk_ver/v06/v0633	SES099	2.8858	27.1895	24.3037
spk_ver/v06/v0634	SES105	1.14334	25.0493	23.9059
spk_ver/v06/v0635	SES167	0.99221	24.719	23.7268
spk_ver/v06/v0636	SES117	-0.589226	24.77	25.3592
spk_ver/v06/v0637	SES202	1.24776	23.6443	22.3966
spk_ver/v06/v0638	SES117	-2.15504	23.1611	25.3162
spk_ver/v06/v0639	SES167	2.06177	25.6433	23.5816
spk_ver/v06/v0640	SES117	-1.00233	23.8021	24.8044
spk_ver/v06/v0641	SES117	-1.79616	23.4177	25.2139
spk_ver/v06/v0642	SES101	0.580225	26.7958	26.2156
spk_ver/v06/v0643	SES068	-0.185728	24.7246	24.9104
spk_ver/v06/v0644	SES120	0.616348	23.7552	23.1389
spk_ver/v06/v0645	SES120	-0.349461	22.4937	22.8432
spk_ver/v06/v0646	SES172	1.02029	24.5619	23.5416
spk_ver/v06/v0647	SES120	-1.01316	23.9863	24.9995
spk_ver/v06/v0648	SES120	-0.35457	26.1482	26.5027
spk_ver/v06/v0649	SES120	0.219597	23.4869	23.2673
spk_ver/v06/v0650	SES087	1.21403	25.942	24.728
spk_ver/v06/v0651	SES120	0.0631847	23.4498	23.3866
spk_ver/v06/v0652	SES104	0.477736	23.5458	23.0681
spk_ver/v06/v0653	SES129	1.23741	27.702	26.4646
spk_ver/v06/v0654	SES120	-0.773294	23.9734	24.7467
spk_ver/v06/v0655	SES120	0.258093	22.8159	22.5578
spk_ver/v06/v0656	SES120	-0.814133	24.6682	25.4823
spk_ver/v06/v0657	SES147	0.114143	23.3737	23.2596
spk_ver/v06/v0658	SES120	-0.184401	23.6258	23.8102
spk_ver/v06/v0659	SES120	-0.191391	25.352	25.5434
spk_ver/v06/v0660	SES120	-0.3144	25.516	25.8304
spk_ver/v06/v0661	SES120	0.130325	23.636	23.5057
spk_ver/v06/v0662	SES120	-0.220474	26.6542	26.8746
spk_ver/v06/v0663	SES120	-1.04088	20.4389	21.4798
spk_ver/v06/v0664	SES147	0.196802	24.1661	23.9693
spk_ver/v06/v0665	SES162	1.098	24.8964	23.7984
spk_ver/v06/v0666	SES120	-1.31003	24.1689	25.4789
spk_ver/v06/v0667	SES120	0.872454	25.9962	25.1237
spk_ver/v06/v0668	SES120	0.184036	25.0635	24.8795
spk_ver/v06/v0669	SES142	0.911116	24.3509	23.4398
spk_ver/v06/v0670	SES106	2.02125	27.3263	25.305
spk_ver/v06/v0671	SES183	1.49398	25.0241	23.5301
spk_ver/v06/v0672	SES120	0.275578	23.6523	23.3767
spk_ver/v06/v0673	SES029	0.840117	24.1172	23.2771
spk_ver/v06/v0674	SES120	-0.447285	25.067	25.5143
spk_ver/v06/v0675	SES008	1.23682	26.6571	25.4202
spk_ver/v06/v0676	SES125	-3.65444	18.1214	21.7758
spk_ver/v06/v0677	SES143	0.624405	23.8754	23.2509
spk_ver/v06/v0678	SES125	-4.03431	18.0302	22.0645
spk_ver/v06/v0679	SES162	0.191221	24.21	24.0188
spk_ver/v06/v0680	SES125	-0.61936	25.4928	26.1121
spk_ver/v06/v0681	SES125	-0.300913	24.7508	25.0517
spk_ver/v06/v0682	SES125	-1.87503	25.4341	27.3091
spk_ver/v06/v0683	SES226	0.801895	25.4045	24.6026
spk_ver/v06/v0684	SES125	-1.67308	21.8292	23.5023
spk_ver/v06/v0685	SES125	-2.74578	21.7835	24.5292
spk_ver/v06/v0686	SES120	0.357357	26.4085	26.0511
spk_ver/v06/v0687	SES125	-2.39754	18.0097	20.4073
spk_ver/v06/v0688	SES158	1.81415	25.6021	23.788
spk_ver/v06/v0689	SES125	-2.68238	21.7442	24.4265
spk_ver/v06/v0690	SES105	0.781395	24.0931	23.3117
spk_ver/v06/v0691	SES125	-0.0538254	23.7944	23.8483
spk_ver/v06/v0692	SES125	-1.33032	24.6083	25.9386
spk_ver/v06/v0693	SES180	0.601774	25.102	24.5002
spk_ver/v06/v0694	SES125	-4.32969	17.7276	22.0573
spk_ver/v06/v0695	SES125	-1.35469	25.0151	26.3698
spk_ver/v06/v0696	SES125	-3.85359	21.4922	25.3458
spk_ver/v06/v0697	SES125	-4.14431	17.593	21.7373
spk_ver/v06/v0698	SES083	0.322271	25.8781	25.5558
spk_ver/v06/v0699	SES125	-2.68969	21.9253	24.6149
spk_ver/v07/v0700	SES014	2.09	27.7558	25.6658
spk_ver/v07/v0701	SES125	-1.92894	26.1166	28.0456
spk_ver/v07/v0702	SES127	-0.34185	24.2702	24.6121
spk_ver/v07/v0703	SES127	-0.44194	22.9949	23.4369
spk_ver/v07/v0704	SES206	1.74066	26.749	25.0084
spk_ver/v07/v0705	SES127	-1.32898	21.4085	22.7375
spk_ver/v07/v0706	SES127	-0.418688	23.5876	24.0063
spk_ver/v07/v0707	SES127	-1.54795	23.4601	25.008
spk_ver/v07/v0708	SES275	0.18602	24.9979	24.8119
spk_ver/v07/v0709	SES127	-1.49076	23.6871	25.1779
spk_ver/v07/v0710	SES105	0.484221	24.2188	23.7345
spk_ver/v07/v0711	SES127	-0.770475	24.1111	24.8816
spk_ver/v07/v0712	SES127	-1.40748	22.9399	24.3473
spk_ver/v07/v0713	SES127	-0.858068	22.2625	23.1206
spk_ver/v07/v0714	SES019	2.17793	24.5013	22.3234
spk_ver/v07/v0715	SES127	-1.92462	19.8815	21.8062
spk_ver/v07/v0716	SES148	0.479038	25.8689	25.3899
spk_ver/v07/v0717	SES162	0.656422	24.826	24.1695
spk_ver/v07/v0718	SES189	1.61887	21.1161	19.4972
spk_ver/v07/v0719	SES149	0.642715	27.811	27.1683
spk_ver/v07/v0720	SES175	0.8416	24.002	23.1604
spk_ver/v07/v0721	SES127	-1.38161	24.1292	25.5108
spk_ver/v07/v0722	SES127	-0.0985641	24.9733	25.0719
spk_ver/v07/v0723	SES127	-0.970469	23.7393	24.7098
spk_ver/v07/v0724	SES127	-1.50484	21.73	23.2348
spk_ver/v07/v0725	SES127	-1.71859	22.7099	24.4285
spk_ver/v07/v0726	SES259	1.50126	28.1216	26.6203
spk_ver/v07/v0727	SES127	0.406557	24.9765	24.57
spk_ver/v07/v0728	SES127	0.594934	27.7747	27.1797
spk_ver/v07/v0729	SES127	-1.5072	21.8095	23.3167
spk_ver/v07/v0730	SES127	-1.65343	20.6408	22.2943
spk_ver/v07/v0731	SES129	-1.26972	26.412	27.6817
spk_ver/v07/v0732	SES129	-1.46575	21.089	22.5548
spk_ver/v07/v0733	SES129	-1.63303	19.6917	21.3247
spk_ver/v07/v0734	SES129	-3.9104	16.6462	20.5566
spk_ver/v07/v0735	SES183	1.31058	25.5943	24.2837
spk_ver/v07/v0736	SES129	-1.8832	22.4562	24.3394
spk_ver/v07/v0737	SES129	-1.67632	23.2443	24.9206
spk_ver/v07/v0738	SES129	-2.37705	21.4934	23.8704
spk_ver/v07/v0739	SES129	-3.27974	19.6576	22.9374
spk_ver/v07/v0740	SES167	0.23011	26.2599	26.0298
spk_ver/v07/v0741	SES129	-0.699823	21.1864	21.8863
spk_ver/v07/v0742	SES129	-2.04887	26.4501	28.499
spk_ver/v07/v0743	SES129	-0.614305	25.7562	26.3705
spk_ver/v07/v0744	SES129	-3.62851	18.2881	21.9167
spk_ver/v07/v0745	SES180	0.60483	24.9513	24.3465
spk_ver/v07/v0746	SES129	-1.36223	25.5264	26.8886
spk_ver/v07/v0747	SES292	0.0148716	25.2799	25.265
spk_ver/v07/v0748	SES202	1.65149	22.2236	20.5721
spk_ver/v07/v0749	SES270	0.995319	25.9059	24.9106
spk_ver/v07/v0750	SES129	-1.77599	25.0826	26.8586
spk_ver/v07/v0751	SES129	-1.77123	24.5787	26.3499
spk_ver/v07/v0752	SES060	-0.0933685	23.0303	23.1237
spk_ver/v07/v0753	SES129	-2.61142	20.357	22.9685
spk_ver/v07/v0754	SES129	-3.94423	14.9404	18.8846
spk_ver/v07/v0755	SES129	-2.4519	20.7769	23.2288
spk_ver/v07/v0756	SES175	1.21398	24.4094	23.1954
spk_ver/v07/v0757	SES129	-1.71859	21.9802	23.6988
spk_ver/v07/v0758	SES129	-2.1511	21.3424	23.4935
spk_ver/v07/v0759	SES129	-1.13167	24.394	25.5257
spk_ver/v07/v0760	SES129	-1.41682	23.6667	25.0835
spk_ver/v07/v0761	SES129	-1.22173	25.0488	26.2705
spk_ver/v07/v0762	SES172	0.147301	23.7192	23.5719
spk_ver/v07/v0763	SES129	-0.622589	23.2501	23.8727
spk_ver/v07/v0764	SES129	-1.34969	23.2997	24.6494
spk_ver/v07/v0765	SES175	0.271952	23.1124	22.8404
spk_ver/v07/v0766	SES129	-1.53127	24.1945	25.7258
spk_ver/v07/v0767	SES129	-1.56056	21.8808	23.4414
spk_ver/v07/v0768	SES042	1.69346	28.6321	26.9387
spk_ver/v07/v0769	SES099	2.28567	25.9699	23.6842
spk_ver/v07/v0770	SES142	-1.21281	21.959	23.1718
spk_ver/v07/v0771	SES142	-1.46793	24.7998	26.2677
spk_ver/v07/v0772	SES101	0.567732	25.8318	25.264
spk_ver/v07/v0773	SES142	-2.34767	20.6446	22.9923
spk_ver/v07/v0774	SES142	-1.94937	20.5674	22.5168
spk_ver/v07/v0775	SES142	-0.589441	24.0204	24.6099
spk_ver/v07/v0776	SES142	-2.4168	24.6067	27.0235
spk_ver/v07/v0777	SES142	-1.66997	22.3361	24.006
spk_ver/v07/v0778	SES142	-1.09724	22.1883	23.2856
spk_ver/v07/v0779	SES142	-3.6903	21.4848	25.1751
spk_ver/v07/v0780	SES142	-2.01644	20.7263	22.7427
spk_ver/v07/v0781	SES142	-3.15465	21.3324	24.487
spk_ver/v07/v0782	SES101	0.22822	24.2673	24.0391
spk_ver/v07/v0783	SES142	-2.72975	22.8479	25.5776
spk_ver/v07/v0784	SES187	1.30472	24.0972	22.7924
spk_ver/v07/v0785	SES143	0.597048	21.4502	20.8531
spk_ver/v07/v0786	SES142	-1.32537	22.7502	24.0756
spk_ver/v07/v0787	SES144	0.860603	25.8419	24.9813
spk_ver/v07/v0788	SES275	0.218945	25.5087	25.2897
spk_ver/v07/v0789	SES142	-1.83491	22.2083	24.0433
spk_ver/v07/v0790	SES099	1.93812	27.5902	25.6521
spk_ver/v07/v0791	SES142	-2.1529	20.7499	22.9028
spk_ver/v07/v0792	SES142	-2.11493	25.9221	28.0371
spk_ver/v07/v0793	SES142	-1.31466	21.6528	22.9674
spk_ver/v07/v0794	SES014	2.07585	28.3535	26.2776
spk_ver/v07/v0795	SES142	-3.27805	21.9979	25.2759
spk_ver/v07/v0796	SES142	-2.63711	23.4462	26.0833
spk_ver/v07/v0797	SES143	-0.244555	25.6903	25.9349
spk_ver/v07/v0798	SES206	0.791288	26.4607	25.6694
spk_ver/v07/v0799	SES143	-1.36251	21.2337	22.5962
spk_ver/v08/v0800	SES143	-0.629232	23.4152	24.0444
spk_ver/v08/v0801	SES143	-0.418577	26.6136	27.0321
spk_ver/v08/v0802	SES143	-0.818684	23.3935	24.2121
spk_ver/v08/v0803	SES143	-0.640228	23.4127	24.0529
spk_ver/v08/v0804	SES143	-0.850157	23.2468	24.0969
spk_ver/v08/v0805	SES143	-1.21879	24.1172	25.336
spk_ver/v08/v0806	SES143	-0.91943	22.0047	22.9242
spk_ver/v08/v0807	SES177	-0.311703	24.1563	24.468
spk_ver/v08/v0808	SES149	1.38726	28.737	27.3498
spk_ver/v08/v0809	SES143	-1.84746	24.0162	25.8637
spk_ver/v08/v0810	SES158	1.30857	24.6039	23.2954
spk_ver/v08/v0811	SES143	-1.10516	21.7323	22.8374
spk_ver/v08/v0812	SES062	1.0836	27.6799	26.5963
spk_ver/v08/v0813	SES259	1.49508	28.5009	27.0058
spk_ver/v08/v0814	SES143	-1.64952	23.9659	25.6154
spk_ver/v08/v0815	SES143	-0.852346	24.1174	24.9698
spk_ver/v08/v0816	SES143	-0.473757	24.5093	24.9831
spk_ver/v08/v0817	SES144	0.120619	24.0315	23.9108
spk_ver/v08/v0818	SES143	0.161375	23.1198	22.9584
spk_ver/v08/v0819	SES143	-0.994793	24.5179	25.5127
spk_ver/v08/v0820	SES143	-0.228453	25.7282	25.9566
spk_ver/v08/v0821	SES143	0.397987	23.0473	22.6494
spk_ver/v08/v0822	SES143	-1.11757	24.1851	25.3027
spk_ver/v08/v0823	SES104	1.29772	27.1048	25.8071
spk_ver/v08/v0824	SES143	-0.659811	24.1108	24.7706
spk_ver/v08/v0825	SES143	-0.636555	23.8643	24.5009
spk_ver/v08/v0826	SES144	-1.57948	22.9719	24.5514
spk_ver/v08/v0827	SES144	-0.26087	24.5152	24.776
spk_ver/v08/v0828	SES144	-0.667727	25.7579	26.4256
spk_ver/v08/v0829	SES172	0.532141	24.3311	23.7989
spk_ver/v08/v0830	SES144	-0.026823	24.0371	24.064
spk_ver/v08/v0831	SES183	1.26906	24.0691	22.8
spk_ver/v08/v0832	SES144	-1.84101	22.299	24.14
spk_ver/v08/v0833	SES144	-1.94652	23.6598	25.6063
spk_ver/v08/v0834	SES144	-0.316711	24.9023	25.219
spk_ver/v08/v0835	SES144	-1.0515	23.2327	24.2842
spk_ver/v08/v0836	SES144	-0.388256	25.2828	25.6711
spk_ver/v08/v0837	SES144	-0.935221	26.4955	27.4307
spk_ver/v08/v0838	SES144	-1.44048	23.276	24.7165
spk_ver/v08/v0839	SES085	0.437645	24.9302	24.4926
spk_ver/v08/v0840	SES144	0.161903	24.135	23.9731
spk_ver/v08/v0841	SES144	-1.0589	20.0695	21.1284
spk_ver/v08/v0842	SES144	-1.05301	25.0316	26.0846
spk_ver/v08/v0843	SES144	0.118088	25.0191	24.901
spk_ver/v08/v0844	SES144	-1.19037	25.2526	26.4429
spk_ver/v08/v0845	SES144	-1.71983	26.2123	27.9322
spk_ver/v08/v0846	SES104	1.41885	26.7944	25.3755
spk_ver/v08/v0847	SES144	-0.345587	23.4587	23.8043
spk_ver/v08/v0848	SES144	-0.560701	19.2777	19.8384
spk_ver/v08/v0849	SES144	-2.37605	22.2132	24.5893
spk_ver/v08/v0850	SES144	-1.71856	24.4204	26.1389
spk_ver/v08/v0851	SES144	-0.825762	24.4195	25.2452
spk_ver/v08/v0852	SES144	-0.188393	25.8231	26.0115
spk_ver/v08/v0853	SES144	-1.60397	24.2051	25.8091
spk_ver/v08/v0854	SES144	-0.673235	22.7393	23.4125
spk_ver/v08/v0855	SES144	-0.176737	26.3252	26.5019
spk_ver/v08/v0856	SES082	0.336002	22.2258	21.8898
spk_ver/v08/v0857	SES142	0.984758	24.04	23.0552
spk_ver/v08/v0858	SES144	-0.230936	21.0678	21.2988
spk_ver/v08/v0859	SES144	-0.347895	23.4263	23.7741
spk_ver/v08/v0860	SES146	-1.18094	23.0314	24.2123
spk_ver/v08/v0861	SES146	-0.563534	22.2898	22.8533
spk_ver/v08/v0862	SES146	-1.6213	22.4587	24.08
spk_ver/v08/v0863	SES146	-1.78827	20.8678	22.6561
spk_ver/v08/v0864	SES146	-1.87197	24.2852	26.1571
spk_ver/v08/v0865	SES008	1.84222	25.3586	23.5164
spk_ver/v08/v0866	SES142	0.598387	24.1781	23.5797
spk_ver/v08/v0867	SES146	-2.3065	24.4238	26.7303
spk_ver/v08/v0868	SES082	1.53762	27.3155	25.7779
spk_ver/v08/v0869	SES146	-0.789646	25.0875	25.8771
spk_ver/v08/v0870	SES146	-1.0223	21.2386	22.2609
spk_ver/v08/v0871	SES146	-0.661005	23.3924	24.0534
spk_ver/v08/v0872	SES146	-1.67624	20.9669	22.6432
spk_ver/v08/v0873	SES082	1.45449	27.6024	26.1479
spk_ver/v08/v0874	SES146	-1.44808	22.0453	23.4934
spk_ver/v08/v0875	SES144	0.419079	24.0717	23.6526
spk_ver/v08/v0876	SES146	-2.57934	26.9914	29.5708
spk_ver/v08/v0877	SES146	-1.34862	23.3479	24.6965
spk_ver/v08/v0878	SES146	-1.31835	24.1169	25.4353
spk_ver/v08/v0879	SES146	-1.80652	21.4017	23.2082
spk_ver/v08/v0880	SES146	-1.60554	21.8792	23.4847
spk_ver/v08/v0881	SES143	0.0106716	23.5604	23.5497
spk_ver/v08/v0882	SES146	-0.817574	25.3046	26.1222
spk_ver/v08/v0883	SES147	-0.538826	24.2866	24.8254
spk_ver/v08/v0884	SES147	0.209221	23.4176	23.2084
spk_ver/v08/v0885	SES016	0.86104	25.7849	24.9238
spk_ver/v08/v0886	SES147	-0.751425	21.909	22.6604
spk_ver/v08/v0887	SES147	-1.04212	24.0845	25.1267
spk_ver/v08/v0888	SES147	-1.0534	22.5704	23.6238
spk_ver/v08/v0889	SES019	1.06449	24.3825	23.318
spk_ver/v08/v0890	SES147	-1.1241	22.0939	23.218
spk_ver/v08/v0891	SES147	-1.37257	24.9659	26.3384
spk_ver/v08/v0892	SES147	-0.510399	22.2165	22.7269
spk_ver/v08/v0893	SES270	1.46784	23.1714	21.7036
spk_ver/v08/v0894	SES029	1.77682	24.7977	23.0209
spk_ver/v08/v0895	SES147	-1.20932	20.4107	21.62
spk_ver/v08/v0896	SES117	0.0171318	22.6465	22.6294
spk_ver/v08/v0897	SES183	1.78196	22.5338	20.7519
spk_ver/v08/v0898	SES147	-1.89679	24.7903	26.6871
spk_ver/v08/v0899	SES147	-0.938015	19.4965	20.4345
spk_ver/v09/v0900	SES087	1.49252	26.3925	24.9
spk_ver/v09/v0901	SES147	-2.69386	20.7242	23.4181
spk_ver/v09/v0902	SES147	-1.59941	22.8758	24.4753
spk_ver/v09/v0903	SES147	-0.311239	23.2674	23.5787
spk_ver/v09/v0904	SES147	-0.279247	26.0724	26.3517
spk_ver/v09/v0905	SES143	-0.0297947	23.2853	23.3151
spk_ver/v09/v0906	SES149	0.753387	28.0064	27.253
spk_ver/v09/v0907	SES148	-0.676849	26.4838	27.1607
spk_ver/v09/v0908	SES148	-0.145901	25.3107	25.4566
spk_ver/v09/v0909	SES106	1.30917	24.035	22.7258
spk_ver/v09/v0910	SES148	-0.304873	22.4444	22.7492
spk_ver/v09/v0911	SES148	-1.63153	23.179	24.8106
spk_ver/v09/v0912	SES142	0.827929	22.9637	22.1357
spk_ver/v09/v0913	SES148	-2.00061	20.654	22.6546
spk_ver/v09/v0914	SES148	-1.73073	22.9252	24.656
spk_ver/v09/v0915	SES148	-1.59992	18.9916	20.5915
spk_ver/v09/v0916	SES148	-1.41315	20.9509	22.364
spk_ver/v09/v0917	SES148	0.874765	24.8936	24.0189
spk_ver/v09/v0918	SES148	-0.204943	26.5823	26.7872
spk_ver/v09/v0919	SES270	1.55242	25.405	23.8526
spk_ver/v09/v0920	SES148	-0.649454	26.5341	27.1835
spk_ver/v09/v0921	SES148	-1.87704	24.2849	26.162
spk_ver/v09/v0922	SES129	1.22408	28.9465	27.7224
spk_ver/v09/v0923	SES117	-0.209709	23.6975	23.9072
spk_ver/v09/v0924	SES042	2.47684	28.5695	26.0926
spk_ver/v09/v0925	SES148	-2.43559	21.8617	24.2973
spk_ver/v09/v0926	SES148	-2.21961	19.2322	21.4518
spk_ver/v09/v0927	SES144	0.885296	25.2679	24.3826
spk_ver/v09/v0928	SES007	0.098772	23.0024	22.9036
spk_ver/v09/v0929	SES148	-1.03609	25.9588	26.9949
spk_ver/v09/v0930	SES148	-0.457428	25.6753	26.1327
spk_ver/v09/v0931	SES148	-1.48881	20.6758	22.1646
spk_ver/v09/v0932	SES202	0.755571	24.6547	23.8991
spk_ver/v09/v0933	SES148	-0.186106	26.7753	26.9614
spk_ver/v09/v0934	SES148	-1.65313	23.5355	25.1886
spk_ver/v09/v0935	SES060	0.750601	27.1638	26.4132
spk_ver/v09/v0936	SES060	1.07564	25.2839	24.2083
spk_ver/v09/v0937	SES148	-0.658924	25.757	26.4159
spk_ver/v09/v0938	SES148	-0.636461	26.2707	26.9072
spk_ver/v09/v0939	SES148	-0.902206	26.3347	27.2369
spk_ver/v09/v0940	SES148	-0.889681	24.6623	25.5519
spk_ver/v09/v0941	SES149	-1.88114	22.5298	24.411
spk_ver/v09/v0942	SES149	-1.77017	24.6745	26.4447
spk_ver/v09/v0943	SES149	-1.62153	22.8982	24.5197
spk_ver/v09/v0944	SES149	-0.493357	23.937	24.4304
spk_ver/v09/v0945	SES105	0.668062	25.9916	25.3235
spk_ver/v09/v0946	SES149	-0.84466	25.3228	26.1674
spk_ver/v09/v0947	SES149	-5.29667	16.7961	22.0927
spk_ver/v09/v0948	SES149	-2.44197	23.2981	25.7401
spk_ver/v09/v0949	SES149	-0.840923	26.9607	27.8017
spk_ver/v09/v0950	SES226	0.715157	26.4443	25.7291
spk_ver/v09/v0951	SES149	-2.19757	21.2759	23.4735
spk_ver/v09/v0952	SES149	-2.73205	20.7606	23.4926
spk_ver/v09/v0953	SES062	0.790792	26.7138	25.923
spk_ver/v09/v0954	SES149	-3.18224	21.3471	24.5293
spk_ver/v09/v0955	SES048	0.334103	27.786	27.4519
spk_ver/v09/v0956	SES158	0.258892	26.028	25.7691
spk_ver/v09/v0957	SES158	-2.04623	20.7755	22.8218
spk_ver/v09/v0958	SES158	-0.132427	26.3943	26.5267
spk_ver/v09/v0959	SES158	-0.598969	24.3689	24.9678
spk_ver/v09/v0960	SES158	-2.29541	21.6529	23.9484
spk_ver/v09/v0961	SES147	0.402649	23.8895	23.4869
spk_ver/v09/v0962	SES158	-3.86959	18.3262	22.1958
spk_ver/v09/v0963	SES292	0.365681	24.9531	24.5874
spk_ver/v09/v0964	SES060	1.43304	26.7658	25.3328
spk_ver/v09/v0965	SES002	0.797853	25.9511	25.1533
spk_ver/v09/v0966	SES149	1.94946	29.1865	27.2371
spk_ver/v09/v0967	SES158	-3.17031	18.9637	22.134
spk_ver/v09/v0968	SES158	-1.11141	23.7961	24.9075
spk_ver/v09/v0969	SES275	0.236814	22.695	22.4582
spk_ver/v09/v0970	SES158	-2.60918	23.8119	26.4211
spk_ver/v09/v0971	SES158	-2.61741	21.6411	24.2585
spk_ver/v09/v0972	SES002	1.72037	26.9552	25.2349
spk_ver/v09/v0973	SES158	-1.86141	22.0351	23.8965
spk_ver/v09/v0974	SES202	1.01552	24.1491	23.1335
spk_ver/v09/v0975	SES158	-2.15703	20.0199	22.1769
spk_ver/v09/v0976	SES158	0.453074	27.0919	26.6388
spk_ver/v09/v0977	SES162	-0.526842	24.0081	24.5349
spk_ver/v09/v0978	SES162	-1.37782	21.4662	22.844
spk_ver/v09/v0979	SES162	-2.44333	22.2585	24.7018
spk_ver/v09/v0980	SES162	-0.38452	23.0744	23.459
spk_ver/v09/v0981	SES162	-0.56488	22.6355	23.2004
spk_ver/v09/v0982	SES259	2.04994	26.9621	24.9122
spk_ver/v09/v0983	SES162	-2.12093	19.7011	21.8221
spk_ver/v09/v0984	SES162	-0.812391	26.2013	27.0137
spk_ver/v09/v0985	SES162	-0.461456	25.0182	25.4797
spk_ver/v09/v0986	SES062	0.943623	27.3771	26.4335
spk_ver/v09/v0987	SES162	-0.178915	23.9053	24.0842
spk_ver/v09/v0988	SES162	-2.05792	23.7959	25.8538
spk_ver/v09/v0989	SES162	-1.54907	21.3523	22.9014
spk_ver/v09/v0990	SES162	-0.914591	26.4257	27.3403
spk_ver/v09/v0991	SES087	1.37388	26.4395	25.0656
spk_ver/v09/v0992	SES120	-0.00243378	23.293	23.2955
spk_ver/v09/v0993	SES162	-1.7331	24.628	26.3611
spk_ver/v09/v0994	SES162	-0.244917	25.1055	25.3504
spk_ver/v09/v0995	SES162	-1.99913	25.334	27.3331
spk_ver/v09/v0996	SES162	-1.02882	26.047	27.0758
spk_ver/v09/v0997	SES162	-1.6899	23.0065	24.6964
spk_ver/v09/v0998	SES162	-0.972868	21.8647	22.8375
spk_ver/v09/v0999	SES162	-0.817587	24.9289	25.7465
spk_ver/v10/v1000	SES162	-1.78612	23.133	24.9191
spk_ver/v10/v1001	SES148	1.05745	24.1326	23.0752
spk_ver/v10/v1002	SES162	-0.329849	22.9573	23.2871
spk_ver/v10/v1003	SES162	-0.721413	23.8183	24.5397
spk_ver/v10/v1004	SES162	-0.72184	21.447	22.1688
spk_ver/v10/v1005	SES162	-1.74121	22.449	24.1902
spk_ver/v10/v1006	SES162	-0.657185	24.92	25.5772
spk_ver/v10/v1007	SES162	-0.847231	21.5463	22.3935
spk_ver/v10/v1008	SES162	-2.65951	20.4922	23.1517
spk_ver/v10/v1009	SES162	-2.49586	22.1919	24.6878
spk_ver/v10/v1010	SES167	-1.32916	23.7004	25.0296
spk_ver/v10/v1011	SES167	-0.61961	22.7599	23.3795
spk_ver/v10/v1012	SES167	-1.01778	21.7266	22.7444
spk_ver/v10/v1013	SES167	-2.15338	21.6578	23.8112
spk_ver/v10/v1014	SES167	-0.587795	26.0718	26.6596
spk_ver/v10/v1015	SES167	-0.739378	23.9038	24.6431
spk_ver/v10/v1016	SES167	-0.38479	23.9906	24.3754
spk_ver/v10/v1017	SES167	-1.1465	23.2824	24.4289
spk_ver/v10/v1018	SES167	-0.964991	25.5477	26.5127
spk_ver/v10/v1019	SES167	-1.78708	21.698	23.4851
spk_ver/v10/v1020	SES167	-2.78643	21.7913	24.5777
spk_ver/v10/v1021	SES167	-0.107502	19.3891	19.4966
spk_ver/v10/v1022	SES167	-2.13493	22.7436	24.8786
spk_ver/v10/v1023	SES167	-1.24773	23.94	25.1877
spk_ver/v10/v1024	SES167	-2.52645	20.2571	22.7836
spk_ver/v10/v1025	SES167	-0.543678	26.0001	26.5438
spk_ver/v10/v1026	SES167	-1.01851	22.5999	23.6184
spk_ver/v10/v1027	SES167	-0.790869	25.9416	26.7325
spk_ver/v10/v1028	SES167	-2.22396	22.3281	24.552
spk_ver/v10/v1029	SES167	-2.01285	22.9749	24.9877
spk_ver/v10/v1030	SES167	-1.34752	24.6011	25.9486
spk_ver/v10/v1031	SES167	-2.4793	22.3152	24.7944
spk_ver/v10/v1032	SES167	-1.70828	24.7017	26.4099
spk_ver/v10/v1033	SES167	-2.96816	24.1978	27.166
spk_ver/v10/v1034	SES002	1.51796	27.5229	26.005
spk_ver/v10/v1035	SES167	-0.553387	24.957	25.5104
spk_ver/v10/v1036	SES083	0.931158	26.1334	25.2023
spk_ver/v10/v1037	SES167	-1.46205	21.6486	23.1106
spk_ver/v10/v1038	SES167	-0.462505	20.5896	21.0521
spk_ver/v10/v1039	SES167	-1.08511	22.3656	23.4507
spk_ver/v10/v1040	SES167	-1.77176	21.8018	23.5735
spk_ver/v10/v1041	SES167	-0.331251	22.349	22.6802
spk_ver/v10/v1042	SES087	1.40155	25.8405	24.439
spk_ver/v10/v1043	SES029	0.795755	24.4183	23.6225
spk_ver/v10/v1044	SES206	0.94071	26.5965	25.6558
spk_ver/v10/v1045	SES172	-2.05383	21.8686	23.9225
spk_ver/v10/v1046	SES172	0.532291	25.3538	24.8215
spk_ver/v10/v1047	SES172	-0.0900345	25.4857	25.5758
spk_ver/v10/v1048	SES259	1.55703	27.5679	26.0109
spk_ver/v10/v1049	SES172	-1.08865	25.5708	26.6595
spk_ver/v10/v1050	SES120	0.749609	23.8052	23.0556
spk_ver/v10/v1051	SES172	-0.942312	22.9799	23.9222
spk_ver/v10/v1052	SES172	-1.83421	21.9819	23.8161
spk_ver/v10/v1053	SES172	-2.07446	21.4424	23.5169
spk_ver/v10/v1054	SES172	-1.96256	23.3493	25.3119
spk_ver/v10/v1055	SES189	3.57712	21.0307	17.4536
spk_ver/v10/v1056	SES172	-0.999582	23.8777	24.8773
spk_ver/v10/v1057	SES172	-0.70669	23.9807	24.6874
spk_ver/v10/v1058	SES172	-1.06037	23.0941	24.1545
spk_ver/v10/v1059	SES172	-0.744064	24.5657	25.3098
spk_ver/v10/v1060	SES029	0.988943	26.6615	25.6725
spk_ver/v10/v1061	SES175	-2.00205	20.7331	22.7352
spk_ver/v10/v1062	SES187	0.586136	26.2621	25.6759
spk_ver/v10/v1063	SES019	1.66034	24.0363	22.3759
spk_ver/v10/v1064	SES175	-1.71356	22.8522	24.5658
spk_ver/v10/v1065	SES175	-1.32504	22.3627	23.6878
spk_ver/v10/v1066	SES175	-2.6911	19.8964	22.5875
spk_ver/v10/v1067	SES175	-0.590038	23.592	24.182
spk_ver/v10/v1068	SES175	-1.05557	22.5348	23.5903
spk_ver/v10/v1069	SES016	1.3083	26.65	25.3417
spk_ver/v10/v1070	SES175	-1.03182	22.0006	23.0324
spk_ver/v10/v1071	SES175	-0.282095	26.2808	26.5628
spk_ver/v10/v1072	SES175	-1.58623	22.8137	24.4
spk_ver/v10/v1073	SES029	0.262497	23.6672	23.4047
spk_ver/v10/v1074	SES175	-0.455109	24.6704	25.1255
spk_ver/v10/v1075	SES175	-0.234243	26.5842	26.8185
spk_ver/v10/v1076	SES175	-0.220585	26.999	27.2196
spk_ver/v10/v1077	SES175	-0.867495	25.5004	26.3679
spk_ver/v10/v1078	SES127	0.419928	26.155	25.7351
spk_ver/v10/v1079	SES175	-1.22091	25.8177	27.0386
spk_ver/v10/v1080	SES175	-0.972721	21.9686	22.9413
spk_ver/v10/v1081	SES175	-1.43754	23.264	24.7015
spk_ver/v10/v1082	SES175	-1.267	26.3472	27.6142
spk_ver/v10/v1083	SES007	0.263567	23.0571	22.7936
spk_ver/v10/v1084	SES068	0.242552	25.9738	25.7312
spk_ver/v10/v1085	SES008	0.367353	27.2534	26.886
spk_ver/v10/v1086	SES175	-0.470268	26.7243	27.1945
spk_ver/v10/v1087	SES175	-0.762165	24.2858	25.048
spk_ver/v10/v1088	SES008	1.06479	26.0277	24.9629
spk_ver/v10/v1089	SES177	-0.793831	26.5378	27.3316
spk_ver/v10/v1090	SES177	-0.939001	24.5294	25.4684
spk_ver/v10/v1091	SES177	-1.99012	21.276	23.2661
spk_ver/v10/v1092	SES177	-0.546057	23.4098	23.9559
spk_ver/v10/v1093	SES177	-1.29806	23.7981	25.0961
spk_ver/v10/v1094	SES002	1.34973	28.0013	26.6516
spk_ver/v10/v1095	SES104	1.78093	28.0468	26.2659
spk_ver/v10/v1096	SES177	-0.0454178	24.8891	24.9345
spk_ver/v10/v1097	SES177	-1.1319	21.1986	22.3305
spk_ver/v10/v1098	SES177	0.0142651	26.625	26.6107
spk_ver/v10/v1099	SES177	0.0242863	24.7673	24.743
spk_ver/v11/v1100	SES177	-0.972691	23.4177	24.3904
spk_ver/v11/v1101	SES085	0.181149	24.2369	24.0558
spk_ver/v11/v1102	SES187	0.554394	24.6996	24.1453
spk_ver/v11/v1103	SES177	-0.0998974	22.3507	22.4506
spk_ver/v11/v1104	SES177	0.195824	25.4311	25.2353
spk_ver/v11/v1105	SES177	-0.0984631	24.9175	25.016
spk_ver/v11/v1106	SES177	-1.21235	24.5069	25.7193
spk_ver/v11/v1107	SES177	0.0184536	25.1328	25.1144
spk_ver/v11/v1108	SES177	-0.778023	24.5282	25.3062
spk_ver/v11/v1109	SES125	1.35118	26.0276	24.6764
spk_ver/v11/v1110	SES177	-1.03836	24.7358	25.7742
spk_ver/v11/v1111	SES177	-0.455832	25.368	25.8238
spk_ver/v11/v1112	SES177	-1.15938	24.1481	25.3075
spk_ver/v11/v1113	SES177	-1.6256	23.1671	24.7927
spk_ver/v11/v1114	SES177	-0.769314	22.9399	23.7092
spk_ver/v11/v1115	SES177	-1.74829	20.4593	22.2076
spk_ver/v11/v1116	SES085	0.922794	26.8836	25.9608
spk_ver/v11/v1117	SES147	0.242319	24.2481	24.0058
spk_ver/v11/v1118	SES177	-0.519989	23.1334	23.6534
spk_ver/v11/v1119	SES177	-1.4362	23.0292	24.4654
spk_ver/v11/v1120	SES180	-2.24658	21.345	23.5916
spk_ver/v11/v1121	SES189	1.82327	21.6935	19.8702
spk_ver/v11/v1122	SES117	1.25414	20.7845	19.5304
spk_ver/v11/v1123	SES129	1.98834	27.7476	25.7592
spk_ver/v11/v1124	SES180	-0.2017	24.1987	24.4004
spk_ver/v11/v1125	SES180	-0.606323	25.6453	26.2516
spk_ver/v11/v1126	SES180	-0.779196	23.7087	24.4879
spk_ver/v11/v1127	SES180	-1.7073	24.3752	26.0825
spk_ver/v11/v1128	SES016	0.0468998	24.4108	24.3639
spk_ver/v11/v1129	SES158	1.46192	25.7426	24.2807
spk_ver/v11/v1130	SES180	-1.77747	23.4883	25.2657
spk_ver/v11/v1131	SES180	-1.97811	26.2688	28.247
spk_ver/v11/v1132	SES180	-0.167362	22.9483	23.1157
spk_ver/v11/v1133	SES180	-1.82623	24.9072	26.7335
spk_ver/v11/v1134	SES180	-1.17336	23.0644	24.2378
spk_ver/v11/v1135	SES180	-1.33498	24.8419	26.1769
spk_ver/v11/v1136	SES180	-2.43177	19.8888	22.3206
spk_ver/v11/v1137	SES148	0.590933	25.6945	25.1036
spk_ver/v11/v1138	SES104	2.22677	29.1973	26.9705
spk_ver/v11/v1139	SES180	-1.67058	21.425	23.0956
spk_ver/v11/v1140	SES083	0.647093	25.5004	24.8533
spk_ver/v11/v1141	SES180	-2.11336	23.6249	25.7382
spk_ver/v11/v1142	SES180	-1.25116	22.1249	23.3761
spk_ver/v11/v1143	SES180	-1.49084	20.1058	21.5966
spk_ver/v11/v1144	SES099	1.68806	25.3182	23.6301
spk_ver/v11/v1145	SES180	-0.337944	22.5274	22.8654
spk_ver/v11/v1146	SES183	-1.20912	24.2377	25.4468
spk_ver/v11/v1147	SES183	-0.29537	25.7261	26.0215
spk_ver/v11/v1148	SES183	-2.37131	19.7309	22.1022
spk_ver/v11/v1149	SES183	-2.28811	23.1952	25.4833
spk_ver/v11/v1150	SES183	-2.47021	21.5231	23.9933
spk_ver/v11/v1151	SES082	1.57155	26.404	24.8325
spk_ver/v11/v1152	SES183	-0.971647	19.8132	20.7849
spk_ver/v11/v1153	SES183	-0.782419	23.8256	24.608
spk_ver/v11/v1154	SES002	1.51909	27.8979	26.3788
spk_ver/v11/v1155	SES183	-0.702236	22.9701	23.6724
spk_ver/v11/v1156	SES183	-3.00208	20.4613	23.4634
spk_ver/v11/v1157	SES183	-1.37506	28.021	29.3961
spk_ver/v11/v1158	SES183	-0.449013	26.2792	26.7282
spk_ver/v11/v1159	SES183	-1.0135	24.828	25.8415
spk_ver/v11/v1160	SES183	-2.07557	22.1479	24.2235
spk_ver/v11/v1161	SES183	-2.04031	20.7296	22.77
spk_ver/v11/v1162	SES105	1.07064	25.4987	24.4281
spk_ver/v11/v1163	SES183	-2.11535	24.0603	26.1756
spk_ver/v11/v1164	SES259	1.89245	27.2588	25.3664
spk_ver/v11/v1165	SES183	-1.33609	23.3369	24.673
spk_ver/v11/v1166	SES183	-2.07248	23.2012	25.2737
spk_ver/v11/v1167	SES183	-0.927422	22.494	23.4214
spk_ver/v11/v1168	SES183	-0.747744	26.3884	27.1362
spk_ver/v11/v1169	SES183	-2.47883	22.6531	25.1319
spk_ver/v11/v1170	SES183	-1.81781	23.2579	25.0757
spk_ver/v11/v1171	SES183	-3.53756	19.2182	22.7557
spk_ver/v11/v1172	SES187	-0.681864	24.2261	24.908
spk_ver/v11/v1173	SES019	1.41278	24.0139	22.6011
spk_ver/v11/v1174	SES187	-1.11235	21.7946	22.907
spk_ver/v11/v1175	SES187	-0.456129	21.9719	22.428
spk_ver/v11/v1176	SES083	0.806746	26.8037	25.9969
spk_ver/v11/v1177	SES187	-1.30776	21.0613	22.3691
spk_ver/v11/v1178	SES187	-1.32936	23.8771	25.2064
spk_ver/v11/v1179	SES187	-0.903625	24.4744	25.3781
spk_ver/v11/v1180	SES187	0.558624	23.8934	23.3348
spk_ver/v11/v1181	SES187	-0.95895	24.1945	25.1535
spk_ver/v11/v1182	SES187	0.0935669	25.8504	25.7568
spk_ver/v11/v1183	SES187	-0.892986	23.0957	23.9887
spk_ver/v11/v1184	SES187	0.397713	25.4329	25.0352
spk_ver/v11/v1185	SES127	0.809563	25.3128	24.5032
spk_ver/v11/v1186	SES187	-0.605099	25.1866	25.7917
spk_ver/v11/v1187	SES187	-0.472759	25.9805	26.4533
spk_ver/v11/v1188	SES187	-0.586336	22.4972	23.0835
spk_ver/v11/v1189	SES042	1.4976	28.8284	27.3308
spk_ver/v11/v1190	SES187	0.460125	23.31	22.8499
spk_ver/v11/v1191	SES187	-0.920351	21.6258	22.5462
spk_ver/v11/v1192	SES187	-0.751785	22.3238	23.0756
spk_ver/v11/v1193	SES183	0.784548	24.0665	23.282
spk_ver/v11/v1194	SES187	-0.21821	22.0136	22.2318
spk_ver/v11/v1195	SES187	-0.694584	23.1081	23.8027
spk_ver/v11/v1196	SES146	2.79163	24.4427	21.651
spk_ver/v11/v1197	SES189	-2.11228	25.0857	27.198
spk_ver/v11/v1198	SES175	0.811228	24.1066	23.2953
spk_ver/v11/v1199	SES189	-2.87434	19.5744	22.4487
spk_ver/v12/v1200	SES189	-2.00316	25.9504	27.9536
spk_ver/v12/v1201	SES177	0.430452	25.8074	25.3769
spk_ver/v12/v1202	SES189	-1.22393	21.8069	23.0309
spk_ver/v12/v1203	SES143	0.468985	24.0585	23.5895
spk_ver/v12/v1204	SES189	-1.12392	23.5419	24.6658
spk_ver/v12/v1205	SES189	-2.04469	24.5081	26.5528
spk_ver/v12/v1206	SES189	-3.01905	19.6461	22.6652
spk_ver/v12/v1207	SES189	-2.18438	23.6726	25.857
spk_ver/v12/v1208	SES189	-2.22706	25.5845	27.8116
spk_ver/v12/v1209	SES189	-2.5585	20.2797	22.8382
spk_ver/v12/v1210	SES189	-0.197338	22.9224	23.1198
spk_ver/v12/v1211	SES062	0.896978	27.4785	26.5815
spk_ver/v12/v1212	SES189	-1.31374	22.7359	24.0496
spk_ver/v12/v1213	SES048	0.803654	26.5382	25.7345
spk_ver/v12/v1214	SES042	2.58505	29.3275	26.7425
spk_ver/v12/v1215	SES008	1.11468	26.9898	25.8751
spk_ver/v12/v1216	SES202	-2.17298	24.2689	26.4418
spk_ver/v12/v1217	SES202	-1.06737	22.2142	23.2816
spk_ver/v12/v1218	SES085	0.601021	27.6471	27.0461
spk_ver/v12/v1219	SES202	-0.492222	24.7633	25.2555
spk_ver/v12/v1220	SES202	-0.497454	25.9499	26.4474
spk_ver/v12/v1221	SES202	-0.514849	23.7308	24.2456
spk_ver/v12/v1222	SES202	-3.14626	20.0868	23.2331
spk_ver/v12/v1223	SES158	1.39814	25.3737	23.9755
spk_ver/v12/v1224	SES202	-0.563715	23.3377	23.9014
spk_ver/v12/v1225	SES202	-2.06632	23.0341	25.1004
spk_ver/v12/v1226	SES202	-1.59767	24.5586	26.1563
spk_ver/v12/v1227	SES202	-2.30244	23.5166	25.819
spk_ver/v12/v1228	SES177	-0.166079	24.1401	24.3062
spk_ver/v12/v1229	SES202	-1.76383	24.3283	26.0921
spk_ver/v12/v1230	SES202	-0.381493	23.3567	23.7382
spk_ver/v12/v1231	SES202	-2.05322	22.8536	24.9069
spk_ver/v12/v1232	SES202	-1.13986	19.4568	20.5967
spk_ver/v12/v1233	SES206	1.23917	27.7481	26.5089
spk_ver/v12/v1234	SES202	-2.89308	20.0743	22.9674
spk_ver/v12/v1235	SES202	-1.34861	25.9633	27.3119
spk_ver/v12/v1236	SES125	2.04016	25.9182	23.878
spk_ver/v12/v1237	SES127	0.67071	26.1542	25.4835
spk_ver/v12/v1238	SES202	1.57396	24.5274	22.9535
spk_ver/v12/v1239	SES167	1.22652	27.1022	25.8757
spk_ver/v12/v1240	SES206	-5.32383	17.002	22.3258
spk_ver/v12/v1241	SES206	-3.58441	19.1842	22.7686
spk_ver/v12/v1242	SES206	-0.359465	26.9141	27.2735
spk_ver/v12/v1243	SES206	-0.808432	23.3688	24.1772
spk_ver/v12/v1244	SES259	1.46216	25.9658	24.5036
spk_ver/v12/v1245	SES206	-1.15545	24.9992	26.1547
spk_ver/v12/v1246	SES206	-0.358265	25.97	26.3283
spk_ver/v12/v1247	SES206	0.024107	24.6834	24.6592
spk_ver/v12/v1248	SES206	-4.62959	17.3607	21.9902
spk_ver/v12/v1249	SES270	1.35467	24.9306	23.5759
spk_ver/v12/v1250	SES206	-3.11561	20.2457	23.3613
spk_ver/v12/v1251	SES206	-1.14957	26.2838	27.4334
spk_ver/v12/v1252	SES206	-1.43894	24.4144	25.8534
spk_ver/v12/v1253	SES206	0.584373	26.2972	25.7128
spk_ver/v12/v1254	SES206	0.891781	24.5596	23.6678
spk_ver/v12/v1255	SES125	1.62896	26.4379	24.8089
spk_ver/v12/v1256	SES206	-2.5108	21.5465	24.0572
spk_ver/v12/v1257	SES206	-1.67337	25.3423	27.0157
spk_ver/v12/v1258	SES206	0.0798168	24.6904	24.6106
spk_ver/v12/v1259	SES206	-2.99168	20.7089	23.7006
spk_ver/v12/v1260	SES206	-4.23741	17.5122	21.7496
spk_ver/v12/v1261	SES206	-3.17226	20.8269	23.9992
spk_ver/v12/v1262	SES206	-3.29806	20.7806	24.0787
spk_ver/v12/v1263	SES206	-0.769758	24.7887	25.5585
spk_ver/v12/v1264	SES149	1.45827	27.6272	26.1689
spk_ver/v12/v1265	SES206	-0.27389	22.2501	22.524
spk_ver/v12/v1266	SES206	-4.41836	17.7452	22.1635
spk_ver/v12/v1267	SES206	-0.208937	22.0122	22.2211
spk_ver/v12/v1268	SES206	-1.50044	22.4376	23.938
spk_ver/v12/v1269	SES206	-5.07677	15.7754	20.8522
spk_ver/v12/v1270	SES206	-6.46945	12.1663	18.6357
spk_ver/v12/v1271	SES226	-3.83192	17.815	21.6469
spk_ver/v12/v1272	SES226	0.890511	27.1398	26.2493
spk_ver/v12/v1273	SES226	-2.09487	23.8167	25.9115
spk_ver/v12/v1274	SES226	-2.71741	21.5735	24.2909
spk_ver/v12/v1275	SES226	0.269917	23.2796	23.0097
spk_ver/v12/v1276	SES226	-2.23813	22.2112	24.4493
spk_ver/v12/v1277	SES226	0.190893	25.429	25.2381
spk_ver/v12/v1278	SES226	0.265965	24.8001	24.5341
spk_ver/v12/v1279	SES226	-1.20077	25.5034	26.7041
spk_ver/v12/v1280	SES226	-0.849892	24.9488	25.7987
spk_ver/v12/v1281	SES226	0.298939	24.7377	24.4387
spk_ver/v12/v1282	SES226	-0.0687733	25.7817	25.8505
spk_ver/v12/v1283	SES143	0.667507	24.0451	23.3776
spk_ver/v12/v1284	SES226	-1.1951	25.7451	26.9402
spk_ver/v12/v1285	SES226	0.815823	25.1588	24.343
spk_ver/v12/v1286	SES226	-0.827698	23.0807	23.9084
spk_ver/v12/v1287	SES226	-0.509169	25.9059	26.4151
spk_ver/v12/v1288	SES226	-1.94605	22.588	24.534
spk_ver/v12/v1289	SES104	1.94507	27.0985	25.1534
spk_ver/v12/v1290	SES008	1.3275	24.6215	23.294
spk_ver/v12/v1291	SES226	-0.510817	25.2037	25.7146
spk_ver/v12/v1292	SES259	-1.86348	21.8713	23.7348
spk_ver/v12/v1293	SES062	0.69379	26.3185	25.6247
spk_ver/v12/v1294	SES099	1.46713	23.469	22.0019
spk_ver/v12/v1295	SES158	1.13887	23.9375	22.7986
spk_ver/v12/v1296	SES259	-1.27989	26.4062	27.6861
spk_ver/v12/v1297	SES259	-2.0254	24.0577	26.0831
spk_ver/v12/v1298	SES259	-0.231611	25.0554	25.287
spk_ver/v12/v1299	SES259	-2.68457	21.1033	23.7878
spk_ver/v13/v1300	SES120	0.380243	23.3389	22.9587
spk_ver/v13/v1301	SES259	-3.48281	20.5626	24.0454
spk_ver/v13/v1302	SES259	-4.11947	18.6104	22.7298
spk_ver/v13/v1303	SES129	1.58472	26.9262	25.3414
spk_ver/v13/v1304	SES259	-1.89867	21.7615	23.6601
spk_ver/v13/v1305	SES259	-3.33035	21.1201	24.4504
spk_ver/v13/v1306	SES106	1.1197	26.5245	25.4047
spk_ver/v13/v1307	SES259	-1.85879	22.2148	24.0735
spk_ver/v13/v1308	SES259	-0.927067	24.0254	24.9524
spk_ver/v13/v1309	SES259	-3.35299	22.0169	25.3699
spk_ver/v13/v1310	SES259	-2.45531	24.2551	26.7105
spk_ver/v13/v1311	SES259	-2.4311	22.5136	24.9447
spk_ver/v13/v1312	SES259	-1.93629	23.9117	25.848
spk_ver/v13/v1313	SES144	0.957905	26.2513	25.2934
spk_ver/v13/v1314	SES259	-2.13233	22.0358	24.1681
spk_ver/v13/v1315	SES162	1.07198	24.0687	22.9967
spk_ver/v13/v1316	SES206	1.0022	26.4903	25.4881
spk_ver/v13/v1317	SES175	0.627268	24.0047	23.3775
spk_ver/v13/v1318	SES259	-4.4629	17.9652	22.4281
spk_ver/v13/v1319	SES259	-2.75357	20.5617	23.3152
spk_ver/v13/v1320	SES270	0.932627	26.4389	25.5063
spk_ver/v13/v1321	SES101	0.187689	24.9999	24.8122
spk_ver/v13/v1322	SES177	0.234608	26.034	25.7994
spk_ver/v13/v1323	SES127	0.55961	26.7443	26.1847
spk_ver/v13/v1324	SES270	-1.53263	21.8828	23.4155
spk_ver/v13/v1325	SES062	0.869356	26.775	25.9056
spk_ver/v13/v1326	SES270	1.23341	25.2689	24.0355
spk_ver/v13/v1327	SES120	0.595072	22.9396	22.3446
spk_ver/v13/v1328	SES270	-1.50653	22.683	24.1895
spk_ver/v13/v1329	SES270	-1.99037	26.0161	28.0064
spk_ver/v13/v1330	SES270	0.102507	24.6008	24.4983
spk_ver/v13/v1331	SES270	-1.73108	26.2194	27.9505
spk_ver/v13/v1332	SES270	0.473345	26.6349	26.1615
spk_ver/v13/v1333	SES270	-0.850716	23.4674	24.3181
spk_ver/v13/v1334	SES270	-1.32221	25.5671	26.8893
spk_ver/v13/v1335	SES270	0.834068	26.5159	25.6819
spk_ver/v13/v1336	SES270	-0.137257	24.2021	24.3393
spk_ver/v13/v1337	SES016	1.39036	25.4003	24.0099
spk_ver/v13/v1338	SES270	-2.87612	24.0416	26.9177
spk_ver/v13/v1339	SES002	1.04851	27.1186	26.0701
spk_ver/v13/v1340	SES105	1.40839	23.7477	22.3393
spk_ver/v13/v1341	SES275	-0.884773	20.2162	21.101
spk_ver/v13/v1342	SES187	0.522783	22.6706	22.1478
spk_ver/v13/v1343	SES275	-0.468481	22.8995	23.368
spk_ver/v13/v1344	SES275	-0.868584	22.9237	23.7923
spk_ver/v13/v1345	SES275	-0.319071	23.8912	24.2103
spk_ver/v13/v1346	SES275	-0.739988	23.111	23.8509
spk_ver/v13/v1347	SES275	-1.04477	22.3076	23.3524
spk_ver/v13/v1348	SES180	-0.205996	24.9914	25.1974
spk_ver/v13/v1349	SES275	-1.22727	19.4858	20.713
spk_ver/v13/v1350	SES275	-0.679888	27.8011	28.481
spk_ver/v13/v1351	SES275	-0.950027	17.2837	18.2337
spk_ver/v13/v1352	SES275	-0.569378	26.1627	26.732
spk_ver/v13/v1353	SES275	-0.74365	22.2308	22.9745
spk_ver/v13/v1354	SES189	2.97893	23.055	20.0761
spk_ver/v13/v1355	SES068	-0.320135	26.0539	26.374
spk_ver/v13/v1356	SES275	-0.579912	22.4718	23.0517
spk_ver/v13/v1357	SES048	0.493649	26.597	26.1033
spk_ver/v13/v1358	SES226	1.31064	27.3366	26.026
spk_ver/v13/v1359	SES016	-0.0475121	25.5595	25.607
spk_ver/v13/v1360	SES275	-0.654959	21.9435	22.5985
spk_ver/v13/v1361	SES068	0.327005	26.4596	26.1326
spk_ver/v13/v1362	SES275	-1.15606	23.2456	24.4017
spk_ver/v13/v1363	SES275	-0.844025	23.0038	23.8478
spk_ver/v13/v1364	SES275	-1.02464	20.712	21.7366
spk_ver/v13/v1365	SES275	-0.983646	23.278	24.2617
spk_ver/v13/v1366	SES187	0.691235	25.3238	24.6326
spk_ver/v13/v1367	SES275	-1.0337	22.036	23.0697
spk_ver/v13/v1368	SES125	1.53651	26.1741	24.6376
spk_ver/v13/v1369	SES275	-0.997534	22.3007	23.2982
spk_ver/v13/v1370	SES292	-0.274824	24.7605	25.0353
spk_ver/v13/v1371	SES292	-0.0581455	24.6969	24.7551
spk_ver/v13/v1372	SES292	-0.148979	22.9602	23.1091
spk_ver/v13/v1373	SES292	-0.450245	23.8588	24.309
spk_ver/v13/v1374	SES101	0.407753	24.6865	24.2788
spk_ver/v13/v1375	SES292	-0.712429	22.6269	23.3394
spk_ver/v13/v1376	SES292	-0.531256	25.7588	26.29
spk_ver/v13/v1377	SES292	-1.57142	18.9807	20.5522
spk_ver/v13/v1378	SES292	-0.370874	24.4944	24.8653
spk_ver/v13/v1379	SES292	-0.504843	23.8266	24.3314
spk_ver/v13/v1380	SES292	-0.276976	25.2802	25.5572
spk_ver/v13/v1381	SES292	-0.184597	27.7698	27.9544
spk_ver/v13/v1382	SES292	-0.666344	21.9197	22.586
spk_ver/v13/v1383	SES292	-0.0958614	25.4496	25.5455
spk_ver/v13/v1384	SES292	-0.666277	23.5326	24.1988
spk_ver/v13/v1385	SES292	-0.321486	25.3437	25.6652
spk_ver/v13/v1386	SES292	-0.287193	23.341	23.6282
spk_ver/v13/v1387	SES158	1.45949	23.2411	21.7816
spk_ver/v13/v1388	SES292	-0.125032	27.1589	27.2839
spk_ver/v13/v1389	SES292	0.0161667	27.9025	27.8863
spk_ver/v13/v1390	SES292	0.0504017	24.8157	24.7653
spk_ver/v13/v1391	SES292	-0.548641	24.3647	24.9133
spk_ver/v13/v1392	SES292	-0.938864	23.2197	24.1585
spk_ver/v13/v1393	SES292	-0.0743332	25.0378	25.1121
spk_ver/v13/v1394	SES292	-0.706604	22.8361	23.5427
spk_ver/v13/v1395	SES292	0.184269	25.235	25.0507
spk_ver/v13/v1396	SES117	0.828293	21.7346	20.9063
spk_ver/v13/v1397	SES292	-0.560734	25.7214	26.2821
spk_ver/v13/v1398	SES292	-0.590902	22.6801	23.271
spk_ver/v13/v1399	SES292	-0.241255	26.23	26.4712
