BLOCK00/SES002/SA002S12	SES002	0.506129	-13.3839	-13.89
BLOCK00/SES002/SA002S13	SES002	0.291149	-13.1347	-13.4258
BLOCK00/SES002/SA002S23	SES002	0.424069	-12.8726	-13.2966
BLOCK00/SES002/SA002S26	SES002	0.475333	-15.7803	-16.2556
BLOCK00/SES002/SA002S28	SES002	0.358066	-13.7906	-14.1487
BLOCK00/SES007/SA007S14	SES007	0.588596	-12.4082	-12.9968
BLOCK00/SES007/SA007S15	SES007	0.528134	-12.7597	-13.2878
BLOCK00/SES007/SA007S24	SES007	0.548717	-12.0196	-12.5684
BLOCK00/SES007/SA007S27	SES007	0.586423	-15.2617	-15.8481
BLOCK00/SES007/SA007S29	SES007	0.234812	-10.5762	-10.8111
BLOCK00/SES008/SA008S11	SES008	1.21426	-7.86318	-9.07743
BLOCK00/SES008/SA008S12	SES008	1.25807	-9.13588	-10.394
BLOCK00/SES008/SA008S19	SES008	1.19349	-9.50444	-10.6979
BLOCK00/SES008/SA008S22	SES008	1.03467	-9.78151	-10.8162
BLOCK00/SES008/SA008S29	SES008	1.86659	-8.34039	-10.207
BLOCK01/SES014/SA014S10	SES014	0.251594	-10.9801	-11.2317
BLOCK01/SES014/SA014S12	SES014	1.07945	-10.494	-11.5734
BLOCK01/SES014/SA014S24	SES014	1.59469	-10.1916	-11.7863
BLOCK01/SES014/SA014S26	SES014	1.49244	-11.8244	-13.3169
BLOCK01/SES014/SA014S28	SES014	1.25465	-8.88402	-10.1387
BLOCK01/SES016/SA016S12	SES016	0.603006	-13.5033	-14.1063
BLOCK01/SES016/SA016S13	SES016	1.01615	-12.4467	-13.4628
BLOCK01/SES016/SA016S22	SES016	0.468666	-12.14	-12.6087
BLOCK01/SES016/SA016S25	SES016	-0.169835	-11.8712	-11.7014
BLOCK01/SES016/SA016S27	SES016	0.508549	-16.4187	-16.9272
BLOCK01/SES019/SA019S13	SES019	2.32844	-13.7207	-16.0492
BLOCK01/SES019/SA019S14	SES019	0.746457	-13.2456	-13.9921
BLOCK01/SES019/SA019S22	SES019	1.85157	-12.4518	-14.3034
BLOCK01/SES019/SA019S25	SES019	0.482449	-14.494	-14.9765
BLOCK01/SES019/SA019S29	SES019	1.76064	-14.4644	-16.2251
BLOCK02/SES029/SA029S11	SES029	0.629884	-10.9861	-11.616
BLOCK02/SES029/SA029S12	SES029	0.0692644	-13.3231	-13.3923
BLOCK02/SES029/SA029S20	SES029	0.503559	-9.9533	-10.4569
BLOCK02/SES029/SA029S25	SES029	0.0271368	-11.9826	-12.0097
BLOCK02/SES029/SA029S28	SES029	0.334958	-11.9252	-12.2602
BLOCK04/SES042/SA042S12	SES042	0.663333	-13.7486	-14.4119
BLOCK04/SES042/SA042S15	SES042	1.2825	-13.4708	-14.7533
BLOCK04/SES042/SA042S22	SES042	4.57584	-19.2102	-23.7861
BLOCK04/SES042/SA042S25	SES042	1.15937	-15.5207	-16.68
BLOCK04/SES042/SA042S27	SES042	1.63416	-16.5926	-18.2268
BLOCK04/SES048/SA048S11	SES048	0.602795	-10.5355	-11.1383
BLOCK04/SES048/SA048S12	SES048	0.368416	-12.9709	-13.3393
BLOCK04/SES048/SA048S20	SES048	0.848792	-12.8664	-13.7152
BLOCK04/SES048/SA048S23	SES048	0.672859	-9.76866	-10.4415
BLOCK04/SES048/SA048S27	SES048	0.149829	-12.5909	-12.7408
BLOCK06/SES060/SA060S11	SES060	0.645922	-13.9804	-14.6263
BLOCK06/SES060/SA060S12	SES060	0.23938	-15.8053	-16.0447
BLOCK06/SES060/SA060S22	SES060	-0.720109	-13.3379	-12.6178
BLOCK06/SES060/SA060S24	SES060	0.472235	-9.39463	-9.86687
BLOCK06/SES060/SA060S28	SES060	0.682566	-9.17914	-9.8617
BLOCK06/SES062/SA062S10	SES062	0.140078	-11.6425	-11.7826
BLOCK06/SES062/SA062S11	SES062	0.608046	-13.3118	-13.9199
BLOCK06/SES062/SA062S21	SES062	1.45765	-8.04286	-9.50051
BLOCK06/SES062/SA062S26	SES062	0.574912	-10.5865	-11.1614
BLOCK06/SES062/SA062S29	SES062	1.09409	-8.86445	-9.95854
BLOCK06/SES068/SA068S14	SES068	0.594578	-10.1198	-10.7144
BLOCK06/SES068/SA068S15	SES068	0.713853	-11.0031	-11.7169
BLOCK06/SES068/SA068S23	SES068	-0.105908	-11.833	-11.7271
BLOCK06/SES068/SA068S27	SES068	1.04624	-12.1055	-13.1518
BLOCK06/SES068/SA068S29	SES068	0.713683	-12.0191	-12.7328
BLOCK08/SES082/SA082S12	SES082	-0.0613356	-11.1445	-11.0832
BLOCK08/SES082/SA082S14	SES082	0.875359	-11.8316	-12.707
BLOCK08/SES082/SA082S21	SES082	0.441833	-10.0768	-10.5187
BLOCK08/SES082/SA082S24	SES082	-0.171432	-12.2686	-12.0972
BLOCK08/SES082/SA082S28	SES082	0.727345	-13.6488	-14.3761
BLOCK08/SES083/SA083S14	SES083	-0.145974	-11.7147	-11.5687
BLOCK08/SES083/SA083S15	SES083	0.305751	-12.8971	-13.2028
BLOCK08/SES083/SA083S24	SES083	0.345228	-10.7546	-11.0998
BLOCK08/SES083/SA083S26	SES083	0.172699	-13.4492	-13.6219
BLOCK08/SES083/SA083S29	SES083	0.274927	-11.7148	-11.9897
BLOCK08/SES085/SA085S10	SES085	0.462223	-10.1229	-10.5852
BLOCK08/SES085/SA085S13	SES085	0.647207	-12.4296	-13.0768
BLOCK08/SES085/SA085S22	SES085	1.55233	-10.4667	-12.0191
BLOCK08/SES085/SA085S26	SES085	0.715204	-14.4592	-15.1745
BLOCK08/SES085/SA085S28	SES085	1.0528	-9.41806	-10.4709
BLOCK08/SES087/SA087S15	SES087	0.843921	-9.98433	-10.8282
BLOCK08/SES087/SA087S16	SES087	2.05815	-9.79558	-11.8537
BLOCK08/SES087/SA087S24	SES087	1.30717	-13.2762	-14.5834
BLOCK08/SES087/SA087S26	SES087	0.817059	-10.5168	-11.3339
BLOCK08/SES087/SA087S29	SES087	1.45442	-9.33955	-10.794
BLOCK09/SES099/SA099S15	SES099	1.42234	-11.7825	-13.2048
BLOCK09/SES099/SA099S16	SES099	1.05605	-9.0416	-10.0977
BLOCK09/SES099/SA099S24	SES099	0.885164	-10.3128	-11.198
BLOCK09/SES099/SA099S26	SES099	1.47742	-10.9698	-12.4472
BLOCK09/SES099/SA099S29	SES099	1.62702	-10.8513	-12.4783
BLOCK10/SES101/SA101S11	SES101	0.222423	-11.8604	-12.0828
BLOCK10/SES101/SA101S13	SES101	1.64824	-8.12296	-9.7712
BLOCK10/SES101/SA101S22	SES101	1.12779	-10.7579	-11.8857
BLOCK10/SES101/SA101S24	SES101	0.765758	-11.1603	-11.9261
BLOCK10/SES101/SA101S28	SES101	1.0204	-10.6655	-11.6859
BLOCK10/SES104/SA104S11	SES104	-3.65721	-16.1544	-12.4971
BLOCK10/SES104/SA104S12	SES104	-4.01518	-16.1746	-12.1594
BLOCK10/SES104/SA104S21	SES104	-2.36708	-14.2203	-11.8532
BLOCK10/SES104/SA104S24	SES104	-3.77545	-18.4772	-14.7018
BLOCK10/SES104/SA104S28	SES104	-0.412598	-14.0092	-13.5966
BLOCK10/SES105/SA105S12	SES105	1.22821	-11.829	-13.0572
BLOCK10/SES105/SA105S13	SES105	0.524996	-13.1881	-13.7131
BLOCK10/SES105/SA105S22	SES105	0.833211	-12.8924	-13.7256
BLOCK10/SES105/SA105S26	SES105	-0.0757809	-14.1311	-14.0553
BLOCK10/SES105/SA105S29	SES105	1.20036	-10.5159	-11.7163
BLOCK10/SES106/SA106S09	SES106	0.0674839	-16.0587	-16.1261
BLOCK10/SES106/SA106S11	SES106	1.16965	-13.2874	-14.4571
BLOCK10/SES106/SA106S22	SES106	1.30188	-18.1701	-19.472
BLOCK10/SES106/SA106S27	SES106	0.94541	-11.5642	-12.5097
BLOCK10/SES106/SA106S29	SES106	0.876359	-12.9277	-13.804
BLOCK11/SES117/SA117S12	SES117	-0.598063	-13.6868	-13.0887
BLOCK11/SES117/SA117S13	SES117	-0.738408	-11.1894	-10.451
BLOCK11/SES117/SA117S23	SES117	0.585797	-14.5862	-15.172
BLOCK11/SES117/SA117S25	SES117	0.297977	-11.269	-11.567
BLOCK11/SES117/SA117S28	SES117	0.539418	-13.7442	-14.2836
BLOCK12/SES120/SA120S08	SES120	0.571033	-14.7618	-15.3328
BLOCK12/SES120/SA120S11	SES120	1.4722	-17.9808	-19.453
BLOCK12/SES120/SA120S22	SES120	0.320273	-10.992	-11.3122
BLOCK12/SES120/SA120S24	SES120	-0.225109	-16.4814	-16.2563
BLOCK12/SES120/SA120S28	SES120	-0.175485	-14.5303	-14.3548
BLOCK12/SES125/SA125S13	SES125	0.92065	-13.6922	-14.6128
BLOCK12/SES125/SA125S14	SES125	0.84039	-14.1769	-15.0173
BLOCK12/SES125/SA125S25	SES125	1.14548	-11.9932	-13.1386
BLOCK12/SES125/SA125S27	SES125	0.978827	-12.4737	-13.4525
BLOCK12/SES125/SA125S29	SES125	0.513512	-11.4421	-11.9556
BLOCK12/SES127/SA127S11	SES127	0.706999	-10.6038	-11.3108
BLOCK12/SES127/SA127S12	SES127	1.0594	-7.86744	-8.92684
BLOCK12/SES127/SA127S23	SES127	0.184685	-9.97357	-10.1583
BLOCK12/SES127/SA127S25	SES127	-1.07887	-9.64106	-8.56219
BLOCK12/SES127/SA127S27	SES127	0.467068	-10.5225	-10.9896
BLOCK12/SES129/SA129S11	SES129	1.02531	-8.57551	-9.60081
BLOCK12/SES129/SA129S12	SES129	0.934413	-9.11238	-10.0468
BLOCK12/SES129/SA129S22	SES129	0.960481	-7.6266	-8.58708
BLOCK12/SES129/SA129S27	SES129	1.39498	-8.55344	-9.94842
BLOCK12/SES129/SA129S29	SES129	0.0888309	-14.1929	-14.2818
BLOCK14/SES142/SA142S11	SES142	0.18644	-10.7137	-10.9002
BLOCK14/SES142/SA142S12	SES142	0.253775	-14.1708	-14.4246
BLOCK14/SES142/SA142S24	SES142	0.313647	-14.1082	-14.4219
BLOCK14/SES142/SA142S27	SES142	-0.372735	-13.8104	-13.4377
BLOCK14/SES142/SA142S29	SES142	-0.0688162	-14.1813	-14.1125
BLOCK14/SES143/SA143S12	SES143	1.03653	-11.4199	-12.4565
BLOCK14/SES143/SA143S13	SES143	0.415935	-11.0751	-11.4911
BLOCK14/SES143/SA143S23	SES143	1.02185	-10.5956	-11.6175
BLOCK14/SES143/SA143S25	SES143	-0.166851	-15.7946	-15.6278
BLOCK14/SES143/SA143S28	SES143	0.610336	-13.921	-14.5313
BLOCK14/SES144/SA144S09	SES144	0.41211	-10.2564	-10.6686
BLOCK14/SES144/SA144S11	SES144	0.0257931	-11.1275	-11.1533
BLOCK14/SES144/SA144S21	SES144	0.412006	-9.64715	-10.0592
BLOCK14/SES144/SA144S25	SES144	0.633985	-9.31976	-9.95375
BLOCK14/SES144/SA144S29	SES144	-0.268717	-13.2791	-13.0104
BLOCK14/SES146/SA146S14	SES146	0.639411	-10.5523	-11.1917
BLOCK14/SES146/SA146S15	SES146	-0.210494	-12.935	-12.7245
BLOCK14/SES146/SA146S24	SES146	0.86307	-12.239	-13.1021
BLOCK14/SES146/SA146S26	SES146	0.495825	-12.0732	-12.569
BLOCK14/SES146/SA146S29	SES146	0.195499	-12.8397	-13.0352
BLOCK14/SES147/SA147S11	SES147	0.175735	-11.5249	-11.7007
BLOCK14/SES147/SA147S13	SES147	0.730678	-8.58123	-9.31191
BLOCK14/SES147/SA147S23	SES147	0.787807	-9.16644	-9.95425
BLOCK14/SES147/SA147S26	SES147	0.900374	-9.2276	-10.128
BLOCK14/SES147/SA147S28	SES147	1.07717	-7.75572	-8.83289
BLOCK14/SES148/SA148S10	SES148	0.0377455	-9.62957	-9.66731
BLOCK14/SES148/SA148S12	SES148	0.666659	-11.0782	-11.7449
BLOCK14/SES148/SA148S22	SES148	0.696425	-8.82643	-9.52286
BLOCK14/SES148/SA148S26	SES148	0.591778	-8.03275	-8.62453
BLOCK14/SES148/SA148S29	SES148	0.322856	-12.465	-12.7879
BLOCK14/SES149/SA149S13	SES149	0.480844	-11.8137	-12.2946
BLOCK14/SES149/SA149S14	SES149	0.50293	-11.9087	-12.4117
BLOCK14/SES149/SA149S24	SES149	0.392883	-11.1551	-11.5479
BLOCK14/SES149/SA149S26	SES149	0.324574	-12.0601	-12.3847
BLOCK14/SES149/SA149S28	SES149	0.529075	-8.0395	-8.56858
BLOCK15/SES158/SA158S13	SES158	2.75941	-15.5087	-18.2681
BLOCK15/SES158/SA158S14	SES158	2.06699	-16.6843	-18.7512
BLOCK15/SES158/SA158S23	SES158	2.13855	-15.439	-17.5776
BLOCK15/SES158/SA158S26	SES158	1.95647	-16.4314	-18.3878
BLOCK15/SES158/SA158S28	SES158	0.88957	-15.2043	-16.0938
BLOCK16/SES162/SA162S10	SES162	0.880428	-12.1931	-13.0736
BLOCK16/SES162/SA162S11	SES162	0.844051	-9.69718	-10.5412
BLOCK16/SES162/SA162S21	SES162	0.824194	-9.89353	-10.7177
BLOCK16/SES162/SA162S24	SES162	1.3583	-8.87386	-10.2322
BLOCK16/SES162/SA162S27	SES162	0.782143	-12.2195	-13.0017
BLOCK16/SES167/SA167S14	SES167	1.74132	-7.5581	-9.29942
BLOCK16/SES167/SA167S15	SES167	1.79452	-5.46285	-7.25737
BLOCK16/SES167/SA167S21	SES167	1.73095	-6.6839	-8.41485
BLOCK16/SES167/SA167S25	SES167	3.03995	-6.92882	-9.96877
BLOCK16/SES167/SA167S29	SES167	2.68759	-5.98977	-8.67735
BLOCK17/SES172/SA172S12	SES172	0.510718	-11.4695	-11.9803
BLOCK17/SES172/SA172S13	SES172	0.521842	-12.0484	-12.5702
BLOCK17/SES172/SA172S23	SES172	0.627394	-8.91483	-9.54222
BLOCK17/SES172/SA172S27	SES172	0.0728903	-12.7398	-12.8127
BLOCK17/SES172/SA172S29	SES172	0.914959	-8.99592	-9.91088
BLOCK17/SES175/SA175S11	SES175	-0.0182228	-14.4977	-14.4794
BLOCK17/SES175/SA175S13	SES175	0.473539	-10.0061	-10.4796
BLOCK17/SES175/SA175S23	SES175	0.359239	-10.6663	-11.0256
BLOCK17/SES175/SA175S25	SES175	0.0820599	-12.0192	-12.1013
BLOCK17/SES175/SA175S28	SES175	0.455375	-13.622	-14.0774
BLOCK17/SES177/SA177S15	SES177	0.479823	-13.1861	-13.6659
BLOCK17/SES177/SA177S17	SES177	0.0297804	-13.6177	-13.6474
BLOCK17/SES177/SA177S23	SES177	0.813056	-11.5956	-12.4086
BLOCK17/SES177/SA177S26	SES177	0.645784	-10.8699	-11.5157
BLOCK17/SES177/SA177S28	SES177	0.142911	-14.2068	-14.3497
BLOCK18/SES180/SA180S13	SES180	0.320224	-14.3017	-14.6219
BLOCK18/SES180/SA180S15	SES180	0.749433	-9.133	-9.88243
BLOCK18/SES180/SA180S24	SES180	0.556144	-10.0232	-10.5793
BLOCK18/SES180/SA180S26	SES180	0.107801	-12.2134	-12.3212
BLOCK18/SES180/SA180S29	SES180	-0.298638	-14.4359	-14.1373
BLOCK18/SES183/SA183S13	SES183	0.639902	-10.7584	-11.3983
BLOCK18/SES183/SA183S14	SES183	0.0358095	-11.2136	-11.2494
BLOCK18/SES183/SA183S24	SES183	0.623841	-12.6365	-13.2603
BLOCK18/SES183/SA183S27	SES183	0.685815	-11.2306	-11.9164
BLOCK18/SES183/SA183S29	SES183	0.599771	-10.1141	-10.7139
BLOCK18/SES187/SA187S13	SES187	0.347482	-12.8506	-13.1981
BLOCK18/SES187/SA187S14	SES187	0.462525	-14.3795	-14.8421
BLOCK18/SES187/SA187S24	SES187	0.586093	-13.8158	-14.4019
BLOCK18/SES187/SA187S27	SES187	0.245369	-12.2865	-12.5319
BLOCK18/SES187/SA187S29	SES187	0.235909	-17.3577	-17.5936
BLOCK18/SES189/SA189S10	SES189	1.22461	-12.5284	-13.753
BLOCK18/SES189/SA189S13	SES189	1.83419	-16.4186	-18.2528
BLOCK18/SES189/SA189S24	SES189	1.51114	-12.7421	-14.2533
BLOCK18/SES189/SA189S26	SES189	0.992536	-12.8073	-13.7999
BLOCK18/SES189/SA189S29	SES189	1.87999	-12.7864	-14.6663
BLOCK20/SES202/SA202S12	SES202	1.39666	-14.4523	-15.8489
BLOCK20/SES202/SA202S14	SES202	1.19137	-12.883	-14.0743
BLOCK20/SES202/SA202S24	SES202	0.62853	-14.4981	-15.1266
BLOCK20/SES202/SA202S27	SES202	1.31483	-11.0881	-12.403
BLOCK20/SES202/SA202S29	SES202	0.745907	-12.766	-13.5119
BLOCK20/SES206/SA206S15	SES206	0.254287	-11.2348	-11.4891
BLOCK20/SES206/SA206S17	SES206	0.421385	-14.021	-14.4424
BLOCK20/SES206/SA206S24	SES206	0.455195	-11.5105	-11.9657
BLOCK20/SES206/SA206S27	SES206	1.29613	-12.794	-14.0901
BLOCK20/SES206/SA206S29	SES206	1.55467	-15.6066	-17.1612
BLOCK22/SES226/SA226S12	SES226	0.94671	-12.3027	-13.2494
BLOCK22/SES226/SA226S13	SES226	-0.681702	-11.4559	-10.7742
BLOCK22/SES226/SA226S20	SES226	0.388248	-12.0865	-12.4748
BLOCK22/SES226/SA226S23	SES226	-0.0106087	-11.4468	-11.4362
BLOCK22/SES226/SA226S28	SES226	0.876613	-12.4693	-13.3459
BLOCK25/SES259/SA259S13	SES259	1.70618	-12.8497	-14.5559
BLOCK25/SES259/SA259S14	SES259	1.24186	-13.0151	-14.257
BLOCK25/SES259/SA259S22	SES259	1.35043	-11.6365	-12.9869
BLOCK25/SES259/SA259S24	SES259	0.700119	-13.7496	-14.4497
BLOCK25/SES259/SA259S28	SES259	0.779674	-12.5616	-13.3413
BLOCK27/SES270/SA270S14	SES270	1.3308	-11.4484	-12.7792
BLOCK27/SES270/SA270S16	SES270	1.18709	-10.4302	-11.6173
BLOCK27/SES270/SA270S22	SES270	0.953569	-11.4823	-12.4359
BLOCK27/SES270/SA270S26	SES270	1.34236	-12.2166	-13.559
BLOCK27/SES270/SA270S28	SES270	1.94264	-10.6074	-12.55
BLOCK27/SES275/SA275S17	SES275	0.0252695	-12.1019	-12.1271
BLOCK27/SES275/SA275S18	SES275	-0.10215	-12.2751	-12.1729
BLOCK27/SES275/SA275S24	SES275	0.134039	-11.0825	-11.2166
BLOCK27/SES275/SA275S26	SES275	0.171605	-10.7321	-10.9037
BLOCK27/SES275/SA275S28	SES275	0.202089	-12.1182	-12.3203
BLOCK29/SES292/SA292S10	SES292	-0.0546274	-12.8306	-12.776
BLOCK29/SES292/SA292S12	SES292	0.426135	-14.0653	-14.4914
BLOCK29/SES292/SA292S22	SES292	0.224847	-11.5107	-11.7356
BLOCK29/SES292/SA292S24	SES292	0.519647	-10.1406	-10.6603
BLOCK29/SES292/SA292S27	SES292	0.0247536	-12.2295	-12.2543
BLOCK00/SES001/SA001S14	SES062	-1.58895	-15.3018	-13.7129
BLOCK00/SES001/SA001S14	SES082	0.335634	-13.3773	-13.7129
BLOCK00/SES001/SA001S14	SES106	-0.164419	-13.8773	-13.7129
BLOCK00/SES001/SA001S14	SES206	-0.140665	-13.8536	-13.7129
BLOCK00/SES001/SA001S15	SES062	-0.477971	-12.7802	-12.3023
BLOCK00/SES001/SA001S15	SES104	-3.60475	-15.907	-12.3023
BLOCK00/SES001/SA001S15	SES106	0.40917	-11.8931	-12.3023
BLOCK00/SES001/SA001S15	SES206	-0.501752	-12.804	-12.3023
BLOCK00/SES001/SA001S24	SES062	-3.49054	-19.5389	-16.0483
BLOCK00/SES001/SA001S24	SES082	-0.0625381	-16.1109	-16.0483
BLOCK00/SES001/SA001S24	SES087	-4.19576	-20.2441	-16.0483
BLOCK00/SES001/SA001S24	SES206	0.105647	-15.9427	-16.0483
BLOCK00/SES001/SA001S27	SES062	0.148831	-9.72653	-9.87536
BLOCK00/SES001/SA001S27	SES082	0.50633	-9.36903	-9.87536
BLOCK00/SES001/SA001S27	SES087	-0.331818	-10.2072	-9.87536
BLOCK00/SES001/SA001S27	SES206	-0.0390348	-9.9144	-9.87536
BLOCK00/SES001/SA001S29	SES062	-0.893937	-14.1614	-13.2675
BLOCK00/SES001/SA001S29	SES082	0.0405827	-13.2269	-13.2675
BLOCK00/SES001/SA001S29	SES158	-0.576041	-13.8435	-13.2675
BLOCK00/SES001/SA001S29	SES206	-0.243241	-13.5107	-13.2675
BLOCK00/SES003/SA003S11	SES002	0.290208	-8.98197	-9.27218
BLOCK00/SES003/SA003S11	SES019	-0.245355	-9.51753	-9.27218
BLOCK00/SES003/SA003S11	SES082	-0.450047	-9.72222	-9.27218
BLOCK00/SES003/SA003S11	SES125	-0.463933	-9.73611	-9.27218
BLOCK00/SES003/SA003S15	SES016	-0.0780077	-12.4734	-12.3954
BLOCK00/SES003/SA003S15	SES019	-0.628584	-13.024	-12.3954
BLOCK00/SES003/SA003S15	SES062	-0.350473	-12.7459	-12.3954
BLOCK00/SES003/SA003S15	SES206	-0.129455	-12.5248	-12.3954
BLOCK00/SES003/SA003S22	SES002	0.17373	-10.9704	-11.1442
BLOCK00/SES003/SA003S22	SES062	0.203822	-10.9403	-11.1442
BLOCK00/SES003/SA003S22	SES082	-0.766413	-11.9106	-11.1442
BLOCK00/SES003/SA003S22	SES087	-0.739474	-11.8836	-11.1442
BLOCK00/SES003/SA003S25	SES062	0.0695171	-11.0005	-11.07
BLOCK00/SES003/SA003S25	SES082	-2.36565	-13.4357	-11.07
BLOCK00/SES003/SA003S25	SES087	-0.442252	-11.5123	-11.07
BLOCK00/SES003/SA003S25	SES206	-2.38763	-13.4577	-11.07
BLOCK00/SES003/SA003S29	SES002	0.476891	-8.71324	-9.19013
BLOCK00/SES003/SA003S29	SES062	-0.0438929	-9.23402	-9.19013
BLOCK00/SES003/SA003S29	SES082	-1.12298	-10.3131	-9.19013
BLOCK00/SES003/SA003S29	SES087	-1.01934	-10.2095	-9.19013
BLOCK00/SES004/SA004S12	SES083	-0.559693	-10.6846	-10.1249
BLOCK00/SES004/SA004S12	SES148	0.30208	-9.82282	-10.1249
BLOCK00/SES004/SA004S12	SES172	0.253001	-9.87189	-10.1249
BLOCK00/SES004/SA004S12	SES292	-0.188081	-10.313	-10.1249
BLOCK00/SES004/SA004S17	SES083	-0.516267	-10.6567	-10.1404
BLOCK00/SES004/SA004S17	SES162	0.228333	-9.91205	-10.1404
BLOCK00/SES004/SA004S17	SES172	0.483751	-9.65664	-10.1404
BLOCK00/SES004/SA004S17	SES292	-0.0287237	-10.1691	-10.1404
BLOCK00/SES004/SA004S24	SES083	-0.0795012	-11.3328	-11.2533
BLOCK00/SES004/SA004S24	SES148	-0.505706	-11.759	-11.2533
BLOCK00/SES004/SA004S24	SES172	0.387635	-10.8656	-11.2533
BLOCK00/SES004/SA004S24	SES292	-0.0921011	-11.3454	-11.2533
BLOCK00/SES004/SA004S26	SES083	-0.529828	-13.0014	-12.4716
BLOCK00/SES004/SA004S26	SES127	-0.161616	-12.6332	-12.4716
BLOCK00/SES004/SA004S26	SES148	-0.221848	-12.6934	-12.4716
BLOCK00/SES004/SA004S26	SES292	-0.0443335	-12.5159	-12.4716
BLOCK00/SES004/SA004S28	SES083	-0.690432	-10.657	-9.96655
BLOCK00/SES004/SA004S28	SES127	1.65527	-8.31128	-9.96655
BLOCK00/SES004/SA004S28	SES187	-0.0448017	-10.0113	-9.96655
BLOCK00/SES004/SA004S28	SES292	0.355823	-9.61072	-9.96655
BLOCK00/SES006/SA006S10	SES014	-1.06606	-14.155	-13.089
BLOCK00/SES006/SA006S10	SES158	-1.96677	-15.0557	-13.089
BLOCK00/SES006/SA006S10	SES226	-1.16681	-14.2558	-13.089
BLOCK00/SES006/SA006S10	SES270	-0.734685	-13.8236	-13.089
BLOCK00/SES006/SA006S11	SES158	-2.13328	-15.0043	-12.871
BLOCK00/SES006/SA006S11	SES226	-0.612917	-13.4839	-12.871
BLOCK00/SES006/SA006S11	SES270	-0.4808	-13.3518	-12.871
BLOCK00/SES006/SA006S11	SES275	0.295976	-12.575	-12.871
BLOCK00/SES006/SA006S23	SES062	-1.62475	-16.6412	-15.0164
BLOCK00/SES006/SA006S23	SES105	-0.497069	-15.5135	-15.0164
BLOCK00/SES006/SA006S23	SES158	-2.68827	-17.7047	-15.0164
BLOCK00/SES006/SA006S23	SES275	0.315369	-14.7011	-15.0164
BLOCK00/SES006/SA006S26	SES104	-2.18862	-15.7678	-13.5791
BLOCK00/SES006/SA006S26	SES158	-2.56724	-16.1464	-13.5791
BLOCK00/SES006/SA006S26	SES270	-0.63831	-14.2174	-13.5791
BLOCK00/SES006/SA006S26	SES275	0.330319	-13.2488	-13.5791
BLOCK00/SES006/SA006S28	SES007	0.175364	-14.3097	-14.4851
BLOCK00/SES006/SA006S28	SES105	0.158455	-14.3266	-14.4851
BLOCK00/SES006/SA006S28	SES158	-0.55662	-15.0417	-14.4851
BLOCK00/SES006/SA006S28	SES275	0.615506	-13.8696	-14.4851
BLOCK00/SES009/SA009S12	SES083	-0.367208	-15.5929	-15.2257
BLOCK00/SES009/SA009S12	SES148	-2.00053	-17.2262	-15.2257
BLOCK00/SES009/SA009S12	SES177	0.0646553	-15.161	-15.2257
BLOCK00/SES009/SA009S12	SES292	-0.245397	-15.4711	-15.2257
BLOCK00/SES009/SA009S15	SES007	-0.0107241	-14.5126	-14.5019
BLOCK00/SES009/SA009S15	SES099	-1.63365	-16.1356	-14.5019
BLOCK00/SES009/SA009S15	SES148	-2.32552	-16.8274	-14.5019
BLOCK00/SES009/SA009S15	SES172	-0.685987	-15.1879	-14.5019
BLOCK00/SES009/SA009S24	SES146	0.389205	-15.6148	-16.004
BLOCK00/SES009/SA009S24	SES148	-1.63653	-17.6405	-16.004
BLOCK00/SES009/SA009S24	SES177	0.232135	-15.7719	-16.004
BLOCK00/SES009/SA009S24	SES292	-0.144905	-16.1489	-16.004
BLOCK00/SES009/SA009S26	SES083	-0.418682	-12.889	-12.4703
BLOCK00/SES009/SA009S26	SES101	-0.955141	-13.4254	-12.4703
BLOCK00/SES009/SA009S26	SES120	-0.121526	-12.5918	-12.4703
BLOCK00/SES009/SA009S26	SES177	0.040844	-12.4294	-12.4703
BLOCK00/SES009/SA009S29	SES083	-0.562312	-12.5645	-12.0022
BLOCK00/SES009/SA009S29	SES101	-0.295576	-12.2978	-12.0022
BLOCK00/SES009/SA009S29	SES177	0.112643	-11.8896	-12.0022
BLOCK00/SES009/SA009S29	SES292	0.0210114	-11.9812	-12.0022
BLOCK01/SES011/SA011S10	SES019	-0.843262	-19.7716	-18.9283
BLOCK01/SES011/SA011S10	SES042	1.25862	-17.6697	-18.9283
BLOCK01/SES011/SA011S10	SES082	-0.49506	-19.4234	-18.9283
BLOCK01/SES011/SA011S10	SES206	0.525185	-18.4031	-18.9283
BLOCK01/SES011/SA011S11	SES019	-1.11104	-16.209	-15.0979
BLOCK01/SES011/SA011S11	SES042	-0.733377	-15.8313	-15.0979
BLOCK01/SES011/SA011S11	SES082	-0.123342	-15.2213	-15.0979
BLOCK01/SES011/SA011S11	SES206	-0.0978193	-15.1957	-15.0979
BLOCK01/SES011/SA011S22	SES019	0.583906	-17.4328	-18.0167
BLOCK01/SES011/SA011S22	SES042	0.856527	-17.1602	-18.0167
BLOCK01/SES011/SA011S22	SES082	-0.279917	-18.2966	-18.0167
BLOCK01/SES011/SA011S22	SES206	0.398024	-17.6187	-18.0167
BLOCK01/SES011/SA011S24	SES019	-1.10909	-15.9015	-14.7924
BLOCK01/SES011/SA011S24	SES042	0.0841122	-14.7083	-14.7924
BLOCK01/SES011/SA011S24	SES104	-4.11232	-18.9047	-14.7924
BLOCK01/SES011/SA011S24	SES206	0.374018	-14.4183	-14.7924
BLOCK01/SES011/SA011S27	SES082	-0.198524	-15.2125	-15.014
BLOCK01/SES011/SA011S27	SES087	-2.89815	-17.9122	-15.014
BLOCK01/SES011/SA011S27	SES125	-0.758231	-15.7722	-15.014
BLOCK01/SES011/SA011S27	SES206	-0.189695	-15.2037	-15.014
BLOCK01/SES012/SA012S11	SES007	0.262115	-11.3676	-11.6297
BLOCK01/SES012/SA012S11	SES082	0.208611	-11.4211	-11.6297
BLOCK01/SES012/SA012S11	SES083	0.115362	-11.5143	-11.6297
BLOCK01/SES012/SA012S11	SES206	0.449244	-11.1805	-11.6297
BLOCK01/SES012/SA012S14	SES082	0.450521	-14.4941	-14.9446
BLOCK01/SES012/SA012S14	SES087	-0.6428	-15.5874	-14.9446
BLOCK01/SES012/SA012S14	SES206	0.967697	-13.9769	-14.9446
BLOCK01/SES012/SA012S14	SES292	-0.361265	-15.3059	-14.9446
BLOCK01/SES012/SA012S24	SES082	0.342732	-14.3236	-14.6664
BLOCK01/SES012/SA012S24	SES087	-1.22367	-15.89	-14.6664
BLOCK01/SES012/SA012S24	SES120	-0.151013	-14.8174	-14.6664
BLOCK01/SES012/SA012S24	SES206	0.196343	-14.47	-14.6664
BLOCK01/SES012/SA012S26	SES019	-2.01509	-18.4954	-16.4803
BLOCK01/SES012/SA012S26	SES082	0.229269	-16.251	-16.4803
BLOCK01/SES012/SA012S26	SES206	1.05872	-15.4216	-16.4803
BLOCK01/SES012/SA012S26	SES292	-0.318247	-16.7985	-16.4803
BLOCK01/SES012/SA012S29	SES062	0.335093	-9.89144	-10.2265
BLOCK01/SES012/SA012S29	SES082	0.118842	-10.1077	-10.2265
BLOCK01/SES012/SA012S29	SES083	0.0650301	-10.1615	-10.2265
BLOCK01/SES012/SA012S29	SES206	0.0775967	-10.1489	-10.2265
BLOCK01/SES013/SA013S16	SES062	-1.22896	-16.2423	-15.0133
BLOCK01/SES013/SA013S16	SES106	-0.268201	-15.2816	-15.0133
BLOCK01/SES013/SA013S16	SES206	-0.558151	-15.5715	-15.0133
BLOCK01/SES013/SA013S16	SES226	-1.16231	-16.1757	-15.0133
BLOCK01/SES013/SA013S17	SES062	0.0833712	-11.3641	-11.4475
BLOCK01/SES013/SA013S17	SES106	-0.290823	-11.7383	-11.4475
BLOCK01/SES013/SA013S17	SES206	-0.63904	-12.0865	-11.4475
BLOCK01/SES013/SA013S17	SES226	0.285557	-11.1619	-11.4475
BLOCK01/SES013/SA013S23	SES104	-2.92663	-16.0972	-13.1706
BLOCK01/SES013/SA013S23	SES106	-0.316511	-13.4871	-13.1706
BLOCK01/SES013/SA013S23	SES206	-0.771457	-13.942	-13.1706
BLOCK01/SES013/SA013S23	SES270	-0.6859	-13.8565	-13.1706
BLOCK01/SES013/SA013S25	SES042	-2.37737	-14.7899	-12.4125
BLOCK01/SES013/SA013S25	SES104	-0.534234	-12.9468	-12.4125
BLOCK01/SES013/SA013S25	SES106	0.237823	-12.1747	-12.4125
BLOCK01/SES013/SA013S25	SES206	-0.515024	-12.9276	-12.4125
BLOCK01/SES013/SA013S29	SES062	-0.478827	-14.5828	-14.104
BLOCK01/SES013/SA013S29	SES104	-1.63987	-15.7439	-14.104
BLOCK01/SES013/SA013S29	SES106	-0.00869656	-14.1127	-14.104
BLOCK01/SES013/SA013S29	SES206	-0.751928	-14.8559	-14.104
BLOCK02/SES021/SA021S13	SES016	-0.548681	-13.2969	-12.7482
BLOCK02/SES021/SA021S13	SES029	-0.737514	-13.4858	-12.7482
BLOCK02/SES021/SA021S13	SES087	-2.85643	-15.6047	-12.7482
BLOCK02/SES021/SA021S13	SES206	-0.236037	-12.9843	-12.7482
BLOCK02/SES021/SA021S15	SES087	-0.946232	-12.6165	-11.6703
BLOCK02/SES021/SA021S15	SES125	-0.950565	-12.6209	-11.6703
BLOCK02/SES021/SA021S15	SES206	-0.74182	-12.4121	-11.6703
BLOCK02/SES021/SA021S15	SES226	-1.01115	-12.6814	-11.6703
BLOCK02/SES021/SA021S23	SES062	-0.834013	-13.4781	-12.6441
BLOCK02/SES021/SA021S23	SES087	0.0959177	-12.5482	-12.6441
BLOCK02/SES021/SA021S23	SES206	-0.74461	-13.3887	-12.6441
BLOCK02/SES021/SA021S23	SES226	-0.36031	-13.0044	-12.6441
BLOCK02/SES021/SA021S27	SES002	-1.11901	-12.291	-11.172
BLOCK02/SES021/SA021S27	SES016	-1.68798	-12.86	-11.172
BLOCK02/SES021/SA021S27	SES019	-0.912432	-12.0845	-11.172
BLOCK02/SES021/SA021S27	SES062	-0.389726	-11.5618	-11.172
BLOCK02/SES021/SA021S29	SES087	-0.778032	-13.8425	-13.0644
BLOCK02/SES021/SA021S29	SES125	-1.00792	-14.0723	-13.0644
BLOCK02/SES021/SA021S29	SES206	-0.202154	-13.2666	-13.0644
BLOCK02/SES021/SA021S29	SES226	-0.459881	-13.5243	-13.0644
BLOCK04/SES043/SA043S09	SES083	0.372874	-11.7965	-12.1694
BLOCK04/SES043/SA043S09	SES101	0.160505	-12.0089	-12.1694
BLOCK04/SES043/SA043S09	SES144	0.425992	-11.7434	-12.1694
BLOCK04/SES043/SA043S09	SES172	0.0308733	-12.1385	-12.1694
BLOCK04/SES043/SA043S11	SES083	0.307291	-9.91303	-10.2203
BLOCK04/SES043/SA043S11	SES101	0.594691	-9.62563	-10.2203
BLOCK04/SES043/SA043S11	SES144	1.12573	-9.09459	-10.2203
BLOCK04/SES043/SA043S11	SES172	-0.106971	-10.3273	-10.2203
BLOCK04/SES043/SA043S23	SES083	0.396221	-10.3788	-10.7751
BLOCK04/SES043/SA043S23	SES144	1.07523	-9.69984	-10.7751
BLOCK04/SES043/SA043S23	SES177	0.269801	-10.5053	-10.7751
BLOCK04/SES043/SA043S23	SES275	0.201495	-10.5736	-10.7751
BLOCK04/SES043/SA043S26	SES083	-0.0894985	-14.3752	-14.2857
BLOCK04/SES043/SA043S26	SES101	-0.335695	-14.6214	-14.2857
BLOCK04/SES043/SA043S26	SES144	0.0150175	-14.2707	-14.2857
BLOCK04/SES043/SA043S26	SES177	-0.364297	-14.65	-14.2857
BLOCK04/SES043/SA043S28	SES016	-0.528012	-11.8224	-11.2944
BLOCK04/SES043/SA043S28	SES083	0.136179	-11.1582	-11.2944
BLOCK04/SES043/SA043S28	SES101	0.300013	-10.9944	-11.2944
BLOCK04/SES043/SA043S28	SES144	0.182888	-11.1115	-11.2944
BLOCK04/SES044/SA044S10	SES127	-0.644749	-14.7101	-14.0653
BLOCK04/SES044/SA044S10	SES144	0.791592	-13.2737	-14.0653
BLOCK04/SES044/SA044S10	SES147	-0.316346	-14.3817	-14.0653
BLOCK04/SES044/SA044S10	SES148	0.184453	-13.8809	-14.0653
BLOCK04/SES044/SA044S11	SES101	-0.443066	-13.6891	-13.2461
BLOCK04/SES044/SA044S11	SES144	0.0426064	-13.2035	-13.2461
BLOCK04/SES044/SA044S11	SES147	-0.487027	-13.7331	-13.2461
BLOCK04/SES044/SA044S11	SES177	-0.346045	-13.5921	-13.2461
BLOCK04/SES044/SA044S24	SES007	-0.332503	-12.7825	-12.45
BLOCK04/SES044/SA044S24	SES101	0.0364132	-12.4136	-12.45
BLOCK04/SES044/SA044S24	SES147	-0.380057	-12.8301	-12.45
BLOCK04/SES044/SA044S24	SES177	-0.223281	-12.6733	-12.45
BLOCK04/SES044/SA044S26	SES007	-0.833801	-11.985	-11.1512
BLOCK04/SES044/SA044S26	SES016	0.0685701	-11.0826	-11.1512
BLOCK04/SES044/SA044S26	SES101	-0.574698	-11.7259	-11.1512
BLOCK04/SES044/SA044S26	SES147	0.164749	-10.9864	-11.1512
BLOCK04/SES044/SA044S29	SES007	-0.450263	-14.9181	-14.4678
BLOCK04/SES044/SA044S29	SES101	-1.03279	-15.5006	-14.4678
BLOCK04/SES044/SA044S29	SES147	-0.548349	-15.0161	-14.4678
BLOCK04/SES044/SA044S29	SES177	-0.924618	-15.3924	-14.4678
BLOCK04/SES046/SA046S13	SES101	0.0974331	-12.7285	-12.8259
BLOCK04/SES046/SA046S13	SES144	0.233244	-12.5926	-12.8259
BLOCK04/SES046/SA046S13	SES147	-0.0290937	-12.855	-12.8259
BLOCK04/SES046/SA046S13	SES177	-0.277445	-13.1033	-12.8259
BLOCK04/SES046/SA046S15	SES048	-0.0963287	-9.65754	-9.56121
BLOCK04/SES046/SA046S15	SES083	-0.104553	-9.66576	-9.56121
BLOCK04/SES046/SA046S15	SES120	-0.507095	-10.0683	-9.56121
BLOCK04/SES046/SA046S15	SES148	-0.355451	-9.91666	-9.56121
BLOCK04/SES046/SA046S22	SES101	-0.0973473	-12.6346	-12.5373
BLOCK04/SES046/SA046S22	SES144	0.753102	-11.7841	-12.5373
BLOCK04/SES046/SA046S22	SES147	0.255762	-12.2815	-12.5373
BLOCK04/SES046/SA046S22	SES172	0.258286	-12.279	-12.5373
BLOCK04/SES046/SA046S25	SES083	0.307699	-9.23063	-9.53833
BLOCK04/SES046/SA046S25	SES127	-0.986176	-10.5245	-9.53833
BLOCK04/SES046/SA046S25	SES144	0.879096	-8.65924	-9.53833
BLOCK04/SES046/SA046S25	SES148	0.09828	-9.44005	-9.53833
BLOCK04/SES046/SA046S28	SES007	-0.388597	-11.2075	-10.8189
BLOCK04/SES046/SA046S28	SES105	-0.85985	-11.6787	-10.8189
BLOCK04/SES046/SA046S28	SES147	-0.333915	-11.1528	-10.8189
BLOCK04/SES046/SA046S28	SES148	-1.22598	-12.0448	-10.8189
BLOCK04/SES049/SA049S16	SES104	-1.8018	-15.3252	-13.5234
BLOCK04/SES049/SA049S16	SES106	-0.341296	-13.8647	-13.5234
BLOCK04/SES049/SA049S16	SES120	-0.742054	-14.2654	-13.5234
BLOCK04/SES049/SA049S16	SES206	-0.530274	-14.0537	-13.5234
BLOCK04/SES049/SA049S18	SES099	-0.0674534	-11.5663	-11.4989
BLOCK04/SES049/SA049S18	SES104	-2.34809	-13.847	-11.4989
BLOCK04/SES049/SA049S18	SES125	-0.181378	-11.6803	-11.4989
BLOCK04/SES049/SA049S18	SES206	-0.251329	-11.7502	-11.4989
BLOCK04/SES049/SA049S25	SES087	-0.646583	-13.6116	-12.9651
BLOCK04/SES049/SA049S25	SES104	-1.07221	-14.0373	-12.9651
BLOCK04/SES049/SA049S25	SES125	-1.12914	-14.0942	-12.9651
BLOCK04/SES049/SA049S25	SES206	-0.941625	-13.9067	-12.9651
BLOCK04/SES049/SA049S27	SES099	-1.21657	-10.6093	-9.39271
BLOCK04/SES049/SA049S27	SES104	-5.11891	-14.5116	-9.39271
BLOCK04/SES049/SA049S27	SES125	-1.14605	-10.5388	-9.39271
BLOCK04/SES049/SA049S27	SES206	-0.549013	-9.94172	-9.39271
BLOCK04/SES049/SA049S29	SES099	-0.577576	-10.2341	-9.65654
BLOCK04/SES049/SA049S29	SES104	-2.29511	-11.9516	-9.65654
BLOCK04/SES049/SA049S29	SES125	-0.67406	-10.3306	-9.65654
BLOCK04/SES049/SA049S29	SES206	-1.09151	-10.748	-9.65654
BLOCK06/SES063/SA063S09	SES068	-0.448492	-13.6163	-13.1678
BLOCK06/SES063/SA063S09	SES083	0.397162	-12.7706	-13.1678
BLOCK06/SES063/SA063S09	SES177	0.050766	-13.117	-13.1678
BLOCK06/SES063/SA063S09	SES187	-0.553378	-13.7212	-13.1678
BLOCK06/SES063/SA063S10	SES068	-0.130492	-13.0633	-12.9328
BLOCK06/SES063/SA063S10	SES083	-0.056325	-12.9891	-12.9328
BLOCK06/SES063/SA063S10	SES172	0.0872259	-12.8456	-12.9328
BLOCK06/SES063/SA063S10	SES187	-0.190406	-13.1232	-12.9328
BLOCK06/SES063/SA063S20	SES068	-0.28978	-13.3682	-13.0784
BLOCK06/SES063/SA063S20	SES083	-0.0583973	-13.1368	-13.0784
BLOCK06/SES063/SA063S20	SES172	0.133972	-12.9444	-13.0784
BLOCK06/SES063/SA063S20	SES187	-0.374467	-13.4529	-13.0784
BLOCK06/SES063/SA063S24	SES029	-0.403286	-13.5787	-13.1755
BLOCK06/SES063/SA063S24	SES083	0.462332	-12.7131	-13.1755
BLOCK06/SES063/SA063S24	SES177	0.234733	-12.9407	-13.1755
BLOCK06/SES063/SA063S24	SES189	-0.363844	-13.5393	-13.1755
BLOCK06/SES063/SA063S27	SES083	0.140797	-13.4936	-13.6344
BLOCK06/SES063/SA063S27	SES172	-0.0801659	-13.7146	-13.6344
BLOCK06/SES063/SA063S27	SES187	-0.43229	-14.0667	-13.6344
BLOCK06/SES063/SA063S27	SES292	-0.295961	-13.9304	-13.6344
BLOCK06/SES067/SA067S12	SES083	0.262116	-9.82153	-10.0836
BLOCK06/SES067/SA067S12	SES172	-0.0405788	-10.1242	-10.0836
BLOCK06/SES067/SA067S12	SES202	-0.00560284	-10.0892	-10.0836
BLOCK06/SES067/SA067S12	SES292	-0.226279	-10.3099	-10.0836
BLOCK06/SES067/SA067S14	SES085	0.0618725	-7.79536	-7.85723
BLOCK06/SES067/SA067S14	SES177	-0.109494	-7.96673	-7.85723
BLOCK06/SES067/SA067S14	SES183	0.724795	-7.13244	-7.85723
BLOCK06/SES067/SA067S14	SES202	-0.0350218	-7.89226	-7.85723
BLOCK06/SES067/SA067S21	SES144	-0.840113	-13.2139	-12.3738
BLOCK06/SES067/SA067S21	SES177	-0.570477	-12.9443	-12.3738
BLOCK06/SES067/SA067S21	SES183	-0.172392	-12.5462	-12.3738
BLOCK06/SES067/SA067S21	SES189	-1.36948	-13.7433	-12.3738
BLOCK06/SES067/SA067S25	SES085	-0.788003	-13.2177	-12.4297
BLOCK06/SES067/SA067S25	SES177	0.565909	-11.8638	-12.4297
BLOCK06/SES067/SA067S25	SES183	0.188394	-12.2413	-12.4297
BLOCK06/SES067/SA067S25	SES202	0.124015	-12.3057	-12.4297
BLOCK06/SES067/SA067S29	SES085	-0.708313	-13.8567	-13.1484
BLOCK06/SES067/SA067S29	SES177	-0.663376	-13.8118	-13.1484
BLOCK06/SES067/SA067S29	SES183	0.15346	-12.9949	-13.1484
BLOCK06/SES067/SA067S29	SES202	-0.686712	-13.8351	-13.1484
BLOCK06/SES069/SA069S12	SES029	-0.374776	-12.8466	-12.4718
BLOCK06/SES069/SA069S12	SES082	0.207525	-12.2643	-12.4718
BLOCK06/SES069/SA069S12	SES087	-0.355652	-12.8274	-12.4718
BLOCK06/SES069/SA069S12	SES206	0.0229044	-12.4489	-12.4718
BLOCK06/SES069/SA069S13	SES029	0.169305	-11.1495	-11.3188
BLOCK06/SES069/SA069S13	SES087	0.449743	-10.869	-11.3188
BLOCK06/SES069/SA069S13	SES206	-0.523394	-11.8422	-11.3188
BLOCK06/SES069/SA069S13	SES226	1.01246	-10.3063	-11.3188
BLOCK06/SES069/SA069S23	SES029	0.161618	-7.89395	-8.05557
BLOCK06/SES069/SA069S23	SES087	0.526445	-7.52913	-8.05557
BLOCK06/SES069/SA069S23	SES206	-0.30358	-8.35915	-8.05557
BLOCK06/SES069/SA069S23	SES226	0.954614	-7.10096	-8.05557
BLOCK06/SES069/SA069S25	SES087	-0.746448	-10.5384	-9.79194
BLOCK06/SES069/SA069S25	SES206	-1.41761	-11.2095	-9.79194
BLOCK06/SES069/SA069S25	SES226	0.565271	-9.22667	-9.79194
BLOCK06/SES069/SA069S25	SES270	-0.780531	-10.5725	-9.79194
BLOCK06/SES069/SA069S27	SES087	-0.98453	-14.6543	-13.6697
BLOCK06/SES069/SA069S27	SES206	-0.448517	-14.1183	-13.6697
BLOCK06/SES069/SA069S27	SES226	-0.139998	-13.8097	-13.6697
BLOCK06/SES069/SA069S27	SES270	-0.489327	-14.1591	-13.6697
BLOCK08/SES081/SA081S11	SES060	-0.27876	-14.0641	-13.7854
BLOCK08/SES081/SA081S11	SES062	-0.608007	-14.3934	-13.7854
BLOCK08/SES081/SA081S11	SES117	-0.208101	-13.9935	-13.7854
BLOCK08/SES081/SA081S11	SES162	-0.332522	-14.1179	-13.7854
BLOCK08/SES081/SA081S13	SES016	-0.267814	-11.1667	-10.8989
BLOCK08/SES081/SA081S13	SES060	-0.12146	-11.0204	-10.8989
BLOCK08/SES081/SA081S13	SES068	-0.485167	-11.3841	-10.8989
BLOCK08/SES081/SA081S13	SES129	-1.11223	-12.0112	-10.8989
BLOCK08/SES081/SA081S24	SES060	-0.0835066	-11.9688	-11.8853
BLOCK08/SES081/SA081S24	SES068	0.127416	-11.7579	-11.8853
BLOCK08/SES081/SA081S24	SES117	-0.0832682	-11.9686	-11.8853
BLOCK08/SES081/SA081S24	SES275	-0.390948	-12.2763	-11.8853
BLOCK08/SES081/SA081S27	SES007	0.164455	-18.0389	-18.2033
BLOCK08/SES081/SA081S27	SES060	-0.54056	-18.7439	-18.2033
BLOCK08/SES081/SA081S27	SES117	-0.00485611	-18.2082	-18.2033
BLOCK08/SES081/SA081S27	SES275	-1.42599	-19.6293	-18.2033
BLOCK08/SES081/SA081S29	SES007	-0.443443	-16.1979	-15.7545
BLOCK08/SES081/SA081S29	SES060	-0.104935	-15.8594	-15.7545
BLOCK08/SES081/SA081S29	SES117	0.128701	-15.6258	-15.7545
BLOCK08/SES081/SA081S29	SES275	-1.66517	-17.4197	-15.7545
BLOCK08/SES086/SA086S11	SES029	-0.573323	-15.6078	-15.0344
BLOCK08/SES086/SA086S11	SES082	0.618977	-14.4155	-15.0344
BLOCK08/SES086/SA086S11	SES087	0.874377	-14.1601	-15.0344
BLOCK08/SES086/SA086S11	SES206	0.41777	-14.6167	-15.0344
BLOCK08/SES086/SA086S12	SES029	-0.234168	-13.2854	-13.0512
BLOCK08/SES086/SA086S12	SES082	0.187747	-12.8635	-13.0512
BLOCK08/SES086/SA086S12	SES087	1.23442	-11.8168	-13.0512
BLOCK08/SES086/SA086S12	SES206	0.428157	-12.6231	-13.0512
BLOCK08/SES086/SA086S20	SES029	-1.06886	-13.6623	-12.5934
BLOCK08/SES086/SA086S20	SES082	-0.250574	-12.844	-12.5934
BLOCK08/SES086/SA086S20	SES087	-0.39119	-12.9846	-12.5934
BLOCK08/SES086/SA086S20	SES206	0.180336	-12.4131	-12.5934
BLOCK08/SES086/SA086S24	SES087	0.717963	-12.8324	-13.5503
BLOCK08/SES086/SA086S24	SES104	-2.61822	-16.1685	-13.5503
BLOCK08/SES086/SA086S24	SES120	0.99472	-12.5556	-13.5503
BLOCK08/SES086/SA086S24	SES206	0.680008	-12.8703	-13.5503
BLOCK08/SES086/SA086S28	SES029	-0.154573	-11.0116	-10.857
BLOCK08/SES086/SA086S28	SES082	0.481284	-10.3757	-10.857
BLOCK08/SES086/SA086S28	SES087	1.34275	-9.51424	-10.857
BLOCK08/SES086/SA086S28	SES206	0.610023	-10.247	-10.857
BLOCK08/SES089/SA089S13	SES087	-0.466414	-14.3207	-13.8542
BLOCK08/SES089/SA089S13	SES206	-0.887215	-14.7415	-13.8542
BLOCK08/SES089/SA089S13	SES226	0.554069	-13.3002	-13.8542
BLOCK08/SES089/SA089S13	SES270	0.27821	-13.576	-13.8542
BLOCK08/SES089/SA089S14	SES062	-0.00500774	-11.4134	-11.4084
BLOCK08/SES089/SA089S14	SES087	0.668932	-10.7395	-11.4084
BLOCK08/SES089/SA089S14	SES206	0.0978756	-11.3105	-11.4084
BLOCK08/SES089/SA089S14	SES226	0.271162	-11.1372	-11.4084
BLOCK08/SES089/SA089S23	SES087	-0.176143	-15.9687	-15.7925
BLOCK08/SES089/SA089S23	SES206	-0.380958	-16.1735	-15.7925
BLOCK08/SES089/SA089S23	SES226	0.439701	-15.3528	-15.7925
BLOCK08/SES089/SA089S23	SES270	0.458523	-15.334	-15.7925
BLOCK08/SES089/SA089S25	SES062	-0.136514	-12.6723	-12.5358
BLOCK08/SES089/SA089S25	SES087	-0.51604	-13.0518	-12.5358
BLOCK08/SES089/SA089S25	SES206	-0.409745	-12.9455	-12.5358
BLOCK08/SES089/SA089S25	SES226	0.820967	-11.7148	-12.5358
BLOCK08/SES089/SA089S28	SES062	-0.114746	-12.5082	-12.3935
BLOCK08/SES089/SA089S28	SES087	0.32799	-12.0655	-12.3935
BLOCK08/SES089/SA089S28	SES206	-0.631368	-13.0249	-12.3935
BLOCK08/SES089/SA089S28	SES226	0.876682	-11.5168	-12.3935
BLOCK09/SES097/SA097S11	SES099	-0.870259	-11.7047	-10.8345
BLOCK09/SES097/SA097S11	SES125	-0.543523	-11.378	-10.8345
BLOCK09/SES097/SA097S11	SES206	-1.37476	-12.2092	-10.8345
BLOCK09/SES097/SA097S11	SES226	1.13395	-9.70051	-10.8345
BLOCK09/SES097/SA097S14	SES062	0.213358	-9.81633	-10.0297
BLOCK09/SES097/SA097S14	SES099	-1.49287	-11.5226	-10.0297
BLOCK09/SES097/SA097S14	SES104	-3.83562	-13.8653	-10.0297
BLOCK09/SES097/SA097S14	SES206	-1.65838	-11.6881	-10.0297
BLOCK09/SES097/SA097S22	SES099	-0.642762	-11.5214	-10.8787
BLOCK09/SES097/SA097S22	SES206	-1.29328	-12.1719	-10.8787
BLOCK09/SES097/SA097S22	SES226	0.274811	-10.6039	-10.8787
BLOCK09/SES097/SA097S22	SES270	-0.868964	-11.7476	-10.8787
BLOCK09/SES097/SA097S26	SES099	-1.05369	-12.538	-11.4843
BLOCK09/SES097/SA097S26	SES120	-1.16318	-12.6475	-11.4843
BLOCK09/SES097/SA097S26	SES206	-1.74398	-13.2283	-11.4843
BLOCK09/SES097/SA097S26	SES226	0.851577	-10.6327	-11.4843
BLOCK09/SES097/SA097S28	SES099	0.526392	-10.0299	-10.5563
BLOCK09/SES097/SA097S28	SES120	-0.421172	-10.9775	-10.5563
BLOCK09/SES097/SA097S28	SES206	-0.544444	-11.1007	-10.5563
BLOCK09/SES097/SA097S28	SES226	0.513821	-10.0425	-10.5563
BLOCK09/SES098/SA098S11	SES127	-1.67413	-14.7458	-13.0717
BLOCK09/SES098/SA098S11	SES144	0.0684729	-13.0032	-13.0717
BLOCK09/SES098/SA098S11	SES147	0.0553923	-13.0163	-13.0717
BLOCK09/SES098/SA098S11	SES148	-1.07544	-14.1471	-13.0717
BLOCK09/SES098/SA098S12	SES127	-1.2513	-16.2271	-14.9758
BLOCK09/SES098/SA098S12	SES144	-0.743856	-15.7196	-14.9758
BLOCK09/SES098/SA098S12	SES147	-0.422534	-15.3983	-14.9758
BLOCK09/SES098/SA098S12	SES189	-1.74283	-16.7186	-14.9758
BLOCK09/SES098/SA098S20	SES127	-2.6307	-20.8627	-18.232
BLOCK09/SES098/SA098S20	SES147	-1.93403	-20.1661	-18.232
BLOCK09/SES098/SA098S20	SES148	-3.25151	-21.4836	-18.232
BLOCK09/SES098/SA098S20	SES292	-0.142235	-18.3743	-18.232
BLOCK09/SES098/SA098S23	SES127	-1.43783	-15.2147	-13.7769
BLOCK09/SES098/SA098S23	SES147	-0.32287	-14.0998	-13.7769
BLOCK09/SES098/SA098S23	SES187	0.0364771	-13.7404	-13.7769
BLOCK09/SES098/SA098S23	SES292	-0.268147	-14.045	-13.7769
BLOCK09/SES098/SA098S27	SES127	-1.88662	-16.2334	-14.3468
BLOCK09/SES098/SA098S27	SES147	-0.497255	-14.844	-14.3468
BLOCK09/SES098/SA098S27	SES148	-1.30422	-15.651	-14.3468
BLOCK09/SES098/SA098S27	SES292	0.00877476	-14.338	-14.3468
BLOCK10/SES102/SA102S13	SES101	0.0706396	-14.962	-15.0326
BLOCK10/SES102/SA102S13	SES105	0.86226	-14.1704	-15.0326
BLOCK10/SES102/SA102S13	SES120	0.43194	-14.6007	-15.0326
BLOCK10/SES102/SA102S13	SES158	-0.151778	-15.1844	-15.0326
BLOCK10/SES102/SA102S14	SES007	0.586975	-13.4442	-14.0311
BLOCK10/SES102/SA102S14	SES101	-0.937311	-14.9684	-14.0311
BLOCK10/SES102/SA102S14	SES105	-0.442977	-14.4741	-14.0311
BLOCK10/SES102/SA102S14	SES147	-1.08759	-15.1187	-14.0311
BLOCK10/SES102/SA102S22	SES007	0.386691	-12.0992	-12.4859
BLOCK10/SES102/SA102S22	SES101	-0.702856	-13.1888	-12.4859
BLOCK10/SES102/SA102S22	SES105	0.156943	-12.329	-12.4859
BLOCK10/SES102/SA102S22	SES158	0.297272	-12.1886	-12.4859
BLOCK10/SES102/SA102S25	SES007	0.445894	-13.6602	-14.1061
BLOCK10/SES102/SA102S25	SES101	-0.237823	-14.344	-14.1061
BLOCK10/SES102/SA102S25	SES105	-0.0725861	-14.1787	-14.1061
BLOCK10/SES102/SA102S25	SES147	-0.715218	-14.8214	-14.1061
BLOCK10/SES102/SA102S27	SES007	0.210325	-11.3429	-11.5533
BLOCK10/SES102/SA102S27	SES101	0.147268	-11.406	-11.5533
BLOCK10/SES102/SA102S27	SES105	0.0554323	-11.4978	-11.5533
BLOCK10/SES102/SA102S27	SES147	-0.239202	-11.7925	-11.5533
BLOCK10/SES103/SA103S14	SES105	-0.15032	-17.9322	-17.7818
BLOCK10/SES103/SA103S14	SES106	-0.386604	-18.1684	-17.7818
BLOCK10/SES103/SA103S14	SES120	0.173727	-17.6081	-17.7818
BLOCK10/SES103/SA103S14	SES206	0.372772	-17.4091	-17.7818
BLOCK10/SES103/SA103S15	SES099	-0.660035	-15.592	-14.9319
BLOCK10/SES103/SA103S15	SES101	-0.332698	-15.2646	-14.9319
BLOCK10/SES103/SA103S15	SES104	-1.31716	-16.2491	-14.9319
BLOCK10/SES103/SA103S15	SES125	-0.458956	-15.3909	-14.9319
BLOCK10/SES103/SA103S24	SES104	-3.22254	-15.3254	-12.1028
BLOCK10/SES103/SA103S24	SES125	-0.367741	-12.4706	-12.1028
BLOCK10/SES103/SA103S24	SES148	-0.444077	-12.5469	-12.1028
BLOCK10/SES103/SA103S24	SES158	-0.742888	-12.8457	-12.1028
BLOCK10/SES103/SA103S26	SES104	-3.22718	-17.9153	-14.6881
BLOCK10/SES103/SA103S26	SES106	0.364114	-14.324	-14.6881
BLOCK10/SES103/SA103S26	SES125	0.326796	-14.3613	-14.6881
BLOCK10/SES103/SA103S26	SES148	-1.58737	-16.2755	-14.6881
BLOCK10/SES103/SA103S28	SES104	-1.65687	-18.3044	-16.6476
BLOCK10/SES103/SA103S28	SES106	0.26709	-16.3805	-16.6476
BLOCK10/SES103/SA103S28	SES125	-0.265102	-16.9127	-16.6476
BLOCK10/SES103/SA103S28	SES206	0.395105	-16.2525	-16.6476
BLOCK12/SES121/SA121S12	SES042	-0.548558	-12.2844	-11.7359
BLOCK12/SES121/SA121S12	SES087	-0.010788	-11.7467	-11.7359
BLOCK12/SES121/SA121S12	SES105	1.72358	-10.0123	-11.7359
BLOCK12/SES121/SA121S12	SES206	0.696362	-11.0395	-11.7359
BLOCK12/SES121/SA121S14	SES007	0.18491	-17.7993	-17.9842
BLOCK12/SES121/SA121S14	SES105	0.436865	-17.5473	-17.9842
BLOCK12/SES121/SA121S14	SES106	-1.03515	-19.0193	-17.9842
BLOCK12/SES121/SA121S14	SES206	0.583609	-17.4006	-17.9842
BLOCK12/SES121/SA121S23	SES105	1.54065	-14.4072	-15.9478
BLOCK12/SES121/SA121S23	SES106	-0.313908	-16.2617	-15.9478
BLOCK12/SES121/SA121S23	SES120	1.24088	-14.7069	-15.9478
BLOCK12/SES121/SA121S23	SES206	1.35506	-14.5928	-15.9478
BLOCK12/SES121/SA121S25	SES007	0.434492	-17.7355	-18.1699
BLOCK12/SES121/SA121S25	SES105	0.230267	-17.9397	-18.1699
BLOCK12/SES121/SA121S25	SES106	-1.21571	-19.3857	-18.1699
BLOCK12/SES121/SA121S25	SES206	0.814583	-17.3554	-18.1699
BLOCK12/SES121/SA121S27	SES087	1.46955	-16.3472	-17.8167
BLOCK12/SES121/SA121S27	SES105	0.459639	-17.3571	-17.8167
BLOCK12/SES121/SA121S27	SES120	1.56286	-16.2538	-17.8167
BLOCK12/SES121/SA121S27	SES206	0.591631	-17.2251	-17.8167
BLOCK12/SES124/SA124S16	SES042	-0.848191	-11.2911	-10.4429
BLOCK12/SES124/SA124S16	SES082	-0.0562639	-10.4992	-10.4429
BLOCK12/SES124/SA124S16	SES183	-0.242593	-10.6855	-10.4429
BLOCK12/SES124/SA124S16	SES206	-0.478398	-10.9213	-10.4429
BLOCK12/SES124/SA124S17	SES105	-1.39858	-16.8705	-15.472
BLOCK12/SES124/SA124S17	SES149	-0.0647593	-15.5367	-15.472
BLOCK12/SES124/SA124S17	SES158	0.471743	-15.0002	-15.472
BLOCK12/SES124/SA124S17	SES275	-1.31849	-16.7904	-15.472
BLOCK12/SES124/SA124S23	SES105	-0.363195	-10.0727	-9.70955
BLOCK12/SES124/SA124S23	SES125	1.46538	-8.24417	-9.70955
BLOCK12/SES124/SA124S23	SES129	0.791878	-8.91767	-9.70955
BLOCK12/SES124/SA124S23	SES158	-0.867457	-10.577	-9.70955
BLOCK12/SES124/SA124S26	SES105	-1.42504	-15.3195	-13.8945
BLOCK12/SES124/SA124S26	SES125	0.0218582	-13.8726	-13.8945
BLOCK12/SES124/SA124S26	SES129	-1.07763	-14.9721	-13.8945
BLOCK12/SES124/SA124S26	SES158	-0.124836	-14.0193	-13.8945
BLOCK12/SES124/SA124S28	SES104	-4.00403	-15.8063	-11.8022
BLOCK12/SES124/SA124S28	SES106	0.726404	-11.0758	-11.8022
BLOCK12/SES124/SA124S28	SES125	1.09593	-10.7063	-11.8022
BLOCK12/SES124/SA124S28	SES275	-0.616096	-12.4183	-11.8022
BLOCK12/SES126/SA126S13	SES007	-0.346154	-14.1477	-13.8015
BLOCK12/SES126/SA126S13	SES162	-0.110999	-13.9125	-13.8015
BLOCK12/SES126/SA126S13	SES177	-0.0270977	-13.8286	-13.8015
BLOCK12/SES126/SA126S13	SES180	-0.186293	-13.9878	-13.8015
BLOCK12/SES126/SA126S14	SES144	0.133451	-10.763	-10.8964
BLOCK12/SES126/SA126S14	SES148	-0.968757	-11.8652	-10.8964
BLOCK12/SES126/SA126S14	SES177	0.168694	-10.7277	-10.8964
BLOCK12/SES126/SA126S14	SES180	0.13067	-10.7658	-10.8964
BLOCK12/SES126/SA126S20	SES007	-0.223074	-8.87934	-8.65627
BLOCK12/SES126/SA126S20	SES162	0.533895	-8.12238	-8.65627
BLOCK12/SES126/SA126S20	SES172	0.418155	-8.23812	-8.65627
BLOCK12/SES126/SA126S20	SES180	0.437982	-8.21829	-8.65627
BLOCK12/SES126/SA126S24	SES120	-0.314668	-11.6773	-11.3626
BLOCK12/SES126/SA126S24	SES162	0.471066	-10.8915	-11.3626
BLOCK12/SES126/SA126S24	SES177	0.47753	-10.8851	-11.3626
BLOCK12/SES126/SA126S24	SES180	0.122339	-11.2403	-11.3626
BLOCK12/SES126/SA126S26	SES120	-0.325802	-10.2217	-9.89591
BLOCK12/SES126/SA126S26	SES177	-0.501976	-10.3979	-9.89591
BLOCK12/SES126/SA126S26	SES180	0.620678	-9.27524	-9.89591
BLOCK12/SES126/SA126S26	SES202	0.164651	-9.73126	-9.89591
BLOCK12/SES128/SA128S10	SES087	-0.635835	-12.3691	-11.7333
BLOCK12/SES128/SA128S10	SES206	-0.0706997	-11.804	-11.7333
BLOCK12/SES128/SA128S10	SES226	-0.257595	-11.9909	-11.7333
BLOCK12/SES128/SA128S10	SES270	-0.341846	-12.0751	-11.7333
BLOCK12/SES128/SA128S12	SES120	0.220532	-13.2135	-13.434
BLOCK12/SES128/SA128S12	SES158	-0.541276	-13.9753	-13.434
BLOCK12/SES128/SA128S12	SES206	0.450458	-12.9835	-13.434
BLOCK12/SES128/SA128S12	SES226	-1.11694	-14.5509	-13.434
BLOCK12/SES128/SA128S21	SES106	-1.51431	-13.2135	-11.6992
BLOCK12/SES128/SA128S21	SES120	-0.996781	-12.6959	-11.6992
BLOCK12/SES128/SA128S21	SES206	-1.42748	-13.1266	-11.6992
BLOCK12/SES128/SA128S21	SES226	0.298285	-11.4009	-11.6992
BLOCK12/SES128/SA128S24	SES087	-0.0344467	-13.8031	-13.7686
BLOCK12/SES128/SA128S24	SES120	0.0397863	-13.7289	-13.7686
BLOCK12/SES128/SA128S24	SES206	-0.41788	-14.1865	-13.7686
BLOCK12/SES128/SA128S24	SES226	-0.644116	-14.4128	-13.7686
BLOCK12/SES128/SA128S27	SES099	-0.654475	-13.1682	-12.5137
BLOCK12/SES128/SA128S27	SES120	-0.0476131	-12.5613	-12.5137
BLOCK12/SES128/SA128S27	SES206	-0.611687	-13.1254	-12.5137
BLOCK12/SES128/SA128S27	SES226	-0.871481	-13.3852	-12.5137
BLOCK13/SES130/SA130S13	SES143	0.116122	-12.8435	-12.9596
BLOCK13/SES130/SA130S13	SES144	0.00505352	-12.9546	-12.9596
BLOCK13/SES130/SA130S13	SES146	-0.977168	-13.9368	-12.9596
BLOCK13/SES130/SA130S13	SES275	-1.1229	-14.0825	-12.9596
BLOCK13/SES130/SA130S15	SES143	-0.210429	-11.4923	-11.2819
BLOCK13/SES130/SA130S15	SES144	0.587612	-10.6943	-11.2819
BLOCK13/SES130/SA130S15	SES146	-0.320645	-11.6025	-11.2819
BLOCK13/SES130/SA130S15	SES275	-0.207342	-11.4892	-11.2819
BLOCK13/SES130/SA130S23	SES127	-0.750595	-11.0442	-10.2936
BLOCK13/SES130/SA130S23	SES144	0.932272	-9.36131	-10.2936
BLOCK13/SES130/SA130S23	SES146	-0.172316	-10.4659	-10.2936
BLOCK13/SES130/SA130S23	SES162	0.533432	-9.76015	-10.2936
BLOCK13/SES130/SA130S25	SES127	-0.510669	-9.77154	-9.26087
BLOCK13/SES130/SA130S25	SES144	0.705559	-8.55531	-9.26087
BLOCK13/SES130/SA130S25	SES146	-0.110767	-9.37164	-9.26087
BLOCK13/SES130/SA130S25	SES275	-0.0260315	-9.2869	-9.26087
BLOCK13/SES130/SA130S28	SES127	-1.46052	-12.4986	-11.0381
BLOCK13/SES130/SA130S28	SES144	0.113334	-10.9248	-11.0381
BLOCK13/SES130/SA130S28	SES146	0.150543	-10.8876	-11.0381
BLOCK13/SES130/SA130S28	SES275	-0.0867968	-11.1249	-11.0381
BLOCK13/SES131/SA131S13	SES002	-0.224511	-10.8784	-10.6539
BLOCK13/SES131/SA131S13	SES007	-0.190321	-10.8442	-10.6539
BLOCK13/SES131/SA131S13	SES099	-0.0334682	-10.6873	-10.6539
BLOCK13/SES131/SA131S13	SES105	0.0737925	-10.5801	-10.6539
BLOCK13/SES131/SA131S14	SES104	-5.35539	-12.633	-7.27763
BLOCK13/SES131/SA131S14	SES106	0.346534	-6.9311	-7.27763
BLOCK13/SES131/SA131S14	SES125	0.0697851	-7.20785	-7.27763
BLOCK13/SES131/SA131S14	SES148	0.453331	-6.8243	-7.27763
BLOCK13/SES131/SA131S20	SES104	-3.44896	-15.4674	-12.0184
BLOCK13/SES131/SA131S20	SES106	-0.345422	-12.3639	-12.0184
BLOCK13/SES131/SA131S20	SES125	-0.749941	-12.7684	-12.0184
BLOCK13/SES131/SA131S20	SES148	-0.800806	-12.8192	-12.0184
BLOCK13/SES131/SA131S22	SES099	-0.863605	-11.7356	-10.872
BLOCK13/SES131/SA131S22	SES104	-2.35514	-13.2272	-10.872
BLOCK13/SES131/SA131S22	SES125	0.134965	-10.7371	-10.872
BLOCK13/SES131/SA131S22	SES206	-0.568173	-11.4402	-10.872
BLOCK13/SES131/SA131S29	SES087	-0.897989	-13.9905	-13.0925
BLOCK13/SES131/SA131S29	SES104	-1.98765	-15.0802	-13.0925
BLOCK13/SES131/SA131S29	SES125	-1.5418	-14.6343	-13.0925
BLOCK13/SES131/SA131S29	SES206	-0.979086	-14.0716	-13.0925
BLOCK13/SES132/SA132S11	SES083	0.18758	-14.2831	-14.4707
BLOCK13/SES132/SA132S11	SES120	0.48399	-13.9867	-14.4707
BLOCK13/SES132/SA132S11	SES127	-1.3031	-15.7738	-14.4707
BLOCK13/SES132/SA132S11	SES275	-0.603805	-15.0745	-14.4707
BLOCK13/SES132/SA132S12	SES083	-0.0351219	-10.5561	-10.521
BLOCK13/SES132/SA132S12	SES143	-0.693198	-11.2142	-10.521
BLOCK13/SES132/SA132S12	SES144	0.335983	-10.185	-10.521
BLOCK13/SES132/SA132S12	SES148	-0.258073	-10.779	-10.521
BLOCK13/SES132/SA132S22	SES062	-0.191508	-13.1003	-12.9088
BLOCK13/SES132/SA132S22	SES083	-0.150751	-13.0596	-12.9088
BLOCK13/SES132/SA132S22	SES127	-0.871295	-13.7801	-12.9088
BLOCK13/SES132/SA132S22	SES275	-0.524962	-13.4338	-12.9088
BLOCK13/SES132/SA132S24	SES007	0.228289	-11.6421	-11.8704
BLOCK13/SES132/SA132S24	SES083	0.252291	-11.6181	-11.8704
BLOCK13/SES132/SA132S24	SES127	-1.76235	-13.6327	-11.8704
BLOCK13/SES132/SA132S24	SES275	-0.0399771	-11.9104	-11.8704
BLOCK13/SES132/SA132S27	SES083	-0.330117	-15.2984	-14.9683
BLOCK13/SES132/SA132S27	SES120	0.669027	-14.2993	-14.9683
BLOCK13/SES132/SA132S27	SES127	-3.16852	-18.1368	-14.9683
BLOCK13/SES132/SA132S27	SES275	-0.496799	-15.4651	-14.9683
BLOCK14/SES141/SA141S09	SES143	-0.499512	-10.4259	-9.92641
BLOCK14/SES141/SA141S09	SES144	0.669684	-9.25673	-9.92641
BLOCK14/SES141/SA141S09	SES162	0.570746	-9.35567	-9.92641
BLOCK14/SES141/SA141S09	SES180	0.068058	-9.85836	-9.92641
BLOCK14/SES141/SA141S15	SES127	-0.431475	-10.6429	-10.2114
BLOCK14/SES141/SA141S15	SES144	0.248597	-9.96282	-10.2114
BLOCK14/SES141/SA141S15	SES162	0.133977	-10.0774	-10.2114
BLOCK14/SES141/SA141S15	SES180	0.089448	-10.122	-10.2114
BLOCK14/SES141/SA141S24	SES127	-1.24757	-13.2111	-11.9636
BLOCK14/SES141/SA141S24	SES144	-0.392088	-12.3556	-11.9636
BLOCK14/SES141/SA141S24	SES162	0.420577	-11.543	-11.9636
BLOCK14/SES141/SA141S24	SES183	-0.423442	-12.387	-11.9636
BLOCK14/SES141/SA141S26	SES142	0.469552	-11.6247	-12.0942
BLOCK14/SES141/SA141S26	SES144	-0.0692406	-12.1635	-12.0942
BLOCK14/SES141/SA141S26	SES172	0.0849829	-12.0092	-12.0942
BLOCK14/SES141/SA141S26	SES180	-0.226789	-12.321	-12.0942
BLOCK14/SES141/SA141S29	SES127	-0.267296	-10.7919	-10.5246
BLOCK14/SES141/SA141S29	SES142	-0.0659275	-10.5905	-10.5246
BLOCK14/SES141/SA141S29	SES144	0.181559	-10.343	-10.5246
BLOCK14/SES141/SA141S29	SES180	0.299801	-10.2248	-10.5246
BLOCK15/SES157/SA157S08	SES083	-0.191759	-10.6944	-10.5027
BLOCK15/SES157/SA157S08	SES127	-1.40734	-11.91	-10.5027
BLOCK15/SES157/SA157S08	SES148	-0.326913	-10.8296	-10.5027
BLOCK15/SES157/SA157S08	SES292	-0.207407	-10.7101	-10.5027
BLOCK15/SES157/SA157S11	SES083	-0.0783939	-11.455	-11.3767
BLOCK15/SES157/SA157S11	SES127	-2.04403	-13.4207	-11.3767
BLOCK15/SES157/SA157S11	SES148	-0.495358	-11.872	-11.3767
BLOCK15/SES157/SA157S11	SES292	-0.0400467	-11.4167	-11.3767
BLOCK15/SES157/SA157S21	SES127	-0.347013	-9.24611	-8.89909
BLOCK15/SES157/SA157S21	SES148	-0.209933	-9.10903	-8.89909
BLOCK15/SES157/SA157S21	SES158	-3.42242	-12.3215	-8.89909
BLOCK15/SES157/SA157S21	SES292	-0.0445709	-8.94367	-8.89909
BLOCK15/SES157/SA157S24	SES127	-1.01451	-12.5658	-11.5513
BLOCK15/SES157/SA157S24	SES148	-0.388986	-11.9403	-11.5513
BLOCK15/SES157/SA157S24	SES183	-0.103841	-11.6552	-11.5513
BLOCK15/SES157/SA157S24	SES292	-0.205905	-11.7572	-11.5513
BLOCK15/SES157/SA157S26	SES007	-0.180863	-11.0949	-10.9141
BLOCK15/SES157/SA157S26	SES127	-1.10674	-12.0208	-10.9141
BLOCK15/SES157/SA157S26	SES147	0.126272	-10.7878	-10.9141
BLOCK15/SES157/SA157S26	SES148	-0.695002	-11.6091	-10.9141
BLOCK16/SES161/SA161S10	SES007	0.233523	-12.5719	-12.8054
BLOCK16/SES161/SA161S10	SES105	0.528968	-12.2765	-12.8054
BLOCK16/SES161/SA161S10	SES158	-0.0269032	-12.8323	-12.8054
BLOCK16/SES161/SA161S10	SES275	0.0837297	-12.7217	-12.8054
BLOCK16/SES161/SA161S12	SES007	0.0722904	-16.9855	-17.0578
BLOCK16/SES161/SA161S12	SES105	0.307819	-16.7499	-17.0578
BLOCK16/SES161/SA161S12	SES158	-0.263805	-17.3216	-17.0578
BLOCK16/SES161/SA161S12	SES275	0.712984	-16.3448	-17.0578
BLOCK16/SES161/SA161S20	SES007	-0.0317059	-16.5437	-16.512
BLOCK16/SES161/SA161S20	SES105	-0.433725	-16.9457	-16.512
BLOCK16/SES161/SA161S20	SES158	-0.143562	-16.6556	-16.512
BLOCK16/SES161/SA161S20	SES275	-0.938396	-17.4504	-16.512
BLOCK16/SES161/SA161S23	SES007	-0.786955	-18.9292	-18.1423
BLOCK16/SES161/SA161S23	SES105	0.548302	-17.594	-18.1423
BLOCK16/SES161/SA161S23	SES148	0.664762	-17.4775	-18.1423
BLOCK16/SES161/SA161S23	SES158	-1.05645	-19.1987	-18.1423
BLOCK16/SES161/SA161S28	SES007	0.243364	-16.8752	-17.1186
BLOCK16/SES161/SA161S28	SES105	-0.804049	-17.9226	-17.1186
BLOCK16/SES161/SA161S28	SES158	0.250051	-16.8685	-17.1186
BLOCK16/SES161/SA161S28	SES206	0.660347	-16.4582	-17.1186
BLOCK16/SES164/SA164S11	SES104	-2.66683	-13.2146	-10.5478
BLOCK16/SES164/SA164S11	SES125	0.597367	-9.95045	-10.5478
BLOCK16/SES164/SA164S11	SES158	-1.64921	-12.197	-10.5478
BLOCK16/SES164/SA164S11	SES206	-0.447414	-10.9952	-10.5478
BLOCK16/SES164/SA164S13	SES099	-1.79066	-11.9251	-10.1344
BLOCK16/SES164/SA164S13	SES104	-3.67287	-13.8073	-10.1344
BLOCK16/SES164/SA164S13	SES125	-1.20953	-11.3439	-10.1344
BLOCK16/SES164/SA164S13	SES206	-1.32933	-11.4637	-10.1344
BLOCK16/SES164/SA164S24	SES002	0.873207	-10.0496	-10.9228
BLOCK16/SES164/SA164S24	SES099	-0.953184	-11.876	-10.9228
BLOCK16/SES164/SA164S24	SES125	-0.114816	-11.0376	-10.9228
BLOCK16/SES164/SA164S24	SES226	1.32601	-9.59682	-10.9228
BLOCK16/SES164/SA164S27	SES087	-0.828473	-10.5737	-9.74527
BLOCK16/SES164/SA164S27	SES125	-0.172704	-9.91797	-9.74527
BLOCK16/SES164/SA164S27	SES206	-1.18909	-10.9344	-9.74527
BLOCK16/SES164/SA164S27	SES226	0.73439	-9.01088	-9.74527
BLOCK16/SES164/SA164S29	SES002	0.157573	-9.29808	-9.45566
BLOCK16/SES164/SA164S29	SES019	-1.10358	-10.5592	-9.45566
BLOCK16/SES164/SA164S29	SES125	-0.696901	-10.1526	-9.45566
BLOCK16/SES164/SA164S29	SES226	0.860555	-8.5951	-9.45566
BLOCK16/SES169/SA169S13	SES117	-0.16372	-12.2221	-12.0584
BLOCK16/SES169/SA169S13	SES144	-0.419917	-12.4783	-12.0584
BLOCK16/SES169/SA169S13	SES146	-0.228954	-12.2873	-12.0584
BLOCK16/SES169/SA169S13	SES162	-0.0413618	-12.0997	-12.0584
BLOCK16/SES169/SA169S14	SES144	0.0567617	-9.79853	-9.85529
BLOCK16/SES169/SA169S14	SES148	-0.20843	-10.0637	-9.85529
BLOCK16/SES169/SA169S14	SES177	0.10956	-9.74573	-9.85529
BLOCK16/SES169/SA169S14	SES180	-0.281072	-10.1364	-9.85529
BLOCK16/SES169/SA169S24	SES117	0.03934	-10.0763	-10.1157
BLOCK16/SES169/SA169S24	SES144	0.233309	-9.88236	-10.1157
BLOCK16/SES169/SA169S24	SES146	-0.0109081	-10.1266	-10.1157
BLOCK16/SES169/SA169S24	SES162	0.564338	-9.55133	-10.1157
BLOCK16/SES169/SA169S27	SES127	-0.520116	-11.7034	-11.1833
BLOCK16/SES169/SA169S27	SES129	-0.222173	-11.4055	-11.1833
BLOCK16/SES169/SA169S27	SES144	-0.281629	-11.465	-11.1833
BLOCK16/SES169/SA169S27	SES146	-0.266253	-11.4496	-11.1833
BLOCK16/SES169/SA169S29	SES144	0.329659	-8.28456	-8.61422
BLOCK16/SES169/SA169S29	SES162	0.480503	-8.13372	-8.61422
BLOCK16/SES169/SA169S29	SES177	0.186142	-8.42808	-8.61422
BLOCK16/SES169/SA169S29	SES180	-0.101027	-8.71525	-8.61422
BLOCK17/SES171/SA171S12	SES083	-0.61758	-12.6666	-12.049
BLOCK17/SES171/SA171S12	SES148	-0.19182	-12.2409	-12.049
BLOCK17/SES171/SA171S12	SES172	-0.368443	-12.4175	-12.049
BLOCK17/SES171/SA171S12	SES292	-0.160273	-12.2093	-12.049
BLOCK17/SES171/SA171S15	SES148	-0.0219116	-12.0223	-12.0003
BLOCK17/SES171/SA171S15	SES177	-0.0897989	-12.0901	-12.0003
BLOCK17/SES171/SA171S15	SES180	-0.895771	-12.8961	-12.0003
BLOCK17/SES171/SA171S15	SES292	-0.108526	-12.1089	-12.0003
BLOCK17/SES171/SA171S22	SES007	0.327955	-9.96625	-10.2942
BLOCK17/SES171/SA171S22	SES148	0.474036	-9.82017	-10.2942
BLOCK17/SES171/SA171S22	SES177	0.407072	-9.88713	-10.2942
BLOCK17/SES171/SA171S22	SES180	-1.04905	-11.3433	-10.2942
BLOCK17/SES171/SA171S25	SES101	-0.595403	-13.8077	-13.2123
BLOCK17/SES171/SA171S25	SES120	-1.01031	-14.2226	-13.2123
BLOCK17/SES171/SA171S25	SES177	-0.399166	-13.6115	-13.2123
BLOCK17/SES171/SA171S25	SES180	-0.751443	-13.9637	-13.2123
BLOCK17/SES171/SA171S27	SES177	0.071022	-12.8292	-12.9002
BLOCK17/SES171/SA171S27	SES180	-1.05577	-13.956	-12.9002
BLOCK17/SES171/SA171S27	SES189	0.402368	-12.4978	-12.9002
BLOCK17/SES171/SA171S27	SES292	-0.0956717	-12.9959	-12.9002
BLOCK17/SES173/SA173S13	SES162	0.145572	-12.7423	-12.8878
BLOCK17/SES173/SA173S13	SES177	0.445779	-12.4421	-12.8878
BLOCK17/SES173/SA173S13	SES180	-0.193976	-13.0818	-12.8878
BLOCK17/SES173/SA173S13	SES292	0.334051	-12.5538	-12.8878
BLOCK17/SES173/SA173S14	SES007	-0.188375	-11.4333	-11.2449
BLOCK17/SES173/SA173S14	SES162	0.108912	-11.136	-11.2449
BLOCK17/SES173/SA173S14	SES177	0.408496	-10.8364	-11.2449
BLOCK17/SES173/SA173S14	SES180	-0.397485	-11.6424	-11.2449
BLOCK17/SES173/SA173S24	SES144	-0.14412	-13.1693	-13.0252
BLOCK17/SES173/SA173S24	SES162	0.143446	-12.8818	-13.0252
BLOCK17/SES173/SA173S24	SES177	0.717077	-12.3081	-13.0252
BLOCK17/SES173/SA173S24	SES180	-1.13665	-14.1619	-13.0252
BLOCK17/SES173/SA173S27	SES162	-0.0138063	-12.412	-12.3982
BLOCK17/SES173/SA173S27	SES177	0.34974	-12.0485	-12.3982
BLOCK17/SES173/SA173S27	SES180	-0.0183334	-12.4166	-12.3982
BLOCK17/SES173/SA173S27	SES292	0.237794	-12.1604	-12.3982
BLOCK17/SES173/SA173S29	SES162	-0.0423126	-9.93394	-9.89162
BLOCK17/SES173/SA173S29	SES175	0.0505886	-9.84104	-9.89162
BLOCK17/SES173/SA173S29	SES177	0.0477018	-9.84392	-9.89162
BLOCK17/SES173/SA173S29	SES292	0.0941439	-9.79748	-9.89162
BLOCK18/SES182/SA182S10	SES144	-1.01044	-13.5238	-12.5134
BLOCK18/SES182/SA182S10	SES177	-0.0452185	-12.5586	-12.5134
BLOCK18/SES182/SA182S10	SES180	-1.40063	-13.914	-12.5134
BLOCK18/SES182/SA182S10	SES275	-0.439756	-12.9531	-12.5134
BLOCK18/SES182/SA182S12	SES144	-1.25179	-14.8376	-13.5859
BLOCK18/SES182/SA182S12	SES177	0.0420208	-13.5438	-13.5859
BLOCK18/SES182/SA182S12	SES180	-2.1581	-15.744	-13.5859
BLOCK18/SES182/SA182S12	SES275	-0.162218	-13.7481	-13.5859
BLOCK18/SES182/SA182S21	SES117	-0.0276556	-14.0035	-13.9759
BLOCK18/SES182/SA182S21	SES144	-0.503906	-14.4798	-13.9759
BLOCK18/SES182/SA182S21	SES162	0.0263395	-13.9496	-13.9759
BLOCK18/SES182/SA182S21	SES180	-1.40079	-15.3767	-13.9759
BLOCK18/SES182/SA182S23	SES117	-0.296986	-17.6679	-17.3709
BLOCK18/SES182/SA182S23	SES144	-2.73013	-20.1011	-17.3709
BLOCK18/SES182/SA182S23	SES180	-3.10079	-20.4717	-17.3709
BLOCK18/SES182/SA182S23	SES275	-0.617224	-17.9882	-17.3709
BLOCK18/SES182/SA182S25	SES007	0.348781	-11.8713	-12.2201
BLOCK18/SES182/SA182S25	SES162	-0.142237	-12.3623	-12.2201
BLOCK18/SES182/SA182S25	SES177	0.222347	-11.9978	-12.2201
BLOCK18/SES182/SA182S25	SES180	-1.00857	-13.2287	-12.2201
BLOCK18/SES184/SA184S12	SES177	-0.142404	-11.0507	-10.9083
BLOCK18/SES184/SA184S12	SES180	0.16162	-10.7467	-10.9083
BLOCK18/SES184/SA184S12	SES189	-1.83866	-12.747	-10.9083
BLOCK18/SES184/SA184S12	SES292	0.0881233	-10.8202	-10.9083
BLOCK18/SES184/SA184S13	SES101	-0.389924	-12.2469	-11.857
BLOCK18/SES184/SA184S13	SES177	-0.66258	-12.5196	-11.857
BLOCK18/SES184/SA184S13	SES180	0.0841618	-11.7728	-11.857
BLOCK18/SES184/SA184S13	SES292	-0.0457201	-11.9027	-11.857
BLOCK18/SES184/SA184S22	SES177	-0.177704	-11.7871	-11.6094
BLOCK18/SES184/SA184S22	SES180	0.340819	-11.2686	-11.6094
BLOCK18/SES184/SA184S22	SES189	-1.90408	-13.5135	-11.6094
BLOCK18/SES184/SA184S22	SES292	-0.20479	-11.8142	-11.6094
BLOCK18/SES184/SA184S25	SES101	0.30146	-10.7987	-11.1001
BLOCK18/SES184/SA184S25	SES177	-0.824952	-11.9251	-11.1001
BLOCK18/SES184/SA184S25	SES180	0.606731	-10.4934	-11.1001
BLOCK18/SES184/SA184S25	SES292	0.0140696	-11.0861	-11.1001
BLOCK18/SES184/SA184S27	SES083	-1.12155	-11.3716	-10.2501
BLOCK18/SES184/SA184S27	SES177	-0.473424	-10.7235	-10.2501
BLOCK18/SES184/SA184S27	SES202	-0.277358	-10.5274	-10.2501
BLOCK18/SES184/SA184S27	SES292	0.00120926	-10.2489	-10.2501
BLOCK20/SES204/SA204S12	SES062	0.00316143	-11.1878	-11.1909
BLOCK20/SES204/SA204S12	SES083	-0.113315	-11.3042	-11.1909
BLOCK20/SES204/SA204S12	SES206	-0.165916	-11.3568	-11.1909
BLOCK20/SES204/SA204S12	SES226	-0.571052	-11.762	-11.1909
BLOCK20/SES204/SA204S14	SES068	0.314013	-10.3757	-10.6897
BLOCK20/SES204/SA204S14	SES087	-0.394142	-11.0839	-10.6897
BLOCK20/SES204/SA204S14	SES206	-0.654878	-11.3446	-10.6897
BLOCK20/SES204/SA204S14	SES226	0.0255003	-10.6642	-10.6897
BLOCK20/SES204/SA204S22	SES068	-0.107542	-12.2009	-12.0933
BLOCK20/SES204/SA204S22	SES082	-0.369942	-12.4633	-12.0933
BLOCK20/SES204/SA204S22	SES083	-0.422623	-12.5159	-12.0933
BLOCK20/SES204/SA204S22	SES206	-0.463133	-12.5564	-12.0933
BLOCK20/SES204/SA204S25	SES062	-0.739952	-13.5449	-12.8049
BLOCK20/SES204/SA204S25	SES083	-0.558509	-13.3634	-12.8049
BLOCK20/SES204/SA204S25	SES206	-0.571288	-13.3762	-12.8049
BLOCK20/SES204/SA204S25	SES226	-0.273394	-13.0783	-12.8049
BLOCK20/SES204/SA204S27	SES068	0.190214	-11.5129	-11.7031
BLOCK20/SES204/SA204S27	SES082	-0.712673	-12.4158	-11.7031
BLOCK20/SES204/SA204S27	SES087	-0.217662	-11.9208	-11.7031
BLOCK20/SES204/SA204S27	SES206	-0.933407	-12.6365	-11.7031
BLOCK20/SES207/SA207S10	SES127	-0.983781	-11.4119	-10.4281
BLOCK20/SES207/SA207S10	SES183	0.107294	-10.3208	-10.4281
BLOCK20/SES207/SA207S10	SES189	-0.440935	-10.869	-10.4281
BLOCK20/SES207/SA207S10	SES292	-0.329263	-10.7574	-10.4281
BLOCK20/SES207/SA207S11	SES127	0.488172	-9.68396	-10.1721
BLOCK20/SES207/SA207S11	SES183	-0.0138922	-10.186	-10.1721
BLOCK20/SES207/SA207S11	SES187	-0.339658	-10.5118	-10.1721
BLOCK20/SES207/SA207S11	SES292	0.170354	-10.0018	-10.1721
BLOCK20/SES207/SA207S25	SES068	0.0411873	-12.1595	-12.2007
BLOCK20/SES207/SA207S25	SES083	-0.744751	-12.9454	-12.2007
BLOCK20/SES207/SA207S25	SES127	-0.0930309	-12.2937	-12.2007
BLOCK20/SES207/SA207S25	SES187	-0.389155	-12.5898	-12.2007
BLOCK20/SES207/SA207S27	SES127	-0.64647	-13.8474	-13.2009
BLOCK20/SES207/SA207S27	SES183	-0.230359	-13.4312	-13.2009
BLOCK20/SES207/SA207S27	SES187	-0.146623	-13.3475	-13.2009
BLOCK20/SES207/SA207S27	SES292	-0.244584	-13.4455	-13.2009
BLOCK20/SES207/SA207S29	SES083	-1.09397	-9.83675	-8.74278
BLOCK20/SES207/SA207S29	SES085	0.324473	-8.41831	-8.74278
BLOCK20/SES207/SA207S29	SES172	0.885845	-7.85694	-8.74278
BLOCK20/SES207/SA207S29	SES189	-2.03884	-10.7816	-8.74278
BLOCK22/SES221/SA221S12	SES068	0.370276	-10.5293	-10.8996
BLOCK22/SES221/SA221S12	SES143	-0.299283	-11.1989	-10.8996
BLOCK22/SES221/SA221S12	SES175	-0.19146	-11.0911	-10.8996
BLOCK22/SES221/SA221S12	SES202	0.202172	-10.6974	-10.8996
BLOCK22/SES221/SA221S15	SES085	0.0351439	-11.0544	-11.0896
BLOCK22/SES221/SA221S15	SES143	-0.289265	-11.3788	-11.0896
BLOCK22/SES221/SA221S15	SES175	-0.107026	-11.1966	-11.0896
BLOCK22/SES221/SA221S15	SES187	-0.285293	-11.3749	-11.0896
BLOCK22/SES221/SA221S23	SES068	0.334941	-11.8893	-12.2242
BLOCK22/SES221/SA221S23	SES143	-0.253727	-12.478	-12.2242
BLOCK22/SES221/SA221S23	SES175	-0.183648	-12.4079	-12.2242
BLOCK22/SES221/SA221S23	SES189	-0.277773	-12.502	-12.2242
BLOCK22/SES221/SA221S27	SES085	0.53562	-11.0965	-11.6321
BLOCK22/SES221/SA221S27	SES143	0.0552244	-11.5769	-11.6321
BLOCK22/SES221/SA221S27	SES175	0.0394764	-11.5926	-11.6321
BLOCK22/SES221/SA221S27	SES189	-0.997529	-12.6296	-11.6321
BLOCK22/SES221/SA221S29	SES085	0.447257	-15.2492	-15.6965
BLOCK22/SES221/SA221S29	SES143	0.19684	-15.4996	-15.6965
BLOCK22/SES221/SA221S29	SES175	0.187635	-15.5089	-15.6965
BLOCK22/SES221/SA221S29	SES187	-0.563784	-16.2603	-15.6965
BLOCK22/SES223/SA223S11	SES143	0.0208597	-12.7568	-12.7777
BLOCK22/SES223/SA223S11	SES144	-0.405862	-13.1836	-12.7777
BLOCK22/SES223/SA223S11	SES175	0.139228	-12.6385	-12.7777
BLOCK22/SES223/SA223S11	SES187	-0.279153	-13.0569	-12.7777
BLOCK22/SES223/SA223S13	SES068	-0.297338	-14.8489	-14.5516
BLOCK22/SES223/SA223S13	SES143	-0.857305	-15.4089	-14.5516
BLOCK22/SES223/SA223S13	SES146	-0.667892	-15.2195	-14.5516
BLOCK22/SES223/SA223S13	SES202	-0.289552	-14.8411	-14.5516
BLOCK22/SES223/SA223S22	SES143	-0.301353	-11.3075	-11.0061
BLOCK22/SES223/SA223S22	SES144	-0.476001	-11.4821	-11.0061
BLOCK22/SES223/SA223S22	SES175	-0.153202	-11.1593	-11.0061
BLOCK22/SES223/SA223S22	SES187	-0.16524	-11.1714	-11.0061
BLOCK22/SES223/SA223S25	SES068	-0.279491	-12.9065	-12.627
BLOCK22/SES223/SA223S25	SES143	-0.133489	-12.7605	-12.627
BLOCK22/SES223/SA223S25	SES175	0.166201	-12.4608	-12.627
BLOCK22/SES223/SA223S25	SES187	-0.168329	-12.7953	-12.627
BLOCK22/SES223/SA223S27	SES143	-0.0819254	-15.6608	-15.5789
BLOCK22/SES223/SA223S27	SES146	-1.19744	-16.7763	-15.5789
BLOCK22/SES223/SA223S27	SES187	-0.197346	-15.7762	-15.5789
BLOCK22/SES223/SA223S27	SES292	-0.0938654	-15.6727	-15.5789
BLOCK27/SES273/SA273S12	SES099	0.545752	-13.9969	-14.5427
BLOCK27/SES273/SA273S12	SES104	-2.24155	-16.7842	-14.5427
BLOCK27/SES273/SA273S12	SES125	0.26632	-14.2763	-14.5427
BLOCK27/SES273/SA273S12	SES206	0.487273	-14.0554	-14.5427
BLOCK27/SES273/SA273S13	SES099	-0.24099	-11.317	-11.076
BLOCK27/SES273/SA273S13	SES104	-3.09565	-14.1717	-11.076
BLOCK27/SES273/SA273S13	SES206	-0.32822	-11.4042	-11.076
BLOCK27/SES273/SA273S13	SES292	0.358226	-10.7178	-11.076
BLOCK27/SES273/SA273S21	SES099	-0.0162954	-11.0964	-11.0801
BLOCK27/SES273/SA273S21	SES148	-0.499665	-11.5798	-11.0801
BLOCK27/SES273/SA273S21	SES149	-0.172416	-11.2525	-11.0801
BLOCK27/SES273/SA273S21	SES177	-0.238434	-11.3185	-11.0801
BLOCK27/SES273/SA273S25	SES104	-3.91052	-19.3377	-15.4272
BLOCK27/SES273/SA273S25	SES125	0.274713	-15.1525	-15.4272
BLOCK27/SES273/SA273S25	SES158	1.21379	-14.2134	-15.4272
BLOCK27/SES273/SA273S25	SES206	1.29897	-14.1283	-15.4272
BLOCK27/SES273/SA273S27	SES099	-0.0448713	-10.5643	-10.5194
BLOCK27/SES273/SA273S27	SES104	-4.87941	-15.3988	-10.5194
BLOCK27/SES273/SA273S27	SES149	0.189763	-10.3296	-10.5194
BLOCK27/SES273/SA273S27	SES275	0.135022	-10.3844	-10.5194
BLOCK27/SES274/SA274S10	SES105	-1.53544	-11.3096	-9.77414
BLOCK27/SES274/SA274S10	SES125	-2.1609	-11.935	-9.77414
BLOCK27/SES274/SA274S10	SES129	1.1057	-8.66844	-9.77414
BLOCK27/SES274/SA274S10	SES158	-5.26272	-15.0369	-9.77414
BLOCK27/SES274/SA274S11	SES105	-0.493319	-12.2845	-11.7911
BLOCK27/SES274/SA274S11	SES149	-0.254916	-12.046	-11.7911
BLOCK27/SES274/SA274S11	SES158	-1.36979	-13.1609	-11.7911
BLOCK27/SES274/SA274S11	SES275	-0.439209	-12.2303	-11.7911
BLOCK27/SES274/SA274S21	SES105	-0.0819778	-10.799	-10.717
BLOCK27/SES274/SA274S21	SES129	0.124451	-10.5926	-10.717
BLOCK27/SES274/SA274S21	SES149	-0.350223	-11.0673	-10.717
BLOCK27/SES274/SA274S21	SES158	-2.25211	-12.9692	-10.717
BLOCK27/SES274/SA274S24	SES105	-0.639829	-11.8728	-11.233
BLOCK27/SES274/SA274S24	SES129	0.86873	-10.3642	-11.233
BLOCK27/SES274/SA274S24	SES149	-0.56221	-11.7952	-11.233
BLOCK27/SES274/SA274S24	SES158	-3.72747	-14.9604	-11.233
BLOCK27/SES274/SA274S29	SES105	-0.530991	-11.5834	-11.0524
BLOCK27/SES274/SA274S29	SES106	-0.741781	-11.7942	-11.0524
BLOCK27/SES274/SA274S29	SES120	-0.29763	-11.3501	-11.0524
BLOCK27/SES274/SA274S29	SES275	-0.140405	-11.1928	-11.0524
BLOCK27/SES276/SA276S16	SES148	-0.850254	-13.8767	-13.0265
BLOCK27/SES276/SA276S16	SES172	0.584746	-12.4417	-13.0265
BLOCK27/SES276/SA276S16	SES180	0.348031	-12.6784	-13.0265
BLOCK27/SES276/SA276S16	SES292	-0.0433493	-13.0698	-13.0265
BLOCK27/SES276/SA276S17	SES101	0.51699	-10.2354	-10.7524
BLOCK27/SES276/SA276S17	SES177	-0.135803	-10.8882	-10.7524
BLOCK27/SES276/SA276S17	SES180	0.259958	-10.4925	-10.7524
BLOCK27/SES276/SA276S17	SES292	0.222931	-10.5295	-10.7524
BLOCK27/SES276/SA276S24	SES101	0.739681	-10.1622	-10.9018
BLOCK27/SES276/SA276S24	SES177	0.477853	-10.424	-10.9018
BLOCK27/SES276/SA276S24	SES180	-0.259519	-11.1614	-10.9018
BLOCK27/SES276/SA276S24	SES292	-0.123664	-11.0255	-10.9018
BLOCK27/SES276/SA276S26	SES101	0.518169	-7.31688	-7.83505
BLOCK27/SES276/SA276S26	SES177	0.0906038	-7.74445	-7.83505
BLOCK27/SES276/SA276S26	SES180	-0.0685582	-7.90361	-7.83505
BLOCK27/SES276/SA276S26	SES292	0.312125	-7.52293	-7.83505
BLOCK27/SES276/SA276S28	SES101	0.884622	-8.34184	-9.22647
BLOCK27/SES276/SA276S28	SES177	0.198999	-9.02747	-9.22647
BLOCK27/SES276/SA276S28	SES180	0.420482	-8.80598	-9.22647
BLOCK27/SES276/SA276S28	SES292	0.243813	-8.98265	-9.22647
BLOCK27/SES277/SA277S12	SES101	0.296922	-13.2447	-13.5416
BLOCK27/SES277/SA277S12	SES177	-0.298531	-13.8401	-13.5416
BLOCK27/SES277/SA277S12	SES180	-0.416986	-13.9586	-13.5416
BLOCK27/SES277/SA277S12	SES292	0.0537004	-13.4879	-13.5416
BLOCK27/SES277/SA277S14	SES177	0.0949593	-13.1548	-13.2498
BLOCK27/SES277/SA277S14	SES180	-1.08495	-14.3347	-13.2498
BLOCK27/SES277/SA277S14	SES189	0.580473	-12.6693	-13.2498
BLOCK27/SES277/SA277S14	SES292	0.022584	-13.2272	-13.2498
BLOCK27/SES277/SA277S21	SES177	0.148571	-12.3243	-12.4729
BLOCK27/SES277/SA277S21	SES180	-0.734369	-13.2073	-12.4729
BLOCK27/SES277/SA277S21	SES189	0.18476	-12.2881	-12.4729
BLOCK27/SES277/SA277S21	SES292	-0.127842	-12.6007	-12.4729
BLOCK27/SES277/SA277S24	SES144	0.426291	-12.7048	-13.1311
BLOCK27/SES277/SA277S24	SES177	-0.29878	-13.4298	-13.1311
BLOCK27/SES277/SA277S24	SES180	-0.372788	-13.5039	-13.1311
BLOCK27/SES277/SA277S24	SES189	-0.399425	-13.5305	-13.1311
BLOCK27/SES277/SA277S29	SES177	-0.0101061	-10.1597	-10.1495
BLOCK27/SES277/SA277S29	SES180	-0.267779	-10.4173	-10.1495
BLOCK27/SES277/SA277S29	SES202	-0.564016	-10.7136	-10.1495
BLOCK27/SES277/SA277S29	SES292	-0.314259	-10.4638	-10.1495
BLOCK27/SES279/SA279S09	SES120	0.128835	-11.1104	-11.2392
BLOCK27/SES279/SA279S09	SES146	0.492091	-10.7471	-11.2392
BLOCK27/SES279/SA279S09	SES206	0.287952	-10.9513	-11.2392
BLOCK27/SES279/SA279S09	SES226	-0.641544	-11.8807	-11.2392
BLOCK27/SES279/SA279S10	SES099	0.751266	-10.7053	-11.4566
BLOCK27/SES279/SA279S10	SES206	0.332676	-11.1239	-11.4566
BLOCK27/SES279/SA279S10	SES226	-0.736964	-12.1935	-11.4566
BLOCK27/SES279/SA279S10	SES292	0.0565081	-11.4001	-11.4566
BLOCK27/SES279/SA279S20	SES099	-0.800618	-14.0453	-13.2446
BLOCK27/SES279/SA279S20	SES206	0.448577	-12.7961	-13.2446
BLOCK27/SES279/SA279S20	SES226	-1.12002	-14.3647	-13.2446
BLOCK27/SES279/SA279S20	SES292	-0.106321	-13.351	-13.2446
BLOCK27/SES279/SA279S26	SES099	1.14111	-12.7615	-13.9026
BLOCK27/SES279/SA279S26	SES206	0.582509	-13.3201	-13.9026
BLOCK27/SES279/SA279S26	SES226	-0.600236	-14.5028	-13.9026
BLOCK27/SES279/SA279S26	SES292	0.357814	-13.5448	-13.9026
BLOCK27/SES279/SA279S28	SES099	0.523576	-7.80999	-8.33356
BLOCK27/SES279/SA279S28	SES120	-0.0612478	-8.39481	-8.33356
BLOCK27/SES279/SA279S28	SES177	-0.0822763	-8.41584	-8.33356
BLOCK27/SES279/SA279S28	SES206	-0.337889	-8.67145	-8.33356
BLOCK29/SES290/SA290S12	SES162	0.680374	-11.2685	-11.9488
BLOCK29/SES290/SA290S12	SES177	0.572394	-11.3765	-11.9488
BLOCK29/SES290/SA290S12	SES180	-0.550417	-12.4993	-11.9488
BLOCK29/SES290/SA290S12	SES292	-0.142379	-12.0912	-11.9488
BLOCK29/SES290/SA290S13	SES007	-0.0867672	-11.3283	-11.2415
BLOCK29/SES290/SA290S13	SES162	0.0738373	-11.1676	-11.2415
BLOCK29/SES290/SA290S13	SES177	0.0749464	-11.1665	-11.2415
BLOCK29/SES290/SA290S13	SES180	-0.222504	-11.464	-11.2415
BLOCK29/SES290/SA290S22	SES177	0.333116	-11.2443	-11.5774
BLOCK29/SES290/SA290S22	SES180	-0.450736	-12.0281	-11.5774
BLOCK29/SES290/SA290S22	SES202	0.16368	-11.4137	-11.5774
BLOCK29/SES290/SA290S22	SES292	-0.0764437	-11.6538	-11.5774
BLOCK29/SES290/SA290S25	SES162	-0.0198555	-12.6232	-12.6033
BLOCK29/SES290/SA290S25	SES177	0.0597	-12.5436	-12.6033
BLOCK29/SES290/SA290S25	SES180	-0.575113	-13.1784	-12.6033
BLOCK29/SES290/SA290S25	SES292	-0.191236	-12.7946	-12.6033
BLOCK29/SES290/SA290S29	SES177	0.98288	-8.813	-9.79588
BLOCK29/SES290/SA290S29	SES180	-0.109662	-9.90554	-9.79588
BLOCK29/SES290/SA290S29	SES275	0.302504	-9.49338	-9.79588
BLOCK29/SES290/SA290S29	SES292	0.226481	-9.5694	-9.79588
BLOCK29/SES291/SA291S11	SES105	-0.115642	-13.9754	-13.8597
BLOCK29/SES291/SA291S11	SES125	0.236671	-13.6231	-13.8597
BLOCK29/SES291/SA291S11	SES158	0.204111	-13.6556	-13.8597
BLOCK29/SES291/SA291S11	SES275	-0.280607	-14.1404	-13.8597
BLOCK29/SES291/SA291S12	SES158	1.77549	-15.4647	-17.2402
BLOCK29/SES291/SA291S12	SES226	-2.19205	-19.4323	-17.2402
BLOCK29/SES291/SA291S12	SES270	-0.963728	-18.2039	-17.2402
BLOCK29/SES291/SA291S12	SES275	-1.1011	-18.3413	-17.2402
BLOCK29/SES291/SA291S22	SES082	0.581156	-11.6139	-12.195
BLOCK29/SES291/SA291S22	SES158	-0.111412	-12.3064	-12.195
BLOCK29/SES291/SA291S22	SES259	0.507594	-11.6874	-12.195
BLOCK29/SES291/SA291S22	SES275	-0.436073	-12.6311	-12.195
BLOCK29/SES291/SA291S24	SES104	-3.7983	-18.3496	-14.5513
BLOCK29/SES291/SA291S24	SES125	-0.0114813	-14.5628	-14.5513
BLOCK29/SES291/SA291S24	SES158	0.154483	-14.3968	-14.5513
BLOCK29/SES291/SA291S24	SES275	-0.939927	-15.4912	-14.5513
BLOCK29/SES291/SA291S27	SES158	-0.0522776	-12.4075	-12.3552
BLOCK29/SES291/SA291S27	SES172	-1.37525	-13.7305	-12.3552
BLOCK29/SES291/SA291S27	SES275	-0.194511	-12.5497	-12.3552
BLOCK29/SES291/SA291S27	SES292	-0.194757	-12.55	-12.3552
