BLOCK00/SES002/SA002S12	SES002	0.68708	-44.6619	-45.349
BLOCK00/SES002/SA002S13	SES002	1.4608	-43.8199	-45.2807
BLOCK00/SES002/SA002S23	SES002	1.26745	-43.6803	-44.9478
BLOCK00/SES002/SA002S26	SES002	1.53762	-43.8024	-45.34
BLOCK00/SES002/SA002S28	SES002	1.08986	-44.1428	-45.2327
BLOCK00/SES007/SA007S14	SES007	0.711452	-43.0661	-43.7775
BLOCK00/SES007/SA007S15	SES007	0.270878	-44.3317	-44.6026
BLOCK00/SES007/SA007S24	SES007	0.429222	-44.0345	-44.4637
BLOCK00/SES007/SA007S27	SES007	0.108627	-45.2383	-45.3469
BLOCK00/SES007/SA007S29	SES007	0.0366821	-44.117	-44.1536
BLOCK00/SES008/SA008S11	SES008	0.9319	-44.359	-45.2909
BLOCK00/SES008/SA008S12	SES008	0.599838	-44.9595	-45.5593
BLOCK00/SES008/SA008S19	SES008	1.30661	-43.4974	-44.804
BLOCK00/SES008/SA008S22	SES008	0.828209	-44.8268	-45.655
BLOCK00/SES008/SA008S29	SES008	0.965954	-44.1554	-45.1214
BLOCK01/SES014/SA014S10	SES014	2.32784	-43.3083	-45.6362
BLOCK01/SES014/SA014S12	SES014	2.57725	-41.867	-44.4442
BLOCK01/SES014/SA014S24	SES014	1.34023	-43.8192	-45.1594
BLOCK01/SES014/SA014S26	SES014	1.85062	-41.7618	-43.6124
BLOCK01/SES014/SA014S28	SES014	2.21749	-41.9664	-44.1839
BLOCK01/SES016/SA016S12	SES016	0.782093	-45.6816	-46.4637
BLOCK01/SES016/SA016S13	SES016	1.01962	-44.3453	-45.3649
BLOCK01/SES016/SA016S22	SES016	-0.0124016	-45.2735	-45.2611
BLOCK01/SES016/SA016S25	SES016	1.36719	-42.4561	-43.8233
BLOCK01/SES016/SA016S27	SES016	1.26609	-43.1196	-44.3857
BLOCK01/SES019/SA019S13	SES019	2.12573	-44.4377	-46.5634
BLOCK01/SES019/SA019S14	SES019	1.5234	-44.6334	-46.1568
BLOCK01/SES019/SA019S22	SES019	1.91875	-44.0253	-45.9441
BLOCK01/SES019/SA019S25	SES019	2.04572	-44.5421	-46.5878
BLOCK01/SES019/SA019S29	SES019	2.1871	-44.3991	-46.5862
BLOCK02/SES029/SA029S11	SES029	1.14598	-43.4887	-44.6347
BLOCK02/SES029/SA029S12	SES029	0.103687	-44.0694	-44.1731
BLOCK02/SES029/SA029S20	SES029	0.417316	-44.971	-45.3884
BLOCK02/SES029/SA029S25	SES029	0.379662	-44.0002	-44.3798
BLOCK02/SES029/SA029S28	SES029	0.240063	-44.6021	-44.8421
BLOCK04/SES042/SA042S12	SES042	1.89533	-42.996	-44.8913
BLOCK04/SES042/SA042S15	SES042	2.14565	-43.3647	-45.5104
BLOCK04/SES042/SA042S22	SES042	2.81084	-42.0171	-44.8279
BLOCK04/SES042/SA042S25	SES042	1.72458	-44.6211	-46.3456
BLOCK04/SES042/SA042S27	SES042	1.41189	-43.8291	-45.241
BLOCK04/SES048/SA048S11	SES048	0.96191	-44.0012	-44.9631
BLOCK04/SES048/SA048S12	SES048	0.353508	-44.3298	-44.6833
BLOCK04/SES048/SA048S20	SES048	0.164818	-44.3447	-44.5095
BLOCK04/SES048/SA048S23	SES048	1.02372	-44.513	-45.5367
BLOCK04/SES048/SA048S27	SES048	0.440842	-43.7486	-44.1895
BLOCK06/SES060/SA060S11	SES060	0.987427	-43.5863	-44.5737
BLOCK06/SES060/SA060S12	SES060	-0.950321	-45.4381	-44.4878
BLOCK06/SES060/SA060S22	SES060	-0.484543	-46.1886	-45.7041
BLOCK06/SES060/SA060S24	SES060	0.630959	-43.8787	-44.5096
BLOCK06/SES060/SA060S28	SES060	0.919884	-42.4418	-43.3617
BLOCK06/SES062/SA062S10	SES062	0.505913	-43.6939	-44.1998
BLOCK06/SES062/SA062S11	SES062	0.883366	-43.5568	-44.4402
BLOCK06/SES062/SA062S21	SES062	1.4263	-41.6234	-43.0497
BLOCK06/SES062/SA062S26	SES062	0.318813	-42.9628	-43.2816
BLOCK06/SES062/SA062S29	SES062	0.869839	-42.6494	-43.5192
BLOCK06/SES068/SA068S14	SES068	-0.0115242	-44.5317	-44.5202
BLOCK06/SES068/SA068S15	SES068	0.628284	-43.3258	-43.9541
BLOCK06/SES068/SA068S23	SES068	0.517029	-44.6014	-45.1184
BLOCK06/SES068/SA068S27	SES068	1.1616	-42.8762	-44.0378
BLOCK06/SES068/SA068S29	SES068	0.340504	-44.1641	-44.5046
BLOCK08/SES082/SA082S12	SES082	0.701439	-45.5803	-46.2818
BLOCK08/SES082/SA082S14	SES082	0.105835	-45.9927	-46.0985
BLOCK08/SES082/SA082S21	SES082	0.409988	-45.1765	-45.5865
BLOCK08/SES082/SA082S24	SES082	0.400326	-45.0831	-45.4834
BLOCK08/SES082/SA082S28	SES082	0.464699	-45.1898	-45.6545
BLOCK08/SES083/SA083S14	SES083	-0.621857	-44.9159	-44.294
BLOCK08/SES083/SA083S15	SES083	-0.0846329	-44.3076	-44.223
BLOCK08/SES083/SA083S24	SES083	-0.263916	-44.8414	-44.5775
BLOCK08/SES083/SA083S26	SES083	0.959328	-43.7435	-44.7028
BLOCK08/SES083/SA083S29	SES083	-0.550068	-44.6438	-44.0938
BLOCK08/SES085/SA085S10	SES085	-0.567039	-44.9746	-44.4075
BLOCK08/SES085/SA085S13	SES085	0.122883	-44.6908	-44.8137
BLOCK08/SES085/SA085S22	SES085	-1.6899	-45.8906	-44.2007
BLOCK08/SES085/SA085S26	SES085	-1.32462	-45.5952	-44.2705
BLOCK08/SES085/SA085S28	SES085	0.434429	-44.0106	-44.445
BLOCK08/SES087/SA087S15	SES087	1.06804	-44.7055	-45.7736
BLOCK08/SES087/SA087S16	SES087	1.45008	-44.2634	-45.7135
BLOCK08/SES087/SA087S24	SES087	1.47023	-44.3792	-45.8495
BLOCK08/SES087/SA087S26	SES087	1.31147	-43.1329	-44.4444
BLOCK08/SES087/SA087S29	SES087	1.61648	-44.0216	-45.6381
BLOCK09/SES099/SA099S15	SES099	1.06293	-45.0155	-46.0784
BLOCK09/SES099/SA099S16	SES099	1.02841	-44.4972	-45.5256
BLOCK09/SES099/SA099S24	SES099	1.16301	-44.119	-45.282
BLOCK09/SES099/SA099S26	SES099	1.44476	-43.8914	-45.3362
BLOCK09/SES099/SA099S29	SES099	1.26267	-44.0897	-45.3524
BLOCK10/SES101/SA101S11	SES101	0.254025	-43.933	-44.187
BLOCK10/SES101/SA101S13	SES101	0.389141	-43.5573	-43.9464
BLOCK10/SES101/SA101S22	SES101	0.760971	-44.3955	-45.1565
BLOCK10/SES101/SA101S24	SES101	0.988155	-44.1327	-45.1209
BLOCK10/SES101/SA101S28	SES101	-0.0689049	-44.8086	-44.7397
BLOCK10/SES104/SA104S11	SES104	1.18191	-43.2661	-44.448
BLOCK10/SES104/SA104S12	SES104	1.30837	-43.2932	-44.6016
BLOCK10/SES104/SA104S21	SES104	0.418274	-44.6271	-45.0454
BLOCK10/SES104/SA104S24	SES104	0.429874	-45.0422	-45.4721
BLOCK10/SES104/SA104S28	SES104	1.27512	-44.3545	-45.6296
BLOCK10/SES105/SA105S12	SES105	0.647526	-45.2225	-45.87
BLOCK10/SES105/SA105S13	SES105	0.73653	-44.8681	-45.6047
BLOCK10/SES105/SA105S22	SES105	0.325787	-45.9557	-46.2815
BLOCK10/SES105/SA105S26	SES105	1.1299	-44.5912	-45.7211
BLOCK10/SES105/SA105S29	SES105	0.702065	-44.5396	-45.2417
BLOCK10/SES106/SA106S09	SES106	0.674641	-46.1038	-46.7784
BLOCK10/SES106/SA106S11	SES106	0.979313	-43.9278	-44.9072
BLOCK10/SES106/SA106S22	SES106	1.7492	-44.4202	-46.1694
BLOCK10/SES106/SA106S27	SES106	1.13002	-44.3729	-45.5029
BLOCK10/SES106/SA106S29	SES106	0.661194	-44.7981	-45.4593
BLOCK11/SES117/SA117S12	SES117	0.229557	-44.6859	-44.9155
BLOCK11/SES117/SA117S13	SES117	0.232803	-44.5205	-44.7533
BLOCK11/SES117/SA117S23	SES117	1.26132	-45.0481	-46.3094
BLOCK11/SES117/SA117S25	SES117	0.552917	-45.2779	-45.8308
BLOCK11/SES117/SA117S28	SES117	0.939243	-45.0159	-45.9552
BLOCK12/SES120/SA120S08	SES120	0.543625	-45.6366	-46.1802
BLOCK12/SES120/SA120S11	SES120	0.515186	-46.7788	-47.294
BLOCK12/SES120/SA120S22	SES120	0.210026	-45.0683	-45.2783
BLOCK12/SES120/SA120S24	SES120	0.172665	-45.578	-45.7506
BLOCK12/SES120/SA120S28	SES120	-0.543106	-47.3679	-46.8248
BLOCK12/SES125/SA125S13	SES125	1.69419	-43.3642	-45.0584
BLOCK12/SES125/SA125S14	SES125	1.05876	-44.4873	-45.5461
BLOCK12/SES125/SA125S25	SES125	1.9283	-43.4401	-45.3684
BLOCK12/SES125/SA125S27	SES125	1.81144	-42.8821	-44.6935
BLOCK12/SES125/SA125S29	SES125	1.55202	-43.5238	-45.0758
BLOCK12/SES127/SA127S11	SES127	0.37468	-44.9641	-45.3388
BLOCK12/SES127/SA127S12	SES127	-0.697998	-45.0806	-44.3826
BLOCK12/SES127/SA127S23	SES127	-0.252632	-45.1492	-44.8965
BLOCK12/SES127/SA127S25	SES127	-0.815128	-45.1555	-44.3403
BLOCK12/SES127/SA127S27	SES127	0.409885	-43.9386	-44.3485
BLOCK12/SES129/SA129S11	SES129	1.4823	-43.0077	-44.49
BLOCK12/SES129/SA129S12	SES129	0.893379	-43.3111	-44.2045
BLOCK12/SES129/SA129S22	SES129	0.939213	-43.6866	-44.6258
BLOCK12/SES129/SA129S27	SES129	1.4351	-43.0845	-44.5196
BLOCK12/SES129/SA129S29	SES129	1.19646	-43.1781	-44.3746
BLOCK14/SES142/SA142S11	SES142	0.934914	-44.4663	-45.4013
BLOCK14/SES142/SA142S12	SES142	0.90604	-44.7336	-45.6396
BLOCK14/SES142/SA142S24	SES142	1.32819	-44.0105	-45.3387
BLOCK14/SES142/SA142S27	SES142	1.69257	-43.7617	-45.4543
BLOCK14/SES142/SA142S29	SES142	1.50798	-43.2032	-44.7111
BLOCK14/SES143/SA143S12	SES143	0.499496	-44.8125	-45.312
BLOCK14/SES143/SA143S13	SES143	0.192226	-45.0285	-45.2207
BLOCK14/SES143/SA143S23	SES143	0.446011	-44.9412	-45.3872
BLOCK14/SES143/SA143S25	SES143	0.690533	-44.6851	-45.3757
BLOCK14/SES143/SA143S28	SES143	0.592335	-44.2594	-44.8517
BLOCK14/SES144/SA144S09	SES144	0.570522	-44.47	-45.0405
BLOCK14/SES144/SA144S11	SES144	0.336166	-45.4757	-45.8119
BLOCK14/SES144/SA144S21	SES144	-0.0200577	-45.5124	-45.4923
BLOCK14/SES144/SA144S25	SES144	0.366394	-45.6281	-45.9945
BLOCK14/SES144/SA144S29	SES144	-0.044117	-45.2579	-45.2138
BLOCK14/SES146/SA146S14	SES146	0.464249	-45.442	-45.9062
BLOCK14/SES146/SA146S15	SES146	-0.10199	-45.5649	-45.4629
BLOCK14/SES146/SA146S24	SES146	0.288555	-45.136	-45.4246
BLOCK14/SES146/SA146S26	SES146	0.865891	-45.1603	-46.0262
BLOCK14/SES146/SA146S29	SES146	0.193607	-45.9513	-46.1449
BLOCK14/SES147/SA147S11	SES147	1.66573	-44.7615	-46.4273
BLOCK14/SES147/SA147S13	SES147	1.77264	-43.6052	-45.3778
BLOCK14/SES147/SA147S23	SES147	1.65921	-44.846	-46.5052
BLOCK14/SES147/SA147S26	SES147	1.1751	-44.9715	-46.1466
BLOCK14/SES147/SA147S28	SES147	2.34763	-44.111	-46.4587
BLOCK14/SES148/SA148S10	SES148	1.16571	-43.9192	-45.0849
BLOCK14/SES148/SA148S12	SES148	0.408348	-45.1457	-45.5541
BLOCK14/SES148/SA148S22	SES148	0.85276	-43.6912	-44.544
BLOCK14/SES148/SA148S26	SES148	0.0352592	-44.5438	-44.5791
BLOCK14/SES148/SA148S29	SES148	0.332447	-45.1801	-45.5126
BLOCK14/SES149/SA149S13	SES149	-0.119831	-45.1311	-45.0113
BLOCK14/SES149/SA149S14	SES149	0.101532	-44.3343	-44.4358
BLOCK14/SES149/SA149S24	SES149	0.867088	-44.1116	-44.9787
BLOCK14/SES149/SA149S26	SES149	1.20794	-43.7587	-44.9666
BLOCK14/SES149/SA149S28	SES149	1.28834	-42.8562	-44.1445
BLOCK15/SES158/SA158S13	SES158	0.591915	-45.1914	-45.7833
BLOCK15/SES158/SA158S14	SES158	1.14647	-45.1513	-46.2978
BLOCK15/SES158/SA158S23	SES158	0.892818	-44.6102	-45.503
BLOCK15/SES158/SA158S26	SES158	1.15456	-44.416	-45.5705
BLOCK15/SES158/SA158S28	SES158	0.716244	-45.0459	-45.7621
BLOCK16/SES162/SA162S10	SES162	0.0363693	-46.0544	-46.0907
BLOCK16/SES162/SA162S11	SES162	0.38969	-44.5073	-44.897
BLOCK16/SES162/SA162S21	SES162	1.18308	-44.1135	-45.2966
BLOCK16/SES162/SA162S24	SES162	0.37751	-44.9118	-45.2893
BLOCK16/SES162/SA162S27	SES162	0.844898	-44.9999	-45.8448
BLOCK16/SES167/SA167S14	SES167	0.746349	-43.3046	-44.051
BLOCK16/SES167/SA167S15	SES167	1.1585	-43.5933	-44.7518
BLOCK16/SES167/SA167S21	SES167	1.28783	-42.8939	-44.1817
BLOCK16/SES167/SA167S25	SES167	1.32108	-44.0078	-45.3289
BLOCK16/SES167/SA167S29	SES167	2.09106	-42.3169	-44.4079
BLOCK17/SES172/SA172S12	SES172	0.813374	-44.3544	-45.1678
BLOCK17/SES172/SA172S13	SES172	1.22246	-44.1986	-45.421
BLOCK17/SES172/SA172S23	SES172	0.538334	-43.1774	-43.7158
BLOCK17/SES172/SA172S27	SES172	0.58041	-44.568	-45.1484
BLOCK17/SES172/SA172S29	SES172	0.915695	-43.9801	-44.8958
BLOCK17/SES175/SA175S11	SES175	0.793766	-44.2624	-45.0561
BLOCK17/SES175/SA175S13	SES175	0.701591	-44.108	-44.8096
BLOCK17/SES175/SA175S23	SES175	1.07757	-44.3913	-45.4688
BLOCK17/SES175/SA175S25	SES175	0.585957	-45.742	-46.3279
BLOCK17/SES175/SA175S28	SES175	0.932259	-43.836	-44.7683
BLOCK17/SES177/SA177S15	SES177	-0.525345	-45.1885	-44.6631
BLOCK17/SES177/SA177S17	SES177	-0.578648	-45.243	-44.6644
BLOCK17/SES177/SA177S23	SES177	-0.42334	-45.2315	-44.8082
BLOCK17/SES177/SA177S26	SES177	0.00202179	-43.3809	-43.3829
BLOCK17/SES177/SA177S28	SES177	0.376736	-43.6857	-44.0624
BLOCK18/SES180/SA180S13	SES180	-0.225754	-45.2339	-45.0082
BLOCK18/SES180/SA180S15	SES180	-0.0633888	-45.0901	-45.0267
BLOCK18/SES180/SA180S24	SES180	0.459976	-43.4375	-43.8975
BLOCK18/SES180/SA180S26	SES180	0.396912	-44.1465	-44.5434
BLOCK18/SES180/SA180S29	SES180	0.393539	-44.7682	-45.1617
BLOCK18/SES183/SA183S13	SES183	0.525043	-45.1259	-45.6509
BLOCK18/SES183/SA183S14	SES183	-0.289669	-45.6501	-45.3604
BLOCK18/SES183/SA183S24	SES183	0.906822	-45.0147	-45.9215
BLOCK18/SES183/SA183S27	SES183	0.912498	-44.7813	-45.6938
BLOCK18/SES183/SA183S29	SES183	0.579586	-44.3776	-44.9572
BLOCK18/SES187/SA187S13	SES187	0.626514	-44.9125	-45.539
BLOCK18/SES187/SA187S14	SES187	0.375946	-45.3182	-45.6941
BLOCK18/SES187/SA187S24	SES187	0.380314	-44.8772	-45.2575
BLOCK18/SES187/SA187S27	SES187	1.01775	-44.1991	-45.2169
BLOCK18/SES187/SA187S29	SES187	0.428654	-44.9033	-45.3319
BLOCK18/SES189/SA189S10	SES189	0.933388	-46.0896	-47.023
BLOCK18/SES189/SA189S13	SES189	1.0176	-46.7888	-47.8064
BLOCK18/SES189/SA189S24	SES189	0.885452	-45.5473	-46.4327
BLOCK18/SES189/SA189S26	SES189	0.767799	-45.1728	-45.9406
BLOCK18/SES189/SA189S29	SES189	1.3765	-45.0723	-46.4488
BLOCK20/SES202/SA202S12	SES202	0.386494	-45.7757	-46.1622
BLOCK20/SES202/SA202S14	SES202	1.8769	-43.6947	-45.5716
BLOCK20/SES202/SA202S24	SES202	0.851578	-44.5562	-45.4078
BLOCK20/SES202/SA202S27	SES202	0.960793	-43.3797	-44.3405
BLOCK20/SES202/SA202S29	SES202	1.13339	-43.5378	-44.6712
BLOCK20/SES206/SA206S15	SES206	-0.26429	-44.693	-44.4287
BLOCK20/SES206/SA206S17	SES206	1.26151	-43.3513	-44.6129
BLOCK20/SES206/SA206S24	SES206	1.27606	-43.1319	-44.408
BLOCK20/SES206/SA206S27	SES206	1.47036	-44.0375	-45.5078
BLOCK20/SES206/SA206S29	SES206	1.27417	-43.091	-44.3652
BLOCK22/SES226/SA226S12	SES226	1.36232	-44.6326	-45.9949
BLOCK22/SES226/SA226S13	SES226	-0.572369	-46.276	-45.7036
BLOCK22/SES226/SA226S20	SES226	1.01897	-45.1544	-46.1734
BLOCK22/SES226/SA226S23	SES226	0.777554	-44.4676	-45.2452
BLOCK22/SES226/SA226S28	SES226	1.36097	-44.2439	-45.6048
BLOCK25/SES259/SA259S13	SES259	2.3893	-42.7027	-45.092
BLOCK25/SES259/SA259S14	SES259	1.22881	-43.7847	-45.0135
BLOCK25/SES259/SA259S22	SES259	1.33833	-43.4999	-44.8383
BLOCK25/SES259/SA259S24	SES259	1.40093	-43.3445	-44.7455
BLOCK25/SES259/SA259S28	SES259	1.71972	-42.9585	-44.6783
BLOCK27/SES270/SA270S14	SES270	1.56767	-45.152	-46.7196
BLOCK27/SES270/SA270S16	SES270	0.551441	-45.0577	-45.6091
BLOCK27/SES270/SA270S22	SES270	1.80507	-44.2424	-46.0474
BLOCK27/SES270/SA270S26	SES270	0.734863	-45.9052	-46.6401
BLOCK27/SES270/SA270S28	SES270	0.694939	-44.5659	-45.2608
BLOCK27/SES275/SA275S17	SES275	1.28158	-44.8961	-46.1776
BLOCK27/SES275/SA275S18	SES275	-0.191944	-45.1591	-44.9672
BLOCK27/SES275/SA275S24	SES275	0.454208	-46.1105	-46.5647
BLOCK27/SES275/SA275S26	SES275	1.03734	-44.1215	-45.1589
BLOCK27/SES275/SA275S28	SES275	0.130444	-44.7627	-44.8931
BLOCK29/SES292/SA292S10	SES292	-0.85136	-45.645	-44.7936
BLOCK29/SES292/SA292S12	SES292	-0.671509	-46.0481	-45.3766
BLOCK29/SES292/SA292S22	SES292	0.274666	-44.1193	-44.3939
BLOCK29/SES292/SA292S24	SES292	-0.298405	-44.6898	-44.3914
BLOCK29/SES292/SA292S27	SES292	-0.220619	-44.3644	-44.1438
BLOCK00/SES001/SA001S14	SES062	-1.73061	-47.4453	-45.7147
BLOCK00/SES001/SA001S14	SES082	-1.75197	-47.4666	-45.7147
BLOCK00/SES001/SA001S14	SES106	-2.82543	-48.5401	-45.7147
BLOCK00/SES001/SA001S14	SES206	-2.77671	-48.4914	-45.7147
BLOCK00/SES001/SA001S15	SES062	-2.29988	-47.3053	-45.0054
BLOCK00/SES001/SA001S15	SES104	-3.06118	-48.0666	-45.0054
BLOCK00/SES001/SA001S15	SES106	-2.41037	-47.4158	-45.0054
BLOCK00/SES001/SA001S15	SES206	-2.47704	-47.4825	-45.0054
BLOCK00/SES001/SA001S24	SES062	-2.4706	-48.6872	-46.2166
BLOCK00/SES001/SA001S24	SES082	-2.11931	-48.3359	-46.2166
BLOCK00/SES001/SA001S24	SES087	-2.92936	-49.1459	-46.2166
BLOCK00/SES001/SA001S24	SES206	-1.94631	-48.1629	-46.2166
BLOCK00/SES001/SA001S27	SES062	-1.81104	-46.3417	-44.5307
BLOCK00/SES001/SA001S27	SES082	-1.93269	-46.4634	-44.5307
BLOCK00/SES001/SA001S27	SES087	-2.34889	-46.8796	-44.5307
BLOCK00/SES001/SA001S27	SES206	-2.34762	-46.8783	-44.5307
BLOCK00/SES001/SA001S29	SES062	-2.87115	-48.5523	-45.6812
BLOCK00/SES001/SA001S29	SES082	-1.59589	-47.2771	-45.6812
BLOCK00/SES001/SA001S29	SES158	-1.61655	-47.2977	-45.6812
BLOCK00/SES001/SA001S29	SES206	-3.3146	-48.9958	-45.6812
BLOCK00/SES003/SA003S11	SES002	-1.30095	-47.2502	-45.9492
BLOCK00/SES003/SA003S11	SES019	-1.65284	-47.6021	-45.9492
BLOCK00/SES003/SA003S11	SES082	-0.624863	-46.5741	-45.9492
BLOCK00/SES003/SA003S11	SES125	-1.61354	-47.5628	-45.9492
BLOCK00/SES003/SA003S15	SES016	-2.09324	-47.2108	-45.1175
BLOCK00/SES003/SA003S15	SES019	-1.71393	-46.8315	-45.1175
BLOCK00/SES003/SA003S15	SES062	-2.27682	-47.3943	-45.1175
BLOCK00/SES003/SA003S15	SES206	-2.32954	-47.4471	-45.1175
BLOCK00/SES003/SA003S22	SES002	-2.85434	-48.1229	-45.2686
BLOCK00/SES003/SA003S22	SES062	-1.17846	-46.447	-45.2686
BLOCK00/SES003/SA003S22	SES082	-1.19558	-46.4642	-45.2686
BLOCK00/SES003/SA003S22	SES087	-2.231	-47.4996	-45.2686
BLOCK00/SES003/SA003S25	SES062	-2.28957	-48.6618	-46.3722
BLOCK00/SES003/SA003S25	SES082	-1.04137	-47.4136	-46.3722
BLOCK00/SES003/SA003S25	SES087	-1.89585	-48.2681	-46.3722
BLOCK00/SES003/SA003S25	SES206	-2.35455	-48.7268	-46.3722
BLOCK00/SES003/SA003S29	SES002	-3.06826	-49.2765	-46.2082
BLOCK00/SES003/SA003S29	SES062	-2.5056	-48.7138	-46.2082
BLOCK00/SES003/SA003S29	SES082	-0.794449	-47.0027	-46.2082
BLOCK00/SES003/SA003S29	SES087	-2.68553	-48.8938	-46.2082
BLOCK00/SES004/SA004S12	SES083	-2.46667	-47.4653	-44.9986
BLOCK00/SES004/SA004S12	SES148	-2.18586	-47.1844	-44.9986
BLOCK00/SES004/SA004S12	SES172	-2.22899	-47.2276	-44.9986
BLOCK00/SES004/SA004S12	SES292	-2.98084	-47.9794	-44.9986
BLOCK00/SES004/SA004S17	SES083	-2.66034	-48.2463	-45.5859
BLOCK00/SES004/SA004S17	SES162	-1.04286	-46.6288	-45.5859
BLOCK00/SES004/SA004S17	SES172	-2.45753	-48.0434	-45.5859
BLOCK00/SES004/SA004S17	SES292	-2.64264	-48.2285	-45.5859
BLOCK00/SES004/SA004S24	SES083	-2.79589	-47.4056	-44.6097
BLOCK00/SES004/SA004S24	SES148	-2.02671	-46.6364	-44.6097
BLOCK00/SES004/SA004S24	SES172	-1.60496	-46.2146	-44.6097
BLOCK00/SES004/SA004S24	SES292	-1.89632	-46.506	-44.6097
BLOCK00/SES004/SA004S26	SES083	-2.17693	-46.8637	-44.6867
BLOCK00/SES004/SA004S26	SES127	-1.46487	-46.1516	-44.6867
BLOCK00/SES004/SA004S26	SES148	-2.83044	-47.5172	-44.6867
BLOCK00/SES004/SA004S26	SES292	-2.2569	-46.9437	-44.6867
BLOCK00/SES004/SA004S28	SES083	-2.36132	-46.4912	-44.1299
BLOCK00/SES004/SA004S28	SES127	-1.32724	-45.4571	-44.1299
BLOCK00/SES004/SA004S28	SES187	-1.10575	-45.2356	-44.1299
BLOCK00/SES004/SA004S28	SES292	-3.15619	-47.2861	-44.1299
BLOCK00/SES006/SA006S10	SES014	-3.5424	-51.5247	-47.9823
BLOCK00/SES006/SA006S10	SES158	-1.60498	-49.5873	-47.9823
BLOCK00/SES006/SA006S10	SES226	-3.73461	-51.7169	-47.9823
BLOCK00/SES006/SA006S10	SES270	-0.790714	-48.773	-47.9823
BLOCK00/SES006/SA006S11	SES158	-1.50514	-49.2124	-47.7072
BLOCK00/SES006/SA006S11	SES226	-2.48896	-50.1962	-47.7072
BLOCK00/SES006/SA006S11	SES270	-0.825294	-48.5325	-47.7072
BLOCK00/SES006/SA006S11	SES275	-3.06461	-50.7719	-47.7072
BLOCK00/SES006/SA006S23	SES062	-2.41677	-48.8916	-46.4748
BLOCK00/SES006/SA006S23	SES105	-2.63549	-49.1103	-46.4748
BLOCK00/SES006/SA006S23	SES158	-1.56263	-48.0375	-46.4748
BLOCK00/SES006/SA006S23	SES275	-2.26876	-48.7436	-46.4748
BLOCK00/SES006/SA006S26	SES104	-2.69161	-49.2875	-46.5959
BLOCK00/SES006/SA006S26	SES158	-0.831436	-47.4273	-46.5959
BLOCK00/SES006/SA006S26	SES270	-0.171978	-46.7679	-46.5959
BLOCK00/SES006/SA006S26	SES275	-2.7657	-49.3616	-46.5959
BLOCK00/SES006/SA006S28	SES007	-2.88103	-50.0778	-47.1968
BLOCK00/SES006/SA006S28	SES105	-3.26688	-50.4637	-47.1968
BLOCK00/SES006/SA006S28	SES158	-1.78035	-48.9771	-47.1968
BLOCK00/SES006/SA006S28	SES275	-3.05104	-50.2478	-47.1968
BLOCK00/SES009/SA009S12	SES083	-2.6581	-47.5903	-44.9322
BLOCK00/SES009/SA009S12	SES148	-2.08229	-47.0145	-44.9322
BLOCK00/SES009/SA009S12	SES177	-1.12824	-46.0604	-44.9322
BLOCK00/SES009/SA009S12	SES292	-1.77163	-46.7038	-44.9322
BLOCK00/SES009/SA009S15	SES007	-0.220627	-44.5959	-44.3753
BLOCK00/SES009/SA009S15	SES099	-9.13685	-53.5122	-44.3753
BLOCK00/SES009/SA009S15	SES148	-2.22612	-46.6014	-44.3753
BLOCK00/SES009/SA009S15	SES172	-1.16938	-45.5447	-44.3753
BLOCK00/SES009/SA009S24	SES146	-1.3747	-45.8006	-44.4259
BLOCK00/SES009/SA009S24	SES148	-1.86514	-46.291	-44.4259
BLOCK00/SES009/SA009S24	SES177	-0.935501	-45.3614	-44.4259
BLOCK00/SES009/SA009S24	SES292	-1.56685	-45.9927	-44.4259
BLOCK00/SES009/SA009S26	SES083	-2.60924	-47.79	-45.1808
BLOCK00/SES009/SA009S26	SES101	-2.28668	-47.4674	-45.1808
BLOCK00/SES009/SA009S26	SES120	-1.40362	-46.5844	-45.1808
BLOCK00/SES009/SA009S26	SES177	-0.936794	-46.1175	-45.1808
BLOCK00/SES009/SA009S29	SES083	-2.402	-47.1742	-44.7722
BLOCK00/SES009/SA009S29	SES101	-1.81762	-46.5898	-44.7722
BLOCK00/SES009/SA009S29	SES177	-0.936222	-45.7084	-44.7722
BLOCK00/SES009/SA009S29	SES292	-1.90434	-46.6765	-44.7722
BLOCK01/SES011/SA011S10	SES019	-1.79721	-47.7725	-45.9753
BLOCK01/SES011/SA011S10	SES042	-1.60073	-47.576	-45.9753
BLOCK01/SES011/SA011S10	SES082	-2.61666	-48.5919	-45.9753
BLOCK01/SES011/SA011S10	SES206	-1.47846	-47.4537	-45.9753
BLOCK01/SES011/SA011S11	SES019	-1.61821	-47.9911	-46.3729
BLOCK01/SES011/SA011S11	SES042	-2.01334	-48.3863	-46.3729
BLOCK01/SES011/SA011S11	SES082	-2.1011	-48.474	-46.3729
BLOCK01/SES011/SA011S11	SES206	-1.47892	-47.8518	-46.3729
BLOCK01/SES011/SA011S22	SES019	-1.36583	-47.4799	-46.1141
BLOCK01/SES011/SA011S22	SES042	-2.43598	-48.5501	-46.1141
BLOCK01/SES011/SA011S22	SES082	-1.92356	-48.0377	-46.1141
BLOCK01/SES011/SA011S22	SES206	-1.59309	-47.7072	-46.1141
BLOCK01/SES011/SA011S24	SES019	-1.38261	-47.127	-45.7444
BLOCK01/SES011/SA011S24	SES042	-1.39988	-47.1443	-45.7444
BLOCK01/SES011/SA011S24	SES104	-1.64602	-47.3904	-45.7444
BLOCK01/SES011/SA011S24	SES206	-0.760662	-46.5051	-45.7444
BLOCK01/SES011/SA011S27	SES082	-0.27663	-45.529	-45.2524
BLOCK01/SES011/SA011S27	SES087	-1.83131	-47.0837	-45.2524
BLOCK01/SES011/SA011S27	SES125	-1.11082	-46.3632	-45.2524
BLOCK01/SES011/SA011S27	SES206	-0.711651	-45.9641	-45.2524
BLOCK01/SES012/SA012S11	SES007	-2.05201	-46.3276	-44.2756
BLOCK01/SES012/SA012S11	SES082	-2.10382	-46.3794	-44.2756
BLOCK01/SES012/SA012S11	SES083	-2.93987	-47.2154	-44.2756
BLOCK01/SES012/SA012S11	SES206	-1.85289	-46.1284	-44.2756
BLOCK01/SES012/SA012S14	SES082	-2.10261	-47.2326	-45.13
BLOCK01/SES012/SA012S14	SES087	-2.48928	-47.6193	-45.13
BLOCK01/SES012/SA012S14	SES206	-1.44874	-46.5788	-45.13
BLOCK01/SES012/SA012S14	SES292	-3.60987	-48.7399	-45.13
BLOCK01/SES012/SA012S24	SES082	-0.738491	-46.8932	-46.1548
BLOCK01/SES012/SA012S24	SES087	-2.0934	-48.2481	-46.1548
BLOCK01/SES012/SA012S24	SES120	-3.44727	-49.602	-46.1548
BLOCK01/SES012/SA012S24	SES206	-1.17109	-47.3258	-46.1548
BLOCK01/SES012/SA012S26	SES019	-3.10434	-48.3354	-45.2311
BLOCK01/SES012/SA012S26	SES082	-2.7646	-47.9957	-45.2311
BLOCK01/SES012/SA012S26	SES206	-0.949001	-46.1801	-45.2311
BLOCK01/SES012/SA012S26	SES292	-2.6982	-47.9293	-45.2311
BLOCK01/SES012/SA012S29	SES062	-2.01457	-46.872	-44.8575
BLOCK01/SES012/SA012S29	SES082	-1.49434	-46.3518	-44.8575
BLOCK01/SES012/SA012S29	SES083	-2.69864	-47.5561	-44.8575
BLOCK01/SES012/SA012S29	SES206	-1.3149	-46.1723	-44.8575
BLOCK01/SES013/SA013S16	SES062	-3.68013	-49.4696	-45.7895
BLOCK01/SES013/SA013S16	SES106	-0.863899	-46.6534	-45.7895
BLOCK01/SES013/SA013S16	SES206	-1.42398	-47.2135	-45.7895
BLOCK01/SES013/SA013S16	SES226	-0.781456	-46.5709	-45.7895
BLOCK01/SES013/SA013S17	SES062	-3.76476	-48.6781	-44.9133
BLOCK01/SES013/SA013S17	SES106	-1.66014	-46.5735	-44.9133
BLOCK01/SES013/SA013S17	SES206	-1.35309	-46.2664	-44.9133
BLOCK01/SES013/SA013S17	SES226	0.0971832	-44.8162	-44.9133
BLOCK01/SES013/SA013S23	SES104	-1.41991	-47.1325	-45.7126
BLOCK01/SES013/SA013S23	SES106	-1.03563	-46.7482	-45.7126
BLOCK01/SES013/SA013S23	SES206	-1.49463	-47.2072	-45.7126
BLOCK01/SES013/SA013S23	SES270	-0.582481	-46.2951	-45.7126
BLOCK01/SES013/SA013S25	SES042	-2.5705	-47.6606	-45.0901
BLOCK01/SES013/SA013S25	SES104	-1.51891	-46.609	-45.0901
BLOCK01/SES013/SA013S25	SES106	-0.959457	-46.0496	-45.0901
BLOCK01/SES013/SA013S25	SES206	-1.96288	-47.053	-45.0901
BLOCK01/SES013/SA013S29	SES062	-4.28923	-49.8884	-45.5991
BLOCK01/SES013/SA013S29	SES104	-1.7441	-47.3432	-45.5991
BLOCK01/SES013/SA013S29	SES106	-0.835293	-46.4344	-45.5991
BLOCK01/SES013/SA013S29	SES206	-2.14954	-47.7487	-45.5991
BLOCK02/SES021/SA021S13	SES016	-2.49446	-46.9896	-44.4951
BLOCK02/SES021/SA021S13	SES029	-2.10619	-46.6013	-44.4951
BLOCK02/SES021/SA021S13	SES087	-2.7985	-47.2936	-44.4951
BLOCK02/SES021/SA021S13	SES206	-1.66066	-46.1558	-44.4951
BLOCK02/SES021/SA021S15	SES087	-2.42149	-45.9837	-43.5622
BLOCK02/SES021/SA021S15	SES125	-1.94048	-45.5027	-43.5622
BLOCK02/SES021/SA021S15	SES206	-1.81739	-45.3796	-43.5622
BLOCK02/SES021/SA021S15	SES226	-1.92336	-45.4855	-43.5622
BLOCK02/SES021/SA021S23	SES062	-3.1226	-48.7329	-45.6103
BLOCK02/SES021/SA021S23	SES087	-3.00333	-48.6136	-45.6103
BLOCK02/SES021/SA021S23	SES206	-2.80665	-48.4169	-45.6103
BLOCK02/SES021/SA021S23	SES226	-1.56145	-47.1717	-45.6103
BLOCK02/SES021/SA021S27	SES002	-2.21579	-46.5555	-44.3397
BLOCK02/SES021/SA021S27	SES016	-3.21726	-47.557	-44.3397
BLOCK02/SES021/SA021S27	SES019	-2.39816	-46.7379	-44.3397
BLOCK02/SES021/SA021S27	SES062	-1.2136	-45.5533	-44.3397
BLOCK02/SES021/SA021S29	SES087	-2.99457	-47.35	-44.3554
BLOCK02/SES021/SA021S29	SES125	-2.37583	-46.7313	-44.3554
BLOCK02/SES021/SA021S29	SES206	-2.04112	-46.3966	-44.3554
BLOCK02/SES021/SA021S29	SES226	-1.55165	-45.9071	-44.3554
BLOCK04/SES043/SA043S09	SES083	-2.70631	-48.8589	-46.1526
BLOCK04/SES043/SA043S09	SES101	-2.26932	-48.4219	-46.1526
BLOCK04/SES043/SA043S09	SES144	-0.831444	-46.9841	-46.1526
BLOCK04/SES043/SA043S09	SES172	-3.32347	-49.4761	-46.1526
BLOCK04/SES043/SA043S11	SES083	-1.69336	-46.5606	-44.8672
BLOCK04/SES043/SA043S11	SES101	-1.79164	-46.6588	-44.8672
BLOCK04/SES043/SA043S11	SES144	-1.23405	-46.1013	-44.8672
BLOCK04/SES043/SA043S11	SES172	-1.89089	-46.7581	-44.8672
BLOCK04/SES043/SA043S23	SES083	-1.77851	-46.9528	-45.1743
BLOCK04/SES043/SA043S23	SES144	-0.591644	-45.7659	-45.1743
BLOCK04/SES043/SA043S23	SES177	-1.91579	-47.09	-45.1743
BLOCK04/SES043/SA043S23	SES275	-1.55043	-46.7247	-45.1743
BLOCK04/SES043/SA043S26	SES083	-1.86171	-47.3004	-45.4387
BLOCK04/SES043/SA043S26	SES101	-2.06108	-47.4998	-45.4387
BLOCK04/SES043/SA043S26	SES144	-0.552456	-45.9912	-45.4387
BLOCK04/SES043/SA043S26	SES177	-1.99576	-47.4345	-45.4387
BLOCK04/SES043/SA043S28	SES016	-2.08187	-46.8764	-44.7945
BLOCK04/SES043/SA043S28	SES083	-1.23002	-46.0245	-44.7945
BLOCK04/SES043/SA043S28	SES101	-1.02159	-45.8161	-44.7945
BLOCK04/SES043/SA043S28	SES144	-0.806763	-45.6013	-44.7945
BLOCK04/SES044/SA044S10	SES127	-3.15826	-50.7806	-47.6224
BLOCK04/SES044/SA044S10	SES144	-0.422199	-48.0446	-47.6224
BLOCK04/SES044/SA044S10	SES147	-3.63996	-51.2623	-47.6224
BLOCK04/SES044/SA044S10	SES148	-3.37544	-50.9978	-47.6224
BLOCK04/SES044/SA044S11	SES101	-2.45353	-49.2178	-46.7642
BLOCK04/SES044/SA044S11	SES144	-0.291412	-47.0557	-46.7642
BLOCK04/SES044/SA044S11	SES147	-3.16291	-49.9272	-46.7642
BLOCK04/SES044/SA044S11	SES177	-2.56577	-49.33	-46.7642
BLOCK04/SES044/SA044S24	SES007	-2.86145	-48.9134	-46.0519
BLOCK04/SES044/SA044S24	SES101	-1.95125	-48.0032	-46.0519
BLOCK04/SES044/SA044S24	SES147	-3.24163	-49.2936	-46.0519
BLOCK04/SES044/SA044S24	SES177	-1.91173	-47.9637	-46.0519
BLOCK04/SES044/SA044S26	SES007	-2.09973	-48.2084	-46.1087
BLOCK04/SES044/SA044S26	SES016	-0.909306	-47.018	-46.1087
BLOCK04/SES044/SA044S26	SES101	-1.67056	-47.7793	-46.1087
BLOCK04/SES044/SA044S26	SES147	-1.93277	-48.0415	-46.1087
BLOCK04/SES044/SA044S29	SES007	-2.16765	-47.2839	-45.1163
BLOCK04/SES044/SA044S29	SES101	-1.35102	-46.4673	-45.1163
BLOCK04/SES044/SA044S29	SES147	-2.62096	-47.7373	-45.1163
BLOCK04/SES044/SA044S29	SES177	-2.57607	-47.6924	-45.1163
BLOCK04/SES046/SA046S13	SES101	-2.68758	-48.7465	-46.059
BLOCK04/SES046/SA046S13	SES144	-0.998802	-47.0578	-46.059
BLOCK04/SES046/SA046S13	SES147	-3.31642	-49.3754	-46.059
BLOCK04/SES046/SA046S13	SES177	-1.83177	-47.8907	-46.059
BLOCK04/SES046/SA046S15	SES048	-3.12133	-47.5728	-44.4515
BLOCK04/SES046/SA046S15	SES083	-1.98553	-46.437	-44.4515
BLOCK04/SES046/SA046S15	SES120	-3.21605	-47.6675	-44.4515
BLOCK04/SES046/SA046S15	SES148	-1.78672	-46.2382	-44.4515
BLOCK04/SES046/SA046S22	SES101	-1.66308	-47.439	-45.7759
BLOCK04/SES046/SA046S22	SES144	-1.38886	-47.1648	-45.7759
BLOCK04/SES046/SA046S22	SES147	-3.49319	-49.2691	-45.7759
BLOCK04/SES046/SA046S22	SES172	-2.03305	-47.809	-45.7759
BLOCK04/SES046/SA046S25	SES083	-1.83617	-47.1949	-45.3587
BLOCK04/SES046/SA046S25	SES127	-1.43943	-46.7982	-45.3587
BLOCK04/SES046/SA046S25	SES144	-1.58167	-46.9404	-45.3587
BLOCK04/SES046/SA046S25	SES148	-1.43956	-46.7983	-45.3587
BLOCK04/SES046/SA046S28	SES007	-3.73389	-50.1813	-46.4474
BLOCK04/SES046/SA046S28	SES105	-2.87005	-49.3175	-46.4474
BLOCK04/SES046/SA046S28	SES147	-2.59458	-49.042	-46.4474
BLOCK04/SES046/SA046S28	SES148	-2.14132	-48.5888	-46.4474
BLOCK04/SES049/SA049S16	SES104	-1.97176	-48.658	-46.6863
BLOCK04/SES049/SA049S16	SES106	-1.75218	-48.4384	-46.6863
BLOCK04/SES049/SA049S16	SES120	-2.98085	-49.6671	-46.6863
BLOCK04/SES049/SA049S16	SES206	-1.79557	-48.4818	-46.6863
BLOCK04/SES049/SA049S18	SES099	-1.04081	-48.6052	-47.5644
BLOCK04/SES049/SA049S18	SES104	-1.99088	-49.5553	-47.5644
BLOCK04/SES049/SA049S18	SES125	-2.75906	-50.3235	-47.5644
BLOCK04/SES049/SA049S18	SES206	-2.31444	-49.8789	-47.5644
BLOCK04/SES049/SA049S25	SES087	-1.77895	-48.2617	-46.4827
BLOCK04/SES049/SA049S25	SES104	-1.47091	-47.9536	-46.4827
BLOCK04/SES049/SA049S25	SES125	-2.48364	-48.9664	-46.4827
BLOCK04/SES049/SA049S25	SES206	-1.01735	-47.5001	-46.4827
BLOCK04/SES049/SA049S27	SES099	-1.49337	-47.4774	-45.984
BLOCK04/SES049/SA049S27	SES104	-0.922226	-46.9062	-45.984
BLOCK04/SES049/SA049S27	SES125	-2.4563	-48.4403	-45.984
BLOCK04/SES049/SA049S27	SES206	-1.81877	-47.8028	-45.984
BLOCK04/SES049/SA049S29	SES099	-1.00315	-45.9526	-44.9494
BLOCK04/SES049/SA049S29	SES104	-0.661697	-45.6111	-44.9494
BLOCK04/SES049/SA049S29	SES125	-1.91068	-46.8601	-44.9494
BLOCK04/SES049/SA049S29	SES206	-1.06218	-46.0116	-44.9494
BLOCK06/SES063/SA063S09	SES068	-1.82999	-47.4409	-45.6109
BLOCK06/SES063/SA063S09	SES083	-0.779747	-46.3907	-45.6109
BLOCK06/SES063/SA063S09	SES177	-1.13965	-46.7506	-45.6109
BLOCK06/SES063/SA063S09	SES187	-1.66634	-47.2773	-45.6109
BLOCK06/SES063/SA063S10	SES068	-2.2762	-48.098	-45.8218
BLOCK06/SES063/SA063S10	SES083	-1.45855	-47.2804	-45.8218
BLOCK06/SES063/SA063S10	SES172	-1.50028	-47.3221	-45.8218
BLOCK06/SES063/SA063S10	SES187	-1.76	-47.5818	-45.8218
BLOCK06/SES063/SA063S20	SES068	-2.80289	-48.387	-45.5841
BLOCK06/SES063/SA063S20	SES083	-1.77873	-47.3629	-45.5841
BLOCK06/SES063/SA063S20	SES172	-2.43049	-48.0146	-45.5841
BLOCK06/SES063/SA063S20	SES187	-1.03584	-46.62	-45.5841
BLOCK06/SES063/SA063S24	SES029	-3.41274	-48.3524	-44.9397
BLOCK06/SES063/SA063S24	SES083	-1.0219	-45.9616	-44.9397
BLOCK06/SES063/SA063S24	SES177	-1.43353	-46.3732	-44.9397
BLOCK06/SES063/SA063S24	SES189	-1.574	-46.5137	-44.9397
BLOCK06/SES063/SA063S27	SES083	-0.262409	-46.049	-45.7866
BLOCK06/SES063/SA063S27	SES172	-1.15601	-46.9426	-45.7866
BLOCK06/SES063/SA063S27	SES187	-2.48168	-48.2683	-45.7866
BLOCK06/SES063/SA063S27	SES292	-2.09819	-47.8848	-45.7866
BLOCK06/SES067/SA067S12	SES083	-2.95804	-48.1731	-45.2151
BLOCK06/SES067/SA067S12	SES172	-3.29926	-48.5143	-45.2151
BLOCK06/SES067/SA067S12	SES202	-0.647682	-45.8628	-45.2151
BLOCK06/SES067/SA067S12	SES292	-2.38312	-47.5982	-45.2151
BLOCK06/SES067/SA067S14	SES085	-1.91369	-46.6283	-44.7146
BLOCK06/SES067/SA067S14	SES177	-2.11752	-46.8321	-44.7146
BLOCK06/SES067/SA067S14	SES183	-1.73169	-46.4463	-44.7146
BLOCK06/SES067/SA067S14	SES202	-1.35065	-46.0653	-44.7146
BLOCK06/SES067/SA067S21	SES144	-1.97321	-47.9569	-45.9837
BLOCK06/SES067/SA067S21	SES177	-1.39555	-47.3793	-45.9837
BLOCK06/SES067/SA067S21	SES183	-2.82526	-48.809	-45.9837
BLOCK06/SES067/SA067S21	SES189	-0.832668	-46.8164	-45.9837
BLOCK06/SES067/SA067S25	SES085	-1.95109	-47.3019	-45.3508
BLOCK06/SES067/SA067S25	SES177	-1.80733	-47.1582	-45.3508
BLOCK06/SES067/SA067S25	SES183	-2.31802	-47.6689	-45.3508
BLOCK06/SES067/SA067S25	SES202	-1.22227	-46.5731	-45.3508
BLOCK06/SES067/SA067S29	SES085	-1.31338	-46.8782	-45.5648
BLOCK06/SES067/SA067S29	SES177	-1.9812	-47.546	-45.5648
BLOCK06/SES067/SA067S29	SES183	-2.43333	-47.9981	-45.5648
BLOCK06/SES067/SA067S29	SES202	-0.185043	-45.7498	-45.5648
BLOCK06/SES069/SA069S12	SES029	-2.20422	-47.313	-45.1088
BLOCK06/SES069/SA069S12	SES082	-1.12618	-46.2349	-45.1088
BLOCK06/SES069/SA069S12	SES087	-2.66734	-47.7761	-45.1088
BLOCK06/SES069/SA069S12	SES206	-1.84052	-46.9493	-45.1088
BLOCK06/SES069/SA069S13	SES029	-2.83239	-47.8574	-45.025
BLOCK06/SES069/SA069S13	SES087	-2.72692	-47.7519	-45.025
BLOCK06/SES069/SA069S13	SES206	-2.82161	-47.8466	-45.025
BLOCK06/SES069/SA069S13	SES226	-1.51987	-46.5449	-45.025
BLOCK06/SES069/SA069S23	SES029	-1.34248	-44.6678	-43.3253
BLOCK06/SES069/SA069S23	SES087	-3.56102	-46.8864	-43.3253
BLOCK06/SES069/SA069S23	SES206	-2.99525	-46.3206	-43.3253
BLOCK06/SES069/SA069S23	SES226	-1.43685	-44.7622	-43.3253
BLOCK06/SES069/SA069S25	SES087	-1.85692	-46.1371	-44.2802
BLOCK06/SES069/SA069S25	SES206	-2.76046	-47.0406	-44.2802
BLOCK06/SES069/SA069S25	SES226	-1.2261	-45.5063	-44.2802
BLOCK06/SES069/SA069S25	SES270	-1.74703	-46.0272	-44.2802
BLOCK06/SES069/SA069S27	SES087	-3.0764	-47.4933	-44.4169
BLOCK06/SES069/SA069S27	SES206	-1.82322	-46.2401	-44.4169
BLOCK06/SES069/SA069S27	SES226	-0.748131	-45.1651	-44.4169
BLOCK06/SES069/SA069S27	SES270	-1.48246	-45.8994	-44.4169
BLOCK08/SES081/SA081S11	SES060	-1.86668	-46.5164	-44.6497
BLOCK08/SES081/SA081S11	SES062	-4.0615	-48.7112	-44.6497
BLOCK08/SES081/SA081S11	SES117	-3.56999	-48.2197	-44.6497
BLOCK08/SES081/SA081S11	SES162	-2.67737	-47.3271	-44.6497
BLOCK08/SES081/SA081S13	SES016	-1.53051	-45.6591	-44.1286
BLOCK08/SES081/SA081S13	SES060	-0.82299	-44.9516	-44.1286
BLOCK08/SES081/SA081S13	SES068	-0.820702	-44.9493	-44.1286
BLOCK08/SES081/SA081S13	SES129	-2.26786	-46.3964	-44.1286
BLOCK08/SES081/SA081S24	SES060	-1.22796	-45.7687	-44.5407
BLOCK08/SES081/SA081S24	SES068	-1.19774	-45.7385	-44.5407
BLOCK08/SES081/SA081S24	SES117	-2.72066	-47.2614	-44.5407
BLOCK08/SES081/SA081S24	SES275	-2.01246	-46.5532	-44.5407
BLOCK08/SES081/SA081S27	SES007	-1.97545	-46.8166	-44.8412
BLOCK08/SES081/SA081S27	SES060	-2.09421	-46.9354	-44.8412
BLOCK08/SES081/SA081S27	SES117	-1.76869	-46.6099	-44.8412
BLOCK08/SES081/SA081S27	SES275	-1.70818	-46.5494	-44.8412
BLOCK08/SES081/SA081S29	SES007	-1.42025	-45.7935	-44.3733
BLOCK08/SES081/SA081S29	SES060	-1.63145	-46.0047	-44.3733
BLOCK08/SES081/SA081S29	SES117	-2.48035	-46.8536	-44.3733
BLOCK08/SES081/SA081S29	SES275	-2.14861	-46.5219	-44.3733
BLOCK08/SES086/SA086S11	SES029	-4.96931	-52.1596	-47.1903
BLOCK08/SES086/SA086S11	SES082	-2.07343	-49.2637	-47.1903
BLOCK08/SES086/SA086S11	SES087	-0.798485	-47.9888	-47.1903
BLOCK08/SES086/SA086S11	SES206	-2.20665	-49.397	-47.1903
BLOCK08/SES086/SA086S12	SES029	-4.33352	-50.612	-46.2785
BLOCK08/SES086/SA086S12	SES082	-2.97826	-49.2568	-46.2785
BLOCK08/SES086/SA086S12	SES087	-0.452847	-46.7314	-46.2785
BLOCK08/SES086/SA086S12	SES206	-1.72438	-48.0029	-46.2785
BLOCK08/SES086/SA086S20	SES029	-3.92427	-48.6879	-44.7636
BLOCK08/SES086/SA086S20	SES082	-2.63842	-47.4021	-44.7636
BLOCK08/SES086/SA086S20	SES087	-0.0241432	-44.7878	-44.7636
BLOCK08/SES086/SA086S20	SES206	-0.90815	-45.6718	-44.7636
BLOCK08/SES086/SA086S24	SES087	-0.544415	-46.9112	-46.3667
BLOCK08/SES086/SA086S24	SES104	-1.77961	-48.1464	-46.3667
BLOCK08/SES086/SA086S24	SES120	-3.29943	-49.6662	-46.3667
BLOCK08/SES086/SA086S24	SES206	-0.411694	-46.7784	-46.3667
BLOCK08/SES086/SA086S28	SES029	-3.22649	-48.3907	-45.1643
BLOCK08/SES086/SA086S28	SES082	-2.28823	-47.4525	-45.1643
BLOCK08/SES086/SA086S28	SES087	-0.377567	-45.5418	-45.1643
BLOCK08/SES086/SA086S28	SES206	-1.00516	-46.1694	-45.1643
BLOCK08/SES089/SA089S13	SES087	-2.97339	-48.7437	-45.7703
BLOCK08/SES089/SA089S13	SES206	-2.63544	-48.4057	-45.7703
BLOCK08/SES089/SA089S13	SES226	-1.45542	-47.2257	-45.7703
BLOCK08/SES089/SA089S13	SES270	-3.27359	-49.0439	-45.7703
BLOCK08/SES089/SA089S14	SES062	-2.18242	-47.803	-45.6206
BLOCK08/SES089/SA089S14	SES087	-1.5883	-47.2089	-45.6206
BLOCK08/SES089/SA089S14	SES206	-1.87514	-47.4957	-45.6206
BLOCK08/SES089/SA089S14	SES226	-1.22602	-46.8466	-45.6206
BLOCK08/SES089/SA089S23	SES087	-2.74706	-48.967	-46.2199
BLOCK08/SES089/SA089S23	SES206	-2.63865	-48.8586	-46.2199
BLOCK08/SES089/SA089S23	SES226	-1.05428	-47.2742	-46.2199
BLOCK08/SES089/SA089S23	SES270	-3.30427	-49.5242	-46.2199
BLOCK08/SES089/SA089S25	SES062	-3.42003	-48.8694	-45.4493
BLOCK08/SES089/SA089S25	SES087	-2.64597	-48.0953	-45.4493
BLOCK08/SES089/SA089S25	SES206	-3.49218	-48.9415	-45.4493
BLOCK08/SES089/SA089S25	SES226	-1.47912	-46.9285	-45.4493
BLOCK08/SES089/SA089S28	SES062	-1.99006	-47.3784	-45.3883
BLOCK08/SES089/SA089S28	SES087	-1.97437	-47.3627	-45.3883
BLOCK08/SES089/SA089S28	SES206	-2.68859	-48.0769	-45.3883
BLOCK08/SES089/SA089S28	SES226	-1.35586	-46.7442	-45.3883
BLOCK09/SES097/SA097S11	SES099	-0.563148	-46.641	-46.0778
BLOCK09/SES097/SA097S11	SES125	-2.71801	-48.7958	-46.0778
BLOCK09/SES097/SA097S11	SES206	-1.68066	-47.7585	-46.0778
BLOCK09/SES097/SA097S11	SES226	-1.02799	-47.1058	-46.0778
BLOCK09/SES097/SA097S14	SES062	-2.25793	-48.5331	-46.2752
BLOCK09/SES097/SA097S14	SES099	-1.59283	-47.868	-46.2752
BLOCK09/SES097/SA097S14	SES104	-1.92777	-48.2029	-46.2752
BLOCK09/SES097/SA097S14	SES206	-1.63881	-47.914	-46.2752
BLOCK09/SES097/SA097S22	SES099	-0.532162	-46.847	-46.3148
BLOCK09/SES097/SA097S22	SES206	-1.53545	-47.8503	-46.3148
BLOCK09/SES097/SA097S22	SES226	-1.10885	-47.4237	-46.3148
BLOCK09/SES097/SA097S22	SES270	0.101616	-46.2132	-46.3148
BLOCK09/SES097/SA097S26	SES099	-0.602409	-46.3774	-45.775
BLOCK09/SES097/SA097S26	SES120	-2.28437	-48.0594	-45.775
BLOCK09/SES097/SA097S26	SES206	-1.24733	-47.0224	-45.775
BLOCK09/SES097/SA097S26	SES226	-1.6305	-47.4055	-45.775
BLOCK09/SES097/SA097S28	SES099	-1.24244	-47.2469	-46.0044
BLOCK09/SES097/SA097S28	SES120	-1.79272	-47.7972	-46.0044
BLOCK09/SES097/SA097S28	SES206	-1.90325	-47.9077	-46.0044
BLOCK09/SES097/SA097S28	SES226	-1.7687	-47.7731	-46.0044
BLOCK09/SES098/SA098S11	SES127	-2.91281	-49.3546	-46.4418
BLOCK09/SES098/SA098S11	SES144	-2.04076	-48.4825	-46.4418
BLOCK09/SES098/SA098S11	SES147	-1.33612	-47.7779	-46.4418
BLOCK09/SES098/SA098S11	SES148	-3.31073	-49.7525	-46.4418
BLOCK09/SES098/SA098S12	SES127	-4.67118	-52.2659	-47.5948
BLOCK09/SES098/SA098S12	SES144	-2.7178	-50.3126	-47.5948
BLOCK09/SES098/SA098S12	SES147	-2.39677	-49.9915	-47.5948
BLOCK09/SES098/SA098S12	SES189	-1.73834	-49.3331	-47.5948
BLOCK09/SES098/SA098S20	SES127	-3.85946	-50.7139	-46.8545
BLOCK09/SES098/SA098S20	SES147	-2.24078	-49.0952	-46.8545
BLOCK09/SES098/SA098S20	SES148	-3.40576	-50.2602	-46.8545
BLOCK09/SES098/SA098S20	SES292	-5.12628	-51.9807	-46.8545
BLOCK09/SES098/SA098S23	SES127	-2.68627	-48.6969	-46.0106
BLOCK09/SES098/SA098S23	SES147	-1.50411	-47.5147	-46.0106
BLOCK09/SES098/SA098S23	SES187	-1.34573	-47.3564	-46.0106
BLOCK09/SES098/SA098S23	SES292	-2.78053	-48.7912	-46.0106
BLOCK09/SES098/SA098S27	SES127	-3.06546	-49.7419	-46.6765
BLOCK09/SES098/SA098S27	SES147	-2.5041	-49.1806	-46.6765
BLOCK09/SES098/SA098S27	SES148	-3.66669	-50.3432	-46.6765
BLOCK09/SES098/SA098S27	SES292	-3.43222	-50.1087	-46.6765
BLOCK10/SES102/SA102S13	SES101	-0.9216	-47.1897	-46.2681
BLOCK10/SES102/SA102S13	SES105	-1.95735	-48.2254	-46.2681
BLOCK10/SES102/SA102S13	SES120	-2.31735	-48.5854	-46.2681
BLOCK10/SES102/SA102S13	SES158	-5.58697	-51.8551	-46.2681
BLOCK10/SES102/SA102S14	SES007	-0.926487	-45.3478	-44.4213
BLOCK10/SES102/SA102S14	SES101	-1.21418	-45.6355	-44.4213
BLOCK10/SES102/SA102S14	SES105	-1.20649	-45.6278	-44.4213
BLOCK10/SES102/SA102S14	SES147	-3.53239	-47.9537	-44.4213
BLOCK10/SES102/SA102S22	SES007	-1.54351	-46.4413	-44.8978
BLOCK10/SES102/SA102S22	SES101	-0.749069	-45.6469	-44.8978
BLOCK10/SES102/SA102S22	SES105	-1.02916	-45.927	-44.8978
BLOCK10/SES102/SA102S22	SES158	-4.15679	-49.0546	-44.8978
BLOCK10/SES102/SA102S25	SES007	-1.47287	-46.2288	-44.756
BLOCK10/SES102/SA102S25	SES101	-0.619225	-45.3752	-44.756
BLOCK10/SES102/SA102S25	SES105	-1.78878	-46.5447	-44.756
BLOCK10/SES102/SA102S25	SES147	-3.88387	-48.6398	-44.756
BLOCK10/SES102/SA102S27	SES007	-1.78392	-47.0418	-45.2579
BLOCK10/SES102/SA102S27	SES101	-1.3669	-46.6248	-45.2579
BLOCK10/SES102/SA102S27	SES105	-1.99917	-47.2571	-45.2579
BLOCK10/SES102/SA102S27	SES147	-3.36773	-48.6256	-45.2579
BLOCK10/SES103/SA103S14	SES105	-2.88552	-50.0186	-47.1331
BLOCK10/SES103/SA103S14	SES106	-0.839104	-47.9722	-47.1331
BLOCK10/SES103/SA103S14	SES120	-3.44314	-50.5762	-47.1331
BLOCK10/SES103/SA103S14	SES206	-1.67564	-48.8087	-47.1331
BLOCK10/SES103/SA103S15	SES099	-1.37479	-49.1768	-47.802
BLOCK10/SES103/SA103S15	SES101	-3.60212	-51.4041	-47.802
BLOCK10/SES103/SA103S15	SES104	-1.41359	-49.2155	-47.802
BLOCK10/SES103/SA103S15	SES125	-1.96212	-49.7641	-47.802
BLOCK10/SES103/SA103S24	SES104	-1.94007	-48.2832	-46.3431
BLOCK10/SES103/SA103S24	SES125	-2.33874	-48.6818	-46.3431
BLOCK10/SES103/SA103S24	SES148	-3.52289	-49.866	-46.3431
BLOCK10/SES103/SA103S24	SES158	-0.917519	-47.2606	-46.3431
BLOCK10/SES103/SA103S26	SES104	-2.00077	-48.7282	-46.7274
BLOCK10/SES103/SA103S26	SES106	-1.20001	-47.9274	-46.7274
BLOCK10/SES103/SA103S26	SES125	-2.34311	-49.0705	-46.7274
BLOCK10/SES103/SA103S26	SES148	-4.02925	-50.7567	-46.7274
BLOCK10/SES103/SA103S28	SES104	-2.22798	-49.0395	-46.8115
BLOCK10/SES103/SA103S28	SES106	-1.7778	-48.5893	-46.8115
BLOCK10/SES103/SA103S28	SES125	-3.23299	-50.0445	-46.8115
BLOCK10/SES103/SA103S28	SES206	-3.28507	-50.0966	-46.8115
BLOCK12/SES121/SA121S12	SES042	-2.14988	-49.8109	-47.661
BLOCK12/SES121/SA121S12	SES087	-2.28611	-49.9471	-47.661
BLOCK12/SES121/SA121S12	SES105	-1.54742	-49.2084	-47.661
BLOCK12/SES121/SA121S12	SES206	-2.14788	-49.8089	-47.661
BLOCK12/SES121/SA121S14	SES007	-2.83995	-51.1524	-48.3124
BLOCK12/SES121/SA121S14	SES105	-2.43979	-50.7522	-48.3124
BLOCK12/SES121/SA121S14	SES106	-1.16898	-49.4814	-48.3124
BLOCK12/SES121/SA121S14	SES206	-2.07096	-50.3834	-48.3124
BLOCK12/SES121/SA121S23	SES105	-2.69212	-50.7818	-48.0897
BLOCK12/SES121/SA121S23	SES106	-1.22569	-49.3153	-48.0897
BLOCK12/SES121/SA121S23	SES120	-3.38399	-51.4737	-48.0897
BLOCK12/SES121/SA121S23	SES206	-2.05669	-50.1464	-48.0897
BLOCK12/SES121/SA121S25	SES007	-2.17323	-51.029	-48.8558
BLOCK12/SES121/SA121S25	SES105	-3.2592	-52.115	-48.8558
BLOCK12/SES121/SA121S25	SES106	-1.21838	-50.0742	-48.8558
BLOCK12/SES121/SA121S25	SES206	-2.21177	-51.0676	-48.8558
BLOCK12/SES121/SA121S27	SES087	-1.03252	-48.6045	-47.572
BLOCK12/SES121/SA121S27	SES105	-3.88371	-51.4557	-47.572
BLOCK12/SES121/SA121S27	SES120	-2.12615	-49.6981	-47.572
BLOCK12/SES121/SA121S27	SES206	-1.23865	-48.8106	-47.572
BLOCK12/SES124/SA124S16	SES042	-0.773724	-46.3158	-45.5421
BLOCK12/SES124/SA124S16	SES082	-1.30866	-46.8507	-45.5421
BLOCK12/SES124/SA124S16	SES183	-3.70202	-49.2441	-45.5421
BLOCK12/SES124/SA124S16	SES206	-1.19733	-46.7394	-45.5421
BLOCK12/SES124/SA124S17	SES105	-2.55725	-49.1838	-46.6265
BLOCK12/SES124/SA124S17	SES149	-2.68903	-49.3156	-46.6265
BLOCK12/SES124/SA124S17	SES158	-3.03003	-49.6566	-46.6265
BLOCK12/SES124/SA124S17	SES275	-4.03859	-50.6651	-46.6265
BLOCK12/SES124/SA124S23	SES105	-2.76074	-46.6678	-43.9071
BLOCK12/SES124/SA124S23	SES125	-0.309498	-44.2166	-43.9071
BLOCK12/SES124/SA124S23	SES129	-3.35545	-47.2625	-43.9071
BLOCK12/SES124/SA124S23	SES158	-0.889004	-44.7961	-43.9071
BLOCK12/SES124/SA124S26	SES105	-3.56997	-48.5534	-44.9835
BLOCK12/SES124/SA124S26	SES125	-0.511913	-45.4954	-44.9835
BLOCK12/SES124/SA124S26	SES129	-3.60828	-48.5917	-44.9835
BLOCK12/SES124/SA124S26	SES158	-1.88029	-46.8637	-44.9835
BLOCK12/SES124/SA124S28	SES104	-0.764999	-45.661	-44.896
BLOCK12/SES124/SA124S28	SES106	-0.770477	-45.6665	-44.896
BLOCK12/SES124/SA124S28	SES125	-0.308441	-45.2045	-44.896
BLOCK12/SES124/SA124S28	SES275	-3.7561	-48.6521	-44.896
BLOCK12/SES126/SA126S13	SES007	-2.93528	-49.7602	-46.8249
BLOCK12/SES126/SA126S13	SES162	-2.52277	-49.3477	-46.8249
BLOCK12/SES126/SA126S13	SES177	-1.6704	-48.4953	-46.8249
BLOCK12/SES126/SA126S13	SES180	-2.67336	-49.4983	-46.8249
BLOCK12/SES126/SA126S14	SES144	-1.34212	-46.6367	-45.2945
BLOCK12/SES126/SA126S14	SES148	-1.91661	-47.2112	-45.2945
BLOCK12/SES126/SA126S14	SES177	-0.980083	-46.2746	-45.2945
BLOCK12/SES126/SA126S14	SES180	-1.75829	-47.0528	-45.2945
BLOCK12/SES126/SA126S20	SES007	-3.25039	-48.7823	-45.5319
BLOCK12/SES126/SA126S20	SES162	-2.1895	-47.7214	-45.5319
BLOCK12/SES126/SA126S20	SES172	-4.36104	-49.893	-45.5319
BLOCK12/SES126/SA126S20	SES180	-2.85503	-48.387	-45.5319
BLOCK12/SES126/SA126S24	SES120	-1.67664	-46.9837	-45.307
BLOCK12/SES126/SA126S24	SES162	-2.09876	-47.4058	-45.307
BLOCK12/SES126/SA126S24	SES177	-1.11141	-46.4185	-45.307
BLOCK12/SES126/SA126S24	SES180	-1.6437	-46.9507	-45.307
BLOCK12/SES126/SA126S26	SES120	-1.72434	-47.9341	-46.2098
BLOCK12/SES126/SA126S26	SES177	-1.44448	-47.6542	-46.2098
BLOCK12/SES126/SA126S26	SES180	-1.77651	-47.9863	-46.2098
BLOCK12/SES126/SA126S26	SES202	-1.89939	-48.1091	-46.2098
BLOCK12/SES128/SA128S10	SES087	-3.00433	-48.6062	-45.6019
BLOCK12/SES128/SA128S10	SES206	-2.09221	-47.6941	-45.6019
BLOCK12/SES128/SA128S10	SES226	-1.24061	-46.8425	-45.6019
BLOCK12/SES128/SA128S10	SES270	-1.33507	-46.937	-45.6019
BLOCK12/SES128/SA128S12	SES120	-2.1503	-47.8303	-45.68
BLOCK12/SES128/SA128S12	SES158	-1.84876	-47.5287	-45.68
BLOCK12/SES128/SA128S12	SES206	-1.6447	-47.3247	-45.68
BLOCK12/SES128/SA128S12	SES226	-1.53205	-47.212	-45.68
BLOCK12/SES128/SA128S21	SES106	-3.83181	-50.5367	-46.7049
BLOCK12/SES128/SA128S21	SES120	-1.53757	-48.2425	-46.7049
BLOCK12/SES128/SA128S21	SES206	-3.64367	-50.3486	-46.7049
BLOCK12/SES128/SA128S21	SES226	-2.22166	-48.9265	-46.7049
BLOCK12/SES128/SA128S24	SES087	-3.14614	-49.2931	-46.147
BLOCK12/SES128/SA128S24	SES120	-1.292	-47.439	-46.147
BLOCK12/SES128/SA128S24	SES206	-2.82423	-48.9712	-46.147
BLOCK12/SES128/SA128S24	SES226	-2.16909	-48.3161	-46.147
BLOCK12/SES128/SA128S27	SES099	-2.58141	-47.9333	-45.3519
BLOCK12/SES128/SA128S27	SES120	-1.48096	-46.8329	-45.3519
BLOCK12/SES128/SA128S27	SES206	-2.32726	-47.6792	-45.3519
BLOCK12/SES128/SA128S27	SES226	-1.07624	-46.4282	-45.3519
BLOCK13/SES130/SA130S13	SES143	-2.58996	-49.4163	-46.8263
BLOCK13/SES130/SA130S13	SES144	-1.03642	-47.8627	-46.8263
BLOCK13/SES130/SA130S13	SES146	-2.00623	-48.8325	-46.8263
BLOCK13/SES130/SA130S13	SES275	-3.96668	-50.793	-46.8263
BLOCK13/SES130/SA130S15	SES143	-2.35615	-47.8034	-45.4473
BLOCK13/SES130/SA130S15	SES144	-1.18491	-46.6322	-45.4473
BLOCK13/SES130/SA130S15	SES146	-1.55859	-47.0059	-45.4473
BLOCK13/SES130/SA130S15	SES275	-2.12842	-47.5757	-45.4473
BLOCK13/SES130/SA130S23	SES127	-2.96564	-49.6437	-46.678
BLOCK13/SES130/SA130S23	SES144	-2.43838	-49.1164	-46.678
BLOCK13/SES130/SA130S23	SES146	-1.94891	-48.627	-46.678
BLOCK13/SES130/SA130S23	SES162	-1.97945	-48.6575	-46.678
BLOCK13/SES130/SA130S25	SES127	-1.7478	-47.147	-45.3992
BLOCK13/SES130/SA130S25	SES144	-0.838623	-46.2379	-45.3992
BLOCK13/SES130/SA130S25	SES146	-1.40105	-46.8003	-45.3992
BLOCK13/SES130/SA130S25	SES275	-1.77487	-47.1741	-45.3992
BLOCK13/SES130/SA130S28	SES127	-1.50945	-46.9832	-45.4737
BLOCK13/SES130/SA130S28	SES144	-1.25584	-46.7295	-45.4737
BLOCK13/SES130/SA130S28	SES146	-1.49492	-46.9686	-45.4737
BLOCK13/SES130/SA130S28	SES275	-1.04101	-46.5147	-45.4737
BLOCK13/SES131/SA131S13	SES002	-2.58741	-50.5857	-47.9982
BLOCK13/SES131/SA131S13	SES007	-3.648	-51.6462	-47.9982
BLOCK13/SES131/SA131S13	SES099	-2.15545	-50.1537	-47.9982
BLOCK13/SES131/SA131S13	SES105	-2.39025	-50.3885	-47.9982
BLOCK13/SES131/SA131S14	SES104	-1.54292	-47.566	-46.0231
BLOCK13/SES131/SA131S14	SES106	-0.945774	-46.9689	-46.0231
BLOCK13/SES131/SA131S14	SES125	-1.88854	-47.9117	-46.0231
BLOCK13/SES131/SA131S14	SES148	-2.74329	-48.7664	-46.0231
BLOCK13/SES131/SA131S20	SES104	-1.77739	-49.2181	-47.4407
BLOCK13/SES131/SA131S20	SES106	-0.794815	-48.2355	-47.4407
BLOCK13/SES131/SA131S20	SES125	-1.99329	-49.434	-47.4407
BLOCK13/SES131/SA131S20	SES148	-3.97754	-51.4183	-47.4407
BLOCK13/SES131/SA131S22	SES099	-1.30906	-48.0004	-46.6913
BLOCK13/SES131/SA131S22	SES104	-1.60456	-48.2959	-46.6913
BLOCK13/SES131/SA131S22	SES125	-1.39344	-48.0848	-46.6913
BLOCK13/SES131/SA131S22	SES206	-1.78982	-48.4811	-46.6913
BLOCK13/SES131/SA131S29	SES087	-1.3877	-49.0011	-47.6134
BLOCK13/SES131/SA131S29	SES104	-1.97619	-49.5896	-47.6134
BLOCK13/SES131/SA131S29	SES125	-1.69919	-49.3126	-47.6134
BLOCK13/SES131/SA131S29	SES206	-1.42732	-49.0407	-47.6134
BLOCK13/SES132/SA132S11	SES083	-2.57746	-47.5124	-44.9349
BLOCK13/SES132/SA132S11	SES120	-0.646389	-45.5813	-44.9349
BLOCK13/SES132/SA132S11	SES127	-1.72093	-46.6558	-44.9349
BLOCK13/SES132/SA132S11	SES275	-1.22949	-46.1644	-44.9349
BLOCK13/SES132/SA132S12	SES083	-2.11189	-47.1724	-45.0606
BLOCK13/SES132/SA132S12	SES143	-1.54231	-46.6029	-45.0606
BLOCK13/SES132/SA132S12	SES144	-1.33421	-46.3948	-45.0606
BLOCK13/SES132/SA132S12	SES148	-1.46956	-46.5301	-45.0606
BLOCK13/SES132/SA132S22	SES062	-1.06457	-45.668	-44.6034
BLOCK13/SES132/SA132S22	SES083	-1.80777	-46.4112	-44.6034
BLOCK13/SES132/SA132S22	SES127	-1.8283	-46.4317	-44.6034
BLOCK13/SES132/SA132S22	SES275	-1.41555	-46.019	-44.6034
BLOCK13/SES132/SA132S24	SES007	-0.940567	-45.5115	-44.5709
BLOCK13/SES132/SA132S24	SES083	-2.55168	-47.1226	-44.5709
BLOCK13/SES132/SA132S24	SES127	-2.27531	-46.8462	-44.5709
BLOCK13/SES132/SA132S24	SES275	-0.974384	-45.5453	-44.5709
BLOCK13/SES132/SA132S27	SES083	-3.26018	-48.6625	-45.4023
BLOCK13/SES132/SA132S27	SES120	-0.725975	-46.1283	-45.4023
BLOCK13/SES132/SA132S27	SES127	-2.74298	-48.1453	-45.4023
BLOCK13/SES132/SA132S27	SES275	-2.05014	-47.4525	-45.4023
BLOCK14/SES141/SA141S09	SES143	-1.50389	-47.0004	-45.4965
BLOCK14/SES141/SA141S09	SES144	-1.48618	-46.9827	-45.4965
BLOCK14/SES141/SA141S09	SES162	-1.55363	-47.0502	-45.4965
BLOCK14/SES141/SA141S09	SES180	-1.32676	-46.8233	-45.4965
BLOCK14/SES141/SA141S15	SES127	-1.3645	-46.8612	-45.4967
BLOCK14/SES141/SA141S15	SES144	-1.80103	-47.2977	-45.4967
BLOCK14/SES141/SA141S15	SES162	-1.42105	-46.9177	-45.4967
BLOCK14/SES141/SA141S15	SES180	-0.865105	-46.3618	-45.4967
BLOCK14/SES141/SA141S24	SES127	-1.29884	-46.4531	-45.1543
BLOCK14/SES141/SA141S24	SES144	-1.77253	-46.9268	-45.1543
BLOCK14/SES141/SA141S24	SES162	-1.33062	-46.4849	-45.1543
BLOCK14/SES141/SA141S24	SES183	-2.6142	-47.7685	-45.1543
BLOCK14/SES141/SA141S26	SES142	-1.65751	-47.6506	-45.9931
BLOCK14/SES141/SA141S26	SES144	-1.97812	-47.9712	-45.9931
BLOCK14/SES141/SA141S26	SES172	-2.11633	-48.1094	-45.9931
BLOCK14/SES141/SA141S26	SES180	-1.37494	-47.368	-45.9931
BLOCK14/SES141/SA141S29	SES127	-0.890022	-45.9234	-45.0334
BLOCK14/SES141/SA141S29	SES142	-0.474201	-45.5076	-45.0334
BLOCK14/SES141/SA141S29	SES144	-1.43403	-46.4675	-45.0334
BLOCK14/SES141/SA141S29	SES180	-1.0144	-46.0478	-45.0334
BLOCK15/SES157/SA157S08	SES083	-3.68537	-49.5736	-45.8883
BLOCK15/SES157/SA157S08	SES127	-2.14918	-48.0374	-45.8883
BLOCK15/SES157/SA157S08	SES148	-1.67481	-47.5631	-45.8883
BLOCK15/SES157/SA157S08	SES292	-2.99827	-48.8865	-45.8883
BLOCK15/SES157/SA157S11	SES083	-3.20726	-48.8239	-45.6167
BLOCK15/SES157/SA157S11	SES127	-1.95587	-47.5725	-45.6167
BLOCK15/SES157/SA157S11	SES148	-1.77692	-47.3936	-45.6167
BLOCK15/SES157/SA157S11	SES292	-3.10437	-48.721	-45.6167
BLOCK15/SES157/SA157S21	SES127	-1.62034	-46.962	-45.3417
BLOCK15/SES157/SA157S21	SES148	-1.09003	-46.4317	-45.3417
BLOCK15/SES157/SA157S21	SES158	-5.08048	-50.4221	-45.3417
BLOCK15/SES157/SA157S21	SES292	-1.87111	-47.2128	-45.3417
BLOCK15/SES157/SA157S24	SES127	-1.36152	-46.8828	-45.5212
BLOCK15/SES157/SA157S24	SES148	-1.62835	-47.1496	-45.5212
BLOCK15/SES157/SA157S24	SES183	-1.97085	-47.4921	-45.5212
BLOCK15/SES157/SA157S24	SES292	-2.93465	-48.4559	-45.5212
BLOCK15/SES157/SA157S26	SES007	-1.07854	-46.1933	-45.1148
BLOCK15/SES157/SA157S26	SES127	-1.18112	-46.2959	-45.1148
BLOCK15/SES157/SA157S26	SES147	-4.65076	-49.7656	-45.1148
BLOCK15/SES157/SA157S26	SES148	-1.53675	-46.6516	-45.1148
BLOCK16/SES161/SA161S10	SES007	-2.12736	-49.3327	-47.2053
BLOCK16/SES161/SA161S10	SES105	-1.56036	-48.7657	-47.2053
BLOCK16/SES161/SA161S10	SES158	-2.07632	-49.2816	-47.2053
BLOCK16/SES161/SA161S10	SES275	-2.21316	-49.4185	-47.2053
BLOCK16/SES161/SA161S12	SES007	-1.77594	-48.3926	-46.6166
BLOCK16/SES161/SA161S12	SES105	-2.55826	-49.1749	-46.6166
BLOCK16/SES161/SA161S12	SES158	-1.61683	-48.2335	-46.6166
BLOCK16/SES161/SA161S12	SES275	-1.51567	-48.1323	-46.6166
BLOCK16/SES161/SA161S20	SES007	-2.17648	-49.9558	-47.7793
BLOCK16/SES161/SA161S20	SES105	-2.32934	-50.1086	-47.7793
BLOCK16/SES161/SA161S20	SES158	-1.6539	-49.4332	-47.7793
BLOCK16/SES161/SA161S20	SES275	-2.50923	-50.2885	-47.7793
BLOCK16/SES161/SA161S23	SES007	-1.99667	-48.2841	-46.2874
BLOCK16/SES161/SA161S23	SES105	-1.40539	-47.6928	-46.2874
BLOCK16/SES161/SA161S23	SES148	-2.17318	-48.4606	-46.2874
BLOCK16/SES161/SA161S23	SES158	-2.09385	-48.3813	-46.2874
BLOCK16/SES161/SA161S28	SES007	-3.19687	-49.9943	-46.7974
BLOCK16/SES161/SA161S28	SES105	-3.05515	-49.8526	-46.7974
BLOCK16/SES161/SA161S28	SES158	-1.40537	-48.2028	-46.7974
BLOCK16/SES161/SA161S28	SES206	-1.86923	-48.6666	-46.7974
BLOCK16/SES164/SA164S11	SES104	-1.49015	-47.2936	-45.8035
BLOCK16/SES164/SA164S11	SES125	-1.04179	-46.8452	-45.8035
BLOCK16/SES164/SA164S11	SES158	-0.698578	-46.502	-45.8035
BLOCK16/SES164/SA164S11	SES206	-1.55125	-47.3547	-45.8035
BLOCK16/SES164/SA164S13	SES099	-0.988163	-47.862	-46.8739
BLOCK16/SES164/SA164S13	SES104	-1.80042	-48.6743	-46.8739
BLOCK16/SES164/SA164S13	SES125	-2.142	-49.0159	-46.8739
BLOCK16/SES164/SA164S13	SES206	-1.92369	-48.7976	-46.8739
BLOCK16/SES164/SA164S24	SES002	-0.199322	-46.6749	-46.4756
BLOCK16/SES164/SA164S24	SES099	-0.441471	-46.917	-46.4756
BLOCK16/SES164/SA164S24	SES125	-1.69412	-48.1697	-46.4756
BLOCK16/SES164/SA164S24	SES226	-0.60321	-47.0788	-46.4756
BLOCK16/SES164/SA164S27	SES087	-2.18994	-48.8058	-46.6159
BLOCK16/SES164/SA164S27	SES125	-1.69873	-48.3146	-46.6159
BLOCK16/SES164/SA164S27	SES206	-1.70464	-48.3206	-46.6159
BLOCK16/SES164/SA164S27	SES226	-1.03885	-47.6548	-46.6159
BLOCK16/SES164/SA164S29	SES002	-0.12714	-46.1994	-46.0723
BLOCK16/SES164/SA164S29	SES019	-1.58514	-47.6574	-46.0723
BLOCK16/SES164/SA164S29	SES125	-1.49637	-47.5686	-46.0723
BLOCK16/SES164/SA164S29	SES226	-1.63574	-47.708	-46.0723
BLOCK16/SES169/SA169S13	SES117	-2.02271	-47.7674	-45.7447
BLOCK16/SES169/SA169S13	SES144	-1.2466	-46.9913	-45.7447
BLOCK16/SES169/SA169S13	SES146	-1.86066	-47.6053	-45.7447
BLOCK16/SES169/SA169S13	SES162	-1.43442	-47.1791	-45.7447
BLOCK16/SES169/SA169S14	SES144	-1.46627	-46.0865	-44.6202
BLOCK16/SES169/SA169S14	SES148	-1.48346	-46.1037	-44.6202
BLOCK16/SES169/SA169S14	SES177	-1.14046	-45.7607	-44.6202
BLOCK16/SES169/SA169S14	SES180	-2.09356	-46.7138	-44.6202
BLOCK16/SES169/SA169S24	SES117	-1.88328	-48.441	-46.5577
BLOCK16/SES169/SA169S24	SES144	-1.32894	-47.8866	-46.5577
BLOCK16/SES169/SA169S24	SES146	-1.67731	-48.235	-46.5577
BLOCK16/SES169/SA169S24	SES162	-1.64524	-48.2029	-46.5577
BLOCK16/SES169/SA169S27	SES127	-1.28036	-47.0268	-45.7464
BLOCK16/SES169/SA169S27	SES129	-1.57895	-47.3254	-45.7464
BLOCK16/SES169/SA169S27	SES144	-1.49297	-47.2394	-45.7464
BLOCK16/SES169/SA169S27	SES146	-1.00089	-46.7473	-45.7464
BLOCK16/SES169/SA169S29	SES144	-0.989574	-45.6794	-44.6898
BLOCK16/SES169/SA169S29	SES162	-0.856461	-45.5463	-44.6898
BLOCK16/SES169/SA169S29	SES177	-1.82644	-46.5163	-44.6898
BLOCK16/SES169/SA169S29	SES180	-1.19089	-45.8807	-44.6898
BLOCK17/SES171/SA171S12	SES083	-1.94651	-48.3727	-46.4262
BLOCK17/SES171/SA171S12	SES148	-1.76937	-48.1956	-46.4262
BLOCK17/SES171/SA171S12	SES172	-1.67816	-48.1044	-46.4262
BLOCK17/SES171/SA171S12	SES292	-2.99471	-49.4209	-46.4262
BLOCK17/SES171/SA171S15	SES148	-1.96222	-48.6771	-46.7148
BLOCK17/SES171/SA171S15	SES177	-2.55821	-49.2731	-46.7148
BLOCK17/SES171/SA171S15	SES180	-3.90147	-50.6163	-46.7148
BLOCK17/SES171/SA171S15	SES292	-4.82588	-51.5407	-46.7148
BLOCK17/SES171/SA171S22	SES007	-2.1166	-47.4704	-45.3538
BLOCK17/SES171/SA171S22	SES148	-1.3623	-46.7161	-45.3538
BLOCK17/SES171/SA171S22	SES177	-0.982445	-46.3363	-45.3538
BLOCK17/SES171/SA171S22	SES180	-2.48421	-47.8381	-45.3538
BLOCK17/SES171/SA171S25	SES101	-2.26885	-48.7419	-46.4731
BLOCK17/SES171/SA171S25	SES120	-4.094	-50.5671	-46.4731
BLOCK17/SES171/SA171S25	SES177	-1.59647	-48.0695	-46.4731
BLOCK17/SES171/SA171S25	SES180	-3.22025	-49.6933	-46.4731
BLOCK17/SES171/SA171S27	SES177	-1.23239	-47.0293	-45.7969
BLOCK17/SES171/SA171S27	SES180	-2.68306	-48.48	-45.7969
BLOCK17/SES171/SA171S27	SES189	-1.3722	-47.1691	-45.7969
BLOCK17/SES171/SA171S27	SES292	-3.29468	-49.0916	-45.7969
BLOCK17/SES173/SA173S13	SES162	-2.48635	-49.4305	-46.9442
BLOCK17/SES173/SA173S13	SES177	-2.12188	-49.066	-46.9442
BLOCK17/SES173/SA173S13	SES180	-2.82351	-49.7677	-46.9442
BLOCK17/SES173/SA173S13	SES292	-2.42969	-49.3738	-46.9442
BLOCK17/SES173/SA173S14	SES007	-3.77473	-50.6866	-46.9119
BLOCK17/SES173/SA173S14	SES162	-1.92112	-48.833	-46.9119
BLOCK17/SES173/SA173S14	SES177	-1.73862	-48.6505	-46.9119
BLOCK17/SES173/SA173S14	SES180	-3.13999	-50.0519	-46.9119
BLOCK17/SES173/SA173S24	SES144	-2.4131	-50.0114	-47.5983
BLOCK17/SES173/SA173S24	SES162	-2.36882	-49.9671	-47.5983
BLOCK17/SES173/SA173S24	SES177	-2.0785	-49.6768	-47.5983
BLOCK17/SES173/SA173S24	SES180	-3.85463	-51.4529	-47.5983
BLOCK17/SES173/SA173S27	SES162	-2.8138	-49.9133	-47.0995
BLOCK17/SES173/SA173S27	SES177	-1.80679	-48.9062	-47.0995
BLOCK17/SES173/SA173S27	SES180	-2.99794	-50.0974	-47.0995
BLOCK17/SES173/SA173S27	SES292	-3.61454	-50.714	-47.0995
BLOCK17/SES173/SA173S29	SES162	-2.68743	-49.3612	-46.6738
BLOCK17/SES173/SA173S29	SES175	-1.3989	-48.0727	-46.6738
BLOCK17/SES173/SA173S29	SES177	-2.06351	-48.7373	-46.6738
BLOCK17/SES173/SA173S29	SES292	-3.76649	-50.4403	-46.6738
BLOCK18/SES182/SA182S10	SES144	-1.14207	-46.8803	-45.7382
BLOCK18/SES182/SA182S10	SES177	-1.45009	-47.1883	-45.7382
BLOCK18/SES182/SA182S10	SES180	-1.88071	-47.6189	-45.7382
BLOCK18/SES182/SA182S10	SES275	-0.833782	-46.572	-45.7382
BLOCK18/SES182/SA182S12	SES144	-1.04059	-46.4254	-45.3848
BLOCK18/SES182/SA182S12	SES177	-1.08524	-46.47	-45.3848
BLOCK18/SES182/SA182S12	SES180	-1.38829	-46.7731	-45.3848
BLOCK18/SES182/SA182S12	SES275	-1.15123	-46.536	-45.3848
BLOCK18/SES182/SA182S21	SES117	-1.92292	-48.0325	-46.1096
BLOCK18/SES182/SA182S21	SES144	-1.32209	-47.4317	-46.1096
BLOCK18/SES182/SA182S21	SES162	-1.45966	-47.5692	-46.1096
BLOCK18/SES182/SA182S21	SES180	-1.90247	-48.0121	-46.1096
BLOCK18/SES182/SA182S23	SES117	-2.14909	-48.0609	-45.9118
BLOCK18/SES182/SA182S23	SES144	-1.97845	-47.8902	-45.9118
BLOCK18/SES182/SA182S23	SES180	-1.96891	-47.8807	-45.9118
BLOCK18/SES182/SA182S23	SES275	-0.992119	-46.9039	-45.9118
BLOCK18/SES182/SA182S25	SES007	-0.249306	-45.811	-45.5617
BLOCK18/SES182/SA182S25	SES162	-1.25544	-46.8171	-45.5617
BLOCK18/SES182/SA182S25	SES177	-1.27152	-46.8332	-45.5617
BLOCK18/SES182/SA182S25	SES180	-1.6572	-47.2189	-45.5617
BLOCK18/SES184/SA184S12	SES177	-2.9122	-48.2552	-45.343
BLOCK18/SES184/SA184S12	SES180	-2.50288	-47.8459	-45.343
BLOCK18/SES184/SA184S12	SES189	-2.42549	-47.7685	-45.343
BLOCK18/SES184/SA184S12	SES292	-2.21399	-47.557	-45.343
BLOCK18/SES184/SA184S13	SES101	-2.73225	-48.192	-45.4597
BLOCK18/SES184/SA184S13	SES177	-1.93475	-47.3945	-45.4597
BLOCK18/SES184/SA184S13	SES180	-2.12413	-47.5839	-45.4597
BLOCK18/SES184/SA184S13	SES292	-2.40179	-47.8615	-45.4597
BLOCK18/SES184/SA184S22	SES177	-1.80307	-46.585	-44.7819
BLOCK18/SES184/SA184S22	SES180	-1.35128	-46.1332	-44.7819
BLOCK18/SES184/SA184S22	SES189	-2.86413	-47.646	-44.7819
BLOCK18/SES184/SA184S22	SES292	-2.31136	-47.0933	-44.7819
BLOCK18/SES184/SA184S25	SES101	-1.79823	-45.9435	-44.1452
BLOCK18/SES184/SA184S25	SES177	-2.19482	-46.3401	-44.1452
BLOCK18/SES184/SA184S25	SES180	-1.75391	-45.8991	-44.1452
BLOCK18/SES184/SA184S25	SES292	-1.77301	-45.9183	-44.1452
BLOCK18/SES184/SA184S27	SES083	-2.07096	-47.4774	-45.4065
BLOCK18/SES184/SA184S27	SES177	-1.52463	-46.9311	-45.4065
BLOCK18/SES184/SA184S27	SES202	-1.56604	-46.9725	-45.4065
BLOCK18/SES184/SA184S27	SES292	-1.93634	-47.3428	-45.4065
BLOCK20/SES204/SA204S12	SES062	-2.00526	-46.9627	-44.9574
BLOCK20/SES204/SA204S12	SES083	-2.90586	-47.8633	-44.9574
BLOCK20/SES204/SA204S12	SES206	-1.57869	-46.5361	-44.9574
BLOCK20/SES204/SA204S12	SES226	-2.29173	-47.2492	-44.9574
BLOCK20/SES204/SA204S14	SES068	-1.85483	-46.2124	-44.3576
BLOCK20/SES204/SA204S14	SES087	-1.43095	-45.7886	-44.3576
BLOCK20/SES204/SA204S14	SES206	-2.18885	-46.5465	-44.3576
BLOCK20/SES204/SA204S14	SES226	-2.10515	-46.4628	-44.3576
BLOCK20/SES204/SA204S22	SES068	-2.7911	-48.0153	-45.2242
BLOCK20/SES204/SA204S22	SES082	-3.92754	-49.1517	-45.2242
BLOCK20/SES204/SA204S22	SES083	-3.86009	-49.0843	-45.2242
BLOCK20/SES204/SA204S22	SES206	-1.84704	-47.0713	-45.2242
BLOCK20/SES204/SA204S25	SES062	-3.68057	-49.0613	-45.3807
BLOCK20/SES204/SA204S25	SES083	-3.55742	-48.9381	-45.3807
BLOCK20/SES204/SA204S25	SES206	-1.31668	-46.6974	-45.3807
BLOCK20/SES204/SA204S25	SES226	-2.13661	-47.5173	-45.3807
BLOCK20/SES204/SA204S27	SES068	-2.88678	-48.3158	-45.429
BLOCK20/SES204/SA204S27	SES082	-3.24161	-48.6706	-45.429
BLOCK20/SES204/SA204S27	SES087	-1.59439	-47.0234	-45.429
BLOCK20/SES204/SA204S27	SES206	-1.53256	-46.9616	-45.429
BLOCK20/SES207/SA207S10	SES127	-1.62005	-47.6097	-45.9897
BLOCK20/SES207/SA207S10	SES183	-1.98856	-47.9782	-45.9897
BLOCK20/SES207/SA207S10	SES189	-1.77707	-47.7667	-45.9897
BLOCK20/SES207/SA207S10	SES292	-1.98845	-47.9781	-45.9897
BLOCK20/SES207/SA207S11	SES127	-2.46188	-48.5413	-46.0795
BLOCK20/SES207/SA207S11	SES183	-1.92574	-48.0052	-46.0795
BLOCK20/SES207/SA207S11	SES187	-1.12902	-47.2085	-46.0795
BLOCK20/SES207/SA207S11	SES292	-2.41172	-48.4912	-46.0795
BLOCK20/SES207/SA207S25	SES068	-1.98509	-47.7134	-45.7284
BLOCK20/SES207/SA207S25	SES083	-3.17868	-48.907	-45.7284
BLOCK20/SES207/SA207S25	SES127	-1.34106	-47.0694	-45.7284
BLOCK20/SES207/SA207S25	SES187	-1.34271	-47.0711	-45.7284
BLOCK20/SES207/SA207S27	SES127	-2.13135	-48.5069	-46.3755
BLOCK20/SES207/SA207S27	SES183	-1.75176	-48.1273	-46.3755
BLOCK20/SES207/SA207S27	SES187	-1.85508	-48.2306	-46.3755
BLOCK20/SES207/SA207S27	SES292	-2.75091	-49.1265	-46.3755
BLOCK20/SES207/SA207S29	SES083	-2.90831	-48.2823	-45.374
BLOCK20/SES207/SA207S29	SES085	-1.86459	-47.2386	-45.374
BLOCK20/SES207/SA207S29	SES172	-1.92271	-47.2967	-45.374
BLOCK20/SES207/SA207S29	SES189	-3.10845	-48.4825	-45.374
BLOCK22/SES221/SA221S12	SES068	-2.49981	-47.8346	-45.3347
BLOCK22/SES221/SA221S12	SES143	-2.48671	-47.8215	-45.3347
BLOCK22/SES221/SA221S12	SES175	-1.11249	-46.4472	-45.3347
BLOCK22/SES221/SA221S12	SES202	-1.59218	-46.9269	-45.3347
BLOCK22/SES221/SA221S15	SES085	-3.36967	-49.7604	-46.3908
BLOCK22/SES221/SA221S15	SES143	-3.57118	-49.962	-46.3908
BLOCK22/SES221/SA221S15	SES175	-1.78996	-48.1807	-46.3908
BLOCK22/SES221/SA221S15	SES187	-1.89437	-48.2851	-46.3908
BLOCK22/SES221/SA221S23	SES068	-2.41753	-47.7824	-45.3649
BLOCK22/SES221/SA221S23	SES143	-3.31432	-48.6792	-45.3649
BLOCK22/SES221/SA221S23	SES175	-1.37721	-46.7421	-45.3649
BLOCK22/SES221/SA221S23	SES189	-0.882259	-46.2471	-45.3649
BLOCK22/SES221/SA221S27	SES085	-3.63676	-49.4042	-45.7674
BLOCK22/SES221/SA221S27	SES143	-2.77494	-48.5424	-45.7674
BLOCK22/SES221/SA221S27	SES175	-1.35334	-47.1208	-45.7674
BLOCK22/SES221/SA221S27	SES189	-0.452785	-46.2202	-45.7674
BLOCK22/SES221/SA221S29	SES085	-3.60089	-50.2543	-46.6534
BLOCK22/SES221/SA221S29	SES143	-2.92273	-49.5762	-46.6534
BLOCK22/SES221/SA221S29	SES175	-1.01287	-47.6663	-46.6534
BLOCK22/SES221/SA221S29	SES187	-1.32045	-47.9739	-46.6534
BLOCK22/SES223/SA223S11	SES143	-1.93534	-48.2879	-46.3525
BLOCK22/SES223/SA223S11	SES144	-3.28933	-49.6419	-46.3525
BLOCK22/SES223/SA223S11	SES175	-1.5694	-47.9219	-46.3525
BLOCK22/SES223/SA223S11	SES187	-2.06733	-48.4199	-46.3525
BLOCK22/SES223/SA223S13	SES068	-2.38099	-49.9822	-47.6012
BLOCK22/SES223/SA223S13	SES143	-2.53433	-50.1356	-47.6012
BLOCK22/SES223/SA223S13	SES146	-3.41693	-51.0182	-47.6012
BLOCK22/SES223/SA223S13	SES202	-2.28053	-49.8818	-47.6012
BLOCK22/SES223/SA223S22	SES143	-2.04259	-48.2696	-46.227
BLOCK22/SES223/SA223S22	SES144	-3.08836	-49.3154	-46.227
BLOCK22/SES223/SA223S22	SES175	-1.666	-47.893	-46.227
BLOCK22/SES223/SA223S22	SES187	-1.49476	-47.7218	-46.227
BLOCK22/SES223/SA223S25	SES068	-1.95407	-48.262	-46.3079
BLOCK22/SES223/SA223S25	SES143	-2.19855	-48.5065	-46.3079
BLOCK22/SES223/SA223S25	SES175	-1.31543	-47.6234	-46.3079
BLOCK22/SES223/SA223S25	SES187	-1.63251	-47.9405	-46.3079
BLOCK22/SES223/SA223S27	SES143	-1.51408	-48.0297	-46.5156
BLOCK22/SES223/SA223S27	SES146	-2.56697	-49.0826	-46.5156
BLOCK22/SES223/SA223S27	SES187	-1.6879	-48.2035	-46.5156
BLOCK22/SES223/SA223S27	SES292	-3.00252	-49.5181	-46.5156
BLOCK27/SES273/SA273S12	SES099	-1.08831	-45.5285	-44.4402
BLOCK27/SES273/SA273S12	SES104	-0.869602	-45.3098	-44.4402
BLOCK27/SES273/SA273S12	SES125	-1.7193	-46.1595	-44.4402
BLOCK27/SES273/SA273S12	SES206	-0.90424	-45.3444	-44.4402
BLOCK27/SES273/SA273S13	SES099	-1.8803	-45.9466	-44.0663
BLOCK27/SES273/SA273S13	SES104	-1.24454	-45.3108	-44.0663
BLOCK27/SES273/SA273S13	SES206	-1.63609	-45.7024	-44.0663
BLOCK27/SES273/SA273S13	SES292	-3.24166	-47.308	-44.0663
BLOCK27/SES273/SA273S21	SES099	-0.85247	-45.9173	-45.0649
BLOCK27/SES273/SA273S21	SES148	-3.08097	-48.1458	-45.0649
BLOCK27/SES273/SA273S21	SES149	-1.2963	-46.3612	-45.0649
BLOCK27/SES273/SA273S21	SES177	-3.07272	-48.1376	-45.0649
BLOCK27/SES273/SA273S25	SES104	-1.20838	-45.7383	-44.5299
BLOCK27/SES273/SA273S25	SES125	-2.24057	-46.7705	-44.5299
BLOCK27/SES273/SA273S25	SES158	-1.22625	-45.7562	-44.5299
BLOCK27/SES273/SA273S25	SES206	-0.998062	-45.528	-44.5299
BLOCK27/SES273/SA273S27	SES099	-0.903778	-45.2749	-44.3711
BLOCK27/SES273/SA273S27	SES104	-1.1226	-45.4937	-44.3711
BLOCK27/SES273/SA273S27	SES149	-1.22098	-45.5921	-44.3711
BLOCK27/SES273/SA273S27	SES275	-2.27956	-46.6507	-44.3711
BLOCK27/SES274/SA274S10	SES105	-1.60368	-46.2627	-44.659
BLOCK27/SES274/SA274S10	SES125	-1.37292	-46.032	-44.659
BLOCK27/SES274/SA274S10	SES129	-0.961704	-45.6208	-44.659
BLOCK27/SES274/SA274S10	SES158	-1.92099	-46.58	-44.659
BLOCK27/SES274/SA274S11	SES105	-1.52977	-46.7962	-45.2665
BLOCK27/SES274/SA274S11	SES149	-1.14251	-46.409	-45.2665
BLOCK27/SES274/SA274S11	SES158	-1.69714	-46.9636	-45.2665
BLOCK27/SES274/SA274S11	SES275	-1.33052	-46.597	-45.2665
BLOCK27/SES274/SA274S21	SES105	-1.47643	-46.5343	-45.0578
BLOCK27/SES274/SA274S21	SES129	-1.02423	-46.0821	-45.0578
BLOCK27/SES274/SA274S21	SES149	-0.791893	-45.8497	-45.0578
BLOCK27/SES274/SA274S21	SES158	-3.18341	-48.2413	-45.0578
BLOCK27/SES274/SA274S24	SES105	-1.78455	-47.0438	-45.2592
BLOCK27/SES274/SA274S24	SES129	-2.02689	-47.2861	-45.2592
BLOCK27/SES274/SA274S24	SES149	-1.03261	-46.2918	-45.2592
BLOCK27/SES274/SA274S24	SES158	-2.69327	-47.9525	-45.2592
BLOCK27/SES274/SA274S29	SES105	-2.15046	-46.971	-44.8205
BLOCK27/SES274/SA274S29	SES106	-2.28728	-47.1078	-44.8205
BLOCK27/SES274/SA274S29	SES120	-1.95134	-46.7719	-44.8205
BLOCK27/SES274/SA274S29	SES275	-1.76339	-46.5839	-44.8205
BLOCK27/SES276/SA276S16	SES148	-1.68255	-47.0439	-45.3614
BLOCK27/SES276/SA276S16	SES172	-1.87983	-47.2412	-45.3614
BLOCK27/SES276/SA276S16	SES180	-2.69983	-48.0612	-45.3614
BLOCK27/SES276/SA276S16	SES292	-1.97544	-47.3368	-45.3614
BLOCK27/SES276/SA276S17	SES101	-2.4671	-47.998	-45.5309
BLOCK27/SES276/SA276S17	SES177	-2.29789	-47.8288	-45.5309
BLOCK27/SES276/SA276S17	SES180	-2.08058	-47.6115	-45.5309
BLOCK27/SES276/SA276S17	SES292	-2.26158	-47.7925	-45.5309
BLOCK27/SES276/SA276S24	SES101	-1.73121	-46.1752	-44.444
BLOCK27/SES276/SA276S24	SES177	-1.90619	-46.3502	-44.444
BLOCK27/SES276/SA276S24	SES180	-2.26421	-46.7082	-44.444
BLOCK27/SES276/SA276S24	SES292	-2.64781	-47.0918	-44.444
BLOCK27/SES276/SA276S26	SES101	-3.21284	-48.0201	-44.8072
BLOCK27/SES276/SA276S26	SES177	-1.25099	-46.0582	-44.8072
BLOCK27/SES276/SA276S26	SES180	-1.42125	-46.2285	-44.8072
BLOCK27/SES276/SA276S26	SES292	-1.45356	-46.2608	-44.8072
BLOCK27/SES276/SA276S28	SES101	-2.40159	-47.3928	-44.9912
BLOCK27/SES276/SA276S28	SES177	-2.61534	-47.6065	-44.9912
BLOCK27/SES276/SA276S28	SES180	-1.56942	-46.5606	-44.9912
BLOCK27/SES276/SA276S28	SES292	-2.60166	-47.5929	-44.9912
BLOCK27/SES277/SA277S12	SES101	-0.828918	-46.684	-45.8551
BLOCK27/SES277/SA277S12	SES177	-1.84008	-47.6952	-45.8551
BLOCK27/SES277/SA277S12	SES180	-2.22235	-48.0775	-45.8551
BLOCK27/SES277/SA277S12	SES292	-2.95667	-48.8118	-45.8551
BLOCK27/SES277/SA277S14	SES177	-1.67553	-48.0588	-46.3833
BLOCK27/SES277/SA277S14	SES180	-2.69357	-49.0769	-46.3833
BLOCK27/SES277/SA277S14	SES189	-1.25362	-47.6369	-46.3833
BLOCK27/SES277/SA277S14	SES292	-3.5861	-49.9694	-46.3833
BLOCK27/SES277/SA277S21	SES177	-0.715599	-46.1046	-45.389
BLOCK27/SES277/SA277S21	SES180	-2.05902	-47.448	-45.389
BLOCK27/SES277/SA277S21	SES189	-1.31993	-46.7089	-45.389
BLOCK27/SES277/SA277S21	SES292	-3.31921	-48.7082	-45.389
BLOCK27/SES277/SA277S24	SES144	-2.15855	-48.7109	-46.5524
BLOCK27/SES277/SA277S24	SES177	-1.36632	-47.9187	-46.5524
BLOCK27/SES277/SA277S24	SES180	-2.55673	-49.1091	-46.5524
BLOCK27/SES277/SA277S24	SES189	-1.39703	-47.9494	-46.5524
BLOCK27/SES277/SA277S29	SES177	-1.4075	-45.7058	-44.2983
BLOCK27/SES277/SA277S29	SES180	-1.67792	-45.9762	-44.2983
BLOCK27/SES277/SA277S29	SES202	-1.4105	-45.7088	-44.2983
BLOCK27/SES277/SA277S29	SES292	-2.76961	-47.0679	-44.2983
BLOCK27/SES279/SA279S09	SES120	-1.3829	-46.3181	-44.9352
BLOCK27/SES279/SA279S09	SES146	-2.10741	-47.0426	-44.9352
BLOCK27/SES279/SA279S09	SES206	-2.32917	-47.2643	-44.9352
BLOCK27/SES279/SA279S09	SES226	-3.21164	-48.1468	-44.9352
BLOCK27/SES279/SA279S10	SES099	-2.87743	-47.9537	-45.0762
BLOCK27/SES279/SA279S10	SES206	-1.95525	-47.0315	-45.0762
BLOCK27/SES279/SA279S10	SES226	-2.49879	-47.575	-45.0762
BLOCK27/SES279/SA279S10	SES292	-1.45834	-46.5346	-45.0762
BLOCK27/SES279/SA279S20	SES099	-4.04214	-49.7569	-45.7147
BLOCK27/SES279/SA279S20	SES206	-2.38684	-48.1015	-45.7147
BLOCK27/SES279/SA279S20	SES226	-2.93362	-48.6483	-45.7147
BLOCK27/SES279/SA279S20	SES292	-0.990822	-46.7055	-45.7147
BLOCK27/SES279/SA279S26	SES099	-3.28648	-48.978	-45.6915
BLOCK27/SES279/SA279S26	SES206	-1.7093	-47.4008	-45.6915
BLOCK27/SES279/SA279S26	SES226	-1.86373	-47.5553	-45.6915
BLOCK27/SES279/SA279S26	SES292	-1.31708	-47.0086	-45.6915
BLOCK27/SES279/SA279S28	SES099	-3.46028	-47.4984	-44.0381
BLOCK27/SES279/SA279S28	SES120	-1.07745	-45.1156	-44.0381
BLOCK27/SES279/SA279S28	SES177	-1.7662	-45.8043	-44.0381
BLOCK27/SES279/SA279S28	SES206	-2.51571	-46.5538	-44.0381
BLOCK29/SES290/SA290S12	SES162	-1.94208	-46.5692	-44.6271
BLOCK29/SES290/SA290S12	SES177	-2.17338	-46.8005	-44.6271
BLOCK29/SES290/SA290S12	SES180	-2.46123	-47.0884	-44.6271
BLOCK29/SES290/SA290S12	SES292	-3.16277	-47.7899	-44.6271
BLOCK29/SES290/SA290S13	SES007	-2.84193	-48.0326	-45.1907
BLOCK29/SES290/SA290S13	SES162	-2.46702	-47.6577	-45.1907
BLOCK29/SES290/SA290S13	SES177	-1.66945	-46.8601	-45.1907
BLOCK29/SES290/SA290S13	SES180	-2.27613	-47.4668	-45.1907
BLOCK29/SES290/SA290S22	SES177	-1.59588	-46.3606	-44.7647
BLOCK29/SES290/SA290S22	SES180	-1.81354	-46.5783	-44.7647
BLOCK29/SES290/SA290S22	SES202	-1.64953	-46.4142	-44.7647
BLOCK29/SES290/SA290S22	SES292	-2.79437	-47.5591	-44.7647
BLOCK29/SES290/SA290S25	SES162	-1.82211	-46.5885	-44.7664
BLOCK29/SES290/SA290S25	SES177	-1.31844	-46.0849	-44.7664
BLOCK29/SES290/SA290S25	SES180	-1.59727	-46.3637	-44.7664
BLOCK29/SES290/SA290S25	SES292	-1.87048	-46.6369	-44.7664
BLOCK29/SES290/SA290S29	SES177	-1.0083	-45.7213	-44.713
BLOCK29/SES290/SA290S29	SES180	-1.53472	-46.2477	-44.713
BLOCK29/SES290/SA290S29	SES275	-1.83882	-46.5518	-44.713
BLOCK29/SES290/SA290S29	SES292	-1.77618	-46.4892	-44.713
BLOCK29/SES291/SA291S11	SES105	-4.18736	-50.2939	-46.1065
BLOCK29/SES291/SA291S11	SES125	-1.73783	-47.8443	-46.1065
BLOCK29/SES291/SA291S11	SES158	-1.55155	-47.6581	-46.1065
BLOCK29/SES291/SA291S11	SES275	-4.62696	-50.7335	-46.1065
BLOCK29/SES291/SA291S12	SES158	-0.76104	-46.4177	-45.6566
BLOCK29/SES291/SA291S12	SES226	-2.2171	-47.8737	-45.6566
BLOCK29/SES291/SA291S12	SES270	-0.381947	-46.0386	-45.6566
BLOCK29/SES291/SA291S12	SES275	-4.90804	-50.5647	-45.6566
BLOCK29/SES291/SA291S22	SES082	-1.78272	-47.2846	-45.5019
BLOCK29/SES291/SA291S22	SES158	-1.41655	-46.9185	-45.5019
BLOCK29/SES291/SA291S22	SES259	-1.8463	-47.3482	-45.5019
BLOCK29/SES291/SA291S22	SES275	-3.86287	-49.3648	-45.5019
BLOCK29/SES291/SA291S24	SES104	-0.588146	-45.2971	-44.7089
BLOCK29/SES291/SA291S24	SES125	-1.32768	-46.0366	-44.7089
BLOCK29/SES291/SA291S24	SES158	-1.17724	-45.8862	-44.7089
BLOCK29/SES291/SA291S24	SES275	-3.63718	-48.3461	-44.7089
BLOCK29/SES291/SA291S27	SES158	-0.617374	-45.2563	-44.6389
BLOCK29/SES291/SA291S27	SES172	-5.02728	-49.6662	-44.6389
BLOCK29/SES291/SA291S27	SES275	-4.49699	-49.1359	-44.6389
BLOCK29/SES291/SA291S27	SES292	-3.5654	-48.2043	-44.6389
