BLOCK00/SES002/SA002S12	SES002	-0.114187	-26.2382	-26.1241
BLOCK00/SES002/SA002S13	SES002	0.0172386	-27.3303	-27.3475
BLOCK00/SES002/SA002S23	SES002	-0.056715	-27.016	-26.9593
BLOCK00/SES002/SA002S26	SES002	0.445496	-28.5947	-29.0402
BLOCK00/SES002/SA002S28	SES002	0.509119	-27.2627	-27.7718
BLOCK00/SES007/SA007S14	SES007	4.54287	-22.6071	-27.15
BLOCK00/SES007/SA007S15	SES007	4.50708	-22.3392	-26.8462
BLOCK00/SES007/SA007S24	SES007	4.35724	-21.9633	-26.3205
BLOCK00/SES007/SA007S27	SES007	4.52196	-22.5048	-27.0267
BLOCK00/SES007/SA007S29	SES007	4.35225	-21.9166	-26.2688
BLOCK00/SES008/SA008S11	SES008	0.982058	-25.085	-26.067
BLOCK00/SES008/SA008S12	SES008	1.33251	-25.2348	-26.5674
BLOCK00/SES008/SA008S19	SES008	1.04942	-26.3827	-27.4322
BLOCK00/SES008/SA008S22	SES008	1.08414	-25.3371	-26.4212
BLOCK00/SES008/SA008S29	SES008	0.946844	-26.1043	-27.0512
BLOCK01/SES014/SA014S10	SES014	4.00714	-23.7323	-27.7394
BLOCK01/SES014/SA014S12	SES014	4.60834	-23.1032	-27.7115
BLOCK01/SES014/SA014S24	SES014	3.14536	-23.8115	-26.9569
BLOCK01/SES014/SA014S26	SES014	4.66537	-23.0847	-27.7501
BLOCK01/SES014/SA014S28	SES014	3.81067	-22.81	-26.6206
BLOCK01/SES016/SA016S12	SES016	1.41181	-28.2944	-29.7062
BLOCK01/SES016/SA016S13	SES016	1.48191	-27.4269	-28.9088
BLOCK01/SES016/SA016S22	SES016	1.74344	-26.5096	-28.2531
BLOCK01/SES016/SA016S25	SES016	2.03453	-24.5945	-26.629
BLOCK01/SES016/SA016S27	SES016	1.67124	-27.488	-29.1593
BLOCK01/SES019/SA019S13	SES019	3.02758	-24.5055	-27.5331
BLOCK01/SES019/SA019S14	SES019	2.93684	-25.2208	-28.1577
BLOCK01/SES019/SA019S22	SES019	3.26657	-23.9648	-27.2314
BLOCK01/SES019/SA019S25	SES019	2.79753	-25.3678	-28.1654
BLOCK01/SES019/SA019S29	SES019	3.68727	-26.3592	-30.0465
BLOCK02/SES029/SA029S11	SES029	1.77809	-24.721	-26.4991
BLOCK02/SES029/SA029S12	SES029	1.78102	-24.644	-26.425
BLOCK02/SES029/SA029S20	SES029	1.44488	-24.2872	-25.7321
BLOCK02/SES029/SA029S25	SES029	1.71309	-25.9194	-27.6324
BLOCK02/SES029/SA029S28	SES029	1.78196	-24.7918	-26.5738
BLOCK04/SES042/SA042S12	SES042	2.33653	-25.4211	-27.7576
BLOCK04/SES042/SA042S15	SES042	2.48002	-24.2161	-26.6961
BLOCK04/SES042/SA042S22	SES042	3.76065	-26.7613	-30.522
BLOCK04/SES042/SA042S25	SES042	2.28172	-26.1503	-28.432
BLOCK04/SES042/SA042S27	SES042	3.12491	-25.9818	-29.1067
BLOCK04/SES048/SA048S11	SES048	0.457802	-25.599	-26.0568
BLOCK04/SES048/SA048S12	SES048	0.138113	-26.9468	-27.0849
BLOCK04/SES048/SA048S20	SES048	0.0614033	-25.6279	-25.6893
BLOCK04/SES048/SA048S23	SES048	-0.333269	-25.2132	-24.8799
BLOCK04/SES048/SA048S27	SES048	0.262699	-26.1432	-26.4059
BLOCK06/SES060/SA060S11	SES060	7.21406	-21.7185	-28.9325
BLOCK06/SES060/SA060S12	SES060	7.02184	-22.8427	-29.8645
BLOCK06/SES060/SA060S22	SES060	6.0157	-21.5263	-27.542
BLOCK06/SES060/SA060S24	SES060	6.11317	-19.4531	-25.5663
BLOCK06/SES060/SA060S28	SES060	5.85912	-20.6313	-26.4904
BLOCK06/SES062/SA062S10	SES062	0.939585	-25.9932	-26.9328
BLOCK06/SES062/SA062S11	SES062	0.0979996	-28.398	-28.496
BLOCK06/SES062/SA062S21	SES062	0.645237	-23.9525	-24.5978
BLOCK06/SES062/SA062S26	SES062	0.730154	-26.6978	-27.4279
BLOCK06/SES062/SA062S29	SES062	0.910568	-26.0709	-26.9814
BLOCK06/SES068/SA068S14	SES068	1.68296	-25.196	-26.879
BLOCK06/SES068/SA068S15	SES068	1.865	-24.582	-26.447
BLOCK06/SES068/SA068S23	SES068	1.69767	-25.6912	-27.3889
BLOCK06/SES068/SA068S27	SES068	1.58226	-26.8186	-28.4009
BLOCK06/SES068/SA068S29	SES068	1.86631	-25.5814	-27.4477
BLOCK08/SES082/SA082S12	SES082	0.47621	-26.2394	-26.7157
BLOCK08/SES082/SA082S14	SES082	0.379509	-25.8892	-26.2687
BLOCK08/SES082/SA082S21	SES082	0.130507	-25.6158	-25.7463
BLOCK08/SES082/SA082S24	SES082	0.340569	-27.3902	-27.7308
BLOCK08/SES082/SA082S28	SES082	0.459257	-26.6071	-27.0664
BLOCK08/SES083/SA083S14	SES083	1.45369	-23.6838	-25.1375
BLOCK08/SES083/SA083S15	SES083	2.28178	-24.6883	-26.9701
BLOCK08/SES083/SA083S24	SES083	1.25718	-25.1313	-26.3885
BLOCK08/SES083/SA083S26	SES083	2.04506	-25.1807	-27.2258
BLOCK08/SES083/SA083S29	SES083	1.86368	-25.3831	-27.2468
BLOCK08/SES085/SA085S10	SES085	6.20331	-19.1454	-25.3487
BLOCK08/SES085/SA085S13	SES085	6.12161	-22.4342	-28.5558
BLOCK08/SES085/SA085S22	SES085	5.61438	-22.9897	-28.604
BLOCK08/SES085/SA085S26	SES085	7.34383	-22.2029	-29.5467
BLOCK08/SES085/SA085S28	SES085	6.80586	-19.7275	-26.5334
BLOCK08/SES087/SA087S15	SES087	1.99828	-24.1005	-26.0988
BLOCK08/SES087/SA087S16	SES087	1.66569	-24.7101	-26.3758
BLOCK08/SES087/SA087S24	SES087	2.96135	-24.2861	-27.2475
BLOCK08/SES087/SA087S26	SES087	2.86947	-23.4391	-26.3085
BLOCK08/SES087/SA087S29	SES087	1.73765	-23.7173	-25.4549
BLOCK09/SES099/SA099S15	SES099	0.544094	-25.4485	-25.9926
BLOCK09/SES099/SA099S16	SES099	0.0480194	-24.6576	-24.7056
BLOCK09/SES099/SA099S24	SES099	-0.0632877	-25.6241	-25.5608
BLOCK09/SES099/SA099S26	SES099	0.6012	-25.5069	-26.1081
BLOCK09/SES099/SA099S29	SES099	0.158098	-26.7615	-26.9196
BLOCK10/SES101/SA101S11	SES101	3.28028	-22.8384	-26.1187
BLOCK10/SES101/SA101S13	SES101	3.07325	-21.6752	-24.7484
BLOCK10/SES101/SA101S22	SES101	2.24952	-24.9653	-27.2148
BLOCK10/SES101/SA101S24	SES101	2.49418	-23.3002	-25.7944
BLOCK10/SES101/SA101S28	SES101	2.83676	-23.5388	-26.3756
BLOCK10/SES104/SA104S11	SES104	1.37287	-24.5299	-25.9027
BLOCK10/SES104/SA104S12	SES104	1.33731	-24.8506	-26.1879
BLOCK10/SES104/SA104S21	SES104	0.949806	-24.7726	-25.7224
BLOCK10/SES104/SA104S24	SES104	1.27441	-25.4936	-26.768
BLOCK10/SES104/SA104S28	SES104	1.80717	-26.2744	-28.0816
BLOCK10/SES105/SA105S12	SES105	3.0618	-23.065	-26.1268
BLOCK10/SES105/SA105S13	SES105	2.77901	-22.5509	-25.33
BLOCK10/SES105/SA105S22	SES105	3.30739	-22.8483	-26.1557
BLOCK10/SES105/SA105S26	SES105	3.02895	-24.0521	-27.0811
BLOCK10/SES105/SA105S29	SES105	3.21879	-21.9153	-25.1341
BLOCK10/SES106/SA106S09	SES106	5.47944	-20.6276	-26.107
BLOCK10/SES106/SA106S11	SES106	5.52708	-20.8188	-26.3459
BLOCK10/SES106/SA106S22	SES106	5.60588	-23.1256	-28.7315
BLOCK10/SES106/SA106S27	SES106	5.26052	-20.5367	-25.7973
BLOCK10/SES106/SA106S29	SES106	5.491	-19.6801	-25.1711
BLOCK11/SES117/SA117S12	SES117	1.70495	-25.6381	-27.3431
BLOCK11/SES117/SA117S13	SES117	0.991278	-25.1456	-26.1368
BLOCK11/SES117/SA117S23	SES117	2.167	-27.4094	-29.5764
BLOCK11/SES117/SA117S25	SES117	1.67419	-25.1376	-26.8118
BLOCK11/SES117/SA117S28	SES117	1.90626	-25.5858	-27.492
BLOCK12/SES120/SA120S08	SES120	-1.21461	-28.5437	-27.3291
BLOCK12/SES120/SA120S11	SES120	-0.526306	-30.6471	-30.1207
BLOCK12/SES120/SA120S22	SES120	-0.836157	-27.5767	-26.7406
BLOCK12/SES120/SA120S24	SES120	-0.744087	-30.3394	-29.5953
BLOCK12/SES120/SA120S28	SES120	-0.28854	-28.7236	-28.435
BLOCK12/SES125/SA125S13	SES125	4.7163	-22.7402	-27.4565
BLOCK12/SES125/SA125S14	SES125	5.2228	-22.2952	-27.518
BLOCK12/SES125/SA125S25	SES125	4.52131	-23.5822	-28.1035
BLOCK12/SES125/SA125S27	SES125	4.83014	-22.4961	-27.3263
BLOCK12/SES125/SA125S29	SES125	4.31291	-22.4466	-26.7595
BLOCK12/SES127/SA127S11	SES127	3.84953	-22.8267	-26.6762
BLOCK12/SES127/SA127S12	SES127	4.00263	-21.0597	-25.0624
BLOCK12/SES127/SA127S23	SES127	3.81658	-22.2278	-26.0443
BLOCK12/SES127/SA127S25	SES127	4.11814	-21.3545	-25.4727
BLOCK12/SES127/SA127S27	SES127	3.5943	-22.9591	-26.5534
BLOCK12/SES129/SA129S11	SES129	3.18455	-22.5724	-25.7569
BLOCK12/SES129/SA129S12	SES129	2.66511	-23.3312	-25.9964
BLOCK12/SES129/SA129S22	SES129	2.52598	-22.7594	-25.2854
BLOCK12/SES129/SA129S27	SES129	2.86557	-23.611	-26.4766
BLOCK12/SES129/SA129S29	SES129	3.02746	-24.818	-27.8455
BLOCK14/SES142/SA142S11	SES142	3.94856	-22.8893	-26.8378
BLOCK14/SES142/SA142S12	SES142	4.39345	-23.5374	-27.9308
BLOCK14/SES142/SA142S24	SES142	4.40274	-23.253	-27.6557
BLOCK14/SES142/SA142S27	SES142	4.088	-22.8651	-26.9531
BLOCK14/SES142/SA142S29	SES142	4.62918	-22.7186	-27.3477
BLOCK14/SES143/SA143S12	SES143	1.17968	-25.2758	-26.4554
BLOCK14/SES143/SA143S13	SES143	1.49875	-24.5633	-26.0621
BLOCK14/SES143/SA143S23	SES143	1.47017	-25.5084	-26.9786
BLOCK14/SES143/SA143S25	SES143	1.32775	-27.2594	-28.5872
BLOCK14/SES143/SA143S28	SES143	1.00247	-26.562	-27.5645
BLOCK14/SES144/SA144S09	SES144	2.12754	-25.0677	-27.1953
BLOCK14/SES144/SA144S11	SES144	1.41904	-23.6835	-25.1025
BLOCK14/SES144/SA144S21	SES144	1.60098	-25.0387	-26.6397
BLOCK14/SES144/SA144S25	SES144	1.4765	-24.8927	-26.3692
BLOCK14/SES144/SA144S29	SES144	1.76692	-26.3803	-28.1472
BLOCK14/SES146/SA146S14	SES146	4.37093	-20.9598	-25.3307
BLOCK14/SES146/SA146S15	SES146	4.11098	-23.0022	-27.1131
BLOCK14/SES146/SA146S24	SES146	5.28581	-20.9244	-26.2102
BLOCK14/SES146/SA146S26	SES146	4.57011	-21.2147	-25.7849
BLOCK14/SES146/SA146S29	SES146	4.57656	-22.0217	-26.5983
BLOCK14/SES147/SA147S11	SES147	2.28533	-23.389	-25.6744
BLOCK14/SES147/SA147S13	SES147	2.09269	-22.6939	-24.7866
BLOCK14/SES147/SA147S23	SES147	1.7649	-24.0638	-25.8287
BLOCK14/SES147/SA147S26	SES147	2.02646	-23.8742	-25.9007
BLOCK14/SES147/SA147S28	SES147	2.03065	-22.8571	-24.8878
BLOCK14/SES148/SA148S10	SES148	5.87929	-18.9957	-24.875
BLOCK14/SES148/SA148S12	SES148	6.02908	-19.7779	-25.807
BLOCK14/SES148/SA148S22	SES148	6.24866	-19.3745	-25.6232
BLOCK14/SES148/SA148S26	SES148	6.58545	-17.5737	-24.1591
BLOCK14/SES148/SA148S29	SES148	7.13483	-19.1579	-26.2927
BLOCK14/SES149/SA149S13	SES149	2.40171	-22.6943	-25.096
BLOCK14/SES149/SA149S14	SES149	2.20849	-23.0932	-25.3017
BLOCK14/SES149/SA149S24	SES149	1.97112	-24.9822	-26.9533
BLOCK14/SES149/SA149S26	SES149	2.48102	-24.3731	-26.8541
BLOCK14/SES149/SA149S28	SES149	1.36968	-24.7534	-26.123
BLOCK15/SES158/SA158S13	SES158	0.170101	-26.4841	-26.6542
BLOCK15/SES158/SA158S14	SES158	0.117285	-28.1653	-28.2826
BLOCK15/SES158/SA158S23	SES158	0.568199	-26.3218	-26.89
BLOCK15/SES158/SA158S26	SES158	0.38629	-28.3201	-28.7064
BLOCK15/SES158/SA158S28	SES158	0.470818	-26.996	-27.4668
BLOCK16/SES162/SA162S10	SES162	2.12777	-24.0633	-26.1911
BLOCK16/SES162/SA162S11	SES162	1.92222	-23.3879	-25.3101
BLOCK16/SES162/SA162S21	SES162	1.68057	-24.692	-26.3726
BLOCK16/SES162/SA162S24	SES162	1.76094	-24.0236	-25.7845
BLOCK16/SES162/SA162S27	SES162	2.52253	-24.5982	-27.1207
BLOCK16/SES167/SA167S14	SES167	3.8667	-23.3503	-27.217
BLOCK16/SES167/SA167S15	SES167	3.52395	-21.8577	-25.3817
BLOCK16/SES167/SA167S21	SES167	3.85018	-21.7675	-25.6177
BLOCK16/SES167/SA167S25	SES167	4.0034	-22.8723	-26.8757
BLOCK16/SES167/SA167S29	SES167	3.93274	-22.1459	-26.0787
BLOCK17/SES172/SA172S12	SES172	1.17369	-26.8226	-27.9963
BLOCK17/SES172/SA172S13	SES172	0.977516	-27.3007	-28.2782
BLOCK17/SES172/SA172S23	SES172	1.04653	-26.033	-27.0795
BLOCK17/SES172/SA172S27	SES172	0.61758	-28.4768	-29.0943
BLOCK17/SES172/SA172S29	SES172	0.858232	-27.0976	-27.9558
BLOCK17/SES175/SA175S11	SES175	1.43898	-26.7595	-28.1985
BLOCK17/SES175/SA175S13	SES175	1.43736	-22.6066	-24.044
BLOCK17/SES175/SA175S23	SES175	1.69661	-24.6336	-26.3302
BLOCK17/SES175/SA175S25	SES175	1.48032	-24.5342	-26.0145
BLOCK17/SES175/SA175S28	SES175	1.59543	-25.9652	-27.5606
BLOCK17/SES177/SA177S15	SES177	5.61104	-21.2669	-26.8779
BLOCK17/SES177/SA177S17	SES177	5.23053	-21.8132	-27.0438
BLOCK17/SES177/SA177S23	SES177	5.44169	-21.63	-27.0717
BLOCK17/SES177/SA177S26	SES177	4.70796	-19.8171	-24.5251
BLOCK17/SES177/SA177S28	SES177	5.54582	-21.9421	-27.4879
BLOCK18/SES180/SA180S13	SES180	1.31634	-26.9682	-28.2846
BLOCK18/SES180/SA180S15	SES180	1.39119	-25.5178	-26.909
BLOCK18/SES180/SA180S24	SES180	1.87609	-24.2058	-26.0819
BLOCK18/SES180/SA180S26	SES180	1.59253	-25.6187	-27.2113
BLOCK18/SES180/SA180S29	SES180	1.72991	-26.0908	-27.8207
BLOCK18/SES183/SA183S13	SES183	3.52634	-22.9101	-26.4365
BLOCK18/SES183/SA183S14	SES183	3.72569	-21.8785	-25.6042
BLOCK18/SES183/SA183S24	SES183	3.493	-24.1953	-27.6883
BLOCK18/SES183/SA183S27	SES183	3.55519	-24.01	-27.5652
BLOCK18/SES183/SA183S29	SES183	3.6025	-22.1339	-25.7364
BLOCK18/SES187/SA187S13	SES187	2.5127	-24.4875	-27.0002
BLOCK18/SES187/SA187S14	SES187	2.8907	-23.4886	-26.3793
BLOCK18/SES187/SA187S24	SES187	2.27337	-25.4266	-27.7
BLOCK18/SES187/SA187S27	SES187	2.86968	-23.8168	-26.6865
BLOCK18/SES187/SA187S29	SES187	2.69014	-25.8756	-28.5658
BLOCK18/SES189/SA189S10	SES189	0.954115	-25.1345	-26.0886
BLOCK18/SES189/SA189S13	SES189	1.78875	-26.9493	-28.7381
BLOCK18/SES189/SA189S24	SES189	0.613979	-25.1505	-25.7644
BLOCK18/SES189/SA189S26	SES189	1.336	-25.6179	-26.9539
BLOCK18/SES189/SA189S29	SES189	0.694742	-25.0731	-25.7678
BLOCK20/SES202/SA202S12	SES202	3.74664	-23.9713	-27.7179
BLOCK20/SES202/SA202S14	SES202	4.25277	-23.2407	-27.4935
BLOCK20/SES202/SA202S24	SES202	3.89763	-24.3877	-28.2853
BLOCK20/SES202/SA202S27	SES202	3.78371	-23.821	-27.6047
BLOCK20/SES202/SA202S29	SES202	3.9651	-24.0009	-27.966
BLOCK20/SES206/SA206S15	SES206	0.611876	-24.0129	-24.6247
BLOCK20/SES206/SA206S17	SES206	1.3161	-25.696	-27.0121
BLOCK20/SES206/SA206S24	SES206	1.16701	-23.4162	-24.5832
BLOCK20/SES206/SA206S27	SES206	1.30299	-24.7321	-26.035
BLOCK20/SES206/SA206S29	SES206	2.01453	-24.745	-26.7595
BLOCK22/SES226/SA226S12	SES226	0.983072	-26.7388	-27.7219
BLOCK22/SES226/SA226S13	SES226	0.535231	-25.3512	-25.8864
BLOCK22/SES226/SA226S20	SES226	0.834644	-26.5651	-27.3997
BLOCK22/SES226/SA226S23	SES226	0.722269	-24.3018	-25.024
BLOCK22/SES226/SA226S28	SES226	0.866699	-25.1864	-26.0531
BLOCK25/SES259/SA259S13	SES259	6.08622	-19.1758	-25.262
BLOCK25/SES259/SA259S14	SES259	6.20252	-19.5406	-25.7431
BLOCK25/SES259/SA259S22	SES259	5.72457	-18.4087	-24.1333
BLOCK25/SES259/SA259S24	SES259	7.08041	-19.0109	-26.0913
BLOCK25/SES259/SA259S28	SES259	5.73874	-19.3702	-25.109
BLOCK27/SES270/SA270S14	SES270	0.872738	-24.5942	-25.4669
BLOCK27/SES270/SA270S16	SES270	0.857096	-24.2378	-25.0949
BLOCK27/SES270/SA270S22	SES270	1.08765	-25.2057	-26.2933
BLOCK27/SES270/SA270S26	SES270	0.456472	-25.3736	-25.8301
BLOCK27/SES270/SA270S28	SES270	1.05643	-23.4535	-24.5099
BLOCK27/SES275/SA275S17	SES275	4.55941	-22.2274	-26.7868
BLOCK27/SES275/SA275S18	SES275	4.54951	-22.7174	-27.2669
BLOCK27/SES275/SA275S24	SES275	4.6622	-21.8286	-26.4908
BLOCK27/SES275/SA275S26	SES275	4.32251	-22.1664	-26.489
BLOCK27/SES275/SA275S28	SES275	5.45758	-20.6636	-26.1212
BLOCK29/SES292/SA292S10	SES292	0.19408	-26.2242	-26.4183
BLOCK29/SES292/SA292S12	SES292	-0.313023	-27.7807	-27.4677
BLOCK29/SES292/SA292S22	SES292	-0.0447998	-26.6179	-26.5731
BLOCK29/SES292/SA292S24	SES292	-0.0874367	-25.494	-25.4065
BLOCK29/SES292/SA292S27	SES292	-0.362446	-25.7773	-25.4149
BLOCK00/SES001/SA001S14	SES062	0.696995	-26.0986	-26.7956
BLOCK00/SES001/SA001S14	SES082	0.639711	-26.1559	-26.7956
BLOCK00/SES001/SA001S14	SES106	5.96157	-20.834	-26.7956
BLOCK00/SES001/SA001S14	SES206	1.27742	-25.5182	-26.7956
BLOCK00/SES001/SA001S15	SES062	0.495144	-26.0253	-26.5205
BLOCK00/SES001/SA001S15	SES104	1.13338	-25.3871	-26.5205
BLOCK00/SES001/SA001S15	SES106	5.49558	-21.0249	-26.5205
BLOCK00/SES001/SA001S15	SES206	1.18123	-25.3392	-26.5205
BLOCK00/SES001/SA001S24	SES062	0.374102	-26.7514	-27.1255
BLOCK00/SES001/SA001S24	SES082	0.4333	-26.6922	-27.1255
BLOCK00/SES001/SA001S24	SES087	2.0843	-25.0412	-27.1255
BLOCK00/SES001/SA001S24	SES206	-0.281811	-27.4073	-27.1255
BLOCK00/SES001/SA001S27	SES062	0.468374	-23.8121	-24.2805
BLOCK00/SES001/SA001S27	SES082	0.390739	-23.8897	-24.2805
BLOCK00/SES001/SA001S27	SES087	2.44544	-21.835	-24.2805
BLOCK00/SES001/SA001S27	SES206	1.24487	-23.0356	-24.2805
BLOCK00/SES001/SA001S29	SES062	-0.0618324	-26.5749	-26.5131
BLOCK00/SES001/SA001S29	SES082	0.276154	-26.2369	-26.5131
BLOCK00/SES001/SA001S29	SES158	-0.271997	-26.7851	-26.5131
BLOCK00/SES001/SA001S29	SES206	0.367512	-26.1456	-26.5131
BLOCK00/SES003/SA003S11	SES002	-0.179134	-26.5535	-26.3744
BLOCK00/SES003/SA003S11	SES019	2.05408	-24.3203	-26.3744
BLOCK00/SES003/SA003S11	SES082	-0.0628452	-26.4372	-26.3744
BLOCK00/SES003/SA003S11	SES125	3.73638	-22.638	-26.3744
BLOCK00/SES003/SA003S15	SES016	2.08113	-24.902	-26.9831
BLOCK00/SES003/SA003S15	SES019	2.66207	-24.321	-26.9831
BLOCK00/SES003/SA003S15	SES062	0.970997	-26.0121	-26.9831
BLOCK00/SES003/SA003S15	SES206	1.7866	-25.1965	-26.9831
BLOCK00/SES003/SA003S22	SES002	0.472004	-25.8038	-26.2758
BLOCK00/SES003/SA003S22	SES062	0.849524	-25.4262	-26.2758
BLOCK00/SES003/SA003S22	SES082	0.713381	-25.5624	-26.2758
BLOCK00/SES003/SA003S22	SES087	2.34104	-23.9347	-26.2758
BLOCK00/SES003/SA003S25	SES062	1.15923	-27.415	-28.5742
BLOCK00/SES003/SA003S25	SES082	1.04595	-27.5283	-28.5742
BLOCK00/SES003/SA003S25	SES087	3.39644	-25.1778	-28.5742
BLOCK00/SES003/SA003S25	SES206	0.399788	-28.1745	-28.5742
BLOCK00/SES003/SA003S29	SES002	0.0711746	-26.4186	-26.4898
BLOCK00/SES003/SA003S29	SES062	0.494324	-25.9955	-26.4898
BLOCK00/SES003/SA003S29	SES082	0.29812	-26.1917	-26.4898
BLOCK00/SES003/SA003S29	SES087	2.10946	-24.3803	-26.4898
BLOCK00/SES004/SA004S12	SES083	1.43257	-24.5244	-25.957
BLOCK00/SES004/SA004S12	SES148	5.51421	-20.4428	-25.957
BLOCK00/SES004/SA004S12	SES172	0.206766	-25.7502	-25.957
BLOCK00/SES004/SA004S12	SES292	-0.297907	-26.2549	-25.957
BLOCK00/SES004/SA004S17	SES083	1.67933	-24.0721	-25.7515
BLOCK00/SES004/SA004S17	SES162	1.61578	-24.1357	-25.7515
BLOCK00/SES004/SA004S17	SES172	0.361847	-25.3896	-25.7515
BLOCK00/SES004/SA004S17	SES292	-0.436781	-26.1883	-25.7515
BLOCK00/SES004/SA004S24	SES083	1.13161	-24.7831	-25.9147
BLOCK00/SES004/SA004S24	SES148	5.3777	-20.537	-25.9147
BLOCK00/SES004/SA004S24	SES172	0.228012	-25.6867	-25.9147
BLOCK00/SES004/SA004S24	SES292	-0.771523	-26.6862	-25.9147
BLOCK00/SES004/SA004S26	SES083	1.01239	-25.2856	-26.298
BLOCK00/SES004/SA004S26	SES127	3.4304	-22.8676	-26.298
BLOCK00/SES004/SA004S26	SES148	5.20598	-21.092	-26.298
BLOCK00/SES004/SA004S26	SES292	-0.328428	-26.6264	-26.298
BLOCK00/SES004/SA004S28	SES083	1.63983	-24.5842	-26.2241
BLOCK00/SES004/SA004S28	SES127	3.0199	-23.2042	-26.2241
BLOCK00/SES004/SA004S28	SES187	2.06361	-24.1605	-26.2241
BLOCK00/SES004/SA004S28	SES292	-0.206829	-26.4309	-26.2241
BLOCK00/SES006/SA006S10	SES014	2.6588	-24.3581	-27.0169
BLOCK00/SES006/SA006S10	SES158	-0.148817	-27.1657	-27.0169
BLOCK00/SES006/SA006S10	SES226	0.625198	-26.3917	-27.0169
BLOCK00/SES006/SA006S10	SES270	0.631824	-26.3851	-27.0169
BLOCK00/SES006/SA006S11	SES158	0.299162	-26.2461	-26.5452
BLOCK00/SES006/SA006S11	SES226	0.678926	-25.8663	-26.5452
BLOCK00/SES006/SA006S11	SES270	0.662008	-25.8832	-26.5452
BLOCK00/SES006/SA006S11	SES275	4.01512	-22.5301	-26.5452
BLOCK00/SES006/SA006S23	SES062	0.105141	-27.5519	-27.657
BLOCK00/SES006/SA006S23	SES105	1.94837	-25.7086	-27.657
BLOCK00/SES006/SA006S23	SES158	-0.0784397	-27.7354	-27.657
BLOCK00/SES006/SA006S23	SES275	4.07327	-23.5837	-27.657
BLOCK00/SES006/SA006S26	SES104	0.855511	-26.216	-27.0715
BLOCK00/SES006/SA006S26	SES158	-0.327065	-27.3986	-27.0715
BLOCK00/SES006/SA006S26	SES270	0.532557	-26.539	-27.0715
BLOCK00/SES006/SA006S26	SES275	4.41784	-22.6537	-27.0715
BLOCK00/SES006/SA006S28	SES007	4.44967	-21.7253	-26.175
BLOCK00/SES006/SA006S28	SES105	2.70076	-23.4742	-26.175
BLOCK00/SES006/SA006S28	SES158	0.145878	-26.0291	-26.175
BLOCK00/SES006/SA006S28	SES275	4.08451	-22.0904	-26.175
BLOCK00/SES009/SA009S12	SES083	1.85142	-25.4679	-27.3193
BLOCK00/SES009/SA009S12	SES148	7.13179	-20.1875	-27.3193
BLOCK00/SES009/SA009S12	SES177	4.97529	-22.344	-27.3193
BLOCK00/SES009/SA009S12	SES292	-0.302567	-27.6219	-27.3193
BLOCK00/SES009/SA009S15	SES007	5.38986	-22.3524	-27.7422
BLOCK00/SES009/SA009S15	SES099	0.361113	-27.3811	-27.7422
BLOCK00/SES009/SA009S15	SES148	7.4054	-20.3368	-27.7422
BLOCK00/SES009/SA009S15	SES172	0.932432	-26.8098	-27.7422
BLOCK00/SES009/SA009S24	SES146	5.08117	-22.5879	-27.669
BLOCK00/SES009/SA009S24	SES148	7.2403	-20.4287	-27.669
BLOCK00/SES009/SA009S24	SES177	5.38054	-22.2885	-27.669
BLOCK00/SES009/SA009S24	SES292	-0.653395	-28.3224	-27.669
BLOCK00/SES009/SA009S26	SES083	1.92392	-25.3915	-27.3154
BLOCK00/SES009/SA009S26	SES101	3.04611	-24.2693	-27.3154
BLOCK00/SES009/SA009S26	SES120	-0.563223	-27.8787	-27.3154
BLOCK00/SES009/SA009S26	SES177	5.26502	-22.0504	-27.3154
BLOCK00/SES009/SA009S29	SES083	1.54658	-25.7486	-27.2952
BLOCK00/SES009/SA009S29	SES101	2.93704	-24.3581	-27.2952
BLOCK00/SES009/SA009S29	SES177	5.09265	-22.2025	-27.2952
BLOCK00/SES009/SA009S29	SES292	-0.287115	-27.5823	-27.2952
BLOCK01/SES011/SA011S10	SES019	3.74283	-26.1917	-29.9345
BLOCK01/SES011/SA011S10	SES042	2.88333	-27.0512	-29.9345
BLOCK01/SES011/SA011S10	SES082	1.09993	-28.8346	-29.9345
BLOCK01/SES011/SA011S10	SES206	0.481766	-29.4527	-29.9345
BLOCK01/SES011/SA011S11	SES019	2.79902	-26.3527	-29.1517
BLOCK01/SES011/SA011S11	SES042	2.45694	-26.6948	-29.1517
BLOCK01/SES011/SA011S11	SES082	0.562641	-28.5891	-29.1517
BLOCK01/SES011/SA011S11	SES206	0.983561	-28.1682	-29.1517
BLOCK01/SES011/SA011S22	SES019	2.70804	-26.6909	-29.399
BLOCK01/SES011/SA011S22	SES042	2.59158	-26.8074	-29.399
BLOCK01/SES011/SA011S22	SES082	0.196962	-29.202	-29.399
BLOCK01/SES011/SA011S22	SES206	1.27134	-28.1276	-29.399
BLOCK01/SES011/SA011S24	SES019	2.82424	-25.2943	-28.1185
BLOCK01/SES011/SA011S24	SES042	2.16194	-25.9566	-28.1185
BLOCK01/SES011/SA011S24	SES104	2.04532	-26.0732	-28.1185
BLOCK01/SES011/SA011S24	SES206	1.17432	-26.9442	-28.1185
BLOCK01/SES011/SA011S27	SES082	0.511831	-27.9153	-28.4271
BLOCK01/SES011/SA011S27	SES087	2.34983	-26.0773	-28.4271
BLOCK01/SES011/SA011S27	SES125	4.73921	-23.6879	-28.4271
BLOCK01/SES011/SA011S27	SES206	0.939077	-27.488	-28.4271
BLOCK01/SES012/SA012S11	SES007	4.9717	-20.4902	-25.4619
BLOCK01/SES012/SA012S11	SES082	1.09973	-24.3622	-25.4619
BLOCK01/SES012/SA012S11	SES083	2.05865	-23.4033	-25.4619
BLOCK01/SES012/SA012S11	SES206	1.20443	-24.2575	-25.4619
BLOCK01/SES012/SA012S14	SES082	1.08551	-25.8104	-26.8959
BLOCK01/SES012/SA012S14	SES087	3.5498	-23.3461	-26.8959
BLOCK01/SES012/SA012S14	SES206	0.955412	-25.9405	-26.8959
BLOCK01/SES012/SA012S14	SES292	-0.20771	-27.1036	-26.8959
BLOCK01/SES012/SA012S24	SES082	1.08874	-26.8189	-27.9077
BLOCK01/SES012/SA012S24	SES087	3.00865	-24.899	-27.9077
BLOCK01/SES012/SA012S24	SES120	0.100159	-27.8075	-27.9077
BLOCK01/SES012/SA012S24	SES206	1.09353	-26.8141	-27.9077
BLOCK01/SES012/SA012S26	SES019	3.02686	-24.8372	-27.8641
BLOCK01/SES012/SA012S26	SES082	0.928879	-26.9352	-27.8641
BLOCK01/SES012/SA012S26	SES206	0.974001	-26.8901	-27.8641
BLOCK01/SES012/SA012S26	SES292	-0.328302	-28.1924	-27.8641
BLOCK01/SES012/SA012S29	SES062	0.4786	-24.989	-25.4676
BLOCK01/SES012/SA012S29	SES082	0.66559	-24.802	-25.4676
BLOCK01/SES012/SA012S29	SES083	1.94423	-23.5234	-25.4676
BLOCK01/SES012/SA012S29	SES206	0.854374	-24.6132	-25.4676
BLOCK01/SES013/SA013S16	SES062	0.313229	-27.6411	-27.9544
BLOCK01/SES013/SA013S16	SES106	5.85026	-22.1041	-27.9544
BLOCK01/SES013/SA013S16	SES206	1.09003	-26.8643	-27.9544
BLOCK01/SES013/SA013S16	SES226	1.0955	-26.8589	-27.9544
BLOCK01/SES013/SA013S17	SES062	0.235676	-26.2012	-26.4369
BLOCK01/SES013/SA013S17	SES106	5.31736	-21.1195	-26.4369
BLOCK01/SES013/SA013S17	SES206	1.29239	-25.1445	-26.4369
BLOCK01/SES013/SA013S17	SES226	1.29379	-25.1431	-26.4369
BLOCK01/SES013/SA013S23	SES104	1.34256	-26.8866	-28.2292
BLOCK01/SES013/SA013S23	SES106	4.55836	-23.6708	-28.2292
BLOCK01/SES013/SA013S23	SES206	0.869764	-27.3594	-28.2292
BLOCK01/SES013/SA013S23	SES270	0.982527	-27.2466	-28.2292
BLOCK01/SES013/SA013S25	SES042	2.16037	-25.3367	-27.497
BLOCK01/SES013/SA013S25	SES104	1.01685	-26.4802	-27.497
BLOCK01/SES013/SA013S25	SES106	5.26253	-22.2345	-27.497
BLOCK01/SES013/SA013S25	SES206	0.866468	-26.6306	-27.497
BLOCK01/SES013/SA013S29	SES062	0.217119	-28.0488	-28.266
BLOCK01/SES013/SA013S29	SES104	1.23367	-27.0323	-28.266
BLOCK01/SES013/SA013S29	SES106	5.03459	-23.2314	-28.266
BLOCK01/SES013/SA013S29	SES206	0.877104	-27.3889	-28.266
BLOCK02/SES021/SA021S13	SES016	1.95345	-25.1034	-27.0569
BLOCK02/SES021/SA021S13	SES029	2.07548	-24.9814	-27.0569
BLOCK02/SES021/SA021S13	SES087	2.38873	-24.6681	-27.0569
BLOCK02/SES021/SA021S13	SES206	1.06359	-25.9933	-27.0569
BLOCK02/SES021/SA021S15	SES087	2.25643	-24.5285	-26.7849
BLOCK02/SES021/SA021S15	SES125	4.96595	-21.8189	-26.7849
BLOCK02/SES021/SA021S15	SES206	1.25288	-25.532	-26.7849
BLOCK02/SES021/SA021S15	SES226	0.47612	-26.3088	-26.7849
BLOCK02/SES021/SA021S23	SES062	0.557701	-26.6894	-27.2471
BLOCK02/SES021/SA021S23	SES087	2.09434	-25.1528	-27.2471
BLOCK02/SES021/SA021S23	SES206	0.734674	-26.5124	-27.2471
BLOCK02/SES021/SA021S23	SES226	0.765797	-26.4813	-27.2471
BLOCK02/SES021/SA021S27	SES002	-0.402241	-25.6063	-25.2041
BLOCK02/SES021/SA021S27	SES016	1.19995	-24.0041	-25.2041
BLOCK02/SES021/SA021S27	SES019	2.01726	-23.1868	-25.2041
BLOCK02/SES021/SA021S27	SES062	-0.104904	-25.309	-25.2041
BLOCK02/SES021/SA021S29	SES087	2.26644	-25.6	-27.8664
BLOCK02/SES021/SA021S29	SES125	4.7995	-23.0669	-27.8664
BLOCK02/SES021/SA021S29	SES206	0.88187	-26.9845	-27.8664
BLOCK02/SES021/SA021S29	SES226	1.07855	-26.7879	-27.8664
BLOCK04/SES043/SA043S09	SES083	2.75632	-24.6309	-27.3872
BLOCK04/SES043/SA043S09	SES101	3.32019	-24.067	-27.3872
BLOCK04/SES043/SA043S09	SES144	2.40972	-24.9775	-27.3872
BLOCK04/SES043/SA043S09	SES172	0.952131	-26.4351	-27.3872
BLOCK04/SES043/SA043S11	SES083	2.37508	-23.699	-26.0741
BLOCK04/SES043/SA043S11	SES101	3.33356	-22.7405	-26.0741
BLOCK04/SES043/SA043S11	SES144	2.3748	-23.6993	-26.0741
BLOCK04/SES043/SA043S11	SES172	0.89864	-25.1754	-26.0741
BLOCK04/SES043/SA043S23	SES083	2.0626	-24.253	-26.3156
BLOCK04/SES043/SA043S23	SES144	2.48076	-23.8349	-26.3156
BLOCK04/SES043/SA043S23	SES177	4.78141	-21.5342	-26.3156
BLOCK04/SES043/SA043S23	SES275	5.04653	-21.2691	-26.3156
BLOCK04/SES043/SA043S26	SES083	2.04744	-25.4774	-27.5248
BLOCK04/SES043/SA043S26	SES101	3.3479	-24.1769	-27.5248
BLOCK04/SES043/SA043S26	SES144	1.9418	-25.583	-27.5248
BLOCK04/SES043/SA043S26	SES177	5.62565	-21.8992	-27.5248
BLOCK04/SES043/SA043S28	SES016	1.7535	-25.2101	-26.9637
BLOCK04/SES043/SA043S28	SES083	1.67568	-25.288	-26.9637
BLOCK04/SES043/SA043S28	SES101	3.1268	-23.8368	-26.9637
BLOCK04/SES043/SA043S28	SES144	2.13014	-24.8335	-26.9637
BLOCK04/SES044/SA044S10	SES127	2.80772	-25.13	-27.9377
BLOCK04/SES044/SA044S10	SES144	1.05123	-26.8864	-27.9377
BLOCK04/SES044/SA044S10	SES147	1.60022	-26.3375	-27.9377
BLOCK04/SES044/SA044S10	SES148	5.08952	-22.8482	-27.9377
BLOCK04/SES044/SA044S11	SES101	2.99428	-24.0037	-26.998
BLOCK04/SES044/SA044S11	SES144	1.73403	-25.264	-26.998
BLOCK04/SES044/SA044S11	SES147	2.02536	-24.9727	-26.998
BLOCK04/SES044/SA044S11	SES177	4.90154	-22.0965	-26.998
BLOCK04/SES044/SA044S24	SES007	4.30846	-22.4931	-26.8016
BLOCK04/SES044/SA044S24	SES101	2.58328	-24.2183	-26.8016
BLOCK04/SES044/SA044S24	SES147	2.44641	-24.3551	-26.8016
BLOCK04/SES044/SA044S24	SES177	4.70073	-22.1008	-26.8016
BLOCK04/SES044/SA044S26	SES007	4.21629	-22.124	-26.3403
BLOCK04/SES044/SA044S26	SES016	0.866186	-25.4741	-26.3403
BLOCK04/SES044/SA044S26	SES101	2.84264	-23.4977	-26.3403
BLOCK04/SES044/SA044S26	SES147	2.0215	-24.3188	-26.3403
BLOCK04/SES044/SA044S29	SES007	4.71621	-22.5272	-27.2434
BLOCK04/SES044/SA044S29	SES101	3.45493	-23.7885	-27.2434
BLOCK04/SES044/SA044S29	SES147	2.27035	-24.973	-27.2434
BLOCK04/SES044/SA044S29	SES177	5.37687	-21.8665	-27.2434
BLOCK04/SES046/SA046S13	SES101	2.81084	-24.877	-27.6878
BLOCK04/SES046/SA046S13	SES144	1.79853	-25.8893	-27.6878
BLOCK04/SES046/SA046S13	SES147	2.27181	-25.416	-27.6878
BLOCK04/SES046/SA046S13	SES177	5.30122	-22.3866	-27.6878
BLOCK04/SES046/SA046S15	SES048	0.0742664	-25.3561	-25.4303
BLOCK04/SES046/SA046S15	SES083	1.96849	-23.4619	-25.4303
BLOCK04/SES046/SA046S15	SES120	-1.03924	-26.4696	-25.4303
BLOCK04/SES046/SA046S15	SES148	6.30596	-19.1244	-25.4303
BLOCK04/SES046/SA046S22	SES101	2.73356	-24.2097	-26.9432
BLOCK04/SES046/SA046S22	SES144	1.79343	-25.1498	-26.9432
BLOCK04/SES046/SA046S22	SES147	2.16692	-24.7763	-26.9432
BLOCK04/SES046/SA046S22	SES172	0.480957	-26.4623	-26.9432
BLOCK04/SES046/SA046S25	SES083	1.37047	-22.0322	-23.4026
BLOCK04/SES046/SA046S25	SES127	3.35796	-20.0447	-23.4026
BLOCK04/SES046/SA046S25	SES144	1.7299	-21.6727	-23.4026
BLOCK04/SES046/SA046S25	SES148	6.25891	-17.1437	-23.4026
BLOCK04/SES046/SA046S28	SES007	4.09925	-21.4073	-25.5066
BLOCK04/SES046/SA046S28	SES105	2.74709	-22.7595	-25.5066
BLOCK04/SES046/SA046S28	SES147	2.24781	-23.2588	-25.5066
BLOCK04/SES046/SA046S28	SES148	6.21275	-19.2938	-25.5066
BLOCK04/SES049/SA049S16	SES104	0.973421	-26.8513	-27.8247
BLOCK04/SES049/SA049S16	SES106	4.82399	-23.0007	-27.8247
BLOCK04/SES049/SA049S16	SES120	-0.631538	-28.4563	-27.8247
BLOCK04/SES049/SA049S16	SES206	0.730042	-27.0947	-27.8247
BLOCK04/SES049/SA049S18	SES099	0.0148754	-27.0035	-27.0183
BLOCK04/SES049/SA049S18	SES104	1.04007	-25.9783	-27.0183
BLOCK04/SES049/SA049S18	SES125	4.30003	-22.7183	-27.0183
BLOCK04/SES049/SA049S18	SES206	0.748768	-26.2696	-27.0183
BLOCK04/SES049/SA049S25	SES087	2.08083	-25.6273	-27.7082
BLOCK04/SES049/SA049S25	SES104	0.639214	-27.069	-27.7082
BLOCK04/SES049/SA049S25	SES125	3.97878	-23.7294	-27.7082
BLOCK04/SES049/SA049S25	SES206	0.111742	-27.5964	-27.7082
BLOCK04/SES049/SA049S27	SES099	0.142172	-24.5309	-24.673
BLOCK04/SES049/SA049S27	SES104	0.904085	-23.769	-24.673
BLOCK04/SES049/SA049S27	SES125	3.38593	-21.2871	-24.673
BLOCK04/SES049/SA049S27	SES206	0.171412	-24.5016	-24.673
BLOCK04/SES049/SA049S29	SES099	0.345566	-24.4769	-24.8224
BLOCK04/SES049/SA049S29	SES104	0.55657	-24.2659	-24.8224
BLOCK04/SES049/SA049S29	SES125	3.47988	-21.3425	-24.8224
BLOCK04/SES049/SA049S29	SES206	0.744091	-24.0783	-24.8224
BLOCK06/SES063/SA063S09	SES068	1.5955	-26.2347	-27.8302
BLOCK06/SES063/SA063S09	SES083	1.65797	-26.1722	-27.8302
BLOCK06/SES063/SA063S09	SES177	5.52238	-22.3078	-27.8302
BLOCK06/SES063/SA063S09	SES187	3.21345	-24.6167	-27.8302
BLOCK06/SES063/SA063S10	SES068	2.22644	-25.9301	-28.1565
BLOCK06/SES063/SA063S10	SES083	2.47308	-25.6835	-28.1565
BLOCK06/SES063/SA063S10	SES172	1.22954	-26.927	-28.1565
BLOCK06/SES063/SA063S10	SES187	2.95363	-25.2029	-28.1565
BLOCK06/SES063/SA063S20	SES068	2.48146	-25.1133	-27.5947
BLOCK06/SES063/SA063S20	SES083	2.33015	-25.2646	-27.5947
BLOCK06/SES063/SA063S20	SES172	1.00932	-26.5854	-27.5947
BLOCK06/SES063/SA063S20	SES187	3.12732	-24.4674	-27.5947
BLOCK06/SES063/SA063S24	SES029	2.29832	-25.4465	-27.7448
BLOCK06/SES063/SA063S24	SES083	2.13364	-25.6112	-27.7448
BLOCK06/SES063/SA063S24	SES177	6.69082	-21.054	-27.7448
BLOCK06/SES063/SA063S24	SES189	1.14715	-26.5977	-27.7448
BLOCK06/SES063/SA063S27	SES083	2.76948	-25.7889	-28.5584
BLOCK06/SES063/SA063S27	SES172	1.66707	-26.8913	-28.5584
BLOCK06/SES063/SA063S27	SES187	3.22814	-25.3302	-28.5584
BLOCK06/SES063/SA063S27	SES292	-0.0414581	-28.5998	-28.5584
BLOCK06/SES067/SA067S12	SES083	1.64734	-24.2479	-25.8952
BLOCK06/SES067/SA067S12	SES172	0.472021	-25.4232	-25.8952
BLOCK06/SES067/SA067S12	SES202	3.91843	-21.9768	-25.8952
BLOCK06/SES067/SA067S12	SES292	-0.197128	-26.0923	-25.8952
BLOCK06/SES067/SA067S14	SES085	5.56491	-19.0536	-24.6185
BLOCK06/SES067/SA067S14	SES177	5.13268	-19.4858	-24.6185
BLOCK06/SES067/SA067S14	SES183	3.90996	-20.7085	-24.6185
BLOCK06/SES067/SA067S14	SES202	4.4199	-20.1986	-24.6185
BLOCK06/SES067/SA067S21	SES144	2.08219	-24.8672	-26.9494
BLOCK06/SES067/SA067S21	SES177	5.1607	-21.7887	-26.9494
BLOCK06/SES067/SA067S21	SES183	3.24773	-23.7016	-26.9494
BLOCK06/SES067/SA067S21	SES189	-0.448181	-27.3976	-26.9494
BLOCK06/SES067/SA067S25	SES085	6.70534	-19.1086	-25.8139
BLOCK06/SES067/SA067S25	SES177	5.63173	-20.1822	-25.8139
BLOCK06/SES067/SA067S25	SES183	4.44653	-21.3674	-25.8139
BLOCK06/SES067/SA067S25	SES202	4.37494	-21.439	-25.8139
BLOCK06/SES067/SA067S29	SES085	6.17177	-22.0507	-28.2225
BLOCK06/SES067/SA067S29	SES177	5.69456	-22.5279	-28.2225
BLOCK06/SES067/SA067S29	SES183	4.18519	-24.0373	-28.2225
BLOCK06/SES067/SA067S29	SES202	4.75125	-23.4713	-28.2225
BLOCK06/SES069/SA069S12	SES029	1.08375	-24.9339	-26.0176
BLOCK06/SES069/SA069S12	SES082	0.177732	-25.8399	-26.0176
BLOCK06/SES069/SA069S12	SES087	2.16374	-23.8539	-26.0176
BLOCK06/SES069/SA069S12	SES206	1.31717	-24.7005	-26.0176
BLOCK06/SES069/SA069S13	SES029	1.44982	-24.3831	-25.8329
BLOCK06/SES069/SA069S13	SES087	2.07283	-23.7601	-25.8329
BLOCK06/SES069/SA069S13	SES206	0.95186	-24.8811	-25.8329
BLOCK06/SES069/SA069S13	SES226	0.454491	-25.3784	-25.8329
BLOCK06/SES069/SA069S23	SES029	1.66121	-23.0571	-24.7183
BLOCK06/SES069/SA069S23	SES087	2.76548	-21.9528	-24.7183
BLOCK06/SES069/SA069S23	SES206	1.20941	-23.5089	-24.7183
BLOCK06/SES069/SA069S23	SES226	1.25669	-23.4616	-24.7183
BLOCK06/SES069/SA069S25	SES087	2.2756	-23.5013	-25.777
BLOCK06/SES069/SA069S25	SES206	0.46192	-25.315	-25.777
BLOCK06/SES069/SA069S25	SES226	1.10483	-24.6721	-25.777
BLOCK06/SES069/SA069S25	SES270	0.522667	-25.2543	-25.777
BLOCK06/SES069/SA069S27	SES087	2.33337	-24.6643	-26.9977
BLOCK06/SES069/SA069S27	SES206	0.748146	-26.2495	-26.9977
BLOCK06/SES069/SA069S27	SES226	0.795424	-26.2022	-26.9977
BLOCK06/SES069/SA069S27	SES270	0.805061	-26.1926	-26.9977
BLOCK08/SES081/SA081S11	SES060	5.16286	-22.4377	-27.6005
BLOCK08/SES081/SA081S11	SES062	0.0901165	-27.5104	-27.6005
BLOCK08/SES081/SA081S11	SES117	1.16728	-26.4333	-27.6005
BLOCK08/SES081/SA081S11	SES162	1.51494	-26.0856	-27.6005
BLOCK08/SES081/SA081S13	SES016	1.65473	-24.7817	-26.4364
BLOCK08/SES081/SA081S13	SES060	6.13075	-20.3056	-26.4364
BLOCK08/SES081/SA081S13	SES068	2.01636	-24.42	-26.4364
BLOCK08/SES081/SA081S13	SES129	2.62551	-23.8109	-26.4364
BLOCK08/SES081/SA081S24	SES060	5.31096	-21.4431	-26.754
BLOCK08/SES081/SA081S24	SES068	1.65248	-25.1016	-26.754
BLOCK08/SES081/SA081S24	SES117	1.56282	-25.1912	-26.754
BLOCK08/SES081/SA081S24	SES275	4.3567	-22.3973	-26.754
BLOCK08/SES081/SA081S27	SES007	5.29165	-23.6419	-28.9335
BLOCK08/SES081/SA081S27	SES060	6.73544	-22.1981	-28.9335
BLOCK08/SES081/SA081S27	SES117	2.44559	-26.4879	-28.9335
BLOCK08/SES081/SA081S27	SES275	4.99045	-23.9431	-28.9335
BLOCK08/SES081/SA081S29	SES007	5.08725	-24.7051	-29.7924
BLOCK08/SES081/SA081S29	SES060	7.34976	-22.4426	-29.7924
BLOCK08/SES081/SA081S29	SES117	2.53021	-27.2622	-29.7924
BLOCK08/SES081/SA081S29	SES275	5.76748	-24.0249	-29.7924
BLOCK08/SES086/SA086S11	SES029	1.23312	-26.4322	-27.6653
BLOCK08/SES086/SA086S11	SES082	0.612	-27.0533	-27.6653
BLOCK08/SES086/SA086S11	SES087	2.30347	-25.3618	-27.6653
BLOCK08/SES086/SA086S11	SES206	1.0692	-26.5961	-27.6653
BLOCK08/SES086/SA086S12	SES029	1.90581	-25.6093	-27.5151
BLOCK08/SES086/SA086S12	SES082	0.496109	-27.019	-27.5151
BLOCK08/SES086/SA086S12	SES087	3.02515	-24.4899	-27.5151
BLOCK08/SES086/SA086S12	SES206	1.81425	-25.7008	-27.5151
BLOCK08/SES086/SA086S20	SES029	1.05479	-25.5548	-26.6096
BLOCK08/SES086/SA086S20	SES082	-0.181288	-26.7909	-26.6096
BLOCK08/SES086/SA086S20	SES087	2.51487	-24.0947	-26.6096
BLOCK08/SES086/SA086S20	SES206	2.04111	-24.5685	-26.6096
BLOCK08/SES086/SA086S24	SES087	2.64845	-24.6176	-27.266
BLOCK08/SES086/SA086S24	SES104	1.69386	-25.5721	-27.266
BLOCK08/SES086/SA086S24	SES120	-0.214767	-27.4808	-27.266
BLOCK08/SES086/SA086S24	SES206	0.879782	-26.3862	-27.266
BLOCK08/SES086/SA086S28	SES029	1.23202	-23.3924	-24.6244
BLOCK08/SES086/SA086S28	SES082	0.310417	-24.314	-24.6244
BLOCK08/SES086/SA086S28	SES087	2.2291	-22.3953	-24.6244
BLOCK08/SES086/SA086S28	SES206	1.13283	-23.4916	-24.6244
BLOCK08/SES089/SA089S13	SES087	2.46124	-25.3717	-27.8329
BLOCK08/SES089/SA089S13	SES206	0.484917	-27.348	-27.8329
BLOCK08/SES089/SA089S13	SES226	0.858742	-26.9742	-27.8329
BLOCK08/SES089/SA089S13	SES270	0.166466	-27.6664	-27.8329
BLOCK08/SES089/SA089S14	SES062	0.38567	-25.6822	-26.0679
BLOCK08/SES089/SA089S14	SES087	2.44312	-23.6248	-26.0679
BLOCK08/SES089/SA089S14	SES206	1.20415	-24.8637	-26.0679
BLOCK08/SES089/SA089S14	SES226	0.77243	-25.2955	-26.0679
BLOCK08/SES089/SA089S23	SES087	2.09625	-25.608	-27.7043
BLOCK08/SES089/SA089S23	SES206	1.06974	-26.6345	-27.7043
BLOCK08/SES089/SA089S23	SES226	-0.0432625	-27.7475	-27.7043
BLOCK08/SES089/SA089S23	SES270	0.560043	-27.1442	-27.7043
BLOCK08/SES089/SA089S25	SES062	0.202265	-27.3989	-27.6011
BLOCK08/SES089/SA089S25	SES087	2.43935	-25.1618	-27.6011
BLOCK08/SES089/SA089S25	SES206	0.930338	-26.6708	-27.6011
BLOCK08/SES089/SA089S25	SES226	0.99667	-26.6044	-27.6011
BLOCK08/SES089/SA089S28	SES062	0.159847	-26.6046	-26.7645
BLOCK08/SES089/SA089S28	SES087	2.58034	-24.1841	-26.7645
BLOCK08/SES089/SA089S28	SES206	0.938852	-25.8256	-26.7645
BLOCK08/SES089/SA089S28	SES226	0.368689	-26.3958	-26.7645
BLOCK09/SES097/SA097S11	SES099	-0.253233	-26.8684	-26.6152
BLOCK09/SES097/SA097S11	SES125	3.72257	-22.8926	-26.6152
BLOCK09/SES097/SA097S11	SES206	0.800669	-25.8145	-26.6152
BLOCK09/SES097/SA097S11	SES226	0.372643	-26.2426	-26.6152
BLOCK09/SES097/SA097S14	SES062	-0.0542889	-26.2884	-26.2341
BLOCK09/SES097/SA097S14	SES099	0.136761	-26.0974	-26.2341
BLOCK09/SES097/SA097S14	SES104	0.737566	-25.4966	-26.2341
BLOCK09/SES097/SA097S14	SES206	0.814878	-25.4193	-26.2341
BLOCK09/SES097/SA097S22	SES099	-0.414385	-27.8173	-27.4029
BLOCK09/SES097/SA097S22	SES206	0.68825	-26.7147	-27.4029
BLOCK09/SES097/SA097S22	SES226	0.57583	-26.8271	-27.4029
BLOCK09/SES097/SA097S22	SES270	1.04284	-26.3601	-27.4029
BLOCK09/SES097/SA097S26	SES099	-0.302845	-28.0638	-27.761
BLOCK09/SES097/SA097S26	SES120	-0.15782	-27.9188	-27.761
BLOCK09/SES097/SA097S26	SES206	0.965847	-26.7951	-27.761
BLOCK09/SES097/SA097S26	SES226	0.45829	-27.3027	-27.761
BLOCK09/SES097/SA097S28	SES099	0.0917721	-26.1205	-26.2123
BLOCK09/SES097/SA097S28	SES120	-0.623882	-26.8362	-26.2123
BLOCK09/SES097/SA097S28	SES206	0.627399	-25.5849	-26.2123
BLOCK09/SES097/SA097S28	SES226	0.538652	-25.6737	-26.2123
BLOCK09/SES098/SA098S11	SES127	3.51132	-23.2978	-26.8091
BLOCK09/SES098/SA098S11	SES144	1.51528	-25.2938	-26.8091
BLOCK09/SES098/SA098S11	SES147	2.39865	-24.4104	-26.8091
BLOCK09/SES098/SA098S11	SES148	6.30756	-20.5015	-26.8091
BLOCK09/SES098/SA098S12	SES127	3.45222	-25.5633	-29.0155
BLOCK09/SES098/SA098S12	SES144	1.85949	-27.156	-29.0155
BLOCK09/SES098/SA098S12	SES147	2.29046	-26.725	-29.0155
BLOCK09/SES098/SA098S12	SES189	-0.273132	-29.2886	-29.0155
BLOCK09/SES098/SA098S20	SES127	4.17035	-25.1215	-29.2918
BLOCK09/SES098/SA098S20	SES147	2.82263	-26.4692	-29.2918
BLOCK09/SES098/SA098S20	SES148	6.4249	-22.8669	-29.2918
BLOCK09/SES098/SA098S20	SES292	-0.306814	-29.5986	-29.2918
BLOCK09/SES098/SA098S23	SES127	4.03617	-24.0635	-28.0996
BLOCK09/SES098/SA098S23	SES147	2.3622	-25.7374	-28.0996
BLOCK09/SES098/SA098S23	SES187	2.20436	-25.8953	-28.0996
BLOCK09/SES098/SA098S23	SES292	-0.03055	-28.1302	-28.0996
BLOCK09/SES098/SA098S27	SES127	3.19685	-24.0433	-27.2402
BLOCK09/SES098/SA098S27	SES147	2.40625	-24.8339	-27.2402
BLOCK09/SES098/SA098S27	SES148	5.82793	-21.4122	-27.2402
BLOCK09/SES098/SA098S27	SES292	-0.901264	-28.1414	-27.2402
BLOCK10/SES102/SA102S13	SES101	3.26293	-23.7065	-26.9694
BLOCK10/SES102/SA102S13	SES105	3.10587	-23.8636	-26.9694
BLOCK10/SES102/SA102S13	SES120	-0.118114	-27.0875	-26.9694
BLOCK10/SES102/SA102S13	SES158	0.192883	-26.7765	-26.9694
BLOCK10/SES102/SA102S14	SES007	4.67944	-21.6657	-26.3452
BLOCK10/SES102/SA102S14	SES101	2.96692	-23.3782	-26.3452
BLOCK10/SES102/SA102S14	SES105	3.60168	-22.7435	-26.3452
BLOCK10/SES102/SA102S14	SES147	2.92529	-23.4199	-26.3452
BLOCK10/SES102/SA102S22	SES007	4.93092	-20.283	-25.2139
BLOCK10/SES102/SA102S22	SES101	3.24902	-21.9649	-25.2139
BLOCK10/SES102/SA102S22	SES105	3.30739	-21.9065	-25.2139
BLOCK10/SES102/SA102S22	SES158	0.292768	-24.9212	-25.2139
BLOCK10/SES102/SA102S25	SES007	4.2666	-21.4524	-25.719
BLOCK10/SES102/SA102S25	SES101	2.84516	-22.8738	-25.719
BLOCK10/SES102/SA102S25	SES105	2.78837	-22.9306	-25.719
BLOCK10/SES102/SA102S25	SES147	2.45725	-23.2617	-25.719
BLOCK10/SES102/SA102S27	SES007	4.25697	-21.3482	-25.6052
BLOCK10/SES102/SA102S27	SES101	2.42171	-23.1835	-25.6052
BLOCK10/SES102/SA102S27	SES105	2.45246	-23.1527	-25.6052
BLOCK10/SES102/SA102S27	SES147	2.30882	-23.2964	-25.6052
BLOCK10/SES103/SA103S14	SES105	2.73855	-24.3348	-27.0734
BLOCK10/SES103/SA103S14	SES106	5.84259	-21.2308	-27.0734
BLOCK10/SES103/SA103S14	SES120	-0.151638	-27.225	-27.0734
BLOCK10/SES103/SA103S14	SES206	1.0932	-25.9802	-27.0734
BLOCK10/SES103/SA103S15	SES099	0.28199	-27.4827	-27.7647
BLOCK10/SES103/SA103S15	SES101	2.72757	-25.0371	-27.7647
BLOCK10/SES103/SA103S15	SES104	1.33485	-26.4299	-27.7647
BLOCK10/SES103/SA103S15	SES125	4.035	-23.7297	-27.7647
BLOCK10/SES103/SA103S24	SES104	1.14724	-24.0538	-25.2011
BLOCK10/SES103/SA103S24	SES125	4.31306	-20.888	-25.2011
BLOCK10/SES103/SA103S24	SES148	5.84193	-19.3591	-25.2011
BLOCK10/SES103/SA103S24	SES158	-0.191591	-25.3926	-25.2011
BLOCK10/SES103/SA103S26	SES104	0.586065	-24.9419	-25.528
BLOCK10/SES103/SA103S26	SES106	4.81743	-20.7106	-25.528
BLOCK10/SES103/SA103S26	SES125	3.61366	-21.9143	-25.528
BLOCK10/SES103/SA103S26	SES148	5.07862	-20.4494	-25.528
BLOCK10/SES103/SA103S28	SES104	0.0422306	-27.1172	-27.1595
BLOCK10/SES103/SA103S28	SES106	4.22948	-22.93	-27.1595
BLOCK10/SES103/SA103S28	SES125	3.50927	-23.6502	-27.1595
BLOCK10/SES103/SA103S28	SES206	0.979021	-26.1804	-27.1595
BLOCK12/SES121/SA121S12	SES042	1.91378	-22.766	-24.6798
BLOCK12/SES121/SA121S12	SES087	2.24323	-22.4366	-24.6798
BLOCK12/SES121/SA121S12	SES105	2.89111	-21.7887	-24.6798
BLOCK12/SES121/SA121S12	SES206	0.659054	-24.0207	-24.6798
BLOCK12/SES121/SA121S14	SES007	5.09488	-23.7184	-28.8133
BLOCK12/SES121/SA121S14	SES105	3.1098	-25.7035	-28.8133
BLOCK12/SES121/SA121S14	SES106	6.56998	-22.2433	-28.8133
BLOCK12/SES121/SA121S14	SES206	1.13988	-27.6734	-28.8133
BLOCK12/SES121/SA121S23	SES105	3.2035	-23.3117	-26.5152
BLOCK12/SES121/SA121S23	SES106	6.0919	-20.4233	-26.5152
BLOCK12/SES121/SA121S23	SES120	-0.023159	-26.5384	-26.5152
BLOCK12/SES121/SA121S23	SES206	1.34504	-25.1702	-26.5152
BLOCK12/SES121/SA121S25	SES007	4.5798	-23.5495	-28.1293
BLOCK12/SES121/SA121S25	SES105	3.19281	-24.9365	-28.1293
BLOCK12/SES121/SA121S25	SES106	6.12323	-22.006	-28.1293
BLOCK12/SES121/SA121S25	SES206	1.33152	-26.7977	-28.1293
BLOCK12/SES121/SA121S27	SES087	2.95409	-25.4483	-28.4024
BLOCK12/SES121/SA121S27	SES105	2.77076	-25.6316	-28.4024
BLOCK12/SES121/SA121S27	SES120	-0.620554	-29.0229	-28.4024
BLOCK12/SES121/SA121S27	SES206	0.501022	-27.9013	-28.4024
BLOCK12/SES124/SA124S16	SES042	1.92749	-23.8529	-25.7804
BLOCK12/SES124/SA124S16	SES082	0.112253	-25.6681	-25.7804
BLOCK12/SES124/SA124S16	SES183	3.02814	-22.7522	-25.7804
BLOCK12/SES124/SA124S16	SES206	0.39871	-25.3817	-25.7804
BLOCK12/SES124/SA124S17	SES105	2.35663	-25.2108	-27.5674
BLOCK12/SES124/SA124S17	SES149	2.05439	-25.513	-27.5674
BLOCK12/SES124/SA124S17	SES158	-0.369635	-27.937	-27.5674
BLOCK12/SES124/SA124S17	SES275	4.77452	-22.7929	-27.5674
BLOCK12/SES124/SA124S23	SES105	1.36479	-23.3821	-24.7469
BLOCK12/SES124/SA124S23	SES125	3.98261	-20.7643	-24.7469
BLOCK12/SES124/SA124S23	SES129	1.43086	-23.316	-24.7469
BLOCK12/SES124/SA124S23	SES158	-0.652063	-25.399	-24.7469
BLOCK12/SES124/SA124S26	SES105	1.87871	-25.9294	-27.8081
BLOCK12/SES124/SA124S26	SES125	4.34977	-23.4583	-27.8081
BLOCK12/SES124/SA124S26	SES129	1.82183	-25.9863	-27.8081
BLOCK12/SES124/SA124S26	SES158	-0.433964	-28.2421	-27.8081
BLOCK12/SES124/SA124S28	SES104	1.3547	-24.4985	-25.8532
BLOCK12/SES124/SA124S28	SES106	5.36939	-20.4839	-25.8532
BLOCK12/SES124/SA124S28	SES125	4.30276	-21.5505	-25.8532
BLOCK12/SES124/SA124S28	SES275	3.85078	-22.0025	-25.8532
BLOCK12/SES126/SA126S13	SES007	4.04546	-23.9901	-28.0356
BLOCK12/SES126/SA126S13	SES162	2.33816	-25.6974	-28.0356
BLOCK12/SES126/SA126S13	SES177	4.98269	-23.0529	-28.0356
BLOCK12/SES126/SA126S13	SES180	0.921556	-27.114	-28.0356
BLOCK12/SES126/SA126S14	SES144	2.23479	-24.5076	-26.7424
BLOCK12/SES126/SA126S14	SES148	7.54814	-19.1943	-26.7424
BLOCK12/SES126/SA126S14	SES177	5.5603	-21.1821	-26.7424
BLOCK12/SES126/SA126S14	SES180	1.81131	-24.9311	-26.7424
BLOCK12/SES126/SA126S20	SES007	4.34545	-20.8543	-25.1998
BLOCK12/SES126/SA126S20	SES162	2.21501	-22.9847	-25.1998
BLOCK12/SES126/SA126S20	SES172	0.472626	-24.7271	-25.1998
BLOCK12/SES126/SA126S20	SES180	1.58601	-23.6137	-25.1998
BLOCK12/SES126/SA126S24	SES120	-0.309479	-27.2031	-26.8937
BLOCK12/SES126/SA126S24	SES162	2.34804	-24.5456	-26.8937
BLOCK12/SES126/SA126S24	SES177	4.43478	-22.4589	-26.8937
BLOCK12/SES126/SA126S24	SES180	1.54059	-25.3531	-26.8937
BLOCK12/SES126/SA126S26	SES120	-1.09159	-27.9698	-26.8782
BLOCK12/SES126/SA126S26	SES177	4.09346	-22.7848	-26.8782
BLOCK12/SES126/SA126S26	SES180	1.0976	-25.7806	-26.8782
BLOCK12/SES126/SA126S26	SES202	3.61017	-23.2681	-26.8782
BLOCK12/SES128/SA128S10	SES087	2.09997	-23.4518	-25.5518
BLOCK12/SES128/SA128S10	SES206	1.00703	-24.5447	-25.5518
BLOCK12/SES128/SA128S10	SES226	0.790562	-24.7612	-25.5518
BLOCK12/SES128/SA128S10	SES270	0.65942	-24.8923	-25.5518
BLOCK12/SES128/SA128S12	SES120	-0.238964	-27.2121	-26.9732
BLOCK12/SES128/SA128S12	SES158	0.226152	-26.747	-26.9732
BLOCK12/SES128/SA128S12	SES206	1.25627	-25.7169	-26.9732
BLOCK12/SES128/SA128S12	SES226	0.990133	-25.983	-26.9732
BLOCK12/SES128/SA128S21	SES106	4.01021	-23.5893	-27.5995
BLOCK12/SES128/SA128S21	SES120	-0.504873	-28.1044	-27.5995
BLOCK12/SES128/SA128S21	SES206	0.198395	-27.4011	-27.5995
BLOCK12/SES128/SA128S21	SES226	0.76536	-26.8342	-27.5995
BLOCK12/SES128/SA128S24	SES087	2.46578	-23.984	-26.4497
BLOCK12/SES128/SA128S24	SES120	-0.635122	-27.0849	-26.4497
BLOCK12/SES128/SA128S24	SES206	0.806135	-25.6436	-26.4497
BLOCK12/SES128/SA128S24	SES226	0.873631	-25.5761	-26.4497
BLOCK12/SES128/SA128S27	SES099	0.0611095	-25.9258	-25.9869
BLOCK12/SES128/SA128S27	SES120	-0.560085	-26.547	-25.9869
BLOCK12/SES128/SA128S27	SES206	1.32166	-24.6652	-25.9869
BLOCK12/SES128/SA128S27	SES226	0.802967	-25.1839	-25.9869
BLOCK13/SES130/SA130S13	SES143	1.67831	-27.0116	-28.6899
BLOCK13/SES130/SA130S13	SES144	1.5922	-27.0977	-28.6899
BLOCK13/SES130/SA130S13	SES146	4.41731	-24.2726	-28.6899
BLOCK13/SES130/SA130S13	SES275	5.09333	-23.5966	-28.6899
BLOCK13/SES130/SA130S15	SES143	1.72947	-25.8287	-27.5582
BLOCK13/SES130/SA130S15	SES144	1.96669	-25.5915	-27.5582
BLOCK13/SES130/SA130S15	SES146	5.12556	-22.4326	-27.5582
BLOCK13/SES130/SA130S15	SES275	5.91887	-21.6393	-27.5582
BLOCK13/SES130/SA130S23	SES127	3.35936	-23.6466	-27.0059
BLOCK13/SES130/SA130S23	SES144	2.12625	-24.8797	-27.0059
BLOCK13/SES130/SA130S23	SES146	4.40976	-22.5962	-27.0059
BLOCK13/SES130/SA130S23	SES162	2.02256	-24.9834	-27.0059
BLOCK13/SES130/SA130S25	SES127	3.32155	-21.3484	-24.6699
BLOCK13/SES130/SA130S25	SES144	1.53052	-23.1394	-24.6699
BLOCK13/SES130/SA130S25	SES146	4.11536	-20.5546	-24.6699
BLOCK13/SES130/SA130S25	SES275	4.80012	-19.8698	-24.6699
BLOCK13/SES130/SA130S28	SES127	4.11124	-21.646	-25.7572
BLOCK13/SES130/SA130S28	SES144	1.72544	-24.0318	-25.7572
BLOCK13/SES130/SA130S28	SES146	4.43621	-21.321	-25.7572
BLOCK13/SES130/SA130S28	SES275	4.72	-21.0372	-25.7572
BLOCK13/SES131/SA131S13	SES002	-0.202002	-26.243	-26.041
BLOCK13/SES131/SA131S13	SES007	3.67999	-22.361	-26.041
BLOCK13/SES131/SA131S13	SES099	0.308752	-25.7323	-26.041
BLOCK13/SES131/SA131S13	SES105	2.43694	-23.6041	-26.041
BLOCK13/SES131/SA131S14	SES104	1.37722	-21.9262	-23.3034
BLOCK13/SES131/SA131S14	SES106	4.73278	-18.5706	-23.3034
BLOCK13/SES131/SA131S14	SES125	3.62088	-19.6825	-23.3034
BLOCK13/SES131/SA131S14	SES148	5.40029	-17.9031	-23.3034
BLOCK13/SES131/SA131S20	SES104	0.95647	-26.0759	-27.0324
BLOCK13/SES131/SA131S20	SES106	4.29226	-22.7401	-27.0324
BLOCK13/SES131/SA131S20	SES125	3.65664	-23.3758	-27.0324
BLOCK13/SES131/SA131S20	SES148	5.0089	-22.0235	-27.0324
BLOCK13/SES131/SA131S22	SES099	0.328432	-25.5754	-25.9038
BLOCK13/SES131/SA131S22	SES104	1.26672	-24.6371	-25.9038
BLOCK13/SES131/SA131S22	SES125	4.31053	-21.5933	-25.9038
BLOCK13/SES131/SA131S22	SES206	1.13252	-24.7713	-25.9038
BLOCK13/SES131/SA131S29	SES087	2.29473	-25.3134	-27.6081
BLOCK13/SES131/SA131S29	SES104	1.36296	-26.2452	-27.6081
BLOCK13/SES131/SA131S29	SES125	4.36183	-23.2463	-27.6081
BLOCK13/SES131/SA131S29	SES206	0.977209	-26.6309	-27.6081
BLOCK13/SES132/SA132S11	SES083	2.18181	-25.343	-27.5248
BLOCK13/SES132/SA132S11	SES120	-0.0228901	-27.5477	-27.5248
BLOCK13/SES132/SA132S11	SES127	4.91001	-22.6148	-27.5248
BLOCK13/SES132/SA132S11	SES275	5.56829	-21.9566	-27.5248
BLOCK13/SES132/SA132S12	SES083	2.13781	-24.5337	-26.6715
BLOCK13/SES132/SA132S12	SES143	1.85524	-24.8163	-26.6715
BLOCK13/SES132/SA132S12	SES144	2.43242	-24.2391	-26.6715
BLOCK13/SES132/SA132S12	SES148	7.29499	-19.3766	-26.6715
BLOCK13/SES132/SA132S22	SES062	0.559381	-26.9991	-27.5585
BLOCK13/SES132/SA132S22	SES083	1.60158	-25.9569	-27.5585
BLOCK13/SES132/SA132S22	SES127	4.83225	-22.7262	-27.5585
BLOCK13/SES132/SA132S22	SES275	5.05919	-22.4993	-27.5585
BLOCK13/SES132/SA132S24	SES007	4.85833	-21.3177	-26.1761
BLOCK13/SES132/SA132S24	SES083	1.8112	-24.3649	-26.1761
BLOCK13/SES132/SA132S24	SES127	4.44786	-21.7282	-26.1761
BLOCK13/SES132/SA132S24	SES275	5.42899	-20.7471	-26.1761
BLOCK13/SES132/SA132S27	SES083	1.28858	-27.0688	-28.3574
BLOCK13/SES132/SA132S27	SES120	-0.690241	-29.0477	-28.3574
BLOCK13/SES132/SA132S27	SES127	4.29922	-24.0582	-28.3574
BLOCK13/SES132/SA132S27	SES275	4.9828	-23.3746	-28.3574
BLOCK14/SES141/SA141S09	SES143	1.31906	-24.2822	-25.6012
BLOCK14/SES141/SA141S09	SES144	1.70453	-23.8967	-25.6012
BLOCK14/SES141/SA141S09	SES162	1.96662	-23.6346	-25.6012
BLOCK14/SES141/SA141S09	SES180	1.30937	-24.2918	-25.6012
BLOCK14/SES141/SA141S15	SES127	4.52094	-22.0257	-26.5466
BLOCK14/SES141/SA141S15	SES144	1.69905	-24.8476	-26.5466
BLOCK14/SES141/SA141S15	SES162	1.97828	-24.5684	-26.5466
BLOCK14/SES141/SA141S15	SES180	1.42259	-25.1241	-26.5466
BLOCK14/SES141/SA141S24	SES127	4.34142	-22.2088	-26.5502
BLOCK14/SES141/SA141S24	SES144	1.48886	-25.0614	-26.5502
BLOCK14/SES141/SA141S24	SES162	2.13814	-24.4121	-26.5502
BLOCK14/SES141/SA141S24	SES183	3.44104	-23.1092	-26.5502
BLOCK14/SES141/SA141S26	SES142	5.06833	-23.0534	-28.1217
BLOCK14/SES141/SA141S26	SES144	1.81063	-26.3111	-28.1217
BLOCK14/SES141/SA141S26	SES172	0.846989	-27.2747	-28.1217
BLOCK14/SES141/SA141S26	SES180	1.16131	-26.9604	-28.1217
BLOCK14/SES141/SA141S29	SES127	4.2118	-21.8005	-26.0123
BLOCK14/SES141/SA141S29	SES142	4.84397	-21.1684	-26.0123
BLOCK14/SES141/SA141S29	SES144	1.67886	-24.3335	-26.0123
BLOCK14/SES141/SA141S29	SES180	1.69368	-24.3187	-26.0123
BLOCK15/SES157/SA157S08	SES083	1.67506	-24.147	-25.8221
BLOCK15/SES157/SA157S08	SES127	4.06192	-21.7602	-25.8221
BLOCK15/SES157/SA157S08	SES148	5.71455	-20.1075	-25.8221
BLOCK15/SES157/SA157S08	SES292	-0.571501	-26.3936	-25.8221
BLOCK15/SES157/SA157S11	SES083	1.59029	-24.1757	-25.766
BLOCK15/SES157/SA157S11	SES127	3.72527	-22.0408	-25.766
BLOCK15/SES157/SA157S11	SES148	6.76973	-18.9963	-25.766
BLOCK15/SES157/SA157S11	SES292	-0.192118	-25.9581	-25.766
BLOCK15/SES157/SA157S21	SES127	3.24955	-23.4452	-26.6948
BLOCK15/SES157/SA157S21	SES148	6.29686	-20.3979	-26.6948
BLOCK15/SES157/SA157S21	SES158	-0.432785	-27.1276	-26.6948
BLOCK15/SES157/SA157S21	SES292	-0.430378	-27.1252	-26.6948
BLOCK15/SES157/SA157S24	SES127	4.00128	-22.8763	-26.8776
BLOCK15/SES157/SA157S24	SES148	7.03481	-19.8428	-26.8776
BLOCK15/SES157/SA157S24	SES183	3.70464	-23.173	-26.8776
BLOCK15/SES157/SA157S24	SES292	-0.324635	-27.2022	-26.8776
BLOCK15/SES157/SA157S26	SES007	4.64318	-21.6945	-26.3377
BLOCK15/SES157/SA157S26	SES127	4.40826	-21.9294	-26.3377
BLOCK15/SES157/SA157S26	SES147	2.57768	-23.76	-26.3377
BLOCK15/SES157/SA157S26	SES148	6.97567	-19.362	-26.3377
BLOCK16/SES161/SA161S10	SES007	4.82968	-20.7738	-25.6035
BLOCK16/SES161/SA161S10	SES105	2.86689	-22.7366	-25.6035
BLOCK16/SES161/SA161S10	SES158	0.23411	-25.3694	-25.6035
BLOCK16/SES161/SA161S10	SES275	4.60316	-21.0003	-25.6035
BLOCK16/SES161/SA161S12	SES007	4.42101	-22.2108	-26.6318
BLOCK16/SES161/SA161S12	SES105	3.0952	-23.5366	-26.6318
BLOCK16/SES161/SA161S12	SES158	-0.254406	-26.8862	-26.6318
BLOCK16/SES161/SA161S12	SES275	4.66638	-21.9654	-26.6318
BLOCK16/SES161/SA161S20	SES007	5.04995	-23.8863	-28.9363
BLOCK16/SES161/SA161S20	SES105	3.33856	-25.5977	-28.9363
BLOCK16/SES161/SA161S20	SES158	0.315895	-28.6204	-28.9363
BLOCK16/SES161/SA161S20	SES275	5.26836	-23.6679	-28.9363
BLOCK16/SES161/SA161S23	SES007	4.96618	-22.1108	-27.077
BLOCK16/SES161/SA161S23	SES105	3.33658	-23.7404	-27.077
BLOCK16/SES161/SA161S23	SES148	6.84328	-20.2337	-27.077
BLOCK16/SES161/SA161S23	SES158	0.429029	-26.648	-27.077
BLOCK16/SES161/SA161S28	SES007	5.48412	-22.2903	-27.7744
BLOCK16/SES161/SA161S28	SES105	3.10297	-24.6715	-27.7744
BLOCK16/SES161/SA161S28	SES158	0.290323	-27.4841	-27.7744
BLOCK16/SES161/SA161S28	SES206	1.34405	-26.4304	-27.7744
BLOCK16/SES164/SA164S11	SES104	0.920183	-23.9667	-24.8869
BLOCK16/SES164/SA164S11	SES125	3.43908	-21.4478	-24.8869
BLOCK16/SES164/SA164S11	SES158	-0.218967	-25.1059	-24.8869
BLOCK16/SES164/SA164S11	SES206	1.05562	-23.8313	-24.8869
BLOCK16/SES164/SA164S13	SES099	0.257494	-26.1414	-26.3988
BLOCK16/SES164/SA164S13	SES104	0.689981	-25.7089	-26.3988
BLOCK16/SES164/SA164S13	SES125	3.27262	-23.1262	-26.3988
BLOCK16/SES164/SA164S13	SES206	0.711903	-25.6869	-26.3988
BLOCK16/SES164/SA164S24	SES002	0.218998	-26.266	-26.485
BLOCK16/SES164/SA164S24	SES099	0.299082	-26.1859	-26.485
BLOCK16/SES164/SA164S24	SES125	3.46057	-23.0244	-26.485
BLOCK16/SES164/SA164S24	SES226	0.331371	-26.1536	-26.485
BLOCK16/SES164/SA164S27	SES087	1.85904	-24.7104	-26.5694
BLOCK16/SES164/SA164S27	SES125	3.24317	-23.3262	-26.5694
BLOCK16/SES164/SA164S27	SES206	0.899557	-25.6699	-26.5694
BLOCK16/SES164/SA164S27	SES226	0.472395	-26.097	-26.5694
BLOCK16/SES164/SA164S29	SES002	0.0566273	-25.129	-25.1856
BLOCK16/SES164/SA164S29	SES019	1.3269	-23.8587	-25.1856
BLOCK16/SES164/SA164S29	SES125	3.32401	-21.8616	-25.1856
BLOCK16/SES164/SA164S29	SES226	0.693493	-24.4921	-25.1856
BLOCK16/SES169/SA169S13	SES117	1.89935	-24.8426	-26.7419
BLOCK16/SES169/SA169S13	SES144	1.60871	-25.1332	-26.7419
BLOCK16/SES169/SA169S13	SES146	4.58188	-22.16	-26.7419
BLOCK16/SES169/SA169S13	SES162	2.25901	-24.4829	-26.7419
BLOCK16/SES169/SA169S14	SES144	2.09249	-22.3983	-24.4908
BLOCK16/SES169/SA169S14	SES148	6.03467	-18.4561	-24.4908
BLOCK16/SES169/SA169S14	SES177	4.67267	-19.8181	-24.4908
BLOCK16/SES169/SA169S14	SES180	1.44593	-23.0448	-24.4908
BLOCK16/SES169/SA169S24	SES117	1.62045	-24.5359	-26.1564
BLOCK16/SES169/SA169S24	SES144	1.0096	-25.1468	-26.1564
BLOCK16/SES169/SA169S24	SES146	3.93118	-22.2252	-26.1564
BLOCK16/SES169/SA169S24	SES162	2.03812	-24.1183	-26.1564
BLOCK16/SES169/SA169S27	SES127	4.36332	-22.3388	-26.7021
BLOCK16/SES169/SA169S27	SES129	2.81179	-23.8903	-26.7021
BLOCK16/SES169/SA169S27	SES144	1.40258	-25.2995	-26.7021
BLOCK16/SES169/SA169S27	SES146	4.91839	-21.7837	-26.7021
BLOCK16/SES169/SA169S29	SES144	1.69615	-22.7531	-24.4492
BLOCK16/SES169/SA169S29	SES162	2.13871	-22.3105	-24.4492
BLOCK16/SES169/SA169S29	SES177	4.62373	-19.8255	-24.4492
BLOCK16/SES169/SA169S29	SES180	2.08208	-22.3671	-24.4492
BLOCK17/SES171/SA171S12	SES083	1.66976	-24.3315	-26.0013
BLOCK17/SES171/SA171S12	SES148	6.35303	-19.6482	-26.0013
BLOCK17/SES171/SA171S12	SES172	0.936287	-25.065	-26.0013
BLOCK17/SES171/SA171S12	SES292	-0.293423	-26.2947	-26.0013
BLOCK17/SES171/SA171S15	SES148	6.26155	-19.4663	-25.7278
BLOCK17/SES171/SA171S15	SES177	4.74219	-20.9856	-25.7278
BLOCK17/SES171/SA171S15	SES180	1.45633	-24.2715	-25.7278
BLOCK17/SES171/SA171S15	SES292	-0.314201	-26.042	-25.7278
BLOCK17/SES171/SA171S22	SES007	4.44701	-19.6638	-24.1108
BLOCK17/SES171/SA171S22	SES148	5.89682	-18.214	-24.1108
BLOCK17/SES171/SA171S22	SES177	3.97808	-20.1327	-24.1108
BLOCK17/SES171/SA171S22	SES180	1.68896	-22.4218	-24.1108
BLOCK17/SES171/SA171S25	SES101	2.7246	-24.9351	-27.6597
BLOCK17/SES171/SA171S25	SES120	-0.106718	-27.7664	-27.6597
BLOCK17/SES171/SA171S25	SES177	4.73926	-22.9205	-27.6597
BLOCK17/SES171/SA171S25	SES180	1.55688	-26.1028	-27.6597
BLOCK17/SES171/SA171S27	SES177	5.11499	-21.1624	-26.2774
BLOCK17/SES171/SA171S27	SES180	1.41722	-24.8602	-26.2774
BLOCK17/SES171/SA171S27	SES189	0.634811	-25.6426	-26.2774
BLOCK17/SES171/SA171S27	SES292	-0.487843	-26.7653	-26.2774
BLOCK17/SES173/SA173S13	SES162	2.11226	-24.3738	-26.486
BLOCK17/SES173/SA173S13	SES177	5.47885	-21.0072	-26.486
BLOCK17/SES173/SA173S13	SES180	1.38891	-25.0971	-26.486
BLOCK17/SES173/SA173S13	SES292	-0.155312	-26.6413	-26.486
BLOCK17/SES173/SA173S14	SES007	3.8823	-21.7859	-25.6682
BLOCK17/SES173/SA173S14	SES162	1.67347	-23.9948	-25.6682
BLOCK17/SES173/SA173S14	SES177	4.23247	-21.4358	-25.6682
BLOCK17/SES173/SA173S14	SES180	1.16751	-24.5007	-25.6682
BLOCK17/SES173/SA173S24	SES144	1.46749	-24.435	-25.9024
BLOCK17/SES173/SA173S24	SES162	1.24016	-24.6623	-25.9024
BLOCK17/SES173/SA173S24	SES177	4.45067	-21.4518	-25.9024
BLOCK17/SES173/SA173S24	SES180	0.79645	-25.106	-25.9024
BLOCK17/SES173/SA173S27	SES162	1.82029	-25.0965	-26.9168
BLOCK17/SES173/SA173S27	SES177	4.80095	-22.1159	-26.9168
BLOCK17/SES173/SA173S27	SES180	0.868765	-26.048	-26.9168
BLOCK17/SES173/SA173S27	SES292	-0.83728	-27.7541	-26.9168
BLOCK17/SES173/SA173S29	SES162	1.176	-25.0688	-26.2448
BLOCK17/SES173/SA173S29	SES175	1.56049	-24.6843	-26.2448
BLOCK17/SES173/SA173S29	SES177	3.96684	-22.278	-26.2448
BLOCK17/SES173/SA173S29	SES292	-0.307304	-26.5521	-26.2448
BLOCK18/SES182/SA182S10	SES144	2.18049	-23.0813	-25.2618
BLOCK18/SES182/SA182S10	SES177	5.402	-19.8598	-25.2618
BLOCK18/SES182/SA182S10	SES180	1.08854	-24.1732	-25.2618
BLOCK18/SES182/SA182S10	SES275	5.04659	-20.2152	-25.2618
BLOCK18/SES182/SA182S12	SES144	1.6246	-23.607	-25.2316
BLOCK18/SES182/SA182S12	SES177	5.18543	-20.0462	-25.2316
BLOCK18/SES182/SA182S12	SES180	1.29997	-23.9317	-25.2316
BLOCK18/SES182/SA182S12	SES275	4.86313	-20.3685	-25.2316
BLOCK18/SES182/SA182S21	SES117	1.42431	-25.6446	-27.0689
BLOCK18/SES182/SA182S21	SES144	1.8388	-25.2301	-27.0689
BLOCK18/SES182/SA182S21	SES162	1.79327	-25.2757	-27.0689
BLOCK18/SES182/SA182S21	SES180	1.26589	-25.803	-27.0689
BLOCK18/SES182/SA182S23	SES117	2.6623	-25.0094	-27.6717
BLOCK18/SES182/SA182S23	SES144	1.97476	-25.6969	-27.6717
BLOCK18/SES182/SA182S23	SES180	1.96174	-25.71	-27.6717
BLOCK18/SES182/SA182S23	SES275	5.21486	-22.4568	-27.6717
BLOCK18/SES182/SA182S25	SES007	4.97346	-21.6732	-26.6467
BLOCK18/SES182/SA182S25	SES162	1.84983	-24.7968	-26.6467
BLOCK18/SES182/SA182S25	SES177	4.71839	-21.9283	-26.6467
BLOCK18/SES182/SA182S25	SES180	0.940409	-25.7063	-26.6467
BLOCK18/SES184/SA184S12	SES177	5.23771	-21.623	-26.8607
BLOCK18/SES184/SA184S12	SES180	0.948723	-25.912	-26.8607
BLOCK18/SES184/SA184S12	SES189	0.508944	-26.3518	-26.8607
BLOCK18/SES184/SA184S12	SES292	-0.410393	-27.2711	-26.8607
BLOCK18/SES184/SA184S13	SES101	2.63909	-25.3735	-28.0126
BLOCK18/SES184/SA184S13	SES177	4.73255	-23.2801	-28.0126
BLOCK18/SES184/SA184S13	SES180	1.31446	-26.6982	-28.0126
BLOCK18/SES184/SA184S13	SES292	-0.121597	-28.1342	-28.0126
BLOCK18/SES184/SA184S22	SES177	4.89178	-22.7024	-27.5942
BLOCK18/SES184/SA184S22	SES180	1.00123	-26.5929	-27.5942
BLOCK18/SES184/SA184S22	SES189	0.255911	-27.3382	-27.5942
BLOCK18/SES184/SA184S22	SES292	-0.421167	-28.0153	-27.5942
BLOCK18/SES184/SA184S25	SES101	2.76039	-24.5303	-27.2907
BLOCK18/SES184/SA184S25	SES177	5.03022	-22.2604	-27.2907
BLOCK18/SES184/SA184S25	SES180	1.72611	-25.5646	-27.2907
BLOCK18/SES184/SA184S25	SES292	0.0860825	-27.2046	-27.2907
BLOCK18/SES184/SA184S27	SES083	1.72638	-23.9263	-25.6527
BLOCK18/SES184/SA184S27	SES177	5.04324	-20.6095	-25.6527
BLOCK18/SES184/SA184S27	SES202	3.24958	-22.4031	-25.6527
BLOCK18/SES184/SA184S27	SES292	0.0818062	-25.5709	-25.6527
BLOCK20/SES204/SA204S12	SES062	0.643812	-25.6491	-26.2929
BLOCK20/SES204/SA204S12	SES083	1.30606	-24.9869	-26.2929
BLOCK20/SES204/SA204S12	SES206	1.30503	-24.9879	-26.2929
BLOCK20/SES204/SA204S12	SES226	0.945446	-25.3475	-26.2929
BLOCK20/SES204/SA204S14	SES068	1.55064	-24.2664	-25.817
BLOCK20/SES204/SA204S14	SES087	2.19743	-23.6196	-25.817
BLOCK20/SES204/SA204S14	SES206	1.33447	-24.4825	-25.817
BLOCK20/SES204/SA204S14	SES226	0.983721	-24.8333	-25.817
BLOCK20/SES204/SA204S22	SES068	2.00773	-24.8477	-26.8554
BLOCK20/SES204/SA204S22	SES082	0.240097	-26.6153	-26.8554
BLOCK20/SES204/SA204S22	SES083	1.43037	-25.4251	-26.8554
BLOCK20/SES204/SA204S22	SES206	1.26975	-25.5857	-26.8554
BLOCK20/SES204/SA204S25	SES062	0.361404	-25.9379	-26.2993
BLOCK20/SES204/SA204S25	SES083	1.0439	-25.2554	-26.2993
BLOCK20/SES204/SA204S25	SES206	1.11962	-25.1796	-26.2993
BLOCK20/SES204/SA204S25	SES226	0.608629	-25.6906	-26.2993
BLOCK20/SES204/SA204S27	SES068	1.69015	-25.7521	-27.4423
BLOCK20/SES204/SA204S27	SES082	0.011425	-27.4308	-27.4423
BLOCK20/SES204/SA204S27	SES087	2.26118	-25.1811	-27.4423
BLOCK20/SES204/SA204S27	SES206	1.18795	-26.2543	-27.4423
BLOCK20/SES207/SA207S10	SES127	3.1333	-21.3674	-24.5007
BLOCK20/SES207/SA207S10	SES183	2.87099	-21.6297	-24.5007
BLOCK20/SES207/SA207S10	SES189	-0.131403	-24.6321	-24.5007
BLOCK20/SES207/SA207S10	SES292	-0.714533	-25.2152	-24.5007
BLOCK20/SES207/SA207S11	SES127	4.22533	-22.4047	-26.63
BLOCK20/SES207/SA207S11	SES183	3.55947	-23.0705	-26.63
BLOCK20/SES207/SA207S11	SES187	2.65949	-23.9705	-26.63
BLOCK20/SES207/SA207S11	SES292	0.132933	-26.4971	-26.63
BLOCK20/SES207/SA207S25	SES068	2.29527	-24.9726	-27.2679
BLOCK20/SES207/SA207S25	SES083	1.69945	-25.5684	-27.2679
BLOCK20/SES207/SA207S25	SES127	4.26467	-23.0032	-27.2679
BLOCK20/SES207/SA207S25	SES187	2.76447	-24.5034	-27.2679
BLOCK20/SES207/SA207S27	SES127	3.78845	-23.0118	-26.8002
BLOCK20/SES207/SA207S27	SES183	3.43545	-23.3648	-26.8002
BLOCK20/SES207/SA207S27	SES187	2.24821	-24.552	-26.8002
BLOCK20/SES207/SA207S27	SES292	0.00132179	-26.7989	-26.8002
BLOCK20/SES207/SA207S29	SES083	1.1143	-24.7758	-25.8901
BLOCK20/SES207/SA207S29	SES085	4.84909	-21.041	-25.8901
BLOCK20/SES207/SA207S29	SES172	0.735628	-25.1545	-25.8901
BLOCK20/SES207/SA207S29	SES189	0.348021	-25.5421	-25.8901
BLOCK22/SES221/SA221S12	SES068	1.86167	-24.2347	-26.0963
BLOCK22/SES221/SA221S12	SES143	1.47167	-24.6247	-26.0963
BLOCK22/SES221/SA221S12	SES175	1.25576	-24.8406	-26.0963
BLOCK22/SES221/SA221S12	SES202	4.02377	-22.0726	-26.0963
BLOCK22/SES221/SA221S15	SES085	5.73587	-20.246	-25.9819
BLOCK22/SES221/SA221S15	SES143	1.39025	-24.5917	-25.9819
BLOCK22/SES221/SA221S15	SES175	1.48014	-24.5018	-25.9819
BLOCK22/SES221/SA221S15	SES187	2.79188	-23.19	-25.9819
BLOCK22/SES221/SA221S23	SES068	2.21755	-24.717	-26.9346
BLOCK22/SES221/SA221S23	SES143	1.91459	-25.02	-26.9346
BLOCK22/SES221/SA221S23	SES175	1.79958	-25.135	-26.9346
BLOCK22/SES221/SA221S23	SES189	0.906044	-26.0285	-26.9346
BLOCK22/SES221/SA221S27	SES085	6.35754	-21.1475	-27.5051
BLOCK22/SES221/SA221S27	SES143	1.65534	-25.8497	-27.5051
BLOCK22/SES221/SA221S27	SES175	1.34525	-26.1598	-27.5051
BLOCK22/SES221/SA221S27	SES189	0.632174	-26.8729	-27.5051
BLOCK22/SES221/SA221S29	SES085	5.45797	-22.8304	-28.2884
BLOCK22/SES221/SA221S29	SES143	1.92272	-26.3657	-28.2884
BLOCK22/SES221/SA221S29	SES175	1.73875	-26.5496	-28.2884
BLOCK22/SES221/SA221S29	SES187	2.88734	-25.401	-28.2884
BLOCK22/SES223/SA223S11	SES143	0.955557	-26.002	-26.9576
BLOCK22/SES223/SA223S11	SES144	1.23618	-25.7214	-26.9576
BLOCK22/SES223/SA223S11	SES175	1.4045	-25.5531	-26.9576
BLOCK22/SES223/SA223S11	SES187	2.25452	-24.7031	-26.9576
BLOCK22/SES223/SA223S13	SES068	2.27819	-25.2934	-27.5716
BLOCK22/SES223/SA223S13	SES143	1.47742	-26.0942	-27.5716
BLOCK22/SES223/SA223S13	SES146	4.85037	-22.7213	-27.5716
BLOCK22/SES223/SA223S13	SES202	4.03841	-23.5332	-27.5716
BLOCK22/SES223/SA223S22	SES143	1.21619	-24.9857	-26.2019
BLOCK22/SES223/SA223S22	SES144	1.42597	-24.7759	-26.2019
BLOCK22/SES223/SA223S22	SES175	1.24971	-24.9522	-26.2019
BLOCK22/SES223/SA223S22	SES187	2.43002	-23.7719	-26.2019
BLOCK22/SES223/SA223S25	SES068	1.62805	-25.7187	-27.3467
BLOCK22/SES223/SA223S25	SES143	1.10118	-26.2455	-27.3467
BLOCK22/SES223/SA223S25	SES175	0.911982	-26.4347	-27.3467
BLOCK22/SES223/SA223S25	SES187	1.89453	-25.4522	-27.3467
BLOCK22/SES223/SA223S27	SES143	1.00306	-27.153	-28.1561
BLOCK22/SES223/SA223S27	SES146	3.84425	-24.3118	-28.1561
BLOCK22/SES223/SA223S27	SES187	2.36751	-25.7886	-28.1561
BLOCK22/SES223/SA223S27	SES292	-0.379913	-28.536	-28.1561
BLOCK27/SES273/SA273S12	SES099	0.386353	-25.6834	-26.0697
BLOCK27/SES273/SA273S12	SES104	1.70172	-24.368	-26.0697
BLOCK27/SES273/SA273S12	SES125	4.91775	-21.152	-26.0697
BLOCK27/SES273/SA273S12	SES206	1.26606	-24.8037	-26.0697
BLOCK27/SES273/SA273S13	SES099	0.208799	-24.353	-24.5618
BLOCK27/SES273/SA273S13	SES104	1.10881	-23.453	-24.5618
BLOCK27/SES273/SA273S13	SES206	0.730267	-23.8316	-24.5618
BLOCK27/SES273/SA273S13	SES292	-0.582539	-25.1444	-24.5618
BLOCK27/SES273/SA273S21	SES099	0.254688	-26.1378	-26.3925
BLOCK27/SES273/SA273S21	SES148	7.1704	-19.2221	-26.3925
BLOCK27/SES273/SA273S21	SES149	2.36403	-24.0285	-26.3925
BLOCK27/SES273/SA273S21	SES177	5.26132	-21.1312	-26.3925
BLOCK27/SES273/SA273S25	SES104	1.871	-24.0034	-25.8744
BLOCK27/SES273/SA273S25	SES125	5.294	-20.5804	-25.8744
BLOCK27/SES273/SA273S25	SES158	0.0251141	-25.8493	-25.8744
BLOCK27/SES273/SA273S25	SES206	1.09437	-24.78	-25.8744
BLOCK27/SES273/SA273S27	SES099	0.47678	-23.611	-24.0878
BLOCK27/SES273/SA273S27	SES104	1.29977	-22.788	-24.0878
BLOCK27/SES273/SA273S27	SES149	1.68912	-22.3987	-24.0878
BLOCK27/SES273/SA273S27	SES275	4.34734	-19.7405	-24.0878
BLOCK27/SES274/SA274S10	SES105	1.908	-24.0607	-25.9687
BLOCK27/SES274/SA274S10	SES125	3.74941	-22.2193	-25.9687
BLOCK27/SES274/SA274S10	SES129	2.34166	-23.6271	-25.9687
BLOCK27/SES274/SA274S10	SES158	-0.481241	-26.45	-25.9687
BLOCK27/SES274/SA274S11	SES105	2.6132	-23.16	-25.7732
BLOCK27/SES274/SA274S11	SES149	1.88273	-23.8905	-25.7732
BLOCK27/SES274/SA274S11	SES158	-0.572924	-26.3461	-25.7732
BLOCK27/SES274/SA274S11	SES275	4.56053	-21.2127	-25.7732
BLOCK27/SES274/SA274S21	SES105	3.41486	-22.2573	-25.6722
BLOCK27/SES274/SA274S21	SES129	3.19427	-22.4779	-25.6722
BLOCK27/SES274/SA274S21	SES149	2.25206	-23.4201	-25.6722
BLOCK27/SES274/SA274S21	SES158	-0.0345802	-25.7067	-25.6722
BLOCK27/SES274/SA274S24	SES105	2.16604	-25.2017	-27.3677
BLOCK27/SES274/SA274S24	SES129	2.68313	-24.6846	-27.3677
BLOCK27/SES274/SA274S24	SES149	1.82053	-25.5472	-27.3677
BLOCK27/SES274/SA274S24	SES158	-0.0268383	-27.3946	-27.3677
BLOCK27/SES274/SA274S29	SES105	2.35951	-23.6891	-26.0486
BLOCK27/SES274/SA274S29	SES106	5.31706	-20.7316	-26.0486
BLOCK27/SES274/SA274S29	SES120	-0.372576	-26.4212	-26.0486
BLOCK27/SES274/SA274S29	SES275	4.99542	-21.0532	-26.0486
BLOCK27/SES276/SA276S16	SES148	6.80503	-20.5917	-27.3967
BLOCK27/SES276/SA276S16	SES172	0.867575	-26.5292	-27.3967
BLOCK27/SES276/SA276S16	SES180	1.66336	-25.7334	-27.3967
BLOCK27/SES276/SA276S16	SES292	-0.213861	-27.6106	-27.3967
BLOCK27/SES276/SA276S17	SES101	3.01104	-23.1269	-26.1379
BLOCK27/SES276/SA276S17	SES177	5.06808	-21.0698	-26.1379
BLOCK27/SES276/SA276S17	SES180	1.93256	-24.2053	-26.1379
BLOCK27/SES276/SA276S17	SES292	-0.061718	-26.1996	-26.1379
BLOCK27/SES276/SA276S24	SES101	2.86623	-22.2093	-25.0755
BLOCK27/SES276/SA276S24	SES177	4.76033	-20.3152	-25.0755
BLOCK27/SES276/SA276S24	SES180	1.53664	-23.5389	-25.0755
BLOCK27/SES276/SA276S24	SES292	-0.136686	-25.2122	-25.0755
BLOCK27/SES276/SA276S26	SES101	2.72468	-22.6321	-25.3568
BLOCK27/SES276/SA276S26	SES177	4.94698	-20.4098	-25.3568
BLOCK27/SES276/SA276S26	SES180	1.67366	-23.6832	-25.3568
BLOCK27/SES276/SA276S26	SES292	-0.080452	-25.4373	-25.3568
BLOCK27/SES276/SA276S28	SES101	2.99386	-22.7947	-25.7885
BLOCK27/SES276/SA276S28	SES177	5.03468	-20.7538	-25.7885
BLOCK27/SES276/SA276S28	SES180	1.6001	-24.1884	-25.7885
BLOCK27/SES276/SA276S28	SES292	-0.184599	-25.9731	-25.7885
BLOCK27/SES277/SA277S12	SES101	3.09037	-24.0637	-27.1541
BLOCK27/SES277/SA277S12	SES177	5.00641	-22.1477	-27.1541
BLOCK27/SES277/SA277S12	SES180	1.40504	-25.7491	-27.1541
BLOCK27/SES277/SA277S12	SES292	-0.152657	-27.3068	-27.1541
BLOCK27/SES277/SA277S14	SES177	4.51444	-20.8366	-25.3511
BLOCK27/SES277/SA277S14	SES180	1.17408	-24.177	-25.3511
BLOCK27/SES277/SA277S14	SES189	0.177132	-25.1739	-25.3511
BLOCK27/SES277/SA277S14	SES292	-0.444817	-25.7959	-25.3511
BLOCK27/SES277/SA277S21	SES177	5.63725	-20.907	-26.5442
BLOCK27/SES277/SA277S21	SES180	1.53492	-25.0093	-26.5442
BLOCK27/SES277/SA277S21	SES189	0.959095	-25.5851	-26.5442
BLOCK27/SES277/SA277S21	SES292	0.0639725	-26.4803	-26.5442
BLOCK27/SES277/SA277S24	SES144	1.77793	-25.3793	-27.1572
BLOCK27/SES277/SA277S24	SES177	4.64186	-22.5153	-27.1572
BLOCK27/SES277/SA277S24	SES180	1.06356	-26.0936	-27.1572
BLOCK27/SES277/SA277S24	SES189	0.578913	-26.5783	-27.1572
BLOCK27/SES277/SA277S29	SES177	4.06809	-20.575	-24.6431
BLOCK27/SES277/SA277S29	SES180	1.11018	-23.5329	-24.6431
BLOCK27/SES277/SA277S29	SES202	3.87798	-20.7651	-24.6431
BLOCK27/SES277/SA277S29	SES292	-0.742403	-25.3855	-24.6431
BLOCK27/SES279/SA279S09	SES120	-0.503529	-25.0436	-24.5401
BLOCK27/SES279/SA279S09	SES146	4.48449	-20.0556	-24.5401
BLOCK27/SES279/SA279S09	SES206	1.12737	-23.4128	-24.5401
BLOCK27/SES279/SA279S09	SES226	1.06611	-23.474	-24.5401
BLOCK27/SES279/SA279S10	SES099	0.513529	-24.9225	-25.436
BLOCK27/SES279/SA279S10	SES206	1.19429	-24.2417	-25.436
BLOCK27/SES279/SA279S10	SES226	1.19253	-24.2435	-25.436
BLOCK27/SES279/SA279S10	SES292	-0.0672455	-25.5033	-25.436
BLOCK27/SES279/SA279S20	SES099	-0.0824738	-25.8548	-25.7723
BLOCK27/SES279/SA279S20	SES206	0.811789	-24.9605	-25.7723
BLOCK27/SES279/SA279S20	SES226	0.6609	-25.1114	-25.7723
BLOCK27/SES279/SA279S20	SES292	-0.419868	-26.1922	-25.7723
BLOCK27/SES279/SA279S26	SES099	0.804478	-25.0065	-25.811
BLOCK27/SES279/SA279S26	SES206	1.04445	-24.7666	-25.811
BLOCK27/SES279/SA279S26	SES226	0.984434	-24.8266	-25.811
BLOCK27/SES279/SA279S26	SES292	-0.404364	-26.2154	-25.811
BLOCK27/SES279/SA279S28	SES099	0.314304	-24.3552	-24.6696
BLOCK27/SES279/SA279S28	SES120	-0.694778	-25.3643	-24.6696
BLOCK27/SES279/SA279S28	SES177	4.92255	-19.747	-24.6696
BLOCK27/SES279/SA279S28	SES206	0.855713	-23.8138	-24.6696
BLOCK29/SES290/SA290S12	SES162	1.61492	-22.9538	-24.5687
BLOCK29/SES290/SA290S12	SES177	5.05956	-19.5091	-24.5687
BLOCK29/SES290/SA290S12	SES180	1.15185	-23.4168	-24.5687
BLOCK29/SES290/SA290S12	SES292	-0.658077	-25.2268	-24.5687
BLOCK29/SES290/SA290S13	SES007	4.38351	-21.8312	-26.2147
BLOCK29/SES290/SA290S13	SES162	2.00026	-24.2145	-26.2147
BLOCK29/SES290/SA290S13	SES177	4.92674	-21.288	-26.2147
BLOCK29/SES290/SA290S13	SES180	1.33809	-24.8766	-26.2147
BLOCK29/SES290/SA290S22	SES177	4.90779	-20.7611	-25.6689
BLOCK29/SES290/SA290S22	SES180	1.73622	-23.9327	-25.6689
BLOCK29/SES290/SA290S22	SES202	4.16885	-21.5	-25.6689
BLOCK29/SES290/SA290S22	SES292	-0.21731	-25.8862	-25.6689
BLOCK29/SES290/SA290S25	SES162	2.28133	-23.4437	-25.7251
BLOCK29/SES290/SA290S25	SES177	5.23919	-20.4859	-25.7251
BLOCK29/SES290/SA290S25	SES180	1.72346	-24.0016	-25.7251
BLOCK29/SES290/SA290S25	SES292	-0.183886	-25.909	-25.7251
BLOCK29/SES290/SA290S29	SES177	4.70638	-19.7815	-24.4879
BLOCK29/SES290/SA290S29	SES180	1.32968	-23.1582	-24.4879
BLOCK29/SES290/SA290S29	SES275	4.45509	-20.0328	-24.4879
BLOCK29/SES290/SA290S29	SES292	0.107416	-24.3804	-24.4879
BLOCK29/SES291/SA291S11	SES105	2.74465	-23.1513	-25.8959
BLOCK29/SES291/SA291S11	SES125	4.59718	-21.2988	-25.8959
BLOCK29/SES291/SA291S11	SES158	-0.0370903	-25.933	-25.8959
BLOCK29/SES291/SA291S11	SES275	4.59112	-21.3048	-25.8959
BLOCK29/SES291/SA291S12	SES158	0.131413	-25.6386	-25.77
BLOCK29/SES291/SA291S12	SES226	0.654747	-25.1152	-25.77
BLOCK29/SES291/SA291S12	SES270	0.422977	-25.347	-25.77
BLOCK29/SES291/SA291S12	SES275	5.05062	-20.7194	-25.77
BLOCK29/SES291/SA291S22	SES082	0.482656	-25.3383	-25.821
BLOCK29/SES291/SA291S22	SES158	0.414492	-25.4065	-25.821
BLOCK29/SES291/SA291S22	SES259	5.4211	-20.3999	-25.821
BLOCK29/SES291/SA291S22	SES275	4.60019	-21.2208	-25.821
BLOCK29/SES291/SA291S24	SES104	2.09014	-24.4231	-26.5132
BLOCK29/SES291/SA291S24	SES125	4.96441	-21.5488	-26.5132
BLOCK29/SES291/SA291S24	SES158	0.208641	-26.3046	-26.5132
BLOCK29/SES291/SA291S24	SES275	4.65149	-21.8617	-26.5132
BLOCK29/SES291/SA291S27	SES158	-0.0859375	-26.0317	-25.9457
BLOCK29/SES291/SA291S27	SES172	0.382545	-25.5632	-25.9457
BLOCK29/SES291/SA291S27	SES275	3.94298	-22.0027	-25.9457
BLOCK29/SES291/SA291S27	SES292	-0.823059	-26.7688	-25.9457
